[2021-02-23 09:35:58,088] {scheduler_job.py:182} INFO - Started process (PID=17) to work on /opt/airflow/dags/hello_world.py
[2021-02-23 09:35:58,090] {scheduler_job.py:629} INFO - Processing file /opt/airflow/dags/hello_world.py for tasks to queue
[2021-02-23 09:35:58,091] {logging_mixin.py:104} INFO - [2021-02-23 09:35:58,091] {dagbag.py:448} INFO - Filling up the DagBag from /opt/airflow/dags/hello_world.py
[2021-02-23 09:35:58,288] {logging_mixin.py:104} WARNING - /home/airflow/.local/lib/python3.6/site-packages/airflow/utils/decorators.py:94 DeprecationWarning: provide_context is deprecated as of 2.0 and is no longer required
[2021-02-23 09:35:58,304] {scheduler_job.py:639} INFO - DAG(s) dict_keys(['hello_airflow1']) retrieved from /opt/airflow/dags/hello_world.py
[2021-02-23 09:35:58,325] {logging_mixin.py:104} INFO - [2021-02-23 09:35:58,325] {dag.py:1818} INFO - Sync 1 DAGs
[2021-02-23 09:35:58,339] {logging_mixin.py:104} INFO - [2021-02-23 09:35:58,339] {dag.py:1837} INFO - Creating ORM DAG for hello_airflow1
[2021-02-23 09:35:58,349] {logging_mixin.py:104} INFO - [2021-02-23 09:35:58,349] {dag.py:2273} INFO - Setting next_dagrun for hello_airflow1 to 2021-02-22 00:00:00+00:00
[2021-02-23 09:35:58,367] {scheduler_job.py:190} INFO - Processing /opt/airflow/dags/hello_world.py took 0.282 seconds
[2021-02-23 09:36:28,442] {scheduler_job.py:182} INFO - Started process (PID=27) to work on /opt/airflow/dags/hello_world.py
[2021-02-23 09:36:28,446] {scheduler_job.py:629} INFO - Processing file /opt/airflow/dags/hello_world.py for tasks to queue
[2021-02-23 09:36:28,447] {logging_mixin.py:104} INFO - [2021-02-23 09:36:28,447] {dagbag.py:448} INFO - Filling up the DagBag from /opt/airflow/dags/hello_world.py
[2021-02-23 09:36:28,509] {logging_mixin.py:104} WARNING - /home/airflow/.local/lib/python3.6/site-packages/airflow/utils/decorators.py:94 DeprecationWarning: provide_context is deprecated as of 2.0 and is no longer required
[2021-02-23 09:36:28,517] {scheduler_job.py:639} INFO - DAG(s) dict_keys(['hello_airflow1']) retrieved from /opt/airflow/dags/hello_world.py
[2021-02-23 09:36:28,556] {logging_mixin.py:104} INFO - [2021-02-23 09:36:28,555] {dag.py:1818} INFO - Sync 1 DAGs
[2021-02-23 09:36:28,574] {logging_mixin.py:104} INFO - [2021-02-23 09:36:28,574] {dag.py:2273} INFO - Setting next_dagrun for hello_airflow1 to 2021-02-22 00:00:00+00:00
[2021-02-23 09:36:28,589] {scheduler_job.py:190} INFO - Processing /opt/airflow/dags/hello_world.py took 0.151 seconds
[2021-02-23 09:36:53,840] {scheduler_job.py:182} INFO - Started process (PID=19) to work on /opt/airflow/dags/hello_world.py
[2021-02-23 09:36:53,842] {scheduler_job.py:629} INFO - Processing file /opt/airflow/dags/hello_world.py for tasks to queue
[2021-02-23 09:36:53,848] {logging_mixin.py:104} INFO - [2021-02-23 09:36:53,848] {dagbag.py:448} INFO - Filling up the DagBag from /opt/airflow/dags/hello_world.py
[2021-02-23 09:36:53,979] {logging_mixin.py:104} WARNING - /home/airflow/.local/lib/python3.6/site-packages/airflow/utils/decorators.py:94 DeprecationWarning: provide_context is deprecated as of 2.0 and is no longer required
[2021-02-23 09:36:53,992] {scheduler_job.py:639} INFO - DAG(s) dict_keys(['hello_airflow1']) retrieved from /opt/airflow/dags/hello_world.py
[2021-02-23 09:36:54,015] {logging_mixin.py:104} INFO - [2021-02-23 09:36:54,015] {dag.py:1818} INFO - Sync 1 DAGs
[2021-02-23 09:36:54,029] {logging_mixin.py:104} INFO - [2021-02-23 09:36:54,029] {dag.py:2273} INFO - Setting next_dagrun for hello_airflow1 to 2021-02-22 00:00:00+00:00
[2021-02-23 09:36:54,042] {scheduler_job.py:190} INFO - Processing /opt/airflow/dags/hello_world.py took 0.206 seconds
[2021-02-23 09:37:24,146] {scheduler_job.py:182} INFO - Started process (PID=25) to work on /opt/airflow/dags/hello_world.py
[2021-02-23 09:37:24,149] {scheduler_job.py:629} INFO - Processing file /opt/airflow/dags/hello_world.py for tasks to queue
[2021-02-23 09:37:24,151] {logging_mixin.py:104} INFO - [2021-02-23 09:37:24,151] {dagbag.py:448} INFO - Filling up the DagBag from /opt/airflow/dags/hello_world.py
[2021-02-23 09:37:24,215] {logging_mixin.py:104} WARNING - /home/airflow/.local/lib/python3.6/site-packages/airflow/utils/decorators.py:94 DeprecationWarning: provide_context is deprecated as of 2.0 and is no longer required
[2021-02-23 09:37:24,223] {scheduler_job.py:639} INFO - DAG(s) dict_keys(['hello_airflow1']) retrieved from /opt/airflow/dags/hello_world.py
[2021-02-23 09:37:24,249] {logging_mixin.py:104} INFO - [2021-02-23 09:37:24,249] {dag.py:1818} INFO - Sync 1 DAGs
[2021-02-23 09:37:24,270] {logging_mixin.py:104} INFO - [2021-02-23 09:37:24,270] {dag.py:2273} INFO - Setting next_dagrun for hello_airflow1 to 2021-02-22 00:00:00+00:00
[2021-02-23 09:37:24,282] {scheduler_job.py:190} INFO - Processing /opt/airflow/dags/hello_world.py took 0.141 seconds
[2021-02-23 09:37:54,401] {scheduler_job.py:182} INFO - Started process (PID=32) to work on /opt/airflow/dags/hello_world.py
[2021-02-23 09:37:54,409] {scheduler_job.py:629} INFO - Processing file /opt/airflow/dags/hello_world.py for tasks to queue
[2021-02-23 09:37:54,413] {logging_mixin.py:104} INFO - [2021-02-23 09:37:54,413] {dagbag.py:448} INFO - Filling up the DagBag from /opt/airflow/dags/hello_world.py
[2021-02-23 09:37:54,518] {logging_mixin.py:104} WARNING - /home/airflow/.local/lib/python3.6/site-packages/airflow/utils/decorators.py:94 DeprecationWarning: provide_context is deprecated as of 2.0 and is no longer required
[2021-02-23 09:37:54,530] {scheduler_job.py:639} INFO - DAG(s) dict_keys(['hello_airflow1']) retrieved from /opt/airflow/dags/hello_world.py
[2021-02-23 09:37:54,560] {logging_mixin.py:104} INFO - [2021-02-23 09:37:54,560] {dag.py:1818} INFO - Sync 1 DAGs
[2021-02-23 09:37:54,590] {logging_mixin.py:104} INFO - [2021-02-23 09:37:54,589] {dag.py:2273} INFO - Setting next_dagrun for hello_airflow1 to 2021-02-22 00:00:00+00:00
[2021-02-23 09:37:54,607] {scheduler_job.py:190} INFO - Processing /opt/airflow/dags/hello_world.py took 0.216 seconds
[2021-02-23 09:38:24,715] {scheduler_job.py:182} INFO - Started process (PID=40) to work on /opt/airflow/dags/hello_world.py
[2021-02-23 09:38:24,720] {scheduler_job.py:629} INFO - Processing file /opt/airflow/dags/hello_world.py for tasks to queue
[2021-02-23 09:38:24,723] {logging_mixin.py:104} INFO - [2021-02-23 09:38:24,723] {dagbag.py:448} INFO - Filling up the DagBag from /opt/airflow/dags/hello_world.py
[2021-02-23 09:38:24,791] {logging_mixin.py:104} WARNING - /home/airflow/.local/lib/python3.6/site-packages/airflow/utils/decorators.py:94 DeprecationWarning: provide_context is deprecated as of 2.0 and is no longer required
[2021-02-23 09:38:24,801] {scheduler_job.py:639} INFO - DAG(s) dict_keys(['hello_airflow1']) retrieved from /opt/airflow/dags/hello_world.py
[2021-02-23 09:38:24,841] {logging_mixin.py:104} INFO - [2021-02-23 09:38:24,841] {dag.py:1818} INFO - Sync 1 DAGs
[2021-02-23 09:38:24,858] {logging_mixin.py:104} INFO - [2021-02-23 09:38:24,858] {dag.py:2273} INFO - Setting next_dagrun for hello_airflow1 to 2021-02-22 00:00:00+00:00
[2021-02-23 09:38:24,870] {scheduler_job.py:190} INFO - Processing /opt/airflow/dags/hello_world.py took 0.163 seconds
[2021-02-23 09:38:54,982] {scheduler_job.py:182} INFO - Started process (PID=48) to work on /opt/airflow/dags/hello_world.py
[2021-02-23 09:38:54,984] {scheduler_job.py:629} INFO - Processing file /opt/airflow/dags/hello_world.py for tasks to queue
[2021-02-23 09:38:54,986] {logging_mixin.py:104} INFO - [2021-02-23 09:38:54,986] {dagbag.py:448} INFO - Filling up the DagBag from /opt/airflow/dags/hello_world.py
[2021-02-23 09:38:55,045] {logging_mixin.py:104} WARNING - /home/airflow/.local/lib/python3.6/site-packages/airflow/utils/decorators.py:94 DeprecationWarning: provide_context is deprecated as of 2.0 and is no longer required
[2021-02-23 09:38:55,053] {scheduler_job.py:639} INFO - DAG(s) dict_keys(['hello_airflow1']) retrieved from /opt/airflow/dags/hello_world.py
[2021-02-23 09:38:55,080] {logging_mixin.py:104} INFO - [2021-02-23 09:38:55,080] {dag.py:1818} INFO - Sync 1 DAGs
[2021-02-23 09:38:55,097] {logging_mixin.py:104} INFO - [2021-02-23 09:38:55,096] {dag.py:2273} INFO - Setting next_dagrun for hello_airflow1 to 2021-02-22 00:00:00+00:00
[2021-02-23 09:38:55,111] {scheduler_job.py:190} INFO - Processing /opt/airflow/dags/hello_world.py took 0.133 seconds
[2021-02-23 09:39:25,222] {scheduler_job.py:182} INFO - Started process (PID=56) to work on /opt/airflow/dags/hello_world.py
[2021-02-23 09:39:25,226] {scheduler_job.py:629} INFO - Processing file /opt/airflow/dags/hello_world.py for tasks to queue
[2021-02-23 09:39:25,228] {logging_mixin.py:104} INFO - [2021-02-23 09:39:25,228] {dagbag.py:448} INFO - Filling up the DagBag from /opt/airflow/dags/hello_world.py
[2021-02-23 09:39:25,296] {logging_mixin.py:104} WARNING - /home/airflow/.local/lib/python3.6/site-packages/airflow/utils/decorators.py:94 DeprecationWarning: provide_context is deprecated as of 2.0 and is no longer required
[2021-02-23 09:39:25,304] {scheduler_job.py:639} INFO - DAG(s) dict_keys(['hello_airflow1']) retrieved from /opt/airflow/dags/hello_world.py
[2021-02-23 09:39:25,333] {logging_mixin.py:104} INFO - [2021-02-23 09:39:25,332] {dag.py:1818} INFO - Sync 1 DAGs
[2021-02-23 09:39:25,358] {logging_mixin.py:104} INFO - [2021-02-23 09:39:25,358] {dag.py:2273} INFO - Setting next_dagrun for hello_airflow1 to 2021-02-22 00:00:00+00:00
[2021-02-23 09:39:25,385] {scheduler_job.py:190} INFO - Processing /opt/airflow/dags/hello_world.py took 0.168 seconds
[2021-02-23 09:39:55,499] {scheduler_job.py:182} INFO - Started process (PID=63) to work on /opt/airflow/dags/hello_world.py
[2021-02-23 09:39:55,502] {scheduler_job.py:629} INFO - Processing file /opt/airflow/dags/hello_world.py for tasks to queue
[2021-02-23 09:39:55,504] {logging_mixin.py:104} INFO - [2021-02-23 09:39:55,504] {dagbag.py:448} INFO - Filling up the DagBag from /opt/airflow/dags/hello_world.py
[2021-02-23 09:39:55,576] {logging_mixin.py:104} WARNING - /home/airflow/.local/lib/python3.6/site-packages/airflow/utils/decorators.py:94 DeprecationWarning: provide_context is deprecated as of 2.0 and is no longer required
[2021-02-23 09:39:55,585] {scheduler_job.py:639} INFO - DAG(s) dict_keys(['hello_airflow1']) retrieved from /opt/airflow/dags/hello_world.py
[2021-02-23 09:39:55,613] {logging_mixin.py:104} INFO - [2021-02-23 09:39:55,613] {dag.py:1818} INFO - Sync 1 DAGs
[2021-02-23 09:39:55,632] {logging_mixin.py:104} INFO - [2021-02-23 09:39:55,632] {dag.py:2273} INFO - Setting next_dagrun for hello_airflow1 to 2021-02-22 00:00:00+00:00
[2021-02-23 09:39:55,645] {scheduler_job.py:190} INFO - Processing /opt/airflow/dags/hello_world.py took 0.152 seconds
[2021-02-23 09:40:25,762] {scheduler_job.py:182} INFO - Started process (PID=73) to work on /opt/airflow/dags/hello_world.py
[2021-02-23 09:40:25,766] {scheduler_job.py:629} INFO - Processing file /opt/airflow/dags/hello_world.py for tasks to queue
[2021-02-23 09:40:25,768] {logging_mixin.py:104} INFO - [2021-02-23 09:40:25,768] {dagbag.py:448} INFO - Filling up the DagBag from /opt/airflow/dags/hello_world.py
[2021-02-23 09:40:25,850] {logging_mixin.py:104} WARNING - /home/airflow/.local/lib/python3.6/site-packages/airflow/utils/decorators.py:94 DeprecationWarning: provide_context is deprecated as of 2.0 and is no longer required
[2021-02-23 09:40:25,858] {scheduler_job.py:639} INFO - DAG(s) dict_keys(['hello_airflow1']) retrieved from /opt/airflow/dags/hello_world.py
[2021-02-23 09:40:25,888] {logging_mixin.py:104} INFO - [2021-02-23 09:40:25,887] {dag.py:1818} INFO - Sync 1 DAGs
[2021-02-23 09:40:25,912] {logging_mixin.py:104} INFO - [2021-02-23 09:40:25,912] {dag.py:2273} INFO - Setting next_dagrun for hello_airflow1 to 2021-02-22 00:00:00+00:00
[2021-02-23 09:40:25,923] {scheduler_job.py:190} INFO - Processing /opt/airflow/dags/hello_world.py took 0.167 seconds
[2021-02-23 09:40:56,013] {scheduler_job.py:182} INFO - Started process (PID=81) to work on /opt/airflow/dags/hello_world.py
[2021-02-23 09:40:56,016] {scheduler_job.py:629} INFO - Processing file /opt/airflow/dags/hello_world.py for tasks to queue
[2021-02-23 09:40:56,018] {logging_mixin.py:104} INFO - [2021-02-23 09:40:56,018] {dagbag.py:448} INFO - Filling up the DagBag from /opt/airflow/dags/hello_world.py
[2021-02-23 09:40:56,083] {logging_mixin.py:104} WARNING - /home/airflow/.local/lib/python3.6/site-packages/airflow/utils/decorators.py:94 DeprecationWarning: provide_context is deprecated as of 2.0 and is no longer required
[2021-02-23 09:40:56,092] {scheduler_job.py:639} INFO - DAG(s) dict_keys(['hello_airflow1']) retrieved from /opt/airflow/dags/hello_world.py
[2021-02-23 09:40:56,115] {logging_mixin.py:104} INFO - [2021-02-23 09:40:56,114] {dag.py:1818} INFO - Sync 1 DAGs
[2021-02-23 09:40:56,135] {logging_mixin.py:104} INFO - [2021-02-23 09:40:56,135] {dag.py:2273} INFO - Setting next_dagrun for hello_airflow1 to 2021-02-22 00:00:00+00:00
[2021-02-23 09:40:56,148] {scheduler_job.py:190} INFO - Processing /opt/airflow/dags/hello_world.py took 0.140 seconds
[2021-02-23 09:41:26,186] {scheduler_job.py:182} INFO - Started process (PID=90) to work on /opt/airflow/dags/hello_world.py
[2021-02-23 09:41:26,189] {scheduler_job.py:629} INFO - Processing file /opt/airflow/dags/hello_world.py for tasks to queue
[2021-02-23 09:41:26,191] {logging_mixin.py:104} INFO - [2021-02-23 09:41:26,191] {dagbag.py:448} INFO - Filling up the DagBag from /opt/airflow/dags/hello_world.py
[2021-02-23 09:41:26,263] {logging_mixin.py:104} WARNING - /home/airflow/.local/lib/python3.6/site-packages/airflow/utils/decorators.py:94 DeprecationWarning: provide_context is deprecated as of 2.0 and is no longer required
[2021-02-23 09:41:26,271] {scheduler_job.py:639} INFO - DAG(s) dict_keys(['hello_airflow1']) retrieved from /opt/airflow/dags/hello_world.py
[2021-02-23 09:41:26,297] {logging_mixin.py:104} INFO - [2021-02-23 09:41:26,297] {dag.py:1818} INFO - Sync 1 DAGs
[2021-02-23 09:41:26,316] {logging_mixin.py:104} INFO - [2021-02-23 09:41:26,315] {dag.py:2273} INFO - Setting next_dagrun for hello_airflow1 to 2021-02-22 00:00:00+00:00
[2021-02-23 09:41:26,326] {scheduler_job.py:190} INFO - Processing /opt/airflow/dags/hello_world.py took 0.146 seconds
[2021-02-23 09:41:56,395] {scheduler_job.py:182} INFO - Started process (PID=97) to work on /opt/airflow/dags/hello_world.py
[2021-02-23 09:41:56,397] {scheduler_job.py:629} INFO - Processing file /opt/airflow/dags/hello_world.py for tasks to queue
[2021-02-23 09:41:56,399] {logging_mixin.py:104} INFO - [2021-02-23 09:41:56,399] {dagbag.py:448} INFO - Filling up the DagBag from /opt/airflow/dags/hello_world.py
[2021-02-23 09:41:56,454] {logging_mixin.py:104} WARNING - /home/airflow/.local/lib/python3.6/site-packages/airflow/utils/decorators.py:94 DeprecationWarning: provide_context is deprecated as of 2.0 and is no longer required
[2021-02-23 09:41:56,463] {scheduler_job.py:639} INFO - DAG(s) dict_keys(['hello_airflow1']) retrieved from /opt/airflow/dags/hello_world.py
[2021-02-23 09:41:56,489] {logging_mixin.py:104} INFO - [2021-02-23 09:41:56,489] {dag.py:1818} INFO - Sync 1 DAGs
[2021-02-23 09:41:56,509] {logging_mixin.py:104} INFO - [2021-02-23 09:41:56,509] {dag.py:2273} INFO - Setting next_dagrun for hello_airflow1 to 2021-02-22 00:00:00+00:00
[2021-02-23 09:41:56,519] {scheduler_job.py:190} INFO - Processing /opt/airflow/dags/hello_world.py took 0.128 seconds
[2021-02-23 10:15:08,645] {scheduler_job.py:182} INFO - Started process (PID=20) to work on /opt/airflow/dags/hello_world.py
[2021-02-23 10:15:08,652] {scheduler_job.py:629} INFO - Processing file /opt/airflow/dags/hello_world.py for tasks to queue
[2021-02-23 10:15:08,657] {logging_mixin.py:104} INFO - [2021-02-23 10:15:08,656] {dagbag.py:448} INFO - Filling up the DagBag from /opt/airflow/dags/hello_world.py
[2021-02-23 10:15:09,206] {logging_mixin.py:104} WARNING - /home/airflow/.local/lib/python3.6/site-packages/airflow/utils/decorators.py:94 DeprecationWarning: provide_context is deprecated as of 2.0 and is no longer required
[2021-02-23 10:15:09,279] {scheduler_job.py:639} INFO - DAG(s) dict_keys(['hello_airflow1']) retrieved from /opt/airflow/dags/hello_world.py
[2021-02-23 10:15:09,408] {logging_mixin.py:104} INFO - [2021-02-23 10:15:09,408] {dag.py:1818} INFO - Sync 1 DAGs
[2021-02-23 10:15:09,457] {logging_mixin.py:104} INFO - [2021-02-23 10:15:09,457] {dag.py:1837} INFO - Creating ORM DAG for hello_airflow1
[2021-02-23 10:15:09,495] {logging_mixin.py:104} INFO - [2021-02-23 10:15:09,494] {dag.py:2273} INFO - Setting next_dagrun for hello_airflow1 to 2021-02-22 00:00:00+00:00
[2021-02-23 10:15:09,591] {scheduler_job.py:190} INFO - Processing /opt/airflow/dags/hello_world.py took 1.008 seconds
[2021-02-23 10:15:40,298] {scheduler_job.py:182} INFO - Started process (PID=47) to work on /opt/airflow/dags/hello_world.py
[2021-02-23 10:15:40,327] {scheduler_job.py:629} INFO - Processing file /opt/airflow/dags/hello_world.py for tasks to queue
[2021-02-23 10:15:40,343] {logging_mixin.py:104} INFO - [2021-02-23 10:15:40,343] {dagbag.py:448} INFO - Filling up the DagBag from /opt/airflow/dags/hello_world.py
[2021-02-23 10:15:41,658] {logging_mixin.py:104} WARNING - /home/airflow/.local/lib/python3.6/site-packages/airflow/utils/decorators.py:94 DeprecationWarning: provide_context is deprecated as of 2.0 and is no longer required
[2021-02-23 10:15:41,891] {scheduler_job.py:639} INFO - DAG(s) dict_keys(['hello_airflow1']) retrieved from /opt/airflow/dags/hello_world.py
[2021-02-23 10:16:46,864] {scheduler_job.py:182} INFO - Started process (PID=50) to work on /opt/airflow/dags/hello_world.py
[2021-02-23 10:16:46,867] {scheduler_job.py:629} INFO - Processing file /opt/airflow/dags/hello_world.py for tasks to queue
[2021-02-23 10:16:46,877] {logging_mixin.py:104} INFO - [2021-02-23 10:16:46,876] {dagbag.py:448} INFO - Filling up the DagBag from /opt/airflow/dags/hello_world.py
[2021-02-23 10:16:47,837] {logging_mixin.py:104} WARNING - /home/airflow/.local/lib/python3.6/site-packages/airflow/utils/decorators.py:94 DeprecationWarning: provide_context is deprecated as of 2.0 and is no longer required
[2021-02-23 10:16:47,857] {scheduler_job.py:639} INFO - DAG(s) dict_keys(['hello_airflow1']) retrieved from /opt/airflow/dags/hello_world.py
[2021-02-23 10:16:47,922] {logging_mixin.py:104} INFO - [2021-02-23 10:16:47,922] {dag.py:1818} INFO - Sync 1 DAGs
[2021-02-23 10:16:47,964] {logging_mixin.py:104} INFO - [2021-02-23 10:16:47,964] {dag.py:2273} INFO - Setting next_dagrun for hello_airflow1 to 2021-02-22 00:00:00+00:00
[2021-02-23 10:16:47,998] {scheduler_job.py:190} INFO - Processing /opt/airflow/dags/hello_world.py took 1.163 seconds
[2021-02-23 10:17:18,577] {scheduler_job.py:182} INFO - Started process (PID=77) to work on /opt/airflow/dags/hello_world.py
[2021-02-23 10:17:18,579] {scheduler_job.py:629} INFO - Processing file /opt/airflow/dags/hello_world.py for tasks to queue
[2021-02-23 10:17:18,580] {logging_mixin.py:104} INFO - [2021-02-23 10:17:18,580] {dagbag.py:448} INFO - Filling up the DagBag from /opt/airflow/dags/hello_world.py
[2021-02-23 10:17:18,974] {logging_mixin.py:104} WARNING - /home/airflow/.local/lib/python3.6/site-packages/airflow/utils/decorators.py:94 DeprecationWarning: provide_context is deprecated as of 2.0 and is no longer required
[2021-02-23 10:17:18,993] {scheduler_job.py:639} INFO - DAG(s) dict_keys(['hello_airflow1']) retrieved from /opt/airflow/dags/hello_world.py
[2021-02-23 10:17:19,053] {logging_mixin.py:104} INFO - [2021-02-23 10:17:19,053] {dag.py:1818} INFO - Sync 1 DAGs
[2021-02-23 10:17:19,172] {logging_mixin.py:104} INFO - [2021-02-23 10:17:19,172] {dag.py:2273} INFO - Setting next_dagrun for hello_airflow1 to 2021-02-22 00:00:00+00:00
[2021-02-23 10:17:19,253] {scheduler_job.py:190} INFO - Processing /opt/airflow/dags/hello_world.py took 0.692 seconds
[2021-02-23 10:17:49,720] {scheduler_job.py:182} INFO - Started process (PID=104) to work on /opt/airflow/dags/hello_world.py
[2021-02-23 10:17:49,739] {scheduler_job.py:629} INFO - Processing file /opt/airflow/dags/hello_world.py for tasks to queue
[2021-02-23 10:17:49,792] {logging_mixin.py:104} INFO - [2021-02-23 10:17:49,791] {dagbag.py:448} INFO - Filling up the DagBag from /opt/airflow/dags/hello_world.py
[2021-02-23 10:17:50,352] {logging_mixin.py:104} WARNING - /home/airflow/.local/lib/python3.6/site-packages/airflow/utils/decorators.py:94 DeprecationWarning: provide_context is deprecated as of 2.0 and is no longer required
[2021-02-23 10:17:50,421] {scheduler_job.py:639} INFO - DAG(s) dict_keys(['hello_airflow1']) retrieved from /opt/airflow/dags/hello_world.py
[2021-02-23 10:17:50,519] {logging_mixin.py:104} INFO - [2021-02-23 10:17:50,519] {dag.py:1818} INFO - Sync 1 DAGs
[2021-02-23 10:17:50,627] {logging_mixin.py:104} INFO - [2021-02-23 10:17:50,624] {dag.py:2273} INFO - Setting next_dagrun for hello_airflow1 to 2021-02-22 00:00:00+00:00
[2021-02-23 10:17:50,730] {scheduler_job.py:190} INFO - Processing /opt/airflow/dags/hello_world.py took 1.044 seconds
[2021-02-23 10:18:21,065] {scheduler_job.py:182} INFO - Started process (PID=131) to work on /opt/airflow/dags/hello_world.py
[2021-02-23 10:18:21,073] {scheduler_job.py:629} INFO - Processing file /opt/airflow/dags/hello_world.py for tasks to queue
[2021-02-23 10:18:21,083] {logging_mixin.py:104} INFO - [2021-02-23 10:18:21,079] {dagbag.py:448} INFO - Filling up the DagBag from /opt/airflow/dags/hello_world.py
[2021-02-23 10:18:21,275] {logging_mixin.py:104} WARNING - /home/airflow/.local/lib/python3.6/site-packages/airflow/utils/decorators.py:94 DeprecationWarning: provide_context is deprecated as of 2.0 and is no longer required
[2021-02-23 10:18:21,286] {scheduler_job.py:639} INFO - DAG(s) dict_keys(['hello_airflow1']) retrieved from /opt/airflow/dags/hello_world.py
[2021-02-23 10:18:21,314] {logging_mixin.py:104} INFO - [2021-02-23 10:18:21,314] {dag.py:1818} INFO - Sync 1 DAGs
[2021-02-23 10:18:21,329] {logging_mixin.py:104} INFO - [2021-02-23 10:18:21,329] {dag.py:2273} INFO - Setting next_dagrun for hello_airflow1 to 2021-02-22 00:00:00+00:00
[2021-02-23 10:18:21,376] {scheduler_job.py:190} INFO - Processing /opt/airflow/dags/hello_world.py took 0.340 seconds
[2021-02-23 10:18:51,676] {scheduler_job.py:182} INFO - Started process (PID=158) to work on /opt/airflow/dags/hello_world.py
[2021-02-23 10:18:51,685] {scheduler_job.py:629} INFO - Processing file /opt/airflow/dags/hello_world.py for tasks to queue
[2021-02-23 10:18:51,687] {logging_mixin.py:104} INFO - [2021-02-23 10:18:51,687] {dagbag.py:448} INFO - Filling up the DagBag from /opt/airflow/dags/hello_world.py
[2021-02-23 10:18:51,917] {logging_mixin.py:104} WARNING - /home/airflow/.local/lib/python3.6/site-packages/airflow/utils/decorators.py:94 DeprecationWarning: provide_context is deprecated as of 2.0 and is no longer required
[2021-02-23 10:18:51,927] {scheduler_job.py:639} INFO - DAG(s) dict_keys(['twitter_streamer']) retrieved from /opt/airflow/dags/hello_world.py
[2021-02-23 10:18:51,964] {logging_mixin.py:104} INFO - [2021-02-23 10:18:51,964] {dag.py:1818} INFO - Sync 1 DAGs
[2021-02-23 10:18:51,983] {logging_mixin.py:104} INFO - [2021-02-23 10:18:51,983] {dag.py:1837} INFO - Creating ORM DAG for twitter_streamer
[2021-02-23 10:18:51,991] {logging_mixin.py:104} INFO - [2021-02-23 10:18:51,991] {dag.py:2273} INFO - Setting next_dagrun for twitter_streamer to 2021-02-22 00:00:00+00:00
[2021-02-23 10:18:52,022] {scheduler_job.py:190} INFO - Processing /opt/airflow/dags/hello_world.py took 0.350 seconds
[2021-02-23 10:19:22,545] {scheduler_job.py:182} INFO - Started process (PID=186) to work on /opt/airflow/dags/hello_world.py
[2021-02-23 10:19:22,548] {scheduler_job.py:629} INFO - Processing file /opt/airflow/dags/hello_world.py for tasks to queue
[2021-02-23 10:19:22,551] {logging_mixin.py:104} INFO - [2021-02-23 10:19:22,551] {dagbag.py:448} INFO - Filling up the DagBag from /opt/airflow/dags/hello_world.py
[2021-02-23 10:19:22,697] {logging_mixin.py:104} WARNING - /home/airflow/.local/lib/python3.6/site-packages/airflow/utils/decorators.py:94 DeprecationWarning: provide_context is deprecated as of 2.0 and is no longer required
[2021-02-23 10:19:22,707] {scheduler_job.py:639} INFO - DAG(s) dict_keys(['twitter_streamer']) retrieved from /opt/airflow/dags/hello_world.py
[2021-02-23 10:19:22,785] {logging_mixin.py:104} INFO - [2021-02-23 10:19:22,785] {dag.py:1818} INFO - Sync 1 DAGs
[2021-02-23 10:19:22,817] {logging_mixin.py:104} INFO - [2021-02-23 10:19:22,817] {dag.py:2273} INFO - Setting next_dagrun for twitter_streamer to 2021-02-22 00:00:00+00:00
[2021-02-23 10:19:22,851] {scheduler_job.py:190} INFO - Processing /opt/airflow/dags/hello_world.py took 0.317 seconds
[2021-02-23 10:19:53,180] {scheduler_job.py:182} INFO - Started process (PID=215) to work on /opt/airflow/dags/hello_world.py
[2021-02-23 10:19:53,184] {scheduler_job.py:629} INFO - Processing file /opt/airflow/dags/hello_world.py for tasks to queue
[2021-02-23 10:19:53,186] {logging_mixin.py:104} INFO - [2021-02-23 10:19:53,186] {dagbag.py:448} INFO - Filling up the DagBag from /opt/airflow/dags/hello_world.py
[2021-02-23 10:19:53,288] {logging_mixin.py:104} WARNING - /home/airflow/.local/lib/python3.6/site-packages/airflow/utils/decorators.py:94 DeprecationWarning: provide_context is deprecated as of 2.0 and is no longer required
[2021-02-23 10:19:53,309] {scheduler_job.py:639} INFO - DAG(s) dict_keys(['twitter_streamer']) retrieved from /opt/airflow/dags/hello_world.py
[2021-02-23 10:19:53,361] {logging_mixin.py:104} INFO - [2021-02-23 10:19:53,360] {dag.py:1818} INFO - Sync 1 DAGs
[2021-02-23 10:19:53,378] {logging_mixin.py:104} INFO - [2021-02-23 10:19:53,378] {dag.py:2273} INFO - Setting next_dagrun for twitter_streamer to 2021-02-22 00:00:00+00:00
[2021-02-23 10:19:53,388] {scheduler_job.py:190} INFO - Processing /opt/airflow/dags/hello_world.py took 0.218 seconds
[2021-02-23 10:20:24,311] {scheduler_job.py:182} INFO - Started process (PID=240) to work on /opt/airflow/dags/hello_world.py
[2021-02-23 10:20:24,313] {scheduler_job.py:629} INFO - Processing file /opt/airflow/dags/hello_world.py for tasks to queue
[2021-02-23 10:20:24,315] {logging_mixin.py:104} INFO - [2021-02-23 10:20:24,315] {dagbag.py:448} INFO - Filling up the DagBag from /opt/airflow/dags/hello_world.py
[2021-02-23 10:20:24,458] {logging_mixin.py:104} WARNING - /home/airflow/.local/lib/python3.6/site-packages/airflow/utils/decorators.py:94 DeprecationWarning: provide_context is deprecated as of 2.0 and is no longer required
[2021-02-23 10:20:24,475] {scheduler_job.py:639} INFO - DAG(s) dict_keys(['twitter_streamer']) retrieved from /opt/airflow/dags/hello_world.py
[2021-02-23 10:20:24,513] {logging_mixin.py:104} INFO - [2021-02-23 10:20:24,512] {dag.py:1818} INFO - Sync 1 DAGs
[2021-02-23 10:20:24,573] {logging_mixin.py:104} INFO - [2021-02-23 10:20:24,573] {dag.py:2273} INFO - Setting next_dagrun for twitter_streamer to 2021-02-22 00:00:00+00:00
[2021-02-23 10:20:24,598] {scheduler_job.py:190} INFO - Processing /opt/airflow/dags/hello_world.py took 0.304 seconds
[2021-02-23 10:20:55,582] {scheduler_job.py:182} INFO - Started process (PID=268) to work on /opt/airflow/dags/hello_world.py
[2021-02-23 10:20:55,588] {scheduler_job.py:629} INFO - Processing file /opt/airflow/dags/hello_world.py for tasks to queue
[2021-02-23 10:20:55,593] {logging_mixin.py:104} INFO - [2021-02-23 10:20:55,592] {dagbag.py:448} INFO - Filling up the DagBag from /opt/airflow/dags/hello_world.py
[2021-02-23 10:20:55,893] {logging_mixin.py:104} WARNING - /home/airflow/.local/lib/python3.6/site-packages/airflow/utils/decorators.py:94 DeprecationWarning: provide_context is deprecated as of 2.0 and is no longer required
[2021-02-23 10:20:55,951] {scheduler_job.py:639} INFO - DAG(s) dict_keys(['twitter_streamer']) retrieved from /opt/airflow/dags/hello_world.py
[2021-02-23 10:20:56,052] {logging_mixin.py:104} INFO - [2021-02-23 10:20:56,052] {dag.py:1818} INFO - Sync 1 DAGs
[2021-02-23 10:20:56,090] {logging_mixin.py:104} INFO - [2021-02-23 10:20:56,089] {dag.py:2273} INFO - Setting next_dagrun for twitter_streamer to 2021-02-22 00:00:00+00:00
[2021-02-23 10:20:56,116] {scheduler_job.py:190} INFO - Processing /opt/airflow/dags/hello_world.py took 0.551 seconds
[2021-02-23 10:22:25,783] {scheduler_job.py:182} INFO - Started process (PID=23) to work on /opt/airflow/dags/hello_world.py
[2021-02-23 10:22:25,789] {scheduler_job.py:629} INFO - Processing file /opt/airflow/dags/hello_world.py for tasks to queue
[2021-02-23 10:22:25,805] {logging_mixin.py:104} INFO - [2021-02-23 10:22:25,805] {dagbag.py:448} INFO - Filling up the DagBag from /opt/airflow/dags/hello_world.py
[2021-02-23 10:22:27,391] {logging_mixin.py:104} WARNING - /home/airflow/.local/lib/python3.6/site-packages/airflow/utils/decorators.py:94 DeprecationWarning: provide_context is deprecated as of 2.0 and is no longer required
[2021-02-23 10:22:27,511] {scheduler_job.py:639} INFO - DAG(s) dict_keys(['twitter_streamer']) retrieved from /opt/airflow/dags/hello_world.py
[2021-02-23 10:22:27,799] {logging_mixin.py:104} INFO - [2021-02-23 10:22:27,799] {dag.py:1818} INFO - Sync 1 DAGs
[2021-02-23 10:22:28,082] {logging_mixin.py:104} INFO - [2021-02-23 10:22:28,082] {dag.py:2273} INFO - Setting next_dagrun for twitter_streamer to 2021-02-22 00:00:00+00:00
[2021-02-23 10:22:28,217] {scheduler_job.py:190} INFO - Processing /opt/airflow/dags/hello_world.py took 2.527 seconds
[2021-02-23 10:22:58,665] {scheduler_job.py:182} INFO - Started process (PID=51) to work on /opt/airflow/dags/hello_world.py
[2021-02-23 10:22:58,674] {scheduler_job.py:629} INFO - Processing file /opt/airflow/dags/hello_world.py for tasks to queue
[2021-02-23 10:22:58,686] {logging_mixin.py:104} INFO - [2021-02-23 10:22:58,686] {dagbag.py:448} INFO - Filling up the DagBag from /opt/airflow/dags/hello_world.py
[2021-02-23 10:22:59,189] {logging_mixin.py:104} WARNING - /home/airflow/.local/lib/python3.6/site-packages/airflow/utils/decorators.py:94 DeprecationWarning: provide_context is deprecated as of 2.0 and is no longer required
[2021-02-23 10:22:59,246] {scheduler_job.py:639} INFO - DAG(s) dict_keys(['twitter_streamer']) retrieved from /opt/airflow/dags/hello_world.py
[2021-02-23 10:22:59,534] {logging_mixin.py:104} INFO - [2021-02-23 10:22:59,534] {dag.py:1818} INFO - Sync 1 DAGs
[2021-02-23 10:22:59,892] {logging_mixin.py:104} INFO - [2021-02-23 10:22:59,892] {dag.py:2273} INFO - Setting next_dagrun for twitter_streamer to 2021-02-22 00:00:00+00:00
[2021-02-23 10:22:59,965] {scheduler_job.py:190} INFO - Processing /opt/airflow/dags/hello_world.py took 1.329 seconds
[2021-02-23 10:23:30,330] {scheduler_job.py:182} INFO - Started process (PID=78) to work on /opt/airflow/dags/hello_world.py
[2021-02-23 10:23:30,356] {scheduler_job.py:629} INFO - Processing file /opt/airflow/dags/hello_world.py for tasks to queue
[2021-02-23 10:23:30,377] {logging_mixin.py:104} INFO - [2021-02-23 10:23:30,371] {dagbag.py:448} INFO - Filling up the DagBag from /opt/airflow/dags/hello_world.py
[2021-02-23 10:23:31,110] {logging_mixin.py:104} WARNING - /home/airflow/.local/lib/python3.6/site-packages/airflow/utils/decorators.py:94 DeprecationWarning: provide_context is deprecated as of 2.0 and is no longer required
[2021-02-23 10:23:31,150] {scheduler_job.py:639} INFO - DAG(s) dict_keys(['twitter_streamer']) retrieved from /opt/airflow/dags/hello_world.py
[2021-02-23 10:23:31,344] {logging_mixin.py:104} INFO - [2021-02-23 10:23:31,344] {dag.py:1818} INFO - Sync 1 DAGs
[2021-02-23 10:23:31,555] {logging_mixin.py:104} INFO - [2021-02-23 10:23:31,555] {dag.py:2273} INFO - Setting next_dagrun for twitter_streamer to 2021-02-22 00:00:00+00:00
[2021-02-23 10:23:31,631] {scheduler_job.py:190} INFO - Processing /opt/airflow/dags/hello_world.py took 1.339 seconds
[2021-02-23 10:24:01,959] {scheduler_job.py:182} INFO - Started process (PID=105) to work on /opt/airflow/dags/hello_world.py
[2021-02-23 10:24:01,981] {scheduler_job.py:629} INFO - Processing file /opt/airflow/dags/hello_world.py for tasks to queue
[2021-02-23 10:24:01,989] {logging_mixin.py:104} INFO - [2021-02-23 10:24:01,989] {dagbag.py:448} INFO - Filling up the DagBag from /opt/airflow/dags/hello_world.py
[2021-02-23 10:24:04,044] {logging_mixin.py:104} WARNING - /home/airflow/.local/lib/python3.6/site-packages/airflow/utils/decorators.py:94 DeprecationWarning: provide_context is deprecated as of 2.0 and is no longer required
[2021-02-23 10:24:04,138] {scheduler_job.py:639} INFO - DAG(s) dict_keys(['twitter_streamer']) retrieved from /opt/airflow/dags/hello_world.py
[2021-02-23 10:24:04,340] {logging_mixin.py:104} INFO - [2021-02-23 10:24:04,340] {dag.py:1818} INFO - Sync 1 DAGs
[2021-02-23 10:24:04,582] {logging_mixin.py:104} INFO - [2021-02-23 10:24:04,582] {dag.py:2273} INFO - Setting next_dagrun for twitter_streamer to 2021-02-22 00:00:00+00:00
[2021-02-23 10:24:04,675] {scheduler_job.py:190} INFO - Processing /opt/airflow/dags/hello_world.py took 2.756 seconds
[2021-02-23 10:24:34,971] {scheduler_job.py:182} INFO - Started process (PID=132) to work on /opt/airflow/dags/hello_world.py
[2021-02-23 10:24:34,981] {scheduler_job.py:629} INFO - Processing file /opt/airflow/dags/hello_world.py for tasks to queue
[2021-02-23 10:24:34,990] {logging_mixin.py:104} INFO - [2021-02-23 10:24:34,989] {dagbag.py:448} INFO - Filling up the DagBag from /opt/airflow/dags/hello_world.py
[2021-02-23 10:24:35,319] {logging_mixin.py:104} WARNING - /home/airflow/.local/lib/python3.6/site-packages/airflow/utils/decorators.py:94 DeprecationWarning: provide_context is deprecated as of 2.0 and is no longer required
[2021-02-23 10:24:35,330] {scheduler_job.py:639} INFO - DAG(s) dict_keys(['twitter_streamer']) retrieved from /opt/airflow/dags/hello_world.py
[2021-02-23 10:24:35,364] {logging_mixin.py:104} INFO - [2021-02-23 10:24:35,363] {dag.py:1818} INFO - Sync 1 DAGs
[2021-02-23 10:24:35,396] {logging_mixin.py:104} INFO - [2021-02-23 10:24:35,396] {dag.py:2273} INFO - Setting next_dagrun for twitter_streamer to 2021-02-22 00:00:00+00:00
[2021-02-23 10:24:35,409] {scheduler_job.py:190} INFO - Processing /opt/airflow/dags/hello_world.py took 0.480 seconds
[2021-02-23 10:25:06,160] {scheduler_job.py:182} INFO - Started process (PID=159) to work on /opt/airflow/dags/hello_world.py
[2021-02-23 10:25:06,196] {scheduler_job.py:629} INFO - Processing file /opt/airflow/dags/hello_world.py for tasks to queue
[2021-02-23 10:25:06,241] {logging_mixin.py:104} INFO - [2021-02-23 10:25:06,224] {dagbag.py:448} INFO - Filling up the DagBag from /opt/airflow/dags/hello_world.py
[2021-02-23 10:25:07,290] {logging_mixin.py:104} WARNING - /home/airflow/.local/lib/python3.6/site-packages/airflow/utils/decorators.py:94 DeprecationWarning: provide_context is deprecated as of 2.0 and is no longer required
[2021-02-23 10:25:07,373] {scheduler_job.py:639} INFO - DAG(s) dict_keys(['twitter_streamer']) retrieved from /opt/airflow/dags/hello_world.py
[2021-02-23 10:25:07,543] {logging_mixin.py:104} INFO - [2021-02-23 10:25:07,543] {dag.py:1818} INFO - Sync 1 DAGs
[2021-02-23 10:25:07,720] {logging_mixin.py:104} INFO - [2021-02-23 10:25:07,720] {dag.py:2273} INFO - Setting next_dagrun for twitter_streamer to 2021-02-22 00:00:00+00:00
[2021-02-23 10:25:07,752] {scheduler_job.py:190} INFO - Processing /opt/airflow/dags/hello_world.py took 1.763 seconds
[2021-02-23 10:25:40,222] {scheduler_job.py:182} INFO - Started process (PID=187) to work on /opt/airflow/dags/hello_world.py
[2021-02-23 10:25:40,226] {scheduler_job.py:629} INFO - Processing file /opt/airflow/dags/hello_world.py for tasks to queue
[2021-02-23 10:25:40,228] {logging_mixin.py:104} INFO - [2021-02-23 10:25:40,228] {dagbag.py:448} INFO - Filling up the DagBag from /opt/airflow/dags/hello_world.py
[2021-02-23 10:25:40,670] {logging_mixin.py:104} WARNING - /home/airflow/.local/lib/python3.6/site-packages/airflow/utils/decorators.py:94 DeprecationWarning: provide_context is deprecated as of 2.0 and is no longer required
[2021-02-23 10:25:40,703] {scheduler_job.py:639} INFO - DAG(s) dict_keys(['twitter_streamer']) retrieved from /opt/airflow/dags/hello_world.py
[2021-02-23 10:25:40,774] {logging_mixin.py:104} INFO - [2021-02-23 10:25:40,774] {dag.py:1818} INFO - Sync 1 DAGs
[2021-02-23 10:25:40,870] {logging_mixin.py:104} INFO - [2021-02-23 10:25:40,870] {dag.py:2273} INFO - Setting next_dagrun for twitter_streamer to 2021-02-22 00:00:00+00:00
[2021-02-23 10:25:40,907] {scheduler_job.py:190} INFO - Processing /opt/airflow/dags/hello_world.py took 0.697 seconds
[2021-02-23 10:26:28,209] {scheduler_job.py:182} INFO - Started process (PID=204) to work on /opt/airflow/dags/hello_world.py
[2021-02-23 10:26:28,217] {scheduler_job.py:629} INFO - Processing file /opt/airflow/dags/hello_world.py for tasks to queue
[2021-02-23 10:26:28,218] {logging_mixin.py:104} INFO - [2021-02-23 10:26:28,218] {dagbag.py:448} INFO - Filling up the DagBag from /opt/airflow/dags/hello_world.py
[2021-02-23 10:26:28,710] {logging_mixin.py:104} WARNING - /home/airflow/.local/lib/python3.6/site-packages/airflow/utils/decorators.py:94 DeprecationWarning: provide_context is deprecated as of 2.0 and is no longer required
[2021-02-23 10:26:28,733] {scheduler_job.py:639} INFO - DAG(s) dict_keys(['twitter_streamer']) retrieved from /opt/airflow/dags/hello_world.py
[2021-02-23 10:26:28,829] {logging_mixin.py:104} INFO - [2021-02-23 10:26:28,829] {dag.py:1818} INFO - Sync 1 DAGs
[2021-02-23 10:26:28,902] {logging_mixin.py:104} INFO - [2021-02-23 10:26:28,899] {dag.py:2273} INFO - Setting next_dagrun for twitter_streamer to 2021-02-22 00:00:00+00:00
[2021-02-23 10:26:28,937] {scheduler_job.py:190} INFO - Processing /opt/airflow/dags/hello_world.py took 0.739 seconds
[2021-02-23 10:27:01,795] {scheduler_job.py:182} INFO - Started process (PID=226) to work on /opt/airflow/dags/hello_world.py
[2021-02-23 10:27:01,929] {scheduler_job.py:629} INFO - Processing file /opt/airflow/dags/hello_world.py for tasks to queue
[2021-02-23 10:27:02,398] {logging_mixin.py:104} INFO - [2021-02-23 10:27:02,267] {dagbag.py:448} INFO - Filling up the DagBag from /opt/airflow/dags/hello_world.py
[2021-02-23 10:27:11,527] {logging_mixin.py:104} WARNING - /home/airflow/.local/lib/python3.6/site-packages/airflow/utils/decorators.py:94 DeprecationWarning: provide_context is deprecated as of 2.0 and is no longer required
[2021-02-23 10:27:11,574] {scheduler_job.py:639} INFO - DAG(s) dict_keys(['twitter_streamer']) retrieved from /opt/airflow/dags/hello_world.py
[2021-02-23 10:27:11,686] {logging_mixin.py:104} INFO - [2021-02-23 10:27:11,686] {dag.py:1818} INFO - Sync 1 DAGs
[2021-02-23 10:27:11,756] {logging_mixin.py:104} INFO - [2021-02-23 10:27:11,756] {dag.py:2273} INFO - Setting next_dagrun for twitter_streamer to 2021-02-22 00:00:00+00:00
[2021-02-23 10:27:11,800] {scheduler_job.py:190} INFO - Processing /opt/airflow/dags/hello_world.py took 10.668 seconds
[2021-02-23 10:27:42,614] {scheduler_job.py:182} INFO - Started process (PID=253) to work on /opt/airflow/dags/hello_world.py
[2021-02-23 10:27:42,992] {scheduler_job.py:629} INFO - Processing file /opt/airflow/dags/hello_world.py for tasks to queue
[2021-02-23 10:27:43,133] {logging_mixin.py:104} INFO - [2021-02-23 10:27:43,087] {dagbag.py:448} INFO - Filling up the DagBag from /opt/airflow/dags/hello_world.py
[2021-02-23 10:27:47,592] {logging_mixin.py:104} WARNING - /home/airflow/.local/lib/python3.6/site-packages/airflow/utils/decorators.py:94 DeprecationWarning: provide_context is deprecated as of 2.0 and is no longer required
[2021-02-23 10:27:47,653] {scheduler_job.py:639} INFO - DAG(s) dict_keys(['twitter_streamer']) retrieved from /opt/airflow/dags/hello_world.py
[2021-02-23 10:27:47,746] {logging_mixin.py:104} INFO - [2021-02-23 10:27:47,746] {dag.py:1818} INFO - Sync 1 DAGs
[2021-02-23 10:32:03,712] {scheduler_job.py:182} INFO - Started process (PID=33) to work on /opt/airflow/dags/hello_world.py
[2021-02-23 10:32:03,719] {scheduler_job.py:629} INFO - Processing file /opt/airflow/dags/hello_world.py for tasks to queue
[2021-02-23 10:32:03,739] {logging_mixin.py:104} INFO - [2021-02-23 10:32:03,735] {dagbag.py:448} INFO - Filling up the DagBag from /opt/airflow/dags/hello_world.py
[2021-02-23 10:32:04,942] {logging_mixin.py:104} WARNING - /home/airflow/.local/lib/python3.6/site-packages/airflow/utils/decorators.py:94 DeprecationWarning: provide_context is deprecated as of 2.0 and is no longer required
[2021-02-23 10:32:05,027] {scheduler_job.py:639} INFO - DAG(s) dict_keys(['twitter_streamer']) retrieved from /opt/airflow/dags/hello_world.py
[2021-02-23 10:32:05,341] {logging_mixin.py:104} INFO - [2021-02-23 10:32:05,341] {dag.py:1818} INFO - Sync 1 DAGs
[2021-02-23 10:32:05,504] {logging_mixin.py:104} INFO - [2021-02-23 10:32:05,504] {dag.py:2273} INFO - Setting next_dagrun for twitter_streamer to 2021-02-22 00:00:00+00:00
[2021-02-23 10:32:05,564] {scheduler_job.py:190} INFO - Processing /opt/airflow/dags/hello_world.py took 1.878 seconds
[2021-02-23 10:32:35,713] {scheduler_job.py:182} INFO - Started process (PID=61) to work on /opt/airflow/dags/hello_world.py
[2021-02-23 10:32:35,716] {scheduler_job.py:629} INFO - Processing file /opt/airflow/dags/hello_world.py for tasks to queue
[2021-02-23 10:32:35,733] {logging_mixin.py:104} INFO - [2021-02-23 10:32:35,733] {dagbag.py:448} INFO - Filling up the DagBag from /opt/airflow/dags/hello_world.py
[2021-02-23 10:32:36,205] {logging_mixin.py:104} WARNING - /home/airflow/.local/lib/python3.6/site-packages/airflow/utils/decorators.py:94 DeprecationWarning: provide_context is deprecated as of 2.0 and is no longer required
[2021-02-23 10:32:36,223] {scheduler_job.py:639} INFO - DAG(s) dict_keys(['twitter_streamer']) retrieved from /opt/airflow/dags/hello_world.py
[2021-02-23 10:32:36,334] {logging_mixin.py:104} INFO - [2021-02-23 10:32:36,333] {dag.py:1818} INFO - Sync 1 DAGs
[2021-02-23 10:32:36,392] {logging_mixin.py:104} INFO - [2021-02-23 10:32:36,392] {dag.py:2273} INFO - Setting next_dagrun for twitter_streamer to 2021-02-22 00:00:00+00:00
[2021-02-23 10:32:36,414] {scheduler_job.py:190} INFO - Processing /opt/airflow/dags/hello_world.py took 0.725 seconds
[2021-02-23 10:33:06,661] {scheduler_job.py:182} INFO - Started process (PID=88) to work on /opt/airflow/dags/hello_world.py
[2021-02-23 10:33:06,670] {scheduler_job.py:629} INFO - Processing file /opt/airflow/dags/hello_world.py for tasks to queue
[2021-02-23 10:33:06,676] {logging_mixin.py:104} INFO - [2021-02-23 10:33:06,676] {dagbag.py:448} INFO - Filling up the DagBag from /opt/airflow/dags/hello_world.py
[2021-02-23 10:33:07,108] {logging_mixin.py:104} WARNING - /home/airflow/.local/lib/python3.6/site-packages/airflow/utils/decorators.py:94 DeprecationWarning: provide_context is deprecated as of 2.0 and is no longer required
[2021-02-23 10:33:07,120] {scheduler_job.py:639} INFO - DAG(s) dict_keys(['twitter_streamer']) retrieved from /opt/airflow/dags/hello_world.py
[2021-02-23 10:33:07,155] {logging_mixin.py:104} INFO - [2021-02-23 10:33:07,155] {dag.py:1818} INFO - Sync 1 DAGs
[2021-02-23 10:33:07,184] {logging_mixin.py:104} INFO - [2021-02-23 10:33:07,184] {dag.py:2273} INFO - Setting next_dagrun for twitter_streamer to 2021-02-22 00:00:00+00:00
[2021-02-23 10:33:07,196] {scheduler_job.py:190} INFO - Processing /opt/airflow/dags/hello_world.py took 0.566 seconds
[2021-02-23 10:33:37,380] {scheduler_job.py:182} INFO - Started process (PID=115) to work on /opt/airflow/dags/hello_world.py
[2021-02-23 10:33:37,383] {scheduler_job.py:629} INFO - Processing file /opt/airflow/dags/hello_world.py for tasks to queue
[2021-02-23 10:33:37,385] {logging_mixin.py:104} INFO - [2021-02-23 10:33:37,385] {dagbag.py:448} INFO - Filling up the DagBag from /opt/airflow/dags/hello_world.py
[2021-02-23 10:33:37,531] {logging_mixin.py:104} WARNING - /home/airflow/.local/lib/python3.6/site-packages/airflow/utils/decorators.py:94 DeprecationWarning: provide_context is deprecated as of 2.0 and is no longer required
[2021-02-23 10:33:37,539] {scheduler_job.py:639} INFO - DAG(s) dict_keys(['twitter_streamer']) retrieved from /opt/airflow/dags/hello_world.py
[2021-02-23 10:33:37,558] {logging_mixin.py:104} INFO - [2021-02-23 10:33:37,558] {dag.py:1818} INFO - Sync 1 DAGs
[2021-02-23 10:33:37,576] {logging_mixin.py:104} INFO - [2021-02-23 10:33:37,576] {dag.py:2273} INFO - Setting next_dagrun for twitter_streamer to 2021-02-22 00:00:00+00:00
[2021-02-23 10:33:37,587] {scheduler_job.py:190} INFO - Processing /opt/airflow/dags/hello_world.py took 0.216 seconds
[2021-02-23 10:34:07,953] {scheduler_job.py:182} INFO - Started process (PID=142) to work on /opt/airflow/dags/hello_world.py
[2021-02-23 10:34:07,957] {scheduler_job.py:629} INFO - Processing file /opt/airflow/dags/hello_world.py for tasks to queue
[2021-02-23 10:34:07,960] {logging_mixin.py:104} INFO - [2021-02-23 10:34:07,960] {dagbag.py:448} INFO - Filling up the DagBag from /opt/airflow/dags/hello_world.py
[2021-02-23 10:34:08,106] {logging_mixin.py:104} WARNING - /home/airflow/.local/lib/python3.6/site-packages/airflow/utils/decorators.py:94 DeprecationWarning: provide_context is deprecated as of 2.0 and is no longer required
[2021-02-23 10:34:08,114] {scheduler_job.py:639} INFO - DAG(s) dict_keys(['twitter_streamer']) retrieved from /opt/airflow/dags/hello_world.py
[2021-02-23 10:34:08,141] {logging_mixin.py:104} INFO - [2021-02-23 10:34:08,141] {dag.py:1818} INFO - Sync 1 DAGs
[2021-02-23 10:34:08,158] {logging_mixin.py:104} INFO - [2021-02-23 10:34:08,157] {dag.py:2273} INFO - Setting next_dagrun for twitter_streamer to 2021-02-22 00:00:00+00:00
[2021-02-23 10:34:08,168] {scheduler_job.py:190} INFO - Processing /opt/airflow/dags/hello_world.py took 0.223 seconds
[2021-02-23 10:34:38,619] {scheduler_job.py:182} INFO - Started process (PID=169) to work on /opt/airflow/dags/hello_world.py
[2021-02-23 10:34:38,628] {scheduler_job.py:629} INFO - Processing file /opt/airflow/dags/hello_world.py for tasks to queue
[2021-02-23 10:34:38,636] {logging_mixin.py:104} INFO - [2021-02-23 10:34:38,635] {dagbag.py:448} INFO - Filling up the DagBag from /opt/airflow/dags/hello_world.py
[2021-02-23 10:34:38,864] {logging_mixin.py:104} WARNING - /home/airflow/.local/lib/python3.6/site-packages/airflow/utils/decorators.py:94 DeprecationWarning: provide_context is deprecated as of 2.0 and is no longer required
[2021-02-23 10:34:38,882] {scheduler_job.py:639} INFO - DAG(s) dict_keys(['twitter_streamer']) retrieved from /opt/airflow/dags/hello_world.py
[2021-02-23 10:34:38,924] {logging_mixin.py:104} INFO - [2021-02-23 10:34:38,924] {dag.py:1818} INFO - Sync 1 DAGs
[2021-02-23 10:34:38,959] {logging_mixin.py:104} INFO - [2021-02-23 10:34:38,959] {dag.py:2273} INFO - Setting next_dagrun for twitter_streamer to 2021-02-22 00:00:00+00:00
[2021-02-23 10:34:38,972] {scheduler_job.py:190} INFO - Processing /opt/airflow/dags/hello_world.py took 0.370 seconds
[2021-02-23 10:35:09,826] {scheduler_job.py:182} INFO - Started process (PID=195) to work on /opt/airflow/dags/hello_world.py
[2021-02-23 10:35:09,829] {scheduler_job.py:629} INFO - Processing file /opt/airflow/dags/hello_world.py for tasks to queue
[2021-02-23 10:35:09,834] {logging_mixin.py:104} INFO - [2021-02-23 10:35:09,834] {dagbag.py:448} INFO - Filling up the DagBag from /opt/airflow/dags/hello_world.py
[2021-02-23 10:35:09,992] {logging_mixin.py:104} WARNING - /home/airflow/.local/lib/python3.6/site-packages/airflow/utils/decorators.py:94 DeprecationWarning: provide_context is deprecated as of 2.0 and is no longer required
[2021-02-23 10:35:10,007] {scheduler_job.py:639} INFO - DAG(s) dict_keys(['twitter_streamer']) retrieved from /opt/airflow/dags/hello_world.py
[2021-02-23 10:35:10,050] {logging_mixin.py:104} INFO - [2021-02-23 10:35:10,050] {dag.py:1818} INFO - Sync 1 DAGs
[2021-02-23 10:35:10,071] {logging_mixin.py:104} INFO - [2021-02-23 10:35:10,071] {dag.py:2273} INFO - Setting next_dagrun for twitter_streamer to 2021-02-22 00:00:00+00:00
[2021-02-23 10:35:10,078] {scheduler_job.py:190} INFO - Processing /opt/airflow/dags/hello_world.py took 0.264 seconds
[2021-02-23 10:35:40,265] {scheduler_job.py:182} INFO - Started process (PID=218) to work on /opt/airflow/dags/hello_world.py
[2021-02-23 10:35:40,268] {scheduler_job.py:629} INFO - Processing file /opt/airflow/dags/hello_world.py for tasks to queue
[2021-02-23 10:35:40,273] {logging_mixin.py:104} INFO - [2021-02-23 10:35:40,273] {dagbag.py:448} INFO - Filling up the DagBag from /opt/airflow/dags/hello_world.py
[2021-02-23 10:35:40,427] {logging_mixin.py:104} WARNING - /home/airflow/.local/lib/python3.6/site-packages/airflow/utils/decorators.py:94 DeprecationWarning: provide_context is deprecated as of 2.0 and is no longer required
[2021-02-23 10:35:40,445] {scheduler_job.py:639} INFO - DAG(s) dict_keys(['twitter_streamer']) retrieved from /opt/airflow/dags/hello_world.py
[2021-02-23 10:35:40,525] {logging_mixin.py:104} INFO - [2021-02-23 10:35:40,524] {dag.py:1818} INFO - Sync 1 DAGs
[2021-02-23 10:35:40,563] {logging_mixin.py:104} INFO - [2021-02-23 10:35:40,563] {dag.py:2273} INFO - Setting next_dagrun for twitter_streamer to 2021-02-22 00:00:00+00:00
[2021-02-23 10:35:40,580] {scheduler_job.py:190} INFO - Processing /opt/airflow/dags/hello_world.py took 0.325 seconds
[2021-02-23 10:36:11,056] {scheduler_job.py:182} INFO - Started process (PID=247) to work on /opt/airflow/dags/hello_world.py
[2021-02-23 10:36:11,065] {scheduler_job.py:629} INFO - Processing file /opt/airflow/dags/hello_world.py for tasks to queue
[2021-02-23 10:36:11,089] {logging_mixin.py:104} INFO - [2021-02-23 10:36:11,088] {dagbag.py:448} INFO - Filling up the DagBag from /opt/airflow/dags/hello_world.py
[2021-02-23 10:36:11,507] {logging_mixin.py:104} WARNING - /home/airflow/.local/lib/python3.6/site-packages/airflow/utils/decorators.py:94 DeprecationWarning: provide_context is deprecated as of 2.0 and is no longer required
[2021-02-23 10:36:11,553] {scheduler_job.py:639} INFO - DAG(s) dict_keys(['twitter_streamer']) retrieved from /opt/airflow/dags/hello_world.py
[2021-02-23 10:36:11,677] {logging_mixin.py:104} INFO - [2021-02-23 10:36:11,677] {dag.py:1818} INFO - Sync 1 DAGs
[2021-02-23 10:36:11,823] {logging_mixin.py:104} INFO - [2021-02-23 10:36:11,822] {dag.py:2273} INFO - Setting next_dagrun for twitter_streamer to 2021-02-22 00:00:00+00:00
[2021-02-23 10:36:11,865] {scheduler_job.py:190} INFO - Processing /opt/airflow/dags/hello_world.py took 0.830 seconds
[2021-02-23 10:36:42,838] {scheduler_job.py:182} INFO - Started process (PID=275) to work on /opt/airflow/dags/hello_world.py
[2021-02-23 10:36:42,841] {scheduler_job.py:629} INFO - Processing file /opt/airflow/dags/hello_world.py for tasks to queue
[2021-02-23 10:36:42,843] {logging_mixin.py:104} INFO - [2021-02-23 10:36:42,843] {dagbag.py:448} INFO - Filling up the DagBag from /opt/airflow/dags/hello_world.py
[2021-02-23 10:36:43,004] {logging_mixin.py:104} WARNING - /home/airflow/.local/lib/python3.6/site-packages/airflow/utils/decorators.py:94 DeprecationWarning: provide_context is deprecated as of 2.0 and is no longer required
[2021-02-23 10:36:43,026] {scheduler_job.py:639} INFO - DAG(s) dict_keys(['twitter_streamer']) retrieved from /opt/airflow/dags/hello_world.py
[2021-02-23 10:36:43,069] {logging_mixin.py:104} INFO - [2021-02-23 10:36:43,069] {dag.py:1818} INFO - Sync 1 DAGs
[2021-02-23 10:36:43,111] {logging_mixin.py:104} INFO - [2021-02-23 10:36:43,111] {dag.py:2273} INFO - Setting next_dagrun for twitter_streamer to 2021-02-22 00:00:00+00:00
[2021-02-23 10:36:43,147] {scheduler_job.py:190} INFO - Processing /opt/airflow/dags/hello_world.py took 0.323 seconds
[2021-02-23 10:37:39,732] {scheduler_job.py:182} INFO - Started process (PID=40) to work on /opt/airflow/dags/hello_world.py
[2021-02-23 10:37:39,738] {scheduler_job.py:629} INFO - Processing file /opt/airflow/dags/hello_world.py for tasks to queue
[2021-02-23 10:37:39,745] {logging_mixin.py:104} INFO - [2021-02-23 10:37:39,740] {dagbag.py:448} INFO - Filling up the DagBag from /opt/airflow/dags/hello_world.py
[2021-02-23 10:37:40,047] {logging_mixin.py:104} WARNING - /home/airflow/.local/lib/python3.6/site-packages/airflow/utils/decorators.py:94 DeprecationWarning: provide_context is deprecated as of 2.0 and is no longer required
[2021-02-23 10:37:40,060] {scheduler_job.py:639} INFO - DAG(s) dict_keys(['twitter_streamer']) retrieved from /opt/airflow/dags/hello_world.py
[2021-02-23 10:37:40,090] {logging_mixin.py:104} INFO - [2021-02-23 10:37:40,090] {dag.py:1818} INFO - Sync 1 DAGs
[2021-02-23 10:37:40,179] {logging_mixin.py:104} INFO - [2021-02-23 10:37:40,176] {dag.py:2273} INFO - Setting next_dagrun for twitter_streamer to 2021-02-22 00:00:00+00:00
[2021-02-23 10:37:40,232] {scheduler_job.py:190} INFO - Processing /opt/airflow/dags/hello_world.py took 0.510 seconds
[2021-02-23 10:38:10,466] {scheduler_job.py:182} INFO - Started process (PID=67) to work on /opt/airflow/dags/hello_world.py
[2021-02-23 10:38:10,471] {scheduler_job.py:629} INFO - Processing file /opt/airflow/dags/hello_world.py for tasks to queue
[2021-02-23 10:38:10,475] {logging_mixin.py:104} INFO - [2021-02-23 10:38:10,474] {dagbag.py:448} INFO - Filling up the DagBag from /opt/airflow/dags/hello_world.py
[2021-02-23 10:38:10,882] {logging_mixin.py:104} WARNING - /home/airflow/.local/lib/python3.6/site-packages/airflow/utils/decorators.py:94 DeprecationWarning: provide_context is deprecated as of 2.0 and is no longer required
[2021-02-23 10:38:10,890] {scheduler_job.py:639} INFO - DAG(s) dict_keys(['twitter_streamer']) retrieved from /opt/airflow/dags/hello_world.py
[2021-02-23 10:38:10,911] {logging_mixin.py:104} INFO - [2021-02-23 10:38:10,911] {dag.py:1818} INFO - Sync 1 DAGs
[2021-02-23 10:38:10,930] {logging_mixin.py:104} INFO - [2021-02-23 10:38:10,930] {dag.py:2273} INFO - Setting next_dagrun for twitter_streamer to 2021-02-22 00:00:00+00:00
[2021-02-23 10:38:10,938] {scheduler_job.py:190} INFO - Processing /opt/airflow/dags/hello_world.py took 0.480 seconds
