[2021-02-23 10:15:12,582] {scheduler_job.py:182} INFO - Started process (PID=29) to work on /home/airflow/.local/lib/python3.6/site-packages/airflow/example_dags/subdags/subdag.py
[2021-02-23 10:15:12,596] {scheduler_job.py:629} INFO - Processing file /home/airflow/.local/lib/python3.6/site-packages/airflow/example_dags/subdags/subdag.py for tasks to queue
[2021-02-23 10:15:12,618] {logging_mixin.py:104} INFO - [2021-02-23 10:15:12,610] {dagbag.py:448} INFO - Filling up the DagBag from /home/airflow/.local/lib/python3.6/site-packages/airflow/example_dags/subdags/subdag.py
[2021-02-23 10:15:12,634] {scheduler_job.py:641} WARNING - No viable dags retrieved from /home/airflow/.local/lib/python3.6/site-packages/airflow/example_dags/subdags/subdag.py
[2021-02-23 10:15:12,683] {scheduler_job.py:190} INFO - Processing /home/airflow/.local/lib/python3.6/site-packages/airflow/example_dags/subdags/subdag.py took 0.112 seconds
[2021-02-23 10:16:51,689] {scheduler_job.py:182} INFO - Started process (PID=59) to work on /home/airflow/.local/lib/python3.6/site-packages/airflow/example_dags/subdags/subdag.py
[2021-02-23 10:16:51,702] {scheduler_job.py:629} INFO - Processing file /home/airflow/.local/lib/python3.6/site-packages/airflow/example_dags/subdags/subdag.py for tasks to queue
[2021-02-23 10:16:51,711] {logging_mixin.py:104} INFO - [2021-02-23 10:16:51,711] {dagbag.py:448} INFO - Filling up the DagBag from /home/airflow/.local/lib/python3.6/site-packages/airflow/example_dags/subdags/subdag.py
[2021-02-23 10:16:51,751] {scheduler_job.py:641} WARNING - No viable dags retrieved from /home/airflow/.local/lib/python3.6/site-packages/airflow/example_dags/subdags/subdag.py
[2021-02-23 10:16:51,854] {scheduler_job.py:190} INFO - Processing /home/airflow/.local/lib/python3.6/site-packages/airflow/example_dags/subdags/subdag.py took 0.215 seconds
[2021-02-23 10:17:22,140] {scheduler_job.py:182} INFO - Started process (PID=86) to work on /home/airflow/.local/lib/python3.6/site-packages/airflow/example_dags/subdags/subdag.py
[2021-02-23 10:17:22,152] {scheduler_job.py:629} INFO - Processing file /home/airflow/.local/lib/python3.6/site-packages/airflow/example_dags/subdags/subdag.py for tasks to queue
[2021-02-23 10:17:22,164] {logging_mixin.py:104} INFO - [2021-02-23 10:17:22,162] {dagbag.py:448} INFO - Filling up the DagBag from /home/airflow/.local/lib/python3.6/site-packages/airflow/example_dags/subdags/subdag.py
[2021-02-23 10:17:22,188] {scheduler_job.py:641} WARNING - No viable dags retrieved from /home/airflow/.local/lib/python3.6/site-packages/airflow/example_dags/subdags/subdag.py
[2021-02-23 10:17:22,278] {scheduler_job.py:190} INFO - Processing /home/airflow/.local/lib/python3.6/site-packages/airflow/example_dags/subdags/subdag.py took 0.152 seconds
[2021-02-23 10:17:53,185] {scheduler_job.py:182} INFO - Started process (PID=113) to work on /home/airflow/.local/lib/python3.6/site-packages/airflow/example_dags/subdags/subdag.py
[2021-02-23 10:17:53,205] {scheduler_job.py:629} INFO - Processing file /home/airflow/.local/lib/python3.6/site-packages/airflow/example_dags/subdags/subdag.py for tasks to queue
[2021-02-23 10:17:53,218] {logging_mixin.py:104} INFO - [2021-02-23 10:17:53,218] {dagbag.py:448} INFO - Filling up the DagBag from /home/airflow/.local/lib/python3.6/site-packages/airflow/example_dags/subdags/subdag.py
[2021-02-23 10:17:53,255] {scheduler_job.py:641} WARNING - No viable dags retrieved from /home/airflow/.local/lib/python3.6/site-packages/airflow/example_dags/subdags/subdag.py
[2021-02-23 10:17:53,299] {scheduler_job.py:190} INFO - Processing /home/airflow/.local/lib/python3.6/site-packages/airflow/example_dags/subdags/subdag.py took 0.136 seconds
[2021-02-23 10:18:23,960] {scheduler_job.py:182} INFO - Started process (PID=140) to work on /home/airflow/.local/lib/python3.6/site-packages/airflow/example_dags/subdags/subdag.py
[2021-02-23 10:18:23,966] {scheduler_job.py:629} INFO - Processing file /home/airflow/.local/lib/python3.6/site-packages/airflow/example_dags/subdags/subdag.py for tasks to queue
[2021-02-23 10:18:23,970] {logging_mixin.py:104} INFO - [2021-02-23 10:18:23,969] {dagbag.py:448} INFO - Filling up the DagBag from /home/airflow/.local/lib/python3.6/site-packages/airflow/example_dags/subdags/subdag.py
[2021-02-23 10:18:23,991] {scheduler_job.py:641} WARNING - No viable dags retrieved from /home/airflow/.local/lib/python3.6/site-packages/airflow/example_dags/subdags/subdag.py
[2021-02-23 10:18:24,072] {scheduler_job.py:190} INFO - Processing /home/airflow/.local/lib/python3.6/site-packages/airflow/example_dags/subdags/subdag.py took 0.134 seconds
[2021-02-23 10:18:54,799] {scheduler_job.py:182} INFO - Started process (PID=167) to work on /home/airflow/.local/lib/python3.6/site-packages/airflow/example_dags/subdags/subdag.py
[2021-02-23 10:18:54,804] {scheduler_job.py:629} INFO - Processing file /home/airflow/.local/lib/python3.6/site-packages/airflow/example_dags/subdags/subdag.py for tasks to queue
[2021-02-23 10:18:54,809] {logging_mixin.py:104} INFO - [2021-02-23 10:18:54,808] {dagbag.py:448} INFO - Filling up the DagBag from /home/airflow/.local/lib/python3.6/site-packages/airflow/example_dags/subdags/subdag.py
[2021-02-23 10:18:54,819] {scheduler_job.py:641} WARNING - No viable dags retrieved from /home/airflow/.local/lib/python3.6/site-packages/airflow/example_dags/subdags/subdag.py
[2021-02-23 10:18:54,840] {scheduler_job.py:190} INFO - Processing /home/airflow/.local/lib/python3.6/site-packages/airflow/example_dags/subdags/subdag.py took 0.052 seconds
[2021-02-23 10:19:26,564] {scheduler_job.py:182} INFO - Started process (PID=194) to work on /home/airflow/.local/lib/python3.6/site-packages/airflow/example_dags/subdags/subdag.py
[2021-02-23 10:19:26,597] {scheduler_job.py:629} INFO - Processing file /home/airflow/.local/lib/python3.6/site-packages/airflow/example_dags/subdags/subdag.py for tasks to queue
[2021-02-23 10:19:26,616] {logging_mixin.py:104} INFO - [2021-02-23 10:19:26,611] {dagbag.py:448} INFO - Filling up the DagBag from /home/airflow/.local/lib/python3.6/site-packages/airflow/example_dags/subdags/subdag.py
[2021-02-23 10:19:26,680] {scheduler_job.py:641} WARNING - No viable dags retrieved from /home/airflow/.local/lib/python3.6/site-packages/airflow/example_dags/subdags/subdag.py
[2021-02-23 10:19:26,921] {scheduler_job.py:190} INFO - Processing /home/airflow/.local/lib/python3.6/site-packages/airflow/example_dags/subdags/subdag.py took 0.418 seconds
[2021-02-23 10:19:58,015] {scheduler_job.py:182} INFO - Started process (PID=222) to work on /home/airflow/.local/lib/python3.6/site-packages/airflow/example_dags/subdags/subdag.py
[2021-02-23 10:19:58,019] {scheduler_job.py:629} INFO - Processing file /home/airflow/.local/lib/python3.6/site-packages/airflow/example_dags/subdags/subdag.py for tasks to queue
[2021-02-23 10:19:58,021] {logging_mixin.py:104} INFO - [2021-02-23 10:19:58,020] {dagbag.py:448} INFO - Filling up the DagBag from /home/airflow/.local/lib/python3.6/site-packages/airflow/example_dags/subdags/subdag.py
[2021-02-23 10:19:58,034] {scheduler_job.py:641} WARNING - No viable dags retrieved from /home/airflow/.local/lib/python3.6/site-packages/airflow/example_dags/subdags/subdag.py
[2021-02-23 10:19:58,059] {scheduler_job.py:190} INFO - Processing /home/airflow/.local/lib/python3.6/site-packages/airflow/example_dags/subdags/subdag.py took 0.054 seconds
[2021-02-23 10:20:31,638] {scheduler_job.py:182} INFO - Started process (PID=249) to work on /home/airflow/.local/lib/python3.6/site-packages/airflow/example_dags/subdags/subdag.py
[2021-02-23 10:20:31,652] {scheduler_job.py:629} INFO - Processing file /home/airflow/.local/lib/python3.6/site-packages/airflow/example_dags/subdags/subdag.py for tasks to queue
[2021-02-23 10:20:31,660] {logging_mixin.py:104} INFO - [2021-02-23 10:20:31,658] {dagbag.py:448} INFO - Filling up the DagBag from /home/airflow/.local/lib/python3.6/site-packages/airflow/example_dags/subdags/subdag.py
[2021-02-23 10:20:31,756] {scheduler_job.py:641} WARNING - No viable dags retrieved from /home/airflow/.local/lib/python3.6/site-packages/airflow/example_dags/subdags/subdag.py
[2021-02-23 10:20:32,104] {scheduler_job.py:190} INFO - Processing /home/airflow/.local/lib/python3.6/site-packages/airflow/example_dags/subdags/subdag.py took 0.648 seconds
[2021-02-23 10:21:04,378] {scheduler_job.py:182} INFO - Started process (PID=276) to work on /home/airflow/.local/lib/python3.6/site-packages/airflow/example_dags/subdags/subdag.py
[2021-02-23 10:21:04,416] {scheduler_job.py:629} INFO - Processing file /home/airflow/.local/lib/python3.6/site-packages/airflow/example_dags/subdags/subdag.py for tasks to queue
[2021-02-23 10:21:04,422] {logging_mixin.py:104} INFO - [2021-02-23 10:21:04,421] {dagbag.py:448} INFO - Filling up the DagBag from /home/airflow/.local/lib/python3.6/site-packages/airflow/example_dags/subdags/subdag.py
[2021-02-23 10:21:04,548] {scheduler_job.py:641} WARNING - No viable dags retrieved from /home/airflow/.local/lib/python3.6/site-packages/airflow/example_dags/subdags/subdag.py
[2021-02-23 10:21:05,737] {scheduler_job.py:190} INFO - Processing /home/airflow/.local/lib/python3.6/site-packages/airflow/example_dags/subdags/subdag.py took 1.480 seconds
[2021-02-23 10:22:35,750] {scheduler_job.py:182} INFO - Started process (PID=36) to work on /home/airflow/.local/lib/python3.6/site-packages/airflow/example_dags/subdags/subdag.py
[2021-02-23 10:22:35,755] {scheduler_job.py:629} INFO - Processing file /home/airflow/.local/lib/python3.6/site-packages/airflow/example_dags/subdags/subdag.py for tasks to queue
[2021-02-23 10:22:35,761] {logging_mixin.py:104} INFO - [2021-02-23 10:22:35,761] {dagbag.py:448} INFO - Filling up the DagBag from /home/airflow/.local/lib/python3.6/site-packages/airflow/example_dags/subdags/subdag.py
[2021-02-23 10:22:35,802] {scheduler_job.py:641} WARNING - No viable dags retrieved from /home/airflow/.local/lib/python3.6/site-packages/airflow/example_dags/subdags/subdag.py
[2021-02-23 10:22:35,937] {scheduler_job.py:190} INFO - Processing /home/airflow/.local/lib/python3.6/site-packages/airflow/example_dags/subdags/subdag.py took 0.224 seconds
[2021-02-23 10:23:08,622] {scheduler_job.py:182} INFO - Started process (PID=64) to work on /home/airflow/.local/lib/python3.6/site-packages/airflow/example_dags/subdags/subdag.py
[2021-02-23 10:23:08,634] {scheduler_job.py:629} INFO - Processing file /home/airflow/.local/lib/python3.6/site-packages/airflow/example_dags/subdags/subdag.py for tasks to queue
[2021-02-23 10:23:08,638] {logging_mixin.py:104} INFO - [2021-02-23 10:23:08,638] {dagbag.py:448} INFO - Filling up the DagBag from /home/airflow/.local/lib/python3.6/site-packages/airflow/example_dags/subdags/subdag.py
[2021-02-23 10:23:08,710] {scheduler_job.py:641} WARNING - No viable dags retrieved from /home/airflow/.local/lib/python3.6/site-packages/airflow/example_dags/subdags/subdag.py
[2021-02-23 10:23:08,930] {scheduler_job.py:190} INFO - Processing /home/airflow/.local/lib/python3.6/site-packages/airflow/example_dags/subdags/subdag.py took 0.362 seconds
[2021-02-23 10:23:40,780] {scheduler_job.py:182} INFO - Started process (PID=90) to work on /home/airflow/.local/lib/python3.6/site-packages/airflow/example_dags/subdags/subdag.py
[2021-02-23 10:23:40,809] {scheduler_job.py:629} INFO - Processing file /home/airflow/.local/lib/python3.6/site-packages/airflow/example_dags/subdags/subdag.py for tasks to queue
[2021-02-23 10:23:40,815] {logging_mixin.py:104} INFO - [2021-02-23 10:23:40,814] {dagbag.py:448} INFO - Filling up the DagBag from /home/airflow/.local/lib/python3.6/site-packages/airflow/example_dags/subdags/subdag.py
[2021-02-23 10:23:40,833] {scheduler_job.py:641} WARNING - No viable dags retrieved from /home/airflow/.local/lib/python3.6/site-packages/airflow/example_dags/subdags/subdag.py
[2021-02-23 10:23:40,911] {scheduler_job.py:190} INFO - Processing /home/airflow/.local/lib/python3.6/site-packages/airflow/example_dags/subdags/subdag.py took 0.177 seconds
[2021-02-23 10:24:12,587] {scheduler_job.py:182} INFO - Started process (PID=117) to work on /home/airflow/.local/lib/python3.6/site-packages/airflow/example_dags/subdags/subdag.py
[2021-02-23 10:24:12,598] {scheduler_job.py:629} INFO - Processing file /home/airflow/.local/lib/python3.6/site-packages/airflow/example_dags/subdags/subdag.py for tasks to queue
[2021-02-23 10:24:12,603] {logging_mixin.py:104} INFO - [2021-02-23 10:24:12,603] {dagbag.py:448} INFO - Filling up the DagBag from /home/airflow/.local/lib/python3.6/site-packages/airflow/example_dags/subdags/subdag.py
[2021-02-23 10:24:12,634] {scheduler_job.py:641} WARNING - No viable dags retrieved from /home/airflow/.local/lib/python3.6/site-packages/airflow/example_dags/subdags/subdag.py
[2021-02-23 10:24:12,748] {scheduler_job.py:190} INFO - Processing /home/airflow/.local/lib/python3.6/site-packages/airflow/example_dags/subdags/subdag.py took 0.180 seconds
[2021-02-23 10:24:42,930] {scheduler_job.py:182} INFO - Started process (PID=143) to work on /home/airflow/.local/lib/python3.6/site-packages/airflow/example_dags/subdags/subdag.py
[2021-02-23 10:24:42,932] {scheduler_job.py:629} INFO - Processing file /home/airflow/.local/lib/python3.6/site-packages/airflow/example_dags/subdags/subdag.py for tasks to queue
[2021-02-23 10:24:42,939] {logging_mixin.py:104} INFO - [2021-02-23 10:24:42,939] {dagbag.py:448} INFO - Filling up the DagBag from /home/airflow/.local/lib/python3.6/site-packages/airflow/example_dags/subdags/subdag.py
[2021-02-23 10:24:42,956] {scheduler_job.py:641} WARNING - No viable dags retrieved from /home/airflow/.local/lib/python3.6/site-packages/airflow/example_dags/subdags/subdag.py
[2021-02-23 10:24:42,997] {scheduler_job.py:190} INFO - Processing /home/airflow/.local/lib/python3.6/site-packages/airflow/example_dags/subdags/subdag.py took 0.102 seconds
[2021-02-23 10:25:13,097] {scheduler_job.py:182} INFO - Started process (PID=169) to work on /home/airflow/.local/lib/python3.6/site-packages/airflow/example_dags/subdags/subdag.py
[2021-02-23 10:25:13,112] {scheduler_job.py:629} INFO - Processing file /home/airflow/.local/lib/python3.6/site-packages/airflow/example_dags/subdags/subdag.py for tasks to queue
[2021-02-23 10:25:13,117] {logging_mixin.py:104} INFO - [2021-02-23 10:25:13,117] {dagbag.py:448} INFO - Filling up the DagBag from /home/airflow/.local/lib/python3.6/site-packages/airflow/example_dags/subdags/subdag.py
[2021-02-23 10:25:13,130] {scheduler_job.py:641} WARNING - No viable dags retrieved from /home/airflow/.local/lib/python3.6/site-packages/airflow/example_dags/subdags/subdag.py
[2021-02-23 10:25:13,207] {scheduler_job.py:190} INFO - Processing /home/airflow/.local/lib/python3.6/site-packages/airflow/example_dags/subdags/subdag.py took 0.126 seconds
[2021-02-23 10:25:44,944] {scheduler_job.py:182} INFO - Started process (PID=195) to work on /home/airflow/.local/lib/python3.6/site-packages/airflow/example_dags/subdags/subdag.py
[2021-02-23 10:25:44,951] {scheduler_job.py:629} INFO - Processing file /home/airflow/.local/lib/python3.6/site-packages/airflow/example_dags/subdags/subdag.py for tasks to queue
[2021-02-23 10:25:44,961] {logging_mixin.py:104} INFO - [2021-02-23 10:25:44,961] {dagbag.py:448} INFO - Filling up the DagBag from /home/airflow/.local/lib/python3.6/site-packages/airflow/example_dags/subdags/subdag.py
[2021-02-23 10:25:44,986] {scheduler_job.py:641} WARNING - No viable dags retrieved from /home/airflow/.local/lib/python3.6/site-packages/airflow/example_dags/subdags/subdag.py
[2021-02-23 10:25:45,041] {scheduler_job.py:190} INFO - Processing /home/airflow/.local/lib/python3.6/site-packages/airflow/example_dags/subdags/subdag.py took 0.136 seconds
[2021-02-23 10:26:31,231] {scheduler_job.py:182} INFO - Started process (PID=215) to work on /home/airflow/.local/lib/python3.6/site-packages/airflow/example_dags/subdags/subdag.py
[2021-02-23 10:26:31,236] {scheduler_job.py:629} INFO - Processing file /home/airflow/.local/lib/python3.6/site-packages/airflow/example_dags/subdags/subdag.py for tasks to queue
[2021-02-23 10:26:31,242] {logging_mixin.py:104} INFO - [2021-02-23 10:26:31,242] {dagbag.py:448} INFO - Filling up the DagBag from /home/airflow/.local/lib/python3.6/site-packages/airflow/example_dags/subdags/subdag.py
[2021-02-23 10:26:31,254] {scheduler_job.py:641} WARNING - No viable dags retrieved from /home/airflow/.local/lib/python3.6/site-packages/airflow/example_dags/subdags/subdag.py
[2021-02-23 10:26:31,298] {scheduler_job.py:190} INFO - Processing /home/airflow/.local/lib/python3.6/site-packages/airflow/example_dags/subdags/subdag.py took 0.086 seconds
[2021-02-23 10:27:15,353] {scheduler_job.py:182} INFO - Started process (PID=242) to work on /home/airflow/.local/lib/python3.6/site-packages/airflow/example_dags/subdags/subdag.py
[2021-02-23 10:27:15,359] {scheduler_job.py:629} INFO - Processing file /home/airflow/.local/lib/python3.6/site-packages/airflow/example_dags/subdags/subdag.py for tasks to queue
[2021-02-23 10:27:15,364] {logging_mixin.py:104} INFO - [2021-02-23 10:27:15,362] {dagbag.py:448} INFO - Filling up the DagBag from /home/airflow/.local/lib/python3.6/site-packages/airflow/example_dags/subdags/subdag.py
[2021-02-23 10:27:15,383] {scheduler_job.py:641} WARNING - No viable dags retrieved from /home/airflow/.local/lib/python3.6/site-packages/airflow/example_dags/subdags/subdag.py
[2021-02-23 10:27:15,436] {scheduler_job.py:190} INFO - Processing /home/airflow/.local/lib/python3.6/site-packages/airflow/example_dags/subdags/subdag.py took 0.100 seconds
[2021-02-23 10:32:02,048] {scheduler_job.py:182} INFO - Started process (PID=29) to work on /home/airflow/.local/lib/python3.6/site-packages/airflow/example_dags/subdags/subdag.py
[2021-02-23 10:32:02,065] {scheduler_job.py:629} INFO - Processing file /home/airflow/.local/lib/python3.6/site-packages/airflow/example_dags/subdags/subdag.py for tasks to queue
[2021-02-23 10:32:02,072] {logging_mixin.py:104} INFO - [2021-02-23 10:32:02,072] {dagbag.py:448} INFO - Filling up the DagBag from /home/airflow/.local/lib/python3.6/site-packages/airflow/example_dags/subdags/subdag.py
[2021-02-23 10:32:02,114] {scheduler_job.py:641} WARNING - No viable dags retrieved from /home/airflow/.local/lib/python3.6/site-packages/airflow/example_dags/subdags/subdag.py
[2021-02-23 10:32:02,275] {scheduler_job.py:190} INFO - Processing /home/airflow/.local/lib/python3.6/site-packages/airflow/example_dags/subdags/subdag.py took 0.282 seconds
[2021-02-23 10:32:32,844] {scheduler_job.py:182} INFO - Started process (PID=56) to work on /home/airflow/.local/lib/python3.6/site-packages/airflow/example_dags/subdags/subdag.py
[2021-02-23 10:32:32,851] {scheduler_job.py:629} INFO - Processing file /home/airflow/.local/lib/python3.6/site-packages/airflow/example_dags/subdags/subdag.py for tasks to queue
[2021-02-23 10:32:32,853] {logging_mixin.py:104} INFO - [2021-02-23 10:32:32,853] {dagbag.py:448} INFO - Filling up the DagBag from /home/airflow/.local/lib/python3.6/site-packages/airflow/example_dags/subdags/subdag.py
[2021-02-23 10:32:32,860] {scheduler_job.py:641} WARNING - No viable dags retrieved from /home/airflow/.local/lib/python3.6/site-packages/airflow/example_dags/subdags/subdag.py
[2021-02-23 10:32:32,880] {scheduler_job.py:190} INFO - Processing /home/airflow/.local/lib/python3.6/site-packages/airflow/example_dags/subdags/subdag.py took 0.055 seconds
[2021-02-23 10:33:04,139] {scheduler_job.py:182} INFO - Started process (PID=83) to work on /home/airflow/.local/lib/python3.6/site-packages/airflow/example_dags/subdags/subdag.py
[2021-02-23 10:33:04,143] {scheduler_job.py:629} INFO - Processing file /home/airflow/.local/lib/python3.6/site-packages/airflow/example_dags/subdags/subdag.py for tasks to queue
[2021-02-23 10:33:04,149] {logging_mixin.py:104} INFO - [2021-02-23 10:33:04,147] {dagbag.py:448} INFO - Filling up the DagBag from /home/airflow/.local/lib/python3.6/site-packages/airflow/example_dags/subdags/subdag.py
[2021-02-23 10:33:04,157] {scheduler_job.py:641} WARNING - No viable dags retrieved from /home/airflow/.local/lib/python3.6/site-packages/airflow/example_dags/subdags/subdag.py
[2021-02-23 10:33:04,176] {scheduler_job.py:190} INFO - Processing /home/airflow/.local/lib/python3.6/site-packages/airflow/example_dags/subdags/subdag.py took 0.054 seconds
[2021-02-23 10:33:35,598] {scheduler_job.py:182} INFO - Started process (PID=110) to work on /home/airflow/.local/lib/python3.6/site-packages/airflow/example_dags/subdags/subdag.py
[2021-02-23 10:33:35,608] {scheduler_job.py:629} INFO - Processing file /home/airflow/.local/lib/python3.6/site-packages/airflow/example_dags/subdags/subdag.py for tasks to queue
[2021-02-23 10:33:35,619] {logging_mixin.py:104} INFO - [2021-02-23 10:33:35,619] {dagbag.py:448} INFO - Filling up the DagBag from /home/airflow/.local/lib/python3.6/site-packages/airflow/example_dags/subdags/subdag.py
[2021-02-23 10:33:35,640] {scheduler_job.py:641} WARNING - No viable dags retrieved from /home/airflow/.local/lib/python3.6/site-packages/airflow/example_dags/subdags/subdag.py
[2021-02-23 10:33:35,697] {scheduler_job.py:190} INFO - Processing /home/airflow/.local/lib/python3.6/site-packages/airflow/example_dags/subdags/subdag.py took 0.121 seconds
[2021-02-23 10:34:06,571] {scheduler_job.py:182} INFO - Started process (PID=137) to work on /home/airflow/.local/lib/python3.6/site-packages/airflow/example_dags/subdags/subdag.py
[2021-02-23 10:34:06,574] {scheduler_job.py:629} INFO - Processing file /home/airflow/.local/lib/python3.6/site-packages/airflow/example_dags/subdags/subdag.py for tasks to queue
[2021-02-23 10:34:06,576] {logging_mixin.py:104} INFO - [2021-02-23 10:34:06,576] {dagbag.py:448} INFO - Filling up the DagBag from /home/airflow/.local/lib/python3.6/site-packages/airflow/example_dags/subdags/subdag.py
[2021-02-23 10:34:06,584] {scheduler_job.py:641} WARNING - No viable dags retrieved from /home/airflow/.local/lib/python3.6/site-packages/airflow/example_dags/subdags/subdag.py
[2021-02-23 10:34:06,608] {scheduler_job.py:190} INFO - Processing /home/airflow/.local/lib/python3.6/site-packages/airflow/example_dags/subdags/subdag.py took 0.045 seconds
[2021-02-23 10:34:37,715] {scheduler_job.py:182} INFO - Started process (PID=164) to work on /home/airflow/.local/lib/python3.6/site-packages/airflow/example_dags/subdags/subdag.py
[2021-02-23 10:34:37,726] {scheduler_job.py:629} INFO - Processing file /home/airflow/.local/lib/python3.6/site-packages/airflow/example_dags/subdags/subdag.py for tasks to queue
[2021-02-23 10:34:37,728] {logging_mixin.py:104} INFO - [2021-02-23 10:34:37,728] {dagbag.py:448} INFO - Filling up the DagBag from /home/airflow/.local/lib/python3.6/site-packages/airflow/example_dags/subdags/subdag.py
[2021-02-23 10:34:37,746] {scheduler_job.py:641} WARNING - No viable dags retrieved from /home/airflow/.local/lib/python3.6/site-packages/airflow/example_dags/subdags/subdag.py
[2021-02-23 10:34:37,785] {scheduler_job.py:190} INFO - Processing /home/airflow/.local/lib/python3.6/site-packages/airflow/example_dags/subdags/subdag.py took 0.076 seconds
[2021-02-23 10:35:08,247] {scheduler_job.py:182} INFO - Started process (PID=191) to work on /home/airflow/.local/lib/python3.6/site-packages/airflow/example_dags/subdags/subdag.py
[2021-02-23 10:35:08,259] {scheduler_job.py:629} INFO - Processing file /home/airflow/.local/lib/python3.6/site-packages/airflow/example_dags/subdags/subdag.py for tasks to queue
[2021-02-23 10:35:08,262] {logging_mixin.py:104} INFO - [2021-02-23 10:35:08,262] {dagbag.py:448} INFO - Filling up the DagBag from /home/airflow/.local/lib/python3.6/site-packages/airflow/example_dags/subdags/subdag.py
[2021-02-23 10:35:08,282] {scheduler_job.py:641} WARNING - No viable dags retrieved from /home/airflow/.local/lib/python3.6/site-packages/airflow/example_dags/subdags/subdag.py
[2021-02-23 10:35:08,342] {scheduler_job.py:190} INFO - Processing /home/airflow/.local/lib/python3.6/site-packages/airflow/example_dags/subdags/subdag.py took 0.110 seconds
[2021-02-23 10:35:39,244] {scheduler_job.py:182} INFO - Started process (PID=217) to work on /home/airflow/.local/lib/python3.6/site-packages/airflow/example_dags/subdags/subdag.py
[2021-02-23 10:35:39,246] {scheduler_job.py:629} INFO - Processing file /home/airflow/.local/lib/python3.6/site-packages/airflow/example_dags/subdags/subdag.py for tasks to queue
[2021-02-23 10:35:39,248] {logging_mixin.py:104} INFO - [2021-02-23 10:35:39,248] {dagbag.py:448} INFO - Filling up the DagBag from /home/airflow/.local/lib/python3.6/site-packages/airflow/example_dags/subdags/subdag.py
[2021-02-23 10:35:39,257] {scheduler_job.py:641} WARNING - No viable dags retrieved from /home/airflow/.local/lib/python3.6/site-packages/airflow/example_dags/subdags/subdag.py
[2021-02-23 10:35:39,281] {scheduler_job.py:190} INFO - Processing /home/airflow/.local/lib/python3.6/site-packages/airflow/example_dags/subdags/subdag.py took 0.045 seconds
[2021-02-23 10:36:09,658] {scheduler_job.py:182} INFO - Started process (PID=244) to work on /home/airflow/.local/lib/python3.6/site-packages/airflow/example_dags/subdags/subdag.py
[2021-02-23 10:36:09,661] {scheduler_job.py:629} INFO - Processing file /home/airflow/.local/lib/python3.6/site-packages/airflow/example_dags/subdags/subdag.py for tasks to queue
[2021-02-23 10:36:09,664] {logging_mixin.py:104} INFO - [2021-02-23 10:36:09,663] {dagbag.py:448} INFO - Filling up the DagBag from /home/airflow/.local/lib/python3.6/site-packages/airflow/example_dags/subdags/subdag.py
[2021-02-23 10:36:09,681] {scheduler_job.py:641} WARNING - No viable dags retrieved from /home/airflow/.local/lib/python3.6/site-packages/airflow/example_dags/subdags/subdag.py
[2021-02-23 10:36:09,733] {scheduler_job.py:190} INFO - Processing /home/airflow/.local/lib/python3.6/site-packages/airflow/example_dags/subdags/subdag.py took 0.096 seconds
[2021-02-23 10:36:40,321] {scheduler_job.py:182} INFO - Started process (PID=271) to work on /home/airflow/.local/lib/python3.6/site-packages/airflow/example_dags/subdags/subdag.py
[2021-02-23 10:36:40,331] {scheduler_job.py:629} INFO - Processing file /home/airflow/.local/lib/python3.6/site-packages/airflow/example_dags/subdags/subdag.py for tasks to queue
[2021-02-23 10:36:40,341] {logging_mixin.py:104} INFO - [2021-02-23 10:36:40,340] {dagbag.py:448} INFO - Filling up the DagBag from /home/airflow/.local/lib/python3.6/site-packages/airflow/example_dags/subdags/subdag.py
[2021-02-23 10:36:40,370] {scheduler_job.py:641} WARNING - No viable dags retrieved from /home/airflow/.local/lib/python3.6/site-packages/airflow/example_dags/subdags/subdag.py
[2021-02-23 10:36:40,475] {scheduler_job.py:190} INFO - Processing /home/airflow/.local/lib/python3.6/site-packages/airflow/example_dags/subdags/subdag.py took 0.165 seconds
[2021-02-23 10:37:37,751] {scheduler_job.py:182} INFO - Started process (PID=24) to work on /home/airflow/.local/lib/python3.6/site-packages/airflow/example_dags/subdags/subdag.py
[2021-02-23 10:37:37,762] {scheduler_job.py:629} INFO - Processing file /home/airflow/.local/lib/python3.6/site-packages/airflow/example_dags/subdags/subdag.py for tasks to queue
[2021-02-23 10:37:37,765] {logging_mixin.py:104} INFO - [2021-02-23 10:37:37,765] {dagbag.py:448} INFO - Filling up the DagBag from /home/airflow/.local/lib/python3.6/site-packages/airflow/example_dags/subdags/subdag.py
[2021-02-23 10:37:37,787] {scheduler_job.py:641} WARNING - No viable dags retrieved from /home/airflow/.local/lib/python3.6/site-packages/airflow/example_dags/subdags/subdag.py
[2021-02-23 10:37:37,813] {scheduler_job.py:190} INFO - Processing /home/airflow/.local/lib/python3.6/site-packages/airflow/example_dags/subdags/subdag.py took 0.065 seconds
[2021-02-23 10:38:08,552] {scheduler_job.py:182} INFO - Started process (PID=50) to work on /home/airflow/.local/lib/python3.6/site-packages/airflow/example_dags/subdags/subdag.py
[2021-02-23 10:38:08,559] {scheduler_job.py:629} INFO - Processing file /home/airflow/.local/lib/python3.6/site-packages/airflow/example_dags/subdags/subdag.py for tasks to queue
[2021-02-23 10:38:08,564] {logging_mixin.py:104} INFO - [2021-02-23 10:38:08,563] {dagbag.py:448} INFO - Filling up the DagBag from /home/airflow/.local/lib/python3.6/site-packages/airflow/example_dags/subdags/subdag.py
[2021-02-23 10:38:08,603] {scheduler_job.py:641} WARNING - No viable dags retrieved from /home/airflow/.local/lib/python3.6/site-packages/airflow/example_dags/subdags/subdag.py
[2021-02-23 10:38:08,674] {scheduler_job.py:190} INFO - Processing /home/airflow/.local/lib/python3.6/site-packages/airflow/example_dags/subdags/subdag.py took 0.165 seconds
