[2021-02-23 10:15:10,990] {scheduler_job.py:182} INFO - Started process (PID=26) to work on /home/airflow/.local/lib/python3.6/site-packages/airflow/example_dags/example_latest_only_with_trigger.py
[2021-02-23 10:15:10,996] {scheduler_job.py:629} INFO - Processing file /home/airflow/.local/lib/python3.6/site-packages/airflow/example_dags/example_latest_only_with_trigger.py for tasks to queue
[2021-02-23 10:15:11,003] {logging_mixin.py:104} INFO - [2021-02-23 10:15:11,003] {dagbag.py:448} INFO - Filling up the DagBag from /home/airflow/.local/lib/python3.6/site-packages/airflow/example_dags/example_latest_only_with_trigger.py
[2021-02-23 10:15:11,072] {scheduler_job.py:639} INFO - DAG(s) dict_keys(['latest_only_with_trigger']) retrieved from /home/airflow/.local/lib/python3.6/site-packages/airflow/example_dags/example_latest_only_with_trigger.py
[2021-02-23 10:15:11,180] {logging_mixin.py:104} INFO - [2021-02-23 10:15:11,179] {dag.py:1818} INFO - Sync 1 DAGs
[2021-02-23 10:15:11,281] {logging_mixin.py:104} INFO - [2021-02-23 10:15:11,281] {dag.py:1837} INFO - Creating ORM DAG for latest_only_with_trigger
[2021-02-23 10:15:11,335] {logging_mixin.py:104} INFO - [2021-02-23 10:15:11,335] {dag.py:2273} INFO - Setting next_dagrun for latest_only_with_trigger to 2021-02-21 00:00:00+00:00
[2021-02-23 10:15:11,468] {scheduler_job.py:190} INFO - Processing /home/airflow/.local/lib/python3.6/site-packages/airflow/example_dags/example_latest_only_with_trigger.py took 0.502 seconds
[2021-02-23 10:16:49,851] {scheduler_job.py:182} INFO - Started process (PID=56) to work on /home/airflow/.local/lib/python3.6/site-packages/airflow/example_dags/example_latest_only_with_trigger.py
[2021-02-23 10:16:49,879] {scheduler_job.py:629} INFO - Processing file /home/airflow/.local/lib/python3.6/site-packages/airflow/example_dags/example_latest_only_with_trigger.py for tasks to queue
[2021-02-23 10:16:49,896] {logging_mixin.py:104} INFO - [2021-02-23 10:16:49,895] {dagbag.py:448} INFO - Filling up the DagBag from /home/airflow/.local/lib/python3.6/site-packages/airflow/example_dags/example_latest_only_with_trigger.py
[2021-02-23 10:16:50,270] {scheduler_job.py:639} INFO - DAG(s) dict_keys(['latest_only_with_trigger']) retrieved from /home/airflow/.local/lib/python3.6/site-packages/airflow/example_dags/example_latest_only_with_trigger.py
[2021-02-23 10:16:50,580] {logging_mixin.py:104} INFO - [2021-02-23 10:16:50,580] {dag.py:1818} INFO - Sync 1 DAGs
[2021-02-23 10:16:50,699] {logging_mixin.py:104} INFO - [2021-02-23 10:16:50,698] {dag.py:2273} INFO - Setting next_dagrun for latest_only_with_trigger to 2021-02-21 00:00:00+00:00
[2021-02-23 10:16:50,788] {scheduler_job.py:190} INFO - Processing /home/airflow/.local/lib/python3.6/site-packages/airflow/example_dags/example_latest_only_with_trigger.py took 1.022 seconds
[2021-02-23 10:17:21,191] {scheduler_job.py:182} INFO - Started process (PID=83) to work on /home/airflow/.local/lib/python3.6/site-packages/airflow/example_dags/example_latest_only_with_trigger.py
[2021-02-23 10:17:21,234] {scheduler_job.py:629} INFO - Processing file /home/airflow/.local/lib/python3.6/site-packages/airflow/example_dags/example_latest_only_with_trigger.py for tasks to queue
[2021-02-23 10:17:21,259] {logging_mixin.py:104} INFO - [2021-02-23 10:17:21,254] {dagbag.py:448} INFO - Filling up the DagBag from /home/airflow/.local/lib/python3.6/site-packages/airflow/example_dags/example_latest_only_with_trigger.py
[2021-02-23 10:17:21,504] {scheduler_job.py:639} INFO - DAG(s) dict_keys(['latest_only_with_trigger']) retrieved from /home/airflow/.local/lib/python3.6/site-packages/airflow/example_dags/example_latest_only_with_trigger.py
[2021-02-23 10:17:21,614] {logging_mixin.py:104} INFO - [2021-02-23 10:17:21,614] {dag.py:1818} INFO - Sync 1 DAGs
[2021-02-23 10:17:21,649] {logging_mixin.py:104} INFO - [2021-02-23 10:17:21,649] {dag.py:2273} INFO - Setting next_dagrun for latest_only_with_trigger to 2021-02-21 00:00:00+00:00
[2021-02-23 10:17:21,683] {scheduler_job.py:190} INFO - Processing /home/airflow/.local/lib/python3.6/site-packages/airflow/example_dags/example_latest_only_with_trigger.py took 0.505 seconds
[2021-02-23 10:17:52,114] {scheduler_job.py:182} INFO - Started process (PID=110) to work on /home/airflow/.local/lib/python3.6/site-packages/airflow/example_dags/example_latest_only_with_trigger.py
[2021-02-23 10:17:52,120] {scheduler_job.py:629} INFO - Processing file /home/airflow/.local/lib/python3.6/site-packages/airflow/example_dags/example_latest_only_with_trigger.py for tasks to queue
[2021-02-23 10:17:52,127] {logging_mixin.py:104} INFO - [2021-02-23 10:17:52,123] {dagbag.py:448} INFO - Filling up the DagBag from /home/airflow/.local/lib/python3.6/site-packages/airflow/example_dags/example_latest_only_with_trigger.py
[2021-02-23 10:17:52,156] {scheduler_job.py:639} INFO - DAG(s) dict_keys(['latest_only_with_trigger']) retrieved from /home/airflow/.local/lib/python3.6/site-packages/airflow/example_dags/example_latest_only_with_trigger.py
[2021-02-23 10:17:52,352] {logging_mixin.py:104} INFO - [2021-02-23 10:17:52,350] {dag.py:1818} INFO - Sync 1 DAGs
[2021-02-23 10:17:52,424] {logging_mixin.py:104} INFO - [2021-02-23 10:17:52,424] {dag.py:2273} INFO - Setting next_dagrun for latest_only_with_trigger to 2021-02-21 00:00:00+00:00
[2021-02-23 10:17:52,555] {scheduler_job.py:190} INFO - Processing /home/airflow/.local/lib/python3.6/site-packages/airflow/example_dags/example_latest_only_with_trigger.py took 0.467 seconds
[2021-02-23 10:18:23,123] {scheduler_job.py:182} INFO - Started process (PID=137) to work on /home/airflow/.local/lib/python3.6/site-packages/airflow/example_dags/example_latest_only_with_trigger.py
[2021-02-23 10:18:23,125] {scheduler_job.py:629} INFO - Processing file /home/airflow/.local/lib/python3.6/site-packages/airflow/example_dags/example_latest_only_with_trigger.py for tasks to queue
[2021-02-23 10:18:23,127] {logging_mixin.py:104} INFO - [2021-02-23 10:18:23,127] {dagbag.py:448} INFO - Filling up the DagBag from /home/airflow/.local/lib/python3.6/site-packages/airflow/example_dags/example_latest_only_with_trigger.py
[2021-02-23 10:18:23,166] {scheduler_job.py:639} INFO - DAG(s) dict_keys(['latest_only_with_trigger']) retrieved from /home/airflow/.local/lib/python3.6/site-packages/airflow/example_dags/example_latest_only_with_trigger.py
[2021-02-23 10:18:23,351] {logging_mixin.py:104} INFO - [2021-02-23 10:18:23,350] {dag.py:1818} INFO - Sync 1 DAGs
[2021-02-23 10:18:23,459] {logging_mixin.py:104} INFO - [2021-02-23 10:18:23,458] {dag.py:2273} INFO - Setting next_dagrun for latest_only_with_trigger to 2021-02-21 00:00:00+00:00
[2021-02-23 10:18:23,582] {scheduler_job.py:190} INFO - Processing /home/airflow/.local/lib/python3.6/site-packages/airflow/example_dags/example_latest_only_with_trigger.py took 0.464 seconds
[2021-02-23 10:18:54,366] {scheduler_job.py:182} INFO - Started process (PID=164) to work on /home/airflow/.local/lib/python3.6/site-packages/airflow/example_dags/example_latest_only_with_trigger.py
[2021-02-23 10:18:54,371] {scheduler_job.py:629} INFO - Processing file /home/airflow/.local/lib/python3.6/site-packages/airflow/example_dags/example_latest_only_with_trigger.py for tasks to queue
[2021-02-23 10:18:54,375] {logging_mixin.py:104} INFO - [2021-02-23 10:18:54,374] {dagbag.py:448} INFO - Filling up the DagBag from /home/airflow/.local/lib/python3.6/site-packages/airflow/example_dags/example_latest_only_with_trigger.py
[2021-02-23 10:18:54,502] {scheduler_job.py:639} INFO - DAG(s) dict_keys(['latest_only_with_trigger']) retrieved from /home/airflow/.local/lib/python3.6/site-packages/airflow/example_dags/example_latest_only_with_trigger.py
[2021-02-23 10:18:54,564] {logging_mixin.py:104} INFO - [2021-02-23 10:18:54,564] {dag.py:1818} INFO - Sync 1 DAGs
[2021-02-23 10:18:54,598] {logging_mixin.py:104} INFO - [2021-02-23 10:18:54,598] {dag.py:2273} INFO - Setting next_dagrun for latest_only_with_trigger to 2021-02-21 00:00:00+00:00
[2021-02-23 10:18:54,620] {scheduler_job.py:190} INFO - Processing /home/airflow/.local/lib/python3.6/site-packages/airflow/example_dags/example_latest_only_with_trigger.py took 0.267 seconds
[2021-02-23 10:19:25,464] {scheduler_job.py:182} INFO - Started process (PID=191) to work on /home/airflow/.local/lib/python3.6/site-packages/airflow/example_dags/example_latest_only_with_trigger.py
[2021-02-23 10:19:25,476] {scheduler_job.py:629} INFO - Processing file /home/airflow/.local/lib/python3.6/site-packages/airflow/example_dags/example_latest_only_with_trigger.py for tasks to queue
[2021-02-23 10:19:25,487] {logging_mixin.py:104} INFO - [2021-02-23 10:19:25,487] {dagbag.py:448} INFO - Filling up the DagBag from /home/airflow/.local/lib/python3.6/site-packages/airflow/example_dags/example_latest_only_with_trigger.py
[2021-02-23 10:19:25,638] {scheduler_job.py:639} INFO - DAG(s) dict_keys(['latest_only_with_trigger']) retrieved from /home/airflow/.local/lib/python3.6/site-packages/airflow/example_dags/example_latest_only_with_trigger.py
[2021-02-23 10:19:25,973] {logging_mixin.py:104} INFO - [2021-02-23 10:19:25,972] {dag.py:1818} INFO - Sync 1 DAGs
[2021-02-23 10:19:26,180] {logging_mixin.py:104} INFO - [2021-02-23 10:19:26,179] {dag.py:2273} INFO - Setting next_dagrun for latest_only_with_trigger to 2021-02-21 00:00:00+00:00
[2021-02-23 10:19:26,229] {scheduler_job.py:190} INFO - Processing /home/airflow/.local/lib/python3.6/site-packages/airflow/example_dags/example_latest_only_with_trigger.py took 0.784 seconds
[2021-02-23 10:19:56,544] {scheduler_job.py:182} INFO - Started process (PID=218) to work on /home/airflow/.local/lib/python3.6/site-packages/airflow/example_dags/example_latest_only_with_trigger.py
[2021-02-23 10:19:56,552] {scheduler_job.py:629} INFO - Processing file /home/airflow/.local/lib/python3.6/site-packages/airflow/example_dags/example_latest_only_with_trigger.py for tasks to queue
[2021-02-23 10:19:56,566] {logging_mixin.py:104} INFO - [2021-02-23 10:19:56,556] {dagbag.py:448} INFO - Filling up the DagBag from /home/airflow/.local/lib/python3.6/site-packages/airflow/example_dags/example_latest_only_with_trigger.py
[2021-02-23 10:19:56,605] {scheduler_job.py:639} INFO - DAG(s) dict_keys(['latest_only_with_trigger']) retrieved from /home/airflow/.local/lib/python3.6/site-packages/airflow/example_dags/example_latest_only_with_trigger.py
[2021-02-23 10:19:56,667] {logging_mixin.py:104} INFO - [2021-02-23 10:19:56,667] {dag.py:1818} INFO - Sync 1 DAGs
[2021-02-23 10:19:56,693] {logging_mixin.py:104} INFO - [2021-02-23 10:19:56,693] {dag.py:2273} INFO - Setting next_dagrun for latest_only_with_trigger to 2021-02-21 00:00:00+00:00
[2021-02-23 10:19:56,707] {scheduler_job.py:190} INFO - Processing /home/airflow/.local/lib/python3.6/site-packages/airflow/example_dags/example_latest_only_with_trigger.py took 0.188 seconds
[2021-02-23 10:20:27,079] {scheduler_job.py:182} INFO - Started process (PID=245) to work on /home/airflow/.local/lib/python3.6/site-packages/airflow/example_dags/example_latest_only_with_trigger.py
[2021-02-23 10:20:27,085] {scheduler_job.py:629} INFO - Processing file /home/airflow/.local/lib/python3.6/site-packages/airflow/example_dags/example_latest_only_with_trigger.py for tasks to queue
[2021-02-23 10:20:27,089] {logging_mixin.py:104} INFO - [2021-02-23 10:20:27,088] {dagbag.py:448} INFO - Filling up the DagBag from /home/airflow/.local/lib/python3.6/site-packages/airflow/example_dags/example_latest_only_with_trigger.py
[2021-02-23 10:20:27,140] {scheduler_job.py:639} INFO - DAG(s) dict_keys(['latest_only_with_trigger']) retrieved from /home/airflow/.local/lib/python3.6/site-packages/airflow/example_dags/example_latest_only_with_trigger.py
[2021-02-23 10:20:27,224] {logging_mixin.py:104} INFO - [2021-02-23 10:20:27,223] {dag.py:1818} INFO - Sync 1 DAGs
[2021-02-23 10:20:27,276] {logging_mixin.py:104} INFO - [2021-02-23 10:20:27,275] {dag.py:2273} INFO - Setting next_dagrun for latest_only_with_trigger to 2021-02-21 00:00:00+00:00
[2021-02-23 10:20:27,311] {scheduler_job.py:190} INFO - Processing /home/airflow/.local/lib/python3.6/site-packages/airflow/example_dags/example_latest_only_with_trigger.py took 0.237 seconds
[2021-02-23 10:20:58,197] {scheduler_job.py:182} INFO - Started process (PID=272) to work on /home/airflow/.local/lib/python3.6/site-packages/airflow/example_dags/example_latest_only_with_trigger.py
[2021-02-23 10:20:58,211] {scheduler_job.py:629} INFO - Processing file /home/airflow/.local/lib/python3.6/site-packages/airflow/example_dags/example_latest_only_with_trigger.py for tasks to queue
[2021-02-23 10:20:58,232] {logging_mixin.py:104} INFO - [2021-02-23 10:20:58,232] {dagbag.py:448} INFO - Filling up the DagBag from /home/airflow/.local/lib/python3.6/site-packages/airflow/example_dags/example_latest_only_with_trigger.py
[2021-02-23 10:20:58,403] {scheduler_job.py:639} INFO - DAG(s) dict_keys(['latest_only_with_trigger']) retrieved from /home/airflow/.local/lib/python3.6/site-packages/airflow/example_dags/example_latest_only_with_trigger.py
[2021-02-23 10:20:58,483] {logging_mixin.py:104} INFO - [2021-02-23 10:20:58,483] {dag.py:1818} INFO - Sync 1 DAGs
[2021-02-23 10:20:58,543] {logging_mixin.py:104} INFO - [2021-02-23 10:20:58,542] {dag.py:2273} INFO - Setting next_dagrun for latest_only_with_trigger to 2021-02-21 00:00:00+00:00
[2021-02-23 10:20:58,559] {scheduler_job.py:190} INFO - Processing /home/airflow/.local/lib/python3.6/site-packages/airflow/example_dags/example_latest_only_with_trigger.py took 0.376 seconds
[2021-02-23 10:22:29,013] {scheduler_job.py:182} INFO - Started process (PID=27) to work on /home/airflow/.local/lib/python3.6/site-packages/airflow/example_dags/example_latest_only_with_trigger.py
[2021-02-23 10:22:29,038] {scheduler_job.py:629} INFO - Processing file /home/airflow/.local/lib/python3.6/site-packages/airflow/example_dags/example_latest_only_with_trigger.py for tasks to queue
[2021-02-23 10:22:29,066] {logging_mixin.py:104} INFO - [2021-02-23 10:22:29,066] {dagbag.py:448} INFO - Filling up the DagBag from /home/airflow/.local/lib/python3.6/site-packages/airflow/example_dags/example_latest_only_with_trigger.py
[2021-02-23 10:22:29,241] {scheduler_job.py:639} INFO - DAG(s) dict_keys(['latest_only_with_trigger']) retrieved from /home/airflow/.local/lib/python3.6/site-packages/airflow/example_dags/example_latest_only_with_trigger.py
[2021-02-23 10:22:29,838] {logging_mixin.py:104} INFO - [2021-02-23 10:22:29,838] {dag.py:1818} INFO - Sync 1 DAGs
[2021-02-23 10:22:30,137] {logging_mixin.py:104} INFO - [2021-02-23 10:22:30,137] {dag.py:2273} INFO - Setting next_dagrun for latest_only_with_trigger to 2021-02-21 00:00:00+00:00
[2021-02-23 10:22:30,228] {scheduler_job.py:190} INFO - Processing /home/airflow/.local/lib/python3.6/site-packages/airflow/example_dags/example_latest_only_with_trigger.py took 1.255 seconds
[2021-02-23 10:23:00,706] {scheduler_job.py:182} INFO - Started process (PID=54) to work on /home/airflow/.local/lib/python3.6/site-packages/airflow/example_dags/example_latest_only_with_trigger.py
[2021-02-23 10:23:00,710] {scheduler_job.py:629} INFO - Processing file /home/airflow/.local/lib/python3.6/site-packages/airflow/example_dags/example_latest_only_with_trigger.py for tasks to queue
[2021-02-23 10:23:00,716] {logging_mixin.py:104} INFO - [2021-02-23 10:23:00,714] {dagbag.py:448} INFO - Filling up the DagBag from /home/airflow/.local/lib/python3.6/site-packages/airflow/example_dags/example_latest_only_with_trigger.py
[2021-02-23 10:23:00,770] {scheduler_job.py:639} INFO - DAG(s) dict_keys(['latest_only_with_trigger']) retrieved from /home/airflow/.local/lib/python3.6/site-packages/airflow/example_dags/example_latest_only_with_trigger.py
[2021-02-23 10:23:00,844] {logging_mixin.py:104} INFO - [2021-02-23 10:23:00,844] {dag.py:1818} INFO - Sync 1 DAGs
[2021-02-23 10:23:00,946] {logging_mixin.py:104} INFO - [2021-02-23 10:23:00,946] {dag.py:2273} INFO - Setting next_dagrun for latest_only_with_trigger to 2021-02-21 00:00:00+00:00
[2021-02-23 10:23:00,986] {scheduler_job.py:190} INFO - Processing /home/airflow/.local/lib/python3.6/site-packages/airflow/example_dags/example_latest_only_with_trigger.py took 0.294 seconds
[2021-02-23 10:23:31,312] {scheduler_job.py:182} INFO - Started process (PID=79) to work on /home/airflow/.local/lib/python3.6/site-packages/airflow/example_dags/example_latest_only_with_trigger.py
[2021-02-23 10:23:31,327] {scheduler_job.py:629} INFO - Processing file /home/airflow/.local/lib/python3.6/site-packages/airflow/example_dags/example_latest_only_with_trigger.py for tasks to queue
[2021-02-23 10:23:31,336] {logging_mixin.py:104} INFO - [2021-02-23 10:23:31,335] {dagbag.py:448} INFO - Filling up the DagBag from /home/airflow/.local/lib/python3.6/site-packages/airflow/example_dags/example_latest_only_with_trigger.py
[2021-02-23 10:23:31,523] {scheduler_job.py:639} INFO - DAG(s) dict_keys(['latest_only_with_trigger']) retrieved from /home/airflow/.local/lib/python3.6/site-packages/airflow/example_dags/example_latest_only_with_trigger.py
[2021-02-23 10:23:31,799] {logging_mixin.py:104} INFO - [2021-02-23 10:23:31,799] {dag.py:1818} INFO - Sync 1 DAGs
[2021-02-23 10:23:31,949] {logging_mixin.py:104} INFO - [2021-02-23 10:23:31,941] {dag.py:2273} INFO - Setting next_dagrun for latest_only_with_trigger to 2021-02-21 00:00:00+00:00
[2021-02-23 10:23:32,015] {scheduler_job.py:190} INFO - Processing /home/airflow/.local/lib/python3.6/site-packages/airflow/example_dags/example_latest_only_with_trigger.py took 0.732 seconds
[2021-02-23 10:24:03,775] {scheduler_job.py:182} INFO - Started process (PID=106) to work on /home/airflow/.local/lib/python3.6/site-packages/airflow/example_dags/example_latest_only_with_trigger.py
[2021-02-23 10:24:03,801] {scheduler_job.py:629} INFO - Processing file /home/airflow/.local/lib/python3.6/site-packages/airflow/example_dags/example_latest_only_with_trigger.py for tasks to queue
[2021-02-23 10:24:03,825] {logging_mixin.py:104} INFO - [2021-02-23 10:24:03,825] {dagbag.py:448} INFO - Filling up the DagBag from /home/airflow/.local/lib/python3.6/site-packages/airflow/example_dags/example_latest_only_with_trigger.py
[2021-02-23 10:24:04,145] {scheduler_job.py:639} INFO - DAG(s) dict_keys(['latest_only_with_trigger']) retrieved from /home/airflow/.local/lib/python3.6/site-packages/airflow/example_dags/example_latest_only_with_trigger.py
[2021-02-23 10:24:04,357] {logging_mixin.py:104} INFO - [2021-02-23 10:24:04,357] {dag.py:1818} INFO - Sync 1 DAGs
[2021-02-23 10:24:04,631] {logging_mixin.py:104} INFO - [2021-02-23 10:24:04,631] {dag.py:2273} INFO - Setting next_dagrun for latest_only_with_trigger to 2021-02-21 00:00:00+00:00
[2021-02-23 10:24:04,740] {scheduler_job.py:190} INFO - Processing /home/airflow/.local/lib/python3.6/site-packages/airflow/example_dags/example_latest_only_with_trigger.py took 0.997 seconds
[2021-02-23 10:24:34,993] {scheduler_job.py:182} INFO - Started process (PID=133) to work on /home/airflow/.local/lib/python3.6/site-packages/airflow/example_dags/example_latest_only_with_trigger.py
[2021-02-23 10:24:35,024] {scheduler_job.py:629} INFO - Processing file /home/airflow/.local/lib/python3.6/site-packages/airflow/example_dags/example_latest_only_with_trigger.py for tasks to queue
[2021-02-23 10:24:35,031] {logging_mixin.py:104} INFO - [2021-02-23 10:24:35,031] {dagbag.py:448} INFO - Filling up the DagBag from /home/airflow/.local/lib/python3.6/site-packages/airflow/example_dags/example_latest_only_with_trigger.py
[2021-02-23 10:24:35,094] {scheduler_job.py:639} INFO - DAG(s) dict_keys(['latest_only_with_trigger']) retrieved from /home/airflow/.local/lib/python3.6/site-packages/airflow/example_dags/example_latest_only_with_trigger.py
[2021-02-23 10:24:35,180] {logging_mixin.py:104} INFO - [2021-02-23 10:24:35,180] {dag.py:1818} INFO - Sync 1 DAGs
[2021-02-23 10:24:35,247] {logging_mixin.py:104} INFO - [2021-02-23 10:24:35,247] {dag.py:2273} INFO - Setting next_dagrun for latest_only_with_trigger to 2021-02-21 00:00:00+00:00
[2021-02-23 10:24:35,282] {scheduler_job.py:190} INFO - Processing /home/airflow/.local/lib/python3.6/site-packages/airflow/example_dags/example_latest_only_with_trigger.py took 0.326 seconds
[2021-02-23 10:25:06,159] {scheduler_job.py:182} INFO - Started process (PID=160) to work on /home/airflow/.local/lib/python3.6/site-packages/airflow/example_dags/example_latest_only_with_trigger.py
[2021-02-23 10:25:06,194] {scheduler_job.py:629} INFO - Processing file /home/airflow/.local/lib/python3.6/site-packages/airflow/example_dags/example_latest_only_with_trigger.py for tasks to queue
[2021-02-23 10:25:06,218] {logging_mixin.py:104} INFO - [2021-02-23 10:25:06,204] {dagbag.py:448} INFO - Filling up the DagBag from /home/airflow/.local/lib/python3.6/site-packages/airflow/example_dags/example_latest_only_with_trigger.py
[2021-02-23 10:25:06,582] {scheduler_job.py:639} INFO - DAG(s) dict_keys(['latest_only_with_trigger']) retrieved from /home/airflow/.local/lib/python3.6/site-packages/airflow/example_dags/example_latest_only_with_trigger.py
[2021-02-23 10:25:06,798] {logging_mixin.py:104} INFO - [2021-02-23 10:25:06,795] {dag.py:1818} INFO - Sync 1 DAGs
[2021-02-23 10:25:07,034] {logging_mixin.py:104} INFO - [2021-02-23 10:25:07,034] {dag.py:2273} INFO - Setting next_dagrun for latest_only_with_trigger to 2021-02-21 00:00:00+00:00
[2021-02-23 10:25:07,143] {scheduler_job.py:190} INFO - Processing /home/airflow/.local/lib/python3.6/site-packages/airflow/example_dags/example_latest_only_with_trigger.py took 1.105 seconds
[2021-02-23 10:25:37,972] {scheduler_job.py:182} INFO - Started process (PID=177) to work on /home/airflow/.local/lib/python3.6/site-packages/airflow/example_dags/example_latest_only_with_trigger.py
[2021-02-23 10:25:37,976] {scheduler_job.py:629} INFO - Processing file /home/airflow/.local/lib/python3.6/site-packages/airflow/example_dags/example_latest_only_with_trigger.py for tasks to queue
[2021-02-23 10:25:37,980] {logging_mixin.py:104} INFO - [2021-02-23 10:25:37,980] {dagbag.py:448} INFO - Filling up the DagBag from /home/airflow/.local/lib/python3.6/site-packages/airflow/example_dags/example_latest_only_with_trigger.py
[2021-02-23 10:25:38,035] {scheduler_job.py:639} INFO - DAG(s) dict_keys(['latest_only_with_trigger']) retrieved from /home/airflow/.local/lib/python3.6/site-packages/airflow/example_dags/example_latest_only_with_trigger.py
[2021-02-23 10:25:38,172] {logging_mixin.py:104} INFO - [2021-02-23 10:25:38,172] {dag.py:1818} INFO - Sync 1 DAGs
[2021-02-23 10:25:38,245] {logging_mixin.py:104} INFO - [2021-02-23 10:25:38,245] {dag.py:2273} INFO - Setting next_dagrun for latest_only_with_trigger to 2021-02-21 00:00:00+00:00
[2021-02-23 10:25:38,278] {scheduler_job.py:190} INFO - Processing /home/airflow/.local/lib/python3.6/site-packages/airflow/example_dags/example_latest_only_with_trigger.py took 0.318 seconds
[2021-02-23 10:26:29,057] {scheduler_job.py:182} INFO - Started process (PID=207) to work on /home/airflow/.local/lib/python3.6/site-packages/airflow/example_dags/example_latest_only_with_trigger.py
[2021-02-23 10:26:29,061] {scheduler_job.py:629} INFO - Processing file /home/airflow/.local/lib/python3.6/site-packages/airflow/example_dags/example_latest_only_with_trigger.py for tasks to queue
[2021-02-23 10:26:29,066] {logging_mixin.py:104} INFO - [2021-02-23 10:26:29,065] {dagbag.py:448} INFO - Filling up the DagBag from /home/airflow/.local/lib/python3.6/site-packages/airflow/example_dags/example_latest_only_with_trigger.py
[2021-02-23 10:26:29,122] {scheduler_job.py:639} INFO - DAG(s) dict_keys(['latest_only_with_trigger']) retrieved from /home/airflow/.local/lib/python3.6/site-packages/airflow/example_dags/example_latest_only_with_trigger.py
[2021-02-23 10:26:29,233] {logging_mixin.py:104} INFO - [2021-02-23 10:26:29,233] {dag.py:1818} INFO - Sync 1 DAGs
[2021-02-23 10:26:29,308] {logging_mixin.py:104} INFO - [2021-02-23 10:26:29,308] {dag.py:2273} INFO - Setting next_dagrun for latest_only_with_trigger to 2021-02-21 00:00:00+00:00
[2021-02-23 10:26:29,350] {scheduler_job.py:190} INFO - Processing /home/airflow/.local/lib/python3.6/site-packages/airflow/example_dags/example_latest_only_with_trigger.py took 0.307 seconds
[2021-02-23 10:27:12,317] {scheduler_job.py:182} INFO - Started process (PID=231) to work on /home/airflow/.local/lib/python3.6/site-packages/airflow/example_dags/example_latest_only_with_trigger.py
[2021-02-23 10:27:12,321] {scheduler_job.py:629} INFO - Processing file /home/airflow/.local/lib/python3.6/site-packages/airflow/example_dags/example_latest_only_with_trigger.py for tasks to queue
[2021-02-23 10:27:12,335] {logging_mixin.py:104} INFO - [2021-02-23 10:27:12,335] {dagbag.py:448} INFO - Filling up the DagBag from /home/airflow/.local/lib/python3.6/site-packages/airflow/example_dags/example_latest_only_with_trigger.py
[2021-02-23 10:27:12,487] {scheduler_job.py:639} INFO - DAG(s) dict_keys(['latest_only_with_trigger']) retrieved from /home/airflow/.local/lib/python3.6/site-packages/airflow/example_dags/example_latest_only_with_trigger.py
[2021-02-23 10:27:12,606] {logging_mixin.py:104} INFO - [2021-02-23 10:27:12,606] {dag.py:1818} INFO - Sync 1 DAGs
[2021-02-23 10:27:12,865] {logging_mixin.py:104} INFO - [2021-02-23 10:27:12,864] {dag.py:2273} INFO - Setting next_dagrun for latest_only_with_trigger to 2021-02-21 00:00:00+00:00
[2021-02-23 10:27:12,958] {scheduler_job.py:190} INFO - Processing /home/airflow/.local/lib/python3.6/site-packages/airflow/example_dags/example_latest_only_with_trigger.py took 0.652 seconds
[2021-02-23 10:31:58,181] {scheduler_job.py:182} INFO - Started process (PID=23) to work on /home/airflow/.local/lib/python3.6/site-packages/airflow/example_dags/example_latest_only_with_trigger.py
[2021-02-23 10:31:58,201] {scheduler_job.py:629} INFO - Processing file /home/airflow/.local/lib/python3.6/site-packages/airflow/example_dags/example_latest_only_with_trigger.py for tasks to queue
[2021-02-23 10:31:58,205] {logging_mixin.py:104} INFO - [2021-02-23 10:31:58,205] {dagbag.py:448} INFO - Filling up the DagBag from /home/airflow/.local/lib/python3.6/site-packages/airflow/example_dags/example_latest_only_with_trigger.py
[2021-02-23 10:31:58,376] {scheduler_job.py:639} INFO - DAG(s) dict_keys(['latest_only_with_trigger']) retrieved from /home/airflow/.local/lib/python3.6/site-packages/airflow/example_dags/example_latest_only_with_trigger.py
[2021-02-23 10:31:58,556] {logging_mixin.py:104} INFO - [2021-02-23 10:31:58,555] {dag.py:1818} INFO - Sync 1 DAGs
[2021-02-23 10:31:58,668] {logging_mixin.py:104} INFO - [2021-02-23 10:31:58,668] {dag.py:2273} INFO - Setting next_dagrun for latest_only_with_trigger to 2021-02-21 00:00:00+00:00
[2021-02-23 10:31:58,760] {scheduler_job.py:190} INFO - Processing /home/airflow/.local/lib/python3.6/site-packages/airflow/example_dags/example_latest_only_with_trigger.py took 0.721 seconds
[2021-02-23 10:32:29,421] {scheduler_job.py:182} INFO - Started process (PID=50) to work on /home/airflow/.local/lib/python3.6/site-packages/airflow/example_dags/example_latest_only_with_trigger.py
[2021-02-23 10:32:29,429] {scheduler_job.py:629} INFO - Processing file /home/airflow/.local/lib/python3.6/site-packages/airflow/example_dags/example_latest_only_with_trigger.py for tasks to queue
[2021-02-23 10:32:29,439] {logging_mixin.py:104} INFO - [2021-02-23 10:32:29,437] {dagbag.py:448} INFO - Filling up the DagBag from /home/airflow/.local/lib/python3.6/site-packages/airflow/example_dags/example_latest_only_with_trigger.py
[2021-02-23 10:32:29,580] {scheduler_job.py:639} INFO - DAG(s) dict_keys(['latest_only_with_trigger']) retrieved from /home/airflow/.local/lib/python3.6/site-packages/airflow/example_dags/example_latest_only_with_trigger.py
[2021-02-23 10:32:29,853] {logging_mixin.py:104} INFO - [2021-02-23 10:32:29,846] {dag.py:1818} INFO - Sync 1 DAGs
[2021-02-23 10:32:29,974] {logging_mixin.py:104} INFO - [2021-02-23 10:32:29,974] {dag.py:2273} INFO - Setting next_dagrun for latest_only_with_trigger to 2021-02-21 00:00:00+00:00
[2021-02-23 10:32:30,026] {scheduler_job.py:190} INFO - Processing /home/airflow/.local/lib/python3.6/site-packages/airflow/example_dags/example_latest_only_with_trigger.py took 0.639 seconds
[2021-02-23 10:33:00,771] {scheduler_job.py:182} INFO - Started process (PID=77) to work on /home/airflow/.local/lib/python3.6/site-packages/airflow/example_dags/example_latest_only_with_trigger.py
[2021-02-23 10:33:00,793] {scheduler_job.py:629} INFO - Processing file /home/airflow/.local/lib/python3.6/site-packages/airflow/example_dags/example_latest_only_with_trigger.py for tasks to queue
[2021-02-23 10:33:00,816] {logging_mixin.py:104} INFO - [2021-02-23 10:33:00,816] {dagbag.py:448} INFO - Filling up the DagBag from /home/airflow/.local/lib/python3.6/site-packages/airflow/example_dags/example_latest_only_with_trigger.py
[2021-02-23 10:33:01,038] {scheduler_job.py:639} INFO - DAG(s) dict_keys(['latest_only_with_trigger']) retrieved from /home/airflow/.local/lib/python3.6/site-packages/airflow/example_dags/example_latest_only_with_trigger.py
[2021-02-23 10:33:01,281] {logging_mixin.py:104} INFO - [2021-02-23 10:33:01,281] {dag.py:1818} INFO - Sync 1 DAGs
[2021-02-23 10:33:01,459] {logging_mixin.py:104} INFO - [2021-02-23 10:33:01,459] {dag.py:2273} INFO - Setting next_dagrun for latest_only_with_trigger to 2021-02-21 00:00:00+00:00
[2021-02-23 10:33:01,534] {scheduler_job.py:190} INFO - Processing /home/airflow/.local/lib/python3.6/site-packages/airflow/example_dags/example_latest_only_with_trigger.py took 0.821 seconds
[2021-02-23 10:33:31,755] {scheduler_job.py:182} INFO - Started process (PID=104) to work on /home/airflow/.local/lib/python3.6/site-packages/airflow/example_dags/example_latest_only_with_trigger.py
[2021-02-23 10:33:31,758] {scheduler_job.py:629} INFO - Processing file /home/airflow/.local/lib/python3.6/site-packages/airflow/example_dags/example_latest_only_with_trigger.py for tasks to queue
[2021-02-23 10:33:31,766] {logging_mixin.py:104} INFO - [2021-02-23 10:33:31,766] {dagbag.py:448} INFO - Filling up the DagBag from /home/airflow/.local/lib/python3.6/site-packages/airflow/example_dags/example_latest_only_with_trigger.py
[2021-02-23 10:33:31,825] {scheduler_job.py:639} INFO - DAG(s) dict_keys(['latest_only_with_trigger']) retrieved from /home/airflow/.local/lib/python3.6/site-packages/airflow/example_dags/example_latest_only_with_trigger.py
[2021-02-23 10:33:31,923] {logging_mixin.py:104} INFO - [2021-02-23 10:33:31,923] {dag.py:1818} INFO - Sync 1 DAGs
[2021-02-23 10:33:32,004] {logging_mixin.py:104} INFO - [2021-02-23 10:33:32,004] {dag.py:2273} INFO - Setting next_dagrun for latest_only_with_trigger to 2021-02-21 00:00:00+00:00
[2021-02-23 10:33:32,057] {scheduler_job.py:190} INFO - Processing /home/airflow/.local/lib/python3.6/site-packages/airflow/example_dags/example_latest_only_with_trigger.py took 0.317 seconds
[2021-02-23 10:34:03,018] {scheduler_job.py:182} INFO - Started process (PID=131) to work on /home/airflow/.local/lib/python3.6/site-packages/airflow/example_dags/example_latest_only_with_trigger.py
[2021-02-23 10:34:03,023] {scheduler_job.py:629} INFO - Processing file /home/airflow/.local/lib/python3.6/site-packages/airflow/example_dags/example_latest_only_with_trigger.py for tasks to queue
[2021-02-23 10:34:03,027] {logging_mixin.py:104} INFO - [2021-02-23 10:34:03,027] {dagbag.py:448} INFO - Filling up the DagBag from /home/airflow/.local/lib/python3.6/site-packages/airflow/example_dags/example_latest_only_with_trigger.py
[2021-02-23 10:34:03,138] {scheduler_job.py:639} INFO - DAG(s) dict_keys(['latest_only_with_trigger']) retrieved from /home/airflow/.local/lib/python3.6/site-packages/airflow/example_dags/example_latest_only_with_trigger.py
[2021-02-23 10:34:03,228] {logging_mixin.py:104} INFO - [2021-02-23 10:34:03,227] {dag.py:1818} INFO - Sync 1 DAGs
[2021-02-23 10:34:03,293] {logging_mixin.py:104} INFO - [2021-02-23 10:34:03,293] {dag.py:2273} INFO - Setting next_dagrun for latest_only_with_trigger to 2021-02-21 00:00:00+00:00
[2021-02-23 10:34:03,345] {scheduler_job.py:190} INFO - Processing /home/airflow/.local/lib/python3.6/site-packages/airflow/example_dags/example_latest_only_with_trigger.py took 0.347 seconds
[2021-02-23 10:34:33,960] {scheduler_job.py:182} INFO - Started process (PID=158) to work on /home/airflow/.local/lib/python3.6/site-packages/airflow/example_dags/example_latest_only_with_trigger.py
[2021-02-23 10:34:33,965] {scheduler_job.py:629} INFO - Processing file /home/airflow/.local/lib/python3.6/site-packages/airflow/example_dags/example_latest_only_with_trigger.py for tasks to queue
[2021-02-23 10:34:33,973] {logging_mixin.py:104} INFO - [2021-02-23 10:34:33,971] {dagbag.py:448} INFO - Filling up the DagBag from /home/airflow/.local/lib/python3.6/site-packages/airflow/example_dags/example_latest_only_with_trigger.py
[2021-02-23 10:34:34,083] {scheduler_job.py:639} INFO - DAG(s) dict_keys(['latest_only_with_trigger']) retrieved from /home/airflow/.local/lib/python3.6/site-packages/airflow/example_dags/example_latest_only_with_trigger.py
[2021-02-23 10:34:34,187] {logging_mixin.py:104} INFO - [2021-02-23 10:34:34,187] {dag.py:1818} INFO - Sync 1 DAGs
[2021-02-23 10:34:34,268] {logging_mixin.py:104} INFO - [2021-02-23 10:34:34,268] {dag.py:2273} INFO - Setting next_dagrun for latest_only_with_trigger to 2021-02-21 00:00:00+00:00
[2021-02-23 10:34:34,304] {scheduler_job.py:190} INFO - Processing /home/airflow/.local/lib/python3.6/site-packages/airflow/example_dags/example_latest_only_with_trigger.py took 0.364 seconds
[2021-02-23 10:35:05,090] {scheduler_job.py:182} INFO - Started process (PID=185) to work on /home/airflow/.local/lib/python3.6/site-packages/airflow/example_dags/example_latest_only_with_trigger.py
[2021-02-23 10:35:05,095] {scheduler_job.py:629} INFO - Processing file /home/airflow/.local/lib/python3.6/site-packages/airflow/example_dags/example_latest_only_with_trigger.py for tasks to queue
[2021-02-23 10:35:05,104] {logging_mixin.py:104} INFO - [2021-02-23 10:35:05,102] {dagbag.py:448} INFO - Filling up the DagBag from /home/airflow/.local/lib/python3.6/site-packages/airflow/example_dags/example_latest_only_with_trigger.py
[2021-02-23 10:35:05,208] {scheduler_job.py:639} INFO - DAG(s) dict_keys(['latest_only_with_trigger']) retrieved from /home/airflow/.local/lib/python3.6/site-packages/airflow/example_dags/example_latest_only_with_trigger.py
[2021-02-23 10:35:05,306] {logging_mixin.py:104} INFO - [2021-02-23 10:35:05,305] {dag.py:1818} INFO - Sync 1 DAGs
[2021-02-23 10:35:05,436] {logging_mixin.py:104} INFO - [2021-02-23 10:35:05,435] {dag.py:2273} INFO - Setting next_dagrun for latest_only_with_trigger to 2021-02-21 00:00:00+00:00
[2021-02-23 10:35:05,483] {scheduler_job.py:190} INFO - Processing /home/airflow/.local/lib/python3.6/site-packages/airflow/example_dags/example_latest_only_with_trigger.py took 0.412 seconds
[2021-02-23 10:35:36,612] {scheduler_job.py:182} INFO - Started process (PID=212) to work on /home/airflow/.local/lib/python3.6/site-packages/airflow/example_dags/example_latest_only_with_trigger.py
[2021-02-23 10:35:36,636] {scheduler_job.py:629} INFO - Processing file /home/airflow/.local/lib/python3.6/site-packages/airflow/example_dags/example_latest_only_with_trigger.py for tasks to queue
[2021-02-23 10:35:36,659] {logging_mixin.py:104} INFO - [2021-02-23 10:35:36,659] {dagbag.py:448} INFO - Filling up the DagBag from /home/airflow/.local/lib/python3.6/site-packages/airflow/example_dags/example_latest_only_with_trigger.py
[2021-02-23 10:35:36,969] {scheduler_job.py:639} INFO - DAG(s) dict_keys(['latest_only_with_trigger']) retrieved from /home/airflow/.local/lib/python3.6/site-packages/airflow/example_dags/example_latest_only_with_trigger.py
[2021-02-23 10:35:37,318] {logging_mixin.py:104} INFO - [2021-02-23 10:35:37,318] {dag.py:1818} INFO - Sync 1 DAGs
[2021-02-23 10:35:37,401] {logging_mixin.py:104} INFO - [2021-02-23 10:35:37,401] {dag.py:2273} INFO - Setting next_dagrun for latest_only_with_trigger to 2021-02-21 00:00:00+00:00
[2021-02-23 10:35:37,439] {scheduler_job.py:190} INFO - Processing /home/airflow/.local/lib/python3.6/site-packages/airflow/example_dags/example_latest_only_with_trigger.py took 0.874 seconds
[2021-02-23 10:36:07,996] {scheduler_job.py:182} INFO - Started process (PID=239) to work on /home/airflow/.local/lib/python3.6/site-packages/airflow/example_dags/example_latest_only_with_trigger.py
[2021-02-23 10:36:08,015] {scheduler_job.py:629} INFO - Processing file /home/airflow/.local/lib/python3.6/site-packages/airflow/example_dags/example_latest_only_with_trigger.py for tasks to queue
[2021-02-23 10:36:08,028] {logging_mixin.py:104} INFO - [2021-02-23 10:36:08,027] {dagbag.py:448} INFO - Filling up the DagBag from /home/airflow/.local/lib/python3.6/site-packages/airflow/example_dags/example_latest_only_with_trigger.py
[2021-02-23 10:36:08,117] {scheduler_job.py:639} INFO - DAG(s) dict_keys(['latest_only_with_trigger']) retrieved from /home/airflow/.local/lib/python3.6/site-packages/airflow/example_dags/example_latest_only_with_trigger.py
[2021-02-23 10:36:08,219] {logging_mixin.py:104} INFO - [2021-02-23 10:36:08,219] {dag.py:1818} INFO - Sync 1 DAGs
[2021-02-23 10:36:08,295] {logging_mixin.py:104} INFO - [2021-02-23 10:36:08,295] {dag.py:2273} INFO - Setting next_dagrun for latest_only_with_trigger to 2021-02-21 00:00:00+00:00
[2021-02-23 10:36:08,344] {scheduler_job.py:190} INFO - Processing /home/airflow/.local/lib/python3.6/site-packages/airflow/example_dags/example_latest_only_with_trigger.py took 0.411 seconds
[2021-02-23 10:36:39,301] {scheduler_job.py:182} INFO - Started process (PID=266) to work on /home/airflow/.local/lib/python3.6/site-packages/airflow/example_dags/example_latest_only_with_trigger.py
[2021-02-23 10:36:39,306] {scheduler_job.py:629} INFO - Processing file /home/airflow/.local/lib/python3.6/site-packages/airflow/example_dags/example_latest_only_with_trigger.py for tasks to queue
[2021-02-23 10:36:39,308] {logging_mixin.py:104} INFO - [2021-02-23 10:36:39,308] {dagbag.py:448} INFO - Filling up the DagBag from /home/airflow/.local/lib/python3.6/site-packages/airflow/example_dags/example_latest_only_with_trigger.py
[2021-02-23 10:36:39,354] {scheduler_job.py:639} INFO - DAG(s) dict_keys(['latest_only_with_trigger']) retrieved from /home/airflow/.local/lib/python3.6/site-packages/airflow/example_dags/example_latest_only_with_trigger.py
[2021-02-23 10:36:39,419] {logging_mixin.py:104} INFO - [2021-02-23 10:36:39,419] {dag.py:1818} INFO - Sync 1 DAGs
[2021-02-23 10:36:39,507] {logging_mixin.py:104} INFO - [2021-02-23 10:36:39,507] {dag.py:2273} INFO - Setting next_dagrun for latest_only_with_trigger to 2021-02-21 00:00:00+00:00
[2021-02-23 10:36:39,556] {scheduler_job.py:190} INFO - Processing /home/airflow/.local/lib/python3.6/site-packages/airflow/example_dags/example_latest_only_with_trigger.py took 0.263 seconds
[2021-02-23 10:37:40,302] {scheduler_job.py:182} INFO - Started process (PID=42) to work on /home/airflow/.local/lib/python3.6/site-packages/airflow/example_dags/example_latest_only_with_trigger.py
[2021-02-23 10:37:40,309] {scheduler_job.py:629} INFO - Processing file /home/airflow/.local/lib/python3.6/site-packages/airflow/example_dags/example_latest_only_with_trigger.py for tasks to queue
[2021-02-23 10:37:40,321] {logging_mixin.py:104} INFO - [2021-02-23 10:37:40,321] {dagbag.py:448} INFO - Filling up the DagBag from /home/airflow/.local/lib/python3.6/site-packages/airflow/example_dags/example_latest_only_with_trigger.py
[2021-02-23 10:37:40,431] {scheduler_job.py:639} INFO - DAG(s) dict_keys(['latest_only_with_trigger']) retrieved from /home/airflow/.local/lib/python3.6/site-packages/airflow/example_dags/example_latest_only_with_trigger.py
[2021-02-23 10:37:40,560] {logging_mixin.py:104} INFO - [2021-02-23 10:37:40,560] {dag.py:1818} INFO - Sync 1 DAGs
[2021-02-23 10:37:41,389] {logging_mixin.py:104} INFO - [2021-02-23 10:37:41,372] {dag.py:2273} INFO - Setting next_dagrun for latest_only_with_trigger to 2021-02-21 00:00:00+00:00
[2021-02-23 10:37:41,647] {scheduler_job.py:190} INFO - Processing /home/airflow/.local/lib/python3.6/site-packages/airflow/example_dags/example_latest_only_with_trigger.py took 1.364 seconds
[2021-02-23 10:38:11,811] {scheduler_job.py:182} INFO - Started process (PID=69) to work on /home/airflow/.local/lib/python3.6/site-packages/airflow/example_dags/example_latest_only_with_trigger.py
[2021-02-23 10:38:11,814] {scheduler_job.py:629} INFO - Processing file /home/airflow/.local/lib/python3.6/site-packages/airflow/example_dags/example_latest_only_with_trigger.py for tasks to queue
[2021-02-23 10:38:11,817] {logging_mixin.py:104} INFO - [2021-02-23 10:38:11,816] {dagbag.py:448} INFO - Filling up the DagBag from /home/airflow/.local/lib/python3.6/site-packages/airflow/example_dags/example_latest_only_with_trigger.py
[2021-02-23 10:38:11,842] {scheduler_job.py:639} INFO - DAG(s) dict_keys(['latest_only_with_trigger']) retrieved from /home/airflow/.local/lib/python3.6/site-packages/airflow/example_dags/example_latest_only_with_trigger.py
[2021-02-23 10:38:11,877] {logging_mixin.py:104} INFO - [2021-02-23 10:38:11,877] {dag.py:1818} INFO - Sync 1 DAGs
[2021-02-23 10:38:11,919] {logging_mixin.py:104} INFO - [2021-02-23 10:38:11,919] {dag.py:2273} INFO - Setting next_dagrun for latest_only_with_trigger to 2021-02-21 00:00:00+00:00
[2021-02-23 10:38:11,934] {scheduler_job.py:190} INFO - Processing /home/airflow/.local/lib/python3.6/site-packages/airflow/example_dags/example_latest_only_with_trigger.py took 0.130 seconds
