[2021-02-23 10:15:14,209] {scheduler_job.py:182} INFO - Started process (PID=37) to work on /home/airflow/.local/lib/python3.6/site-packages/airflow/example_dags/example_task_group.py
[2021-02-23 10:15:14,211] {scheduler_job.py:629} INFO - Processing file /home/airflow/.local/lib/python3.6/site-packages/airflow/example_dags/example_task_group.py for tasks to queue
[2021-02-23 10:15:14,212] {logging_mixin.py:104} INFO - [2021-02-23 10:15:14,212] {dagbag.py:448} INFO - Filling up the DagBag from /home/airflow/.local/lib/python3.6/site-packages/airflow/example_dags/example_task_group.py
[2021-02-23 10:15:14,261] {scheduler_job.py:639} INFO - DAG(s) dict_keys(['example_task_group']) retrieved from /home/airflow/.local/lib/python3.6/site-packages/airflow/example_dags/example_task_group.py
[2021-02-23 10:15:14,348] {logging_mixin.py:104} INFO - [2021-02-23 10:15:14,347] {dag.py:1818} INFO - Sync 1 DAGs
[2021-02-23 10:15:14,392] {logging_mixin.py:104} INFO - [2021-02-23 10:15:14,391] {dag.py:1837} INFO - Creating ORM DAG for example_task_group
[2021-02-23 10:15:14,413] {logging_mixin.py:104} INFO - [2021-02-23 10:15:14,413] {dag.py:2273} INFO - Setting next_dagrun for example_task_group to 2021-02-21 00:00:00+00:00
[2021-02-23 10:15:14,467] {scheduler_job.py:190} INFO - Processing /home/airflow/.local/lib/python3.6/site-packages/airflow/example_dags/example_task_group.py took 0.269 seconds
[2021-02-23 10:16:54,159] {scheduler_job.py:182} INFO - Started process (PID=67) to work on /home/airflow/.local/lib/python3.6/site-packages/airflow/example_dags/example_task_group.py
[2021-02-23 10:16:54,173] {scheduler_job.py:629} INFO - Processing file /home/airflow/.local/lib/python3.6/site-packages/airflow/example_dags/example_task_group.py for tasks to queue
[2021-02-23 10:16:54,180] {logging_mixin.py:104} INFO - [2021-02-23 10:16:54,180] {dagbag.py:448} INFO - Filling up the DagBag from /home/airflow/.local/lib/python3.6/site-packages/airflow/example_dags/example_task_group.py
[2021-02-23 10:16:54,317] {scheduler_job.py:639} INFO - DAG(s) dict_keys(['example_task_group']) retrieved from /home/airflow/.local/lib/python3.6/site-packages/airflow/example_dags/example_task_group.py
[2021-02-23 10:16:54,713] {logging_mixin.py:104} INFO - [2021-02-23 10:16:54,709] {dag.py:1818} INFO - Sync 1 DAGs
[2021-02-23 10:16:55,077] {logging_mixin.py:104} INFO - [2021-02-23 10:16:55,077] {dag.py:2273} INFO - Setting next_dagrun for example_task_group to 2021-02-21 00:00:00+00:00
[2021-02-23 10:16:55,403] {scheduler_job.py:190} INFO - Processing /home/airflow/.local/lib/python3.6/site-packages/airflow/example_dags/example_task_group.py took 1.298 seconds
[2021-02-23 10:17:26,258] {scheduler_job.py:182} INFO - Started process (PID=94) to work on /home/airflow/.local/lib/python3.6/site-packages/airflow/example_dags/example_task_group.py
[2021-02-23 10:17:26,276] {scheduler_job.py:629} INFO - Processing file /home/airflow/.local/lib/python3.6/site-packages/airflow/example_dags/example_task_group.py for tasks to queue
[2021-02-23 10:17:26,307] {logging_mixin.py:104} INFO - [2021-02-23 10:17:26,306] {dagbag.py:448} INFO - Filling up the DagBag from /home/airflow/.local/lib/python3.6/site-packages/airflow/example_dags/example_task_group.py
[2021-02-23 10:17:26,512] {scheduler_job.py:639} INFO - DAG(s) dict_keys(['example_task_group']) retrieved from /home/airflow/.local/lib/python3.6/site-packages/airflow/example_dags/example_task_group.py
[2021-02-23 10:17:26,800] {logging_mixin.py:104} INFO - [2021-02-23 10:17:26,800] {dag.py:1818} INFO - Sync 1 DAGs
[2021-02-23 10:17:27,040] {logging_mixin.py:104} INFO - [2021-02-23 10:17:27,040] {dag.py:2273} INFO - Setting next_dagrun for example_task_group to 2021-02-21 00:00:00+00:00
[2021-02-23 10:17:27,199] {scheduler_job.py:190} INFO - Processing /home/airflow/.local/lib/python3.6/site-packages/airflow/example_dags/example_task_group.py took 0.960 seconds
[2021-02-23 10:17:57,498] {scheduler_job.py:182} INFO - Started process (PID=121) to work on /home/airflow/.local/lib/python3.6/site-packages/airflow/example_dags/example_task_group.py
[2021-02-23 10:17:57,506] {scheduler_job.py:629} INFO - Processing file /home/airflow/.local/lib/python3.6/site-packages/airflow/example_dags/example_task_group.py for tasks to queue
[2021-02-23 10:17:57,525] {logging_mixin.py:104} INFO - [2021-02-23 10:17:57,521] {dagbag.py:448} INFO - Filling up the DagBag from /home/airflow/.local/lib/python3.6/site-packages/airflow/example_dags/example_task_group.py
[2021-02-23 10:17:57,633] {scheduler_job.py:639} INFO - DAG(s) dict_keys(['example_task_group']) retrieved from /home/airflow/.local/lib/python3.6/site-packages/airflow/example_dags/example_task_group.py
[2021-02-23 10:17:57,790] {logging_mixin.py:104} INFO - [2021-02-23 10:17:57,790] {dag.py:1818} INFO - Sync 1 DAGs
[2021-02-23 10:17:57,857] {logging_mixin.py:104} INFO - [2021-02-23 10:17:57,857] {dag.py:2273} INFO - Setting next_dagrun for example_task_group to 2021-02-21 00:00:00+00:00
[2021-02-23 10:17:57,957] {scheduler_job.py:190} INFO - Processing /home/airflow/.local/lib/python3.6/site-packages/airflow/example_dags/example_task_group.py took 0.467 seconds
[2021-02-23 10:18:28,131] {scheduler_job.py:182} INFO - Started process (PID=148) to work on /home/airflow/.local/lib/python3.6/site-packages/airflow/example_dags/example_task_group.py
[2021-02-23 10:18:28,138] {scheduler_job.py:629} INFO - Processing file /home/airflow/.local/lib/python3.6/site-packages/airflow/example_dags/example_task_group.py for tasks to queue
[2021-02-23 10:18:28,143] {logging_mixin.py:104} INFO - [2021-02-23 10:18:28,143] {dagbag.py:448} INFO - Filling up the DagBag from /home/airflow/.local/lib/python3.6/site-packages/airflow/example_dags/example_task_group.py
[2021-02-23 10:18:28,195] {scheduler_job.py:639} INFO - DAG(s) dict_keys(['example_task_group']) retrieved from /home/airflow/.local/lib/python3.6/site-packages/airflow/example_dags/example_task_group.py
[2021-02-23 10:18:28,261] {logging_mixin.py:104} INFO - [2021-02-23 10:18:28,260] {dag.py:1818} INFO - Sync 1 DAGs
[2021-02-23 10:18:28,294] {logging_mixin.py:104} INFO - [2021-02-23 10:18:28,294] {dag.py:2273} INFO - Setting next_dagrun for example_task_group to 2021-02-21 00:00:00+00:00
[2021-02-23 10:18:28,310] {scheduler_job.py:190} INFO - Processing /home/airflow/.local/lib/python3.6/site-packages/airflow/example_dags/example_task_group.py took 0.183 seconds
[2021-02-23 10:18:58,721] {scheduler_job.py:182} INFO - Started process (PID=173) to work on /home/airflow/.local/lib/python3.6/site-packages/airflow/example_dags/example_task_group.py
[2021-02-23 10:18:58,734] {scheduler_job.py:629} INFO - Processing file /home/airflow/.local/lib/python3.6/site-packages/airflow/example_dags/example_task_group.py for tasks to queue
[2021-02-23 10:18:58,746] {logging_mixin.py:104} INFO - [2021-02-23 10:18:58,746] {dagbag.py:448} INFO - Filling up the DagBag from /home/airflow/.local/lib/python3.6/site-packages/airflow/example_dags/example_task_group.py
[2021-02-23 10:18:58,841] {scheduler_job.py:639} INFO - DAG(s) dict_keys(['example_task_group']) retrieved from /home/airflow/.local/lib/python3.6/site-packages/airflow/example_dags/example_task_group.py
[2021-02-23 10:18:58,916] {logging_mixin.py:104} INFO - [2021-02-23 10:18:58,916] {dag.py:1818} INFO - Sync 1 DAGs
[2021-02-23 10:18:58,939] {logging_mixin.py:104} INFO - [2021-02-23 10:18:58,939] {dag.py:2273} INFO - Setting next_dagrun for example_task_group to 2021-02-21 00:00:00+00:00
[2021-02-23 10:18:58,953] {scheduler_job.py:190} INFO - Processing /home/airflow/.local/lib/python3.6/site-packages/airflow/example_dags/example_task_group.py took 0.257 seconds
[2021-02-23 10:19:29,930] {scheduler_job.py:182} INFO - Started process (PID=200) to work on /home/airflow/.local/lib/python3.6/site-packages/airflow/example_dags/example_task_group.py
[2021-02-23 10:19:29,933] {scheduler_job.py:629} INFO - Processing file /home/airflow/.local/lib/python3.6/site-packages/airflow/example_dags/example_task_group.py for tasks to queue
[2021-02-23 10:19:29,935] {logging_mixin.py:104} INFO - [2021-02-23 10:19:29,934] {dagbag.py:448} INFO - Filling up the DagBag from /home/airflow/.local/lib/python3.6/site-packages/airflow/example_dags/example_task_group.py
[2021-02-23 10:19:30,014] {scheduler_job.py:639} INFO - DAG(s) dict_keys(['example_task_group']) retrieved from /home/airflow/.local/lib/python3.6/site-packages/airflow/example_dags/example_task_group.py
[2021-02-23 10:19:30,087] {logging_mixin.py:104} INFO - [2021-02-23 10:19:30,087] {dag.py:1818} INFO - Sync 1 DAGs
[2021-02-23 10:19:30,151] {logging_mixin.py:104} INFO - [2021-02-23 10:19:30,150] {dag.py:2273} INFO - Setting next_dagrun for example_task_group to 2021-02-21 00:00:00+00:00
[2021-02-23 10:19:30,175] {scheduler_job.py:190} INFO - Processing /home/airflow/.local/lib/python3.6/site-packages/airflow/example_dags/example_task_group.py took 0.253 seconds
[2021-02-23 10:20:00,962] {scheduler_job.py:182} INFO - Started process (PID=227) to work on /home/airflow/.local/lib/python3.6/site-packages/airflow/example_dags/example_task_group.py
[2021-02-23 10:20:00,968] {scheduler_job.py:629} INFO - Processing file /home/airflow/.local/lib/python3.6/site-packages/airflow/example_dags/example_task_group.py for tasks to queue
[2021-02-23 10:20:00,973] {logging_mixin.py:104} INFO - [2021-02-23 10:20:00,972] {dagbag.py:448} INFO - Filling up the DagBag from /home/airflow/.local/lib/python3.6/site-packages/airflow/example_dags/example_task_group.py
[2021-02-23 10:20:01,085] {scheduler_job.py:639} INFO - DAG(s) dict_keys(['example_task_group']) retrieved from /home/airflow/.local/lib/python3.6/site-packages/airflow/example_dags/example_task_group.py
[2021-02-23 10:20:01,166] {logging_mixin.py:104} INFO - [2021-02-23 10:20:01,165] {dag.py:1818} INFO - Sync 1 DAGs
[2021-02-23 10:20:01,216] {logging_mixin.py:104} INFO - [2021-02-23 10:20:01,214] {dag.py:2273} INFO - Setting next_dagrun for example_task_group to 2021-02-21 00:00:00+00:00
[2021-02-23 10:20:01,254] {scheduler_job.py:190} INFO - Processing /home/airflow/.local/lib/python3.6/site-packages/airflow/example_dags/example_task_group.py took 0.303 seconds
[2021-02-23 10:20:32,828] {scheduler_job.py:182} INFO - Started process (PID=254) to work on /home/airflow/.local/lib/python3.6/site-packages/airflow/example_dags/example_task_group.py
[2021-02-23 10:20:32,831] {scheduler_job.py:629} INFO - Processing file /home/airflow/.local/lib/python3.6/site-packages/airflow/example_dags/example_task_group.py for tasks to queue
[2021-02-23 10:20:32,835] {logging_mixin.py:104} INFO - [2021-02-23 10:20:32,834] {dagbag.py:448} INFO - Filling up the DagBag from /home/airflow/.local/lib/python3.6/site-packages/airflow/example_dags/example_task_group.py
[2021-02-23 10:20:32,931] {scheduler_job.py:639} INFO - DAG(s) dict_keys(['example_task_group']) retrieved from /home/airflow/.local/lib/python3.6/site-packages/airflow/example_dags/example_task_group.py
[2021-02-23 10:20:33,016] {logging_mixin.py:104} INFO - [2021-02-23 10:20:33,016] {dag.py:1818} INFO - Sync 1 DAGs
[2021-02-23 10:20:33,044] {logging_mixin.py:104} INFO - [2021-02-23 10:20:33,044] {dag.py:2273} INFO - Setting next_dagrun for example_task_group to 2021-02-21 00:00:00+00:00
[2021-02-23 10:20:33,084] {scheduler_job.py:190} INFO - Processing /home/airflow/.local/lib/python3.6/site-packages/airflow/example_dags/example_task_group.py took 0.262 seconds
[2021-02-23 10:21:15,786] {scheduler_job.py:182} INFO - Started process (PID=282) to work on /home/airflow/.local/lib/python3.6/site-packages/airflow/example_dags/example_task_group.py
[2021-02-23 10:21:15,793] {scheduler_job.py:629} INFO - Processing file /home/airflow/.local/lib/python3.6/site-packages/airflow/example_dags/example_task_group.py for tasks to queue
[2021-02-23 10:21:15,797] {logging_mixin.py:104} INFO - [2021-02-23 10:21:15,796] {dagbag.py:448} INFO - Filling up the DagBag from /home/airflow/.local/lib/python3.6/site-packages/airflow/example_dags/example_task_group.py
[2021-02-23 10:21:15,990] {scheduler_job.py:639} INFO - DAG(s) dict_keys(['example_task_group']) retrieved from /home/airflow/.local/lib/python3.6/site-packages/airflow/example_dags/example_task_group.py
[2021-02-23 10:21:17,037] {logging_mixin.py:104} INFO - [2021-02-23 10:21:17,033] {dag.py:1818} INFO - Sync 1 DAGs
[2021-02-23 10:21:18,259] {logging_mixin.py:104} INFO - [2021-02-23 10:21:18,224] {dag.py:2273} INFO - Setting next_dagrun for example_task_group to 2021-02-21 00:00:00+00:00
[2021-02-23 10:21:19,224] {scheduler_job.py:190} INFO - Processing /home/airflow/.local/lib/python3.6/site-packages/airflow/example_dags/example_task_group.py took 3.451 seconds
[2021-02-23 10:22:36,636] {scheduler_job.py:182} INFO - Started process (PID=38) to work on /home/airflow/.local/lib/python3.6/site-packages/airflow/example_dags/example_task_group.py
[2021-02-23 10:22:36,657] {scheduler_job.py:629} INFO - Processing file /home/airflow/.local/lib/python3.6/site-packages/airflow/example_dags/example_task_group.py for tasks to queue
[2021-02-23 10:22:36,706] {logging_mixin.py:104} INFO - [2021-02-23 10:22:36,696] {dagbag.py:448} INFO - Filling up the DagBag from /home/airflow/.local/lib/python3.6/site-packages/airflow/example_dags/example_task_group.py
[2021-02-23 10:22:37,098] {scheduler_job.py:639} INFO - DAG(s) dict_keys(['example_task_group']) retrieved from /home/airflow/.local/lib/python3.6/site-packages/airflow/example_dags/example_task_group.py
[2021-02-23 10:22:37,484] {logging_mixin.py:104} INFO - [2021-02-23 10:22:37,484] {dag.py:1818} INFO - Sync 1 DAGs
[2021-02-23 10:22:37,751] {logging_mixin.py:104} INFO - [2021-02-23 10:22:37,751] {dag.py:2273} INFO - Setting next_dagrun for example_task_group to 2021-02-21 00:00:00+00:00
[2021-02-23 10:22:37,911] {scheduler_job.py:190} INFO - Processing /home/airflow/.local/lib/python3.6/site-packages/airflow/example_dags/example_task_group.py took 1.331 seconds
[2021-02-23 10:23:10,541] {scheduler_job.py:182} INFO - Started process (PID=65) to work on /home/airflow/.local/lib/python3.6/site-packages/airflow/example_dags/example_task_group.py
[2021-02-23 10:23:10,573] {scheduler_job.py:629} INFO - Processing file /home/airflow/.local/lib/python3.6/site-packages/airflow/example_dags/example_task_group.py for tasks to queue
[2021-02-23 10:23:10,590] {logging_mixin.py:104} INFO - [2021-02-23 10:23:10,586] {dagbag.py:448} INFO - Filling up the DagBag from /home/airflow/.local/lib/python3.6/site-packages/airflow/example_dags/example_task_group.py
[2021-02-23 10:23:11,099] {scheduler_job.py:639} INFO - DAG(s) dict_keys(['example_task_group']) retrieved from /home/airflow/.local/lib/python3.6/site-packages/airflow/example_dags/example_task_group.py
[2021-02-23 10:23:11,300] {logging_mixin.py:104} INFO - [2021-02-23 10:23:11,300] {dag.py:1818} INFO - Sync 1 DAGs
[2021-02-23 10:23:11,404] {logging_mixin.py:104} INFO - [2021-02-23 10:23:11,404] {dag.py:2273} INFO - Setting next_dagrun for example_task_group to 2021-02-21 00:00:00+00:00
[2021-02-23 10:23:11,477] {scheduler_job.py:190} INFO - Processing /home/airflow/.local/lib/python3.6/site-packages/airflow/example_dags/example_task_group.py took 2.354 seconds
[2021-02-23 10:23:41,880] {scheduler_job.py:182} INFO - Started process (PID=91) to work on /home/airflow/.local/lib/python3.6/site-packages/airflow/example_dags/example_task_group.py
[2021-02-23 10:23:41,890] {scheduler_job.py:629} INFO - Processing file /home/airflow/.local/lib/python3.6/site-packages/airflow/example_dags/example_task_group.py for tasks to queue
[2021-02-23 10:23:41,898] {logging_mixin.py:104} INFO - [2021-02-23 10:23:41,894] {dagbag.py:448} INFO - Filling up the DagBag from /home/airflow/.local/lib/python3.6/site-packages/airflow/example_dags/example_task_group.py
[2021-02-23 10:23:42,012] {scheduler_job.py:639} INFO - DAG(s) dict_keys(['example_task_group']) retrieved from /home/airflow/.local/lib/python3.6/site-packages/airflow/example_dags/example_task_group.py
[2021-02-23 10:23:42,240] {logging_mixin.py:104} INFO - [2021-02-23 10:23:42,236] {dag.py:1818} INFO - Sync 1 DAGs
[2021-02-23 10:23:42,482] {logging_mixin.py:104} INFO - [2021-02-23 10:23:42,470] {dag.py:2273} INFO - Setting next_dagrun for example_task_group to 2021-02-21 00:00:00+00:00
[2021-02-23 10:23:42,639] {scheduler_job.py:190} INFO - Processing /home/airflow/.local/lib/python3.6/site-packages/airflow/example_dags/example_task_group.py took 0.776 seconds
[2021-02-23 10:24:12,845] {scheduler_job.py:182} INFO - Started process (PID=118) to work on /home/airflow/.local/lib/python3.6/site-packages/airflow/example_dags/example_task_group.py
[2021-02-23 10:24:12,848] {scheduler_job.py:629} INFO - Processing file /home/airflow/.local/lib/python3.6/site-packages/airflow/example_dags/example_task_group.py for tasks to queue
[2021-02-23 10:24:12,851] {logging_mixin.py:104} INFO - [2021-02-23 10:24:12,851] {dagbag.py:448} INFO - Filling up the DagBag from /home/airflow/.local/lib/python3.6/site-packages/airflow/example_dags/example_task_group.py
[2021-02-23 10:24:12,930] {scheduler_job.py:639} INFO - DAG(s) dict_keys(['example_task_group']) retrieved from /home/airflow/.local/lib/python3.6/site-packages/airflow/example_dags/example_task_group.py
[2021-02-23 10:24:12,977] {logging_mixin.py:104} INFO - [2021-02-23 10:24:12,977] {dag.py:1818} INFO - Sync 1 DAGs
[2021-02-23 10:24:13,015] {logging_mixin.py:104} INFO - [2021-02-23 10:24:13,015] {dag.py:2273} INFO - Setting next_dagrun for example_task_group to 2021-02-21 00:00:00+00:00
[2021-02-23 10:24:13,037] {scheduler_job.py:190} INFO - Processing /home/airflow/.local/lib/python3.6/site-packages/airflow/example_dags/example_task_group.py took 0.209 seconds
[2021-02-23 10:24:43,391] {scheduler_job.py:182} INFO - Started process (PID=145) to work on /home/airflow/.local/lib/python3.6/site-packages/airflow/example_dags/example_task_group.py
[2021-02-23 10:24:43,400] {scheduler_job.py:629} INFO - Processing file /home/airflow/.local/lib/python3.6/site-packages/airflow/example_dags/example_task_group.py for tasks to queue
[2021-02-23 10:24:43,404] {logging_mixin.py:104} INFO - [2021-02-23 10:24:43,403] {dagbag.py:448} INFO - Filling up the DagBag from /home/airflow/.local/lib/python3.6/site-packages/airflow/example_dags/example_task_group.py
[2021-02-23 10:24:43,465] {scheduler_job.py:639} INFO - DAG(s) dict_keys(['example_task_group']) retrieved from /home/airflow/.local/lib/python3.6/site-packages/airflow/example_dags/example_task_group.py
[2021-02-23 10:24:43,512] {logging_mixin.py:104} INFO - [2021-02-23 10:24:43,512] {dag.py:1818} INFO - Sync 1 DAGs
[2021-02-23 10:24:43,540] {logging_mixin.py:104} INFO - [2021-02-23 10:24:43,540] {dag.py:2273} INFO - Setting next_dagrun for example_task_group to 2021-02-21 00:00:00+00:00
[2021-02-23 10:24:43,564] {scheduler_job.py:190} INFO - Processing /home/airflow/.local/lib/python3.6/site-packages/airflow/example_dags/example_task_group.py took 0.185 seconds
[2021-02-23 10:25:26,985] {scheduler_job.py:182} INFO - Started process (PID=172) to work on /home/airflow/.local/lib/python3.6/site-packages/airflow/example_dags/example_task_group.py
[2021-02-23 10:25:27,077] {scheduler_job.py:629} INFO - Processing file /home/airflow/.local/lib/python3.6/site-packages/airflow/example_dags/example_task_group.py for tasks to queue
[2021-02-23 10:25:27,139] {logging_mixin.py:104} INFO - [2021-02-23 10:25:27,121] {dagbag.py:448} INFO - Filling up the DagBag from /home/airflow/.local/lib/python3.6/site-packages/airflow/example_dags/example_task_group.py
[2021-02-23 10:25:27,997] {scheduler_job.py:639} INFO - DAG(s) dict_keys(['example_task_group']) retrieved from /home/airflow/.local/lib/python3.6/site-packages/airflow/example_dags/example_task_group.py
[2021-02-23 10:25:36,988] {logging_mixin.py:104} INFO - [2021-02-23 10:25:36,988] {dag.py:1818} INFO - Sync 1 DAGs
[2021-02-23 10:25:37,156] {logging_mixin.py:104} INFO - [2021-02-23 10:25:37,156] {dag.py:2273} INFO - Setting next_dagrun for example_task_group to 2021-02-21 00:00:00+00:00
[2021-02-23 10:25:37,240] {scheduler_job.py:190} INFO - Processing /home/airflow/.local/lib/python3.6/site-packages/airflow/example_dags/example_task_group.py took 10.292 seconds
[2021-02-23 10:26:11,779] {scheduler_job.py:182} INFO - Started process (PID=200) to work on /home/airflow/.local/lib/python3.6/site-packages/airflow/example_dags/example_task_group.py
[2021-02-23 10:26:11,922] {scheduler_job.py:629} INFO - Processing file /home/airflow/.local/lib/python3.6/site-packages/airflow/example_dags/example_task_group.py for tasks to queue
[2021-02-23 10:26:12,284] {logging_mixin.py:104} INFO - [2021-02-23 10:26:12,135] {dagbag.py:448} INFO - Filling up the DagBag from /home/airflow/.local/lib/python3.6/site-packages/airflow/example_dags/example_task_group.py
[2021-02-23 10:26:21,402] {scheduler_job.py:639} INFO - DAG(s) dict_keys(['example_task_group']) retrieved from /home/airflow/.local/lib/python3.6/site-packages/airflow/example_dags/example_task_group.py
[2021-02-23 10:26:27,496] {logging_mixin.py:104} INFO - [2021-02-23 10:26:27,488] {dag.py:1818} INFO - Sync 1 DAGs
[2021-02-23 10:26:27,672] {logging_mixin.py:104} INFO - [2021-02-23 10:26:27,671] {dag.py:2273} INFO - Setting next_dagrun for example_task_group to 2021-02-21 00:00:00+00:00
[2021-02-23 10:26:27,715] {scheduler_job.py:190} INFO - Processing /home/airflow/.local/lib/python3.6/site-packages/airflow/example_dags/example_task_group.py took 16.248 seconds
[2021-02-23 10:27:11,730] {scheduler_job.py:182} INFO - Started process (PID=228) to work on /home/airflow/.local/lib/python3.6/site-packages/airflow/example_dags/example_task_group.py
[2021-02-23 10:27:11,737] {scheduler_job.py:629} INFO - Processing file /home/airflow/.local/lib/python3.6/site-packages/airflow/example_dags/example_task_group.py for tasks to queue
[2021-02-23 10:27:11,746] {logging_mixin.py:104} INFO - [2021-02-23 10:27:11,746] {dagbag.py:448} INFO - Filling up the DagBag from /home/airflow/.local/lib/python3.6/site-packages/airflow/example_dags/example_task_group.py
[2021-02-23 10:27:11,853] {scheduler_job.py:639} INFO - DAG(s) dict_keys(['example_task_group']) retrieved from /home/airflow/.local/lib/python3.6/site-packages/airflow/example_dags/example_task_group.py
[2021-02-23 10:27:11,931] {logging_mixin.py:104} INFO - [2021-02-23 10:27:11,930] {dag.py:1818} INFO - Sync 1 DAGs
[2021-02-23 10:27:12,006] {logging_mixin.py:104} INFO - [2021-02-23 10:27:12,005] {dag.py:2273} INFO - Setting next_dagrun for example_task_group to 2021-02-21 00:00:00+00:00
[2021-02-23 10:27:12,053] {scheduler_job.py:190} INFO - Processing /home/airflow/.local/lib/python3.6/site-packages/airflow/example_dags/example_task_group.py took 0.340 seconds
[2021-02-23 10:31:58,059] {scheduler_job.py:182} INFO - Started process (PID=22) to work on /home/airflow/.local/lib/python3.6/site-packages/airflow/example_dags/example_task_group.py
[2021-02-23 10:31:58,097] {scheduler_job.py:629} INFO - Processing file /home/airflow/.local/lib/python3.6/site-packages/airflow/example_dags/example_task_group.py for tasks to queue
[2021-02-23 10:31:58,131] {logging_mixin.py:104} INFO - [2021-02-23 10:31:58,131] {dagbag.py:448} INFO - Filling up the DagBag from /home/airflow/.local/lib/python3.6/site-packages/airflow/example_dags/example_task_group.py
[2021-02-23 10:31:58,375] {scheduler_job.py:639} INFO - DAG(s) dict_keys(['example_task_group']) retrieved from /home/airflow/.local/lib/python3.6/site-packages/airflow/example_dags/example_task_group.py
[2021-02-23 10:31:58,557] {logging_mixin.py:104} INFO - [2021-02-23 10:31:58,557] {dag.py:1818} INFO - Sync 1 DAGs
[2021-02-23 10:31:58,672] {logging_mixin.py:104} INFO - [2021-02-23 10:31:58,672] {dag.py:2273} INFO - Setting next_dagrun for example_task_group to 2021-02-21 00:00:00+00:00
[2021-02-23 10:31:58,761] {scheduler_job.py:190} INFO - Processing /home/airflow/.local/lib/python3.6/site-packages/airflow/example_dags/example_task_group.py took 0.859 seconds
[2021-02-23 10:32:29,420] {scheduler_job.py:182} INFO - Started process (PID=49) to work on /home/airflow/.local/lib/python3.6/site-packages/airflow/example_dags/example_task_group.py
[2021-02-23 10:32:29,431] {scheduler_job.py:629} INFO - Processing file /home/airflow/.local/lib/python3.6/site-packages/airflow/example_dags/example_task_group.py for tasks to queue
[2021-02-23 10:32:29,439] {logging_mixin.py:104} INFO - [2021-02-23 10:32:29,437] {dagbag.py:448} INFO - Filling up the DagBag from /home/airflow/.local/lib/python3.6/site-packages/airflow/example_dags/example_task_group.py
[2021-02-23 10:32:29,574] {scheduler_job.py:639} INFO - DAG(s) dict_keys(['example_task_group']) retrieved from /home/airflow/.local/lib/python3.6/site-packages/airflow/example_dags/example_task_group.py
[2021-02-23 10:32:29,849] {logging_mixin.py:104} INFO - [2021-02-23 10:32:29,849] {dag.py:1818} INFO - Sync 1 DAGs
[2021-02-23 10:32:29,976] {logging_mixin.py:104} INFO - [2021-02-23 10:32:29,976] {dag.py:2273} INFO - Setting next_dagrun for example_task_group to 2021-02-21 00:00:00+00:00
[2021-02-23 10:32:30,024] {scheduler_job.py:190} INFO - Processing /home/airflow/.local/lib/python3.6/site-packages/airflow/example_dags/example_task_group.py took 0.639 seconds
[2021-02-23 10:33:00,769] {scheduler_job.py:182} INFO - Started process (PID=76) to work on /home/airflow/.local/lib/python3.6/site-packages/airflow/example_dags/example_task_group.py
[2021-02-23 10:33:00,792] {scheduler_job.py:629} INFO - Processing file /home/airflow/.local/lib/python3.6/site-packages/airflow/example_dags/example_task_group.py for tasks to queue
[2021-02-23 10:33:00,807] {logging_mixin.py:104} INFO - [2021-02-23 10:33:00,806] {dagbag.py:448} INFO - Filling up the DagBag from /home/airflow/.local/lib/python3.6/site-packages/airflow/example_dags/example_task_group.py
[2021-02-23 10:33:01,038] {scheduler_job.py:639} INFO - DAG(s) dict_keys(['example_task_group']) retrieved from /home/airflow/.local/lib/python3.6/site-packages/airflow/example_dags/example_task_group.py
[2021-02-23 10:33:01,281] {logging_mixin.py:104} INFO - [2021-02-23 10:33:01,281] {dag.py:1818} INFO - Sync 1 DAGs
[2021-02-23 10:33:01,464] {logging_mixin.py:104} INFO - [2021-02-23 10:33:01,460] {dag.py:2273} INFO - Setting next_dagrun for example_task_group to 2021-02-21 00:00:00+00:00
[2021-02-23 10:33:01,547] {scheduler_job.py:190} INFO - Processing /home/airflow/.local/lib/python3.6/site-packages/airflow/example_dags/example_task_group.py took 0.839 seconds
[2021-02-23 10:33:31,756] {scheduler_job.py:182} INFO - Started process (PID=103) to work on /home/airflow/.local/lib/python3.6/site-packages/airflow/example_dags/example_task_group.py
[2021-02-23 10:33:31,764] {scheduler_job.py:629} INFO - Processing file /home/airflow/.local/lib/python3.6/site-packages/airflow/example_dags/example_task_group.py for tasks to queue
[2021-02-23 10:33:31,766] {logging_mixin.py:104} INFO - [2021-02-23 10:33:31,766] {dagbag.py:448} INFO - Filling up the DagBag from /home/airflow/.local/lib/python3.6/site-packages/airflow/example_dags/example_task_group.py
[2021-02-23 10:33:31,827] {scheduler_job.py:639} INFO - DAG(s) dict_keys(['example_task_group']) retrieved from /home/airflow/.local/lib/python3.6/site-packages/airflow/example_dags/example_task_group.py
[2021-02-23 10:33:31,929] {logging_mixin.py:104} INFO - [2021-02-23 10:33:31,929] {dag.py:1818} INFO - Sync 1 DAGs
[2021-02-23 10:33:32,010] {logging_mixin.py:104} INFO - [2021-02-23 10:33:32,010] {dag.py:2273} INFO - Setting next_dagrun for example_task_group to 2021-02-21 00:00:00+00:00
[2021-02-23 10:33:32,070] {scheduler_job.py:190} INFO - Processing /home/airflow/.local/lib/python3.6/site-packages/airflow/example_dags/example_task_group.py took 0.338 seconds
[2021-02-23 10:34:03,003] {scheduler_job.py:182} INFO - Started process (PID=130) to work on /home/airflow/.local/lib/python3.6/site-packages/airflow/example_dags/example_task_group.py
[2021-02-23 10:34:03,006] {scheduler_job.py:629} INFO - Processing file /home/airflow/.local/lib/python3.6/site-packages/airflow/example_dags/example_task_group.py for tasks to queue
[2021-02-23 10:34:03,013] {logging_mixin.py:104} INFO - [2021-02-23 10:34:03,013] {dagbag.py:448} INFO - Filling up the DagBag from /home/airflow/.local/lib/python3.6/site-packages/airflow/example_dags/example_task_group.py
[2021-02-23 10:34:03,136] {scheduler_job.py:639} INFO - DAG(s) dict_keys(['example_task_group']) retrieved from /home/airflow/.local/lib/python3.6/site-packages/airflow/example_dags/example_task_group.py
[2021-02-23 10:34:03,226] {logging_mixin.py:104} INFO - [2021-02-23 10:34:03,226] {dag.py:1818} INFO - Sync 1 DAGs
[2021-02-23 10:34:03,295] {logging_mixin.py:104} INFO - [2021-02-23 10:34:03,295] {dag.py:2273} INFO - Setting next_dagrun for example_task_group to 2021-02-21 00:00:00+00:00
[2021-02-23 10:34:03,351] {scheduler_job.py:190} INFO - Processing /home/airflow/.local/lib/python3.6/site-packages/airflow/example_dags/example_task_group.py took 0.372 seconds
[2021-02-23 10:34:33,953] {scheduler_job.py:182} INFO - Started process (PID=157) to work on /home/airflow/.local/lib/python3.6/site-packages/airflow/example_dags/example_task_group.py
[2021-02-23 10:34:33,958] {scheduler_job.py:629} INFO - Processing file /home/airflow/.local/lib/python3.6/site-packages/airflow/example_dags/example_task_group.py for tasks to queue
[2021-02-23 10:34:33,968] {logging_mixin.py:104} INFO - [2021-02-23 10:34:33,967] {dagbag.py:448} INFO - Filling up the DagBag from /home/airflow/.local/lib/python3.6/site-packages/airflow/example_dags/example_task_group.py
[2021-02-23 10:34:34,080] {scheduler_job.py:639} INFO - DAG(s) dict_keys(['example_task_group']) retrieved from /home/airflow/.local/lib/python3.6/site-packages/airflow/example_dags/example_task_group.py
[2021-02-23 10:34:34,190] {logging_mixin.py:104} INFO - [2021-02-23 10:34:34,190] {dag.py:1818} INFO - Sync 1 DAGs
[2021-02-23 10:34:34,271] {logging_mixin.py:104} INFO - [2021-02-23 10:34:34,271] {dag.py:2273} INFO - Setting next_dagrun for example_task_group to 2021-02-21 00:00:00+00:00
[2021-02-23 10:34:34,310] {scheduler_job.py:190} INFO - Processing /home/airflow/.local/lib/python3.6/site-packages/airflow/example_dags/example_task_group.py took 0.379 seconds
[2021-02-23 10:35:05,084] {scheduler_job.py:182} INFO - Started process (PID=184) to work on /home/airflow/.local/lib/python3.6/site-packages/airflow/example_dags/example_task_group.py
[2021-02-23 10:35:05,092] {scheduler_job.py:629} INFO - Processing file /home/airflow/.local/lib/python3.6/site-packages/airflow/example_dags/example_task_group.py for tasks to queue
[2021-02-23 10:35:05,097] {logging_mixin.py:104} INFO - [2021-02-23 10:35:05,096] {dagbag.py:448} INFO - Filling up the DagBag from /home/airflow/.local/lib/python3.6/site-packages/airflow/example_dags/example_task_group.py
[2021-02-23 10:35:05,214] {scheduler_job.py:639} INFO - DAG(s) dict_keys(['example_task_group']) retrieved from /home/airflow/.local/lib/python3.6/site-packages/airflow/example_dags/example_task_group.py
[2021-02-23 10:35:05,303] {logging_mixin.py:104} INFO - [2021-02-23 10:35:05,302] {dag.py:1818} INFO - Sync 1 DAGs
[2021-02-23 10:35:05,437] {logging_mixin.py:104} INFO - [2021-02-23 10:35:05,437] {dag.py:2273} INFO - Setting next_dagrun for example_task_group to 2021-02-21 00:00:00+00:00
[2021-02-23 10:35:05,491] {scheduler_job.py:190} INFO - Processing /home/airflow/.local/lib/python3.6/site-packages/airflow/example_dags/example_task_group.py took 0.425 seconds
[2021-02-23 10:35:36,571] {scheduler_job.py:182} INFO - Started process (PID=211) to work on /home/airflow/.local/lib/python3.6/site-packages/airflow/example_dags/example_task_group.py
[2021-02-23 10:35:36,599] {scheduler_job.py:629} INFO - Processing file /home/airflow/.local/lib/python3.6/site-packages/airflow/example_dags/example_task_group.py for tasks to queue
[2021-02-23 10:35:36,604] {logging_mixin.py:104} INFO - [2021-02-23 10:35:36,602] {dagbag.py:448} INFO - Filling up the DagBag from /home/airflow/.local/lib/python3.6/site-packages/airflow/example_dags/example_task_group.py
[2021-02-23 10:35:36,965] {scheduler_job.py:639} INFO - DAG(s) dict_keys(['example_task_group']) retrieved from /home/airflow/.local/lib/python3.6/site-packages/airflow/example_dags/example_task_group.py
[2021-02-23 10:35:37,314] {logging_mixin.py:104} INFO - [2021-02-23 10:35:37,314] {dag.py:1818} INFO - Sync 1 DAGs
[2021-02-23 10:35:37,398] {logging_mixin.py:104} INFO - [2021-02-23 10:35:37,398] {dag.py:2273} INFO - Setting next_dagrun for example_task_group to 2021-02-21 00:00:00+00:00
[2021-02-23 10:35:37,436] {scheduler_job.py:190} INFO - Processing /home/airflow/.local/lib/python3.6/site-packages/airflow/example_dags/example_task_group.py took 0.907 seconds
[2021-02-23 10:36:07,935] {scheduler_job.py:182} INFO - Started process (PID=238) to work on /home/airflow/.local/lib/python3.6/site-packages/airflow/example_dags/example_task_group.py
[2021-02-23 10:36:07,951] {scheduler_job.py:629} INFO - Processing file /home/airflow/.local/lib/python3.6/site-packages/airflow/example_dags/example_task_group.py for tasks to queue
[2021-02-23 10:36:07,959] {logging_mixin.py:104} INFO - [2021-02-23 10:36:07,959] {dagbag.py:448} INFO - Filling up the DagBag from /home/airflow/.local/lib/python3.6/site-packages/airflow/example_dags/example_task_group.py
[2021-02-23 10:36:08,113] {scheduler_job.py:639} INFO - DAG(s) dict_keys(['example_task_group']) retrieved from /home/airflow/.local/lib/python3.6/site-packages/airflow/example_dags/example_task_group.py
[2021-02-23 10:36:08,218] {logging_mixin.py:104} INFO - [2021-02-23 10:36:08,217] {dag.py:1818} INFO - Sync 1 DAGs
[2021-02-23 10:36:08,287] {logging_mixin.py:104} INFO - [2021-02-23 10:36:08,287] {dag.py:2273} INFO - Setting next_dagrun for example_task_group to 2021-02-21 00:00:00+00:00
[2021-02-23 10:36:08,344] {scheduler_job.py:190} INFO - Processing /home/airflow/.local/lib/python3.6/site-packages/airflow/example_dags/example_task_group.py took 0.442 seconds
[2021-02-23 10:36:39,288] {scheduler_job.py:182} INFO - Started process (PID=265) to work on /home/airflow/.local/lib/python3.6/site-packages/airflow/example_dags/example_task_group.py
[2021-02-23 10:36:39,295] {scheduler_job.py:629} INFO - Processing file /home/airflow/.local/lib/python3.6/site-packages/airflow/example_dags/example_task_group.py for tasks to queue
[2021-02-23 10:36:39,299] {logging_mixin.py:104} INFO - [2021-02-23 10:36:39,299] {dagbag.py:448} INFO - Filling up the DagBag from /home/airflow/.local/lib/python3.6/site-packages/airflow/example_dags/example_task_group.py
[2021-02-23 10:36:39,361] {scheduler_job.py:639} INFO - DAG(s) dict_keys(['example_task_group']) retrieved from /home/airflow/.local/lib/python3.6/site-packages/airflow/example_dags/example_task_group.py
[2021-02-23 10:36:39,421] {logging_mixin.py:104} INFO - [2021-02-23 10:36:39,421] {dag.py:1818} INFO - Sync 1 DAGs
[2021-02-23 10:36:39,509] {logging_mixin.py:104} INFO - [2021-02-23 10:36:39,508] {dag.py:2273} INFO - Setting next_dagrun for example_task_group to 2021-02-21 00:00:00+00:00
[2021-02-23 10:36:39,567] {scheduler_job.py:190} INFO - Processing /home/airflow/.local/lib/python3.6/site-packages/airflow/example_dags/example_task_group.py took 0.284 seconds
[2021-02-23 10:37:38,052] {scheduler_job.py:182} INFO - Started process (PID=27) to work on /home/airflow/.local/lib/python3.6/site-packages/airflow/example_dags/example_task_group.py
[2021-02-23 10:37:38,054] {scheduler_job.py:629} INFO - Processing file /home/airflow/.local/lib/python3.6/site-packages/airflow/example_dags/example_task_group.py for tasks to queue
[2021-02-23 10:37:38,055] {logging_mixin.py:104} INFO - [2021-02-23 10:37:38,055] {dagbag.py:448} INFO - Filling up the DagBag from /home/airflow/.local/lib/python3.6/site-packages/airflow/example_dags/example_task_group.py
[2021-02-23 10:37:38,072] {scheduler_job.py:639} INFO - DAG(s) dict_keys(['example_task_group']) retrieved from /home/airflow/.local/lib/python3.6/site-packages/airflow/example_dags/example_task_group.py
[2021-02-23 10:37:38,100] {logging_mixin.py:104} INFO - [2021-02-23 10:37:38,100] {dag.py:1818} INFO - Sync 1 DAGs
[2021-02-23 10:37:38,118] {logging_mixin.py:104} INFO - [2021-02-23 10:37:38,118] {dag.py:2273} INFO - Setting next_dagrun for example_task_group to 2021-02-21 00:00:00+00:00
[2021-02-23 10:37:38,130] {scheduler_job.py:190} INFO - Processing /home/airflow/.local/lib/python3.6/site-packages/airflow/example_dags/example_task_group.py took 0.084 seconds
[2021-02-23 10:38:09,199] {scheduler_job.py:182} INFO - Started process (PID=54) to work on /home/airflow/.local/lib/python3.6/site-packages/airflow/example_dags/example_task_group.py
[2021-02-23 10:38:09,204] {scheduler_job.py:629} INFO - Processing file /home/airflow/.local/lib/python3.6/site-packages/airflow/example_dags/example_task_group.py for tasks to queue
[2021-02-23 10:38:09,206] {logging_mixin.py:104} INFO - [2021-02-23 10:38:09,205] {dagbag.py:448} INFO - Filling up the DagBag from /home/airflow/.local/lib/python3.6/site-packages/airflow/example_dags/example_task_group.py
[2021-02-23 10:38:09,231] {scheduler_job.py:639} INFO - DAG(s) dict_keys(['example_task_group']) retrieved from /home/airflow/.local/lib/python3.6/site-packages/airflow/example_dags/example_task_group.py
[2021-02-23 10:38:09,283] {logging_mixin.py:104} INFO - [2021-02-23 10:38:09,283] {dag.py:1818} INFO - Sync 1 DAGs
[2021-02-23 10:38:09,322] {logging_mixin.py:104} INFO - [2021-02-23 10:38:09,321] {dag.py:2273} INFO - Setting next_dagrun for example_task_group to 2021-02-21 00:00:00+00:00
[2021-02-23 10:38:09,343] {scheduler_job.py:190} INFO - Processing /home/airflow/.local/lib/python3.6/site-packages/airflow/example_dags/example_task_group.py took 0.150 seconds
