[2021-02-23 10:15:08,637] {scheduler_job.py:182} INFO - Started process (PID=19) to work on /home/airflow/.local/lib/python3.6/site-packages/airflow/example_dags/example_bash_operator.py
[2021-02-23 10:15:08,645] {scheduler_job.py:629} INFO - Processing file /home/airflow/.local/lib/python3.6/site-packages/airflow/example_dags/example_bash_operator.py for tasks to queue
[2021-02-23 10:15:08,666] {logging_mixin.py:104} INFO - [2021-02-23 10:15:08,657] {dagbag.py:448} INFO - Filling up the DagBag from /home/airflow/.local/lib/python3.6/site-packages/airflow/example_dags/example_bash_operator.py
[2021-02-23 10:15:08,786] {scheduler_job.py:639} INFO - DAG(s) dict_keys(['example_bash_operator']) retrieved from /home/airflow/.local/lib/python3.6/site-packages/airflow/example_dags/example_bash_operator.py
[2021-02-23 10:15:08,908] {logging_mixin.py:104} INFO - [2021-02-23 10:15:08,908] {dag.py:1818} INFO - Sync 1 DAGs
[2021-02-23 10:15:08,943] {logging_mixin.py:104} INFO - [2021-02-23 10:15:08,943] {dag.py:1837} INFO - Creating ORM DAG for example_bash_operator
[2021-02-23 10:15:09,009] {logging_mixin.py:104} INFO - [2021-02-23 10:15:09,009] {dag.py:2273} INFO - Setting next_dagrun for example_bash_operator to 2021-02-21 00:00:00+00:00
[2021-02-23 10:15:09,113] {scheduler_job.py:190} INFO - Processing /home/airflow/.local/lib/python3.6/site-packages/airflow/example_dags/example_bash_operator.py took 0.527 seconds
[2021-02-23 10:15:40,142] {scheduler_job.py:182} INFO - Started process (PID=46) to work on /home/airflow/.local/lib/python3.6/site-packages/airflow/example_dags/example_bash_operator.py
[2021-02-23 10:15:40,192] {scheduler_job.py:629} INFO - Processing file /home/airflow/.local/lib/python3.6/site-packages/airflow/example_dags/example_bash_operator.py for tasks to queue
[2021-02-23 10:15:40,263] {logging_mixin.py:104} INFO - [2021-02-23 10:15:40,262] {dagbag.py:448} INFO - Filling up the DagBag from /home/airflow/.local/lib/python3.6/site-packages/airflow/example_dags/example_bash_operator.py
[2021-02-23 10:15:41,036] {scheduler_job.py:639} INFO - DAG(s) dict_keys(['example_bash_operator']) retrieved from /home/airflow/.local/lib/python3.6/site-packages/airflow/example_dags/example_bash_operator.py
[2021-02-23 10:16:46,791] {scheduler_job.py:182} INFO - Started process (PID=49) to work on /home/airflow/.local/lib/python3.6/site-packages/airflow/example_dags/example_bash_operator.py
[2021-02-23 10:16:46,812] {scheduler_job.py:629} INFO - Processing file /home/airflow/.local/lib/python3.6/site-packages/airflow/example_dags/example_bash_operator.py for tasks to queue
[2021-02-23 10:16:46,817] {logging_mixin.py:104} INFO - [2021-02-23 10:16:46,817] {dagbag.py:448} INFO - Filling up the DagBag from /home/airflow/.local/lib/python3.6/site-packages/airflow/example_dags/example_bash_operator.py
[2021-02-23 10:16:47,250] {scheduler_job.py:639} INFO - DAG(s) dict_keys(['example_bash_operator']) retrieved from /home/airflow/.local/lib/python3.6/site-packages/airflow/example_dags/example_bash_operator.py
[2021-02-23 10:16:47,443] {logging_mixin.py:104} INFO - [2021-02-23 10:16:47,442] {dag.py:1818} INFO - Sync 1 DAGs
[2021-02-23 10:16:47,635] {logging_mixin.py:104} INFO - [2021-02-23 10:16:47,629] {dag.py:2273} INFO - Setting next_dagrun for example_bash_operator to 2021-02-21 00:00:00+00:00
[2021-02-23 10:16:47,729] {scheduler_job.py:190} INFO - Processing /home/airflow/.local/lib/python3.6/site-packages/airflow/example_dags/example_bash_operator.py took 1.005 seconds
[2021-02-23 10:17:18,524] {scheduler_job.py:182} INFO - Started process (PID=76) to work on /home/airflow/.local/lib/python3.6/site-packages/airflow/example_dags/example_bash_operator.py
[2021-02-23 10:17:18,528] {scheduler_job.py:629} INFO - Processing file /home/airflow/.local/lib/python3.6/site-packages/airflow/example_dags/example_bash_operator.py for tasks to queue
[2021-02-23 10:17:18,531] {logging_mixin.py:104} INFO - [2021-02-23 10:17:18,531] {dagbag.py:448} INFO - Filling up the DagBag from /home/airflow/.local/lib/python3.6/site-packages/airflow/example_dags/example_bash_operator.py
[2021-02-23 10:17:18,567] {scheduler_job.py:639} INFO - DAG(s) dict_keys(['example_bash_operator']) retrieved from /home/airflow/.local/lib/python3.6/site-packages/airflow/example_dags/example_bash_operator.py
[2021-02-23 10:17:18,666] {logging_mixin.py:104} INFO - [2021-02-23 10:17:18,662] {dag.py:1818} INFO - Sync 1 DAGs
[2021-02-23 10:17:18,726] {logging_mixin.py:104} INFO - [2021-02-23 10:17:18,726] {dag.py:2273} INFO - Setting next_dagrun for example_bash_operator to 2021-02-21 00:00:00+00:00
[2021-02-23 10:17:18,764] {scheduler_job.py:190} INFO - Processing /home/airflow/.local/lib/python3.6/site-packages/airflow/example_dags/example_bash_operator.py took 0.252 seconds
[2021-02-23 10:17:49,158] {scheduler_job.py:182} INFO - Started process (PID=103) to work on /home/airflow/.local/lib/python3.6/site-packages/airflow/example_dags/example_bash_operator.py
[2021-02-23 10:17:49,160] {scheduler_job.py:629} INFO - Processing file /home/airflow/.local/lib/python3.6/site-packages/airflow/example_dags/example_bash_operator.py for tasks to queue
[2021-02-23 10:17:49,161] {logging_mixin.py:104} INFO - [2021-02-23 10:17:49,161] {dagbag.py:448} INFO - Filling up the DagBag from /home/airflow/.local/lib/python3.6/site-packages/airflow/example_dags/example_bash_operator.py
[2021-02-23 10:17:49,240] {scheduler_job.py:639} INFO - DAG(s) dict_keys(['example_bash_operator']) retrieved from /home/airflow/.local/lib/python3.6/site-packages/airflow/example_dags/example_bash_operator.py
[2021-02-23 10:17:49,404] {logging_mixin.py:104} INFO - [2021-02-23 10:17:49,404] {dag.py:1818} INFO - Sync 1 DAGs
[2021-02-23 10:17:49,540] {logging_mixin.py:104} INFO - [2021-02-23 10:17:49,540] {dag.py:2273} INFO - Setting next_dagrun for example_bash_operator to 2021-02-21 00:00:00+00:00
[2021-02-23 10:17:49,623] {scheduler_job.py:190} INFO - Processing /home/airflow/.local/lib/python3.6/site-packages/airflow/example_dags/example_bash_operator.py took 0.470 seconds
[2021-02-23 10:18:19,805] {scheduler_job.py:182} INFO - Started process (PID=130) to work on /home/airflow/.local/lib/python3.6/site-packages/airflow/example_dags/example_bash_operator.py
[2021-02-23 10:18:19,810] {scheduler_job.py:629} INFO - Processing file /home/airflow/.local/lib/python3.6/site-packages/airflow/example_dags/example_bash_operator.py for tasks to queue
[2021-02-23 10:18:19,813] {logging_mixin.py:104} INFO - [2021-02-23 10:18:19,813] {dagbag.py:448} INFO - Filling up the DagBag from /home/airflow/.local/lib/python3.6/site-packages/airflow/example_dags/example_bash_operator.py
[2021-02-23 10:18:19,885] {scheduler_job.py:639} INFO - DAG(s) dict_keys(['example_bash_operator']) retrieved from /home/airflow/.local/lib/python3.6/site-packages/airflow/example_dags/example_bash_operator.py
[2021-02-23 10:18:19,924] {logging_mixin.py:104} INFO - [2021-02-23 10:18:19,924] {dag.py:1818} INFO - Sync 1 DAGs
[2021-02-23 10:18:19,958] {logging_mixin.py:104} INFO - [2021-02-23 10:18:19,958] {dag.py:2273} INFO - Setting next_dagrun for example_bash_operator to 2021-02-21 00:00:00+00:00
[2021-02-23 10:18:19,980] {scheduler_job.py:190} INFO - Processing /home/airflow/.local/lib/python3.6/site-packages/airflow/example_dags/example_bash_operator.py took 0.183 seconds
[2021-02-23 10:18:50,565] {scheduler_job.py:182} INFO - Started process (PID=157) to work on /home/airflow/.local/lib/python3.6/site-packages/airflow/example_dags/example_bash_operator.py
[2021-02-23 10:18:50,571] {scheduler_job.py:629} INFO - Processing file /home/airflow/.local/lib/python3.6/site-packages/airflow/example_dags/example_bash_operator.py for tasks to queue
[2021-02-23 10:18:50,581] {logging_mixin.py:104} INFO - [2021-02-23 10:18:50,580] {dagbag.py:448} INFO - Filling up the DagBag from /home/airflow/.local/lib/python3.6/site-packages/airflow/example_dags/example_bash_operator.py
[2021-02-23 10:18:50,673] {scheduler_job.py:639} INFO - DAG(s) dict_keys(['example_bash_operator']) retrieved from /home/airflow/.local/lib/python3.6/site-packages/airflow/example_dags/example_bash_operator.py
[2021-02-23 10:18:50,979] {logging_mixin.py:104} INFO - [2021-02-23 10:18:50,962] {dag.py:1818} INFO - Sync 1 DAGs
[2021-02-23 10:18:51,130] {logging_mixin.py:104} INFO - [2021-02-23 10:18:51,119] {dag.py:2273} INFO - Setting next_dagrun for example_bash_operator to 2021-02-21 00:00:00+00:00
[2021-02-23 10:18:51,215] {scheduler_job.py:190} INFO - Processing /home/airflow/.local/lib/python3.6/site-packages/airflow/example_dags/example_bash_operator.py took 0.667 seconds
[2021-02-23 10:19:22,135] {scheduler_job.py:182} INFO - Started process (PID=185) to work on /home/airflow/.local/lib/python3.6/site-packages/airflow/example_dags/example_bash_operator.py
[2021-02-23 10:19:22,145] {scheduler_job.py:629} INFO - Processing file /home/airflow/.local/lib/python3.6/site-packages/airflow/example_dags/example_bash_operator.py for tasks to queue
[2021-02-23 10:19:22,154] {logging_mixin.py:104} INFO - [2021-02-23 10:19:22,152] {dagbag.py:448} INFO - Filling up the DagBag from /home/airflow/.local/lib/python3.6/site-packages/airflow/example_dags/example_bash_operator.py
[2021-02-23 10:19:22,192] {scheduler_job.py:639} INFO - DAG(s) dict_keys(['example_bash_operator']) retrieved from /home/airflow/.local/lib/python3.6/site-packages/airflow/example_dags/example_bash_operator.py
[2021-02-23 10:19:22,236] {logging_mixin.py:104} INFO - [2021-02-23 10:19:22,236] {dag.py:1818} INFO - Sync 1 DAGs
[2021-02-23 10:19:22,265] {logging_mixin.py:104} INFO - [2021-02-23 10:19:22,265] {dag.py:1837} INFO - Creating ORM DAG for example_bash_operator
[2021-02-23 10:19:22,359] {logging_mixin.py:104} INFO - [2021-02-23 10:19:22,359] {dag.py:2273} INFO - Setting next_dagrun for example_bash_operator to 2021-02-21 00:00:00+00:00
[2021-02-23 10:19:22,493] {scheduler_job.py:190} INFO - Processing /home/airflow/.local/lib/python3.6/site-packages/airflow/example_dags/example_bash_operator.py took 0.371 seconds
[2021-02-23 10:19:52,902] {scheduler_job.py:182} INFO - Started process (PID=211) to work on /home/airflow/.local/lib/python3.6/site-packages/airflow/example_dags/example_bash_operator.py
[2021-02-23 10:19:52,908] {scheduler_job.py:629} INFO - Processing file /home/airflow/.local/lib/python3.6/site-packages/airflow/example_dags/example_bash_operator.py for tasks to queue
[2021-02-23 10:19:52,911] {logging_mixin.py:104} INFO - [2021-02-23 10:19:52,910] {dagbag.py:448} INFO - Filling up the DagBag from /home/airflow/.local/lib/python3.6/site-packages/airflow/example_dags/example_bash_operator.py
[2021-02-23 10:19:52,934] {scheduler_job.py:639} INFO - DAG(s) dict_keys(['example_bash_operator']) retrieved from /home/airflow/.local/lib/python3.6/site-packages/airflow/example_dags/example_bash_operator.py
[2021-02-23 10:19:52,966] {logging_mixin.py:104} INFO - [2021-02-23 10:19:52,966] {dag.py:1818} INFO - Sync 1 DAGs
[2021-02-23 10:19:52,982] {logging_mixin.py:104} INFO - [2021-02-23 10:19:52,982] {dag.py:1837} INFO - Creating ORM DAG for example_bash_operator
[2021-02-23 10:19:52,997] {logging_mixin.py:104} INFO - [2021-02-23 10:19:52,996] {dag.py:2273} INFO - Setting next_dagrun for example_bash_operator to 2021-02-21 00:00:00+00:00
[2021-02-23 10:19:53,017] {scheduler_job.py:190} INFO - Processing /home/airflow/.local/lib/python3.6/site-packages/airflow/example_dags/example_bash_operator.py took 0.128 seconds
[2021-02-23 10:20:23,848] {scheduler_job.py:182} INFO - Started process (PID=238) to work on /home/airflow/.local/lib/python3.6/site-packages/airflow/example_dags/example_bash_operator.py
[2021-02-23 10:20:23,852] {scheduler_job.py:629} INFO - Processing file /home/airflow/.local/lib/python3.6/site-packages/airflow/example_dags/example_bash_operator.py for tasks to queue
[2021-02-23 10:20:23,859] {logging_mixin.py:104} INFO - [2021-02-23 10:20:23,859] {dagbag.py:448} INFO - Filling up the DagBag from /home/airflow/.local/lib/python3.6/site-packages/airflow/example_dags/example_bash_operator.py
[2021-02-23 10:20:24,024] {scheduler_job.py:639} INFO - DAG(s) dict_keys(['example_bash_operator']) retrieved from /home/airflow/.local/lib/python3.6/site-packages/airflow/example_dags/example_bash_operator.py
[2021-02-23 10:20:24,109] {logging_mixin.py:104} INFO - [2021-02-23 10:20:24,109] {dag.py:1818} INFO - Sync 1 DAGs
[2021-02-23 10:20:24,164] {logging_mixin.py:104} INFO - [2021-02-23 10:20:24,164] {dag.py:2273} INFO - Setting next_dagrun for example_bash_operator to 2021-02-21 00:00:00+00:00
[2021-02-23 10:20:24,205] {scheduler_job.py:190} INFO - Processing /home/airflow/.local/lib/python3.6/site-packages/airflow/example_dags/example_bash_operator.py took 0.371 seconds
[2021-02-23 10:20:55,177] {scheduler_job.py:182} INFO - Started process (PID=265) to work on /home/airflow/.local/lib/python3.6/site-packages/airflow/example_dags/example_bash_operator.py
[2021-02-23 10:20:55,191] {scheduler_job.py:629} INFO - Processing file /home/airflow/.local/lib/python3.6/site-packages/airflow/example_dags/example_bash_operator.py for tasks to queue
[2021-02-23 10:20:55,195] {logging_mixin.py:104} INFO - [2021-02-23 10:20:55,195] {dagbag.py:448} INFO - Filling up the DagBag from /home/airflow/.local/lib/python3.6/site-packages/airflow/example_dags/example_bash_operator.py
[2021-02-23 10:20:55,240] {scheduler_job.py:639} INFO - DAG(s) dict_keys(['example_bash_operator']) retrieved from /home/airflow/.local/lib/python3.6/site-packages/airflow/example_dags/example_bash_operator.py
[2021-02-23 10:20:55,356] {logging_mixin.py:104} INFO - [2021-02-23 10:20:55,355] {dag.py:1818} INFO - Sync 1 DAGs
[2021-02-23 10:20:55,421] {logging_mixin.py:104} INFO - [2021-02-23 10:20:55,420] {dag.py:1837} INFO - Creating ORM DAG for example_bash_operator
[2021-02-23 10:20:55,476] {logging_mixin.py:104} INFO - [2021-02-23 10:20:55,475] {dag.py:2273} INFO - Setting next_dagrun for example_bash_operator to 2021-02-21 00:00:00+00:00
[2021-02-23 10:20:55,511] {scheduler_job.py:190} INFO - Processing /home/airflow/.local/lib/python3.6/site-packages/airflow/example_dags/example_bash_operator.py took 0.339 seconds
[2021-02-23 10:22:38,639] {scheduler_job.py:182} INFO - Started process (PID=41) to work on /home/airflow/.local/lib/python3.6/site-packages/airflow/example_dags/example_bash_operator.py
[2021-02-23 10:22:38,643] {scheduler_job.py:629} INFO - Processing file /home/airflow/.local/lib/python3.6/site-packages/airflow/example_dags/example_bash_operator.py for tasks to queue
[2021-02-23 10:22:38,654] {logging_mixin.py:104} INFO - [2021-02-23 10:22:38,654] {dagbag.py:448} INFO - Filling up the DagBag from /home/airflow/.local/lib/python3.6/site-packages/airflow/example_dags/example_bash_operator.py
[2021-02-23 10:22:38,778] {scheduler_job.py:639} INFO - DAG(s) dict_keys(['example_bash_operator']) retrieved from /home/airflow/.local/lib/python3.6/site-packages/airflow/example_dags/example_bash_operator.py
[2021-02-23 10:22:38,929] {logging_mixin.py:104} INFO - [2021-02-23 10:22:38,929] {dag.py:1818} INFO - Sync 1 DAGs
[2021-02-23 10:22:39,182] {logging_mixin.py:104} INFO - [2021-02-23 10:22:39,173] {dag.py:2273} INFO - Setting next_dagrun for example_bash_operator to 2021-02-21 00:00:00+00:00
[2021-02-23 10:22:39,247] {scheduler_job.py:190} INFO - Processing /home/airflow/.local/lib/python3.6/site-packages/airflow/example_dags/example_bash_operator.py took 0.643 seconds
[2021-02-23 10:23:17,949] {scheduler_job.py:182} INFO - Started process (PID=73) to work on /home/airflow/.local/lib/python3.6/site-packages/airflow/example_dags/example_bash_operator.py
[2021-02-23 10:23:17,954] {scheduler_job.py:629} INFO - Processing file /home/airflow/.local/lib/python3.6/site-packages/airflow/example_dags/example_bash_operator.py for tasks to queue
[2021-02-23 10:23:17,960] {logging_mixin.py:104} INFO - [2021-02-23 10:23:17,960] {dagbag.py:448} INFO - Filling up the DagBag from /home/airflow/.local/lib/python3.6/site-packages/airflow/example_dags/example_bash_operator.py
[2021-02-23 10:23:18,137] {scheduler_job.py:639} INFO - DAG(s) dict_keys(['example_bash_operator']) retrieved from /home/airflow/.local/lib/python3.6/site-packages/airflow/example_dags/example_bash_operator.py
[2021-02-23 10:23:18,451] {logging_mixin.py:104} INFO - [2021-02-23 10:23:18,451] {dag.py:1818} INFO - Sync 1 DAGs
[2021-02-23 10:23:18,934] {logging_mixin.py:104} INFO - [2021-02-23 10:23:18,934] {dag.py:2273} INFO - Setting next_dagrun for example_bash_operator to 2021-02-21 00:00:00+00:00
[2021-02-23 10:23:21,780] {scheduler_job.py:190} INFO - Processing /home/airflow/.local/lib/python3.6/site-packages/airflow/example_dags/example_bash_operator.py took 3.852 seconds
[2021-02-23 10:23:53,143] {scheduler_job.py:182} INFO - Started process (PID=100) to work on /home/airflow/.local/lib/python3.6/site-packages/airflow/example_dags/example_bash_operator.py
[2021-02-23 10:23:53,148] {scheduler_job.py:629} INFO - Processing file /home/airflow/.local/lib/python3.6/site-packages/airflow/example_dags/example_bash_operator.py for tasks to queue
[2021-02-23 10:23:53,150] {logging_mixin.py:104} INFO - [2021-02-23 10:23:53,149] {dagbag.py:448} INFO - Filling up the DagBag from /home/airflow/.local/lib/python3.6/site-packages/airflow/example_dags/example_bash_operator.py
[2021-02-23 10:23:53,274] {scheduler_job.py:639} INFO - DAG(s) dict_keys(['example_bash_operator']) retrieved from /home/airflow/.local/lib/python3.6/site-packages/airflow/example_dags/example_bash_operator.py
[2021-02-23 10:23:53,390] {logging_mixin.py:104} INFO - [2021-02-23 10:23:53,390] {dag.py:1818} INFO - Sync 1 DAGs
[2021-02-23 10:23:53,505] {logging_mixin.py:104} INFO - [2021-02-23 10:23:53,505] {dag.py:2273} INFO - Setting next_dagrun for example_bash_operator to 2021-02-21 00:00:00+00:00
[2021-02-23 10:23:53,564] {scheduler_job.py:190} INFO - Processing /home/airflow/.local/lib/python3.6/site-packages/airflow/example_dags/example_bash_operator.py took 0.440 seconds
[2021-02-23 10:24:27,393] {scheduler_job.py:182} INFO - Started process (PID=127) to work on /home/airflow/.local/lib/python3.6/site-packages/airflow/example_dags/example_bash_operator.py
[2021-02-23 10:24:27,408] {scheduler_job.py:629} INFO - Processing file /home/airflow/.local/lib/python3.6/site-packages/airflow/example_dags/example_bash_operator.py for tasks to queue
[2021-02-23 10:24:27,413] {logging_mixin.py:104} INFO - [2021-02-23 10:24:27,411] {dagbag.py:448} INFO - Filling up the DagBag from /home/airflow/.local/lib/python3.6/site-packages/airflow/example_dags/example_bash_operator.py
[2021-02-23 10:24:27,553] {scheduler_job.py:639} INFO - DAG(s) dict_keys(['example_bash_operator']) retrieved from /home/airflow/.local/lib/python3.6/site-packages/airflow/example_dags/example_bash_operator.py
[2021-02-23 10:24:28,420] {logging_mixin.py:104} INFO - [2021-02-23 10:24:28,401] {dag.py:1818} INFO - Sync 1 DAGs
[2021-02-23 10:24:29,559] {logging_mixin.py:104} INFO - [2021-02-23 10:24:29,559] {dag.py:2273} INFO - Setting next_dagrun for example_bash_operator to 2021-02-21 00:00:00+00:00
[2021-02-23 10:24:29,676] {scheduler_job.py:190} INFO - Processing /home/airflow/.local/lib/python3.6/site-packages/airflow/example_dags/example_bash_operator.py took 2.306 seconds
[2021-02-23 10:24:59,804] {scheduler_job.py:182} INFO - Started process (PID=154) to work on /home/airflow/.local/lib/python3.6/site-packages/airflow/example_dags/example_bash_operator.py
[2021-02-23 10:24:59,813] {scheduler_job.py:629} INFO - Processing file /home/airflow/.local/lib/python3.6/site-packages/airflow/example_dags/example_bash_operator.py for tasks to queue
[2021-02-23 10:24:59,818] {logging_mixin.py:104} INFO - [2021-02-23 10:24:59,818] {dagbag.py:448} INFO - Filling up the DagBag from /home/airflow/.local/lib/python3.6/site-packages/airflow/example_dags/example_bash_operator.py
[2021-02-23 10:24:59,896] {scheduler_job.py:639} INFO - DAG(s) dict_keys(['example_bash_operator']) retrieved from /home/airflow/.local/lib/python3.6/site-packages/airflow/example_dags/example_bash_operator.py
[2021-02-23 10:24:59,992] {logging_mixin.py:104} INFO - [2021-02-23 10:24:59,991] {dag.py:1818} INFO - Sync 1 DAGs
[2021-02-23 10:25:00,087] {logging_mixin.py:104} INFO - [2021-02-23 10:25:00,087] {dag.py:2273} INFO - Setting next_dagrun for example_bash_operator to 2021-02-21 00:00:00+00:00
[2021-02-23 10:25:00,109] {scheduler_job.py:190} INFO - Processing /home/airflow/.local/lib/python3.6/site-packages/airflow/example_dags/example_bash_operator.py took 0.327 seconds
[2021-02-23 10:25:37,974] {scheduler_job.py:182} INFO - Started process (PID=178) to work on /home/airflow/.local/lib/python3.6/site-packages/airflow/example_dags/example_bash_operator.py
[2021-02-23 10:25:37,981] {scheduler_job.py:629} INFO - Processing file /home/airflow/.local/lib/python3.6/site-packages/airflow/example_dags/example_bash_operator.py for tasks to queue
[2021-02-23 10:25:37,984] {logging_mixin.py:104} INFO - [2021-02-23 10:25:37,984] {dagbag.py:448} INFO - Filling up the DagBag from /home/airflow/.local/lib/python3.6/site-packages/airflow/example_dags/example_bash_operator.py
[2021-02-23 10:25:38,052] {scheduler_job.py:639} INFO - DAG(s) dict_keys(['example_bash_operator']) retrieved from /home/airflow/.local/lib/python3.6/site-packages/airflow/example_dags/example_bash_operator.py
[2021-02-23 10:25:38,188] {logging_mixin.py:104} INFO - [2021-02-23 10:25:38,188] {dag.py:1818} INFO - Sync 1 DAGs
[2021-02-23 10:25:38,292] {logging_mixin.py:104} INFO - [2021-02-23 10:25:38,292] {dag.py:2273} INFO - Setting next_dagrun for example_bash_operator to 2021-02-21 00:00:00+00:00
[2021-02-23 10:25:38,342] {scheduler_job.py:190} INFO - Processing /home/airflow/.local/lib/python3.6/site-packages/airflow/example_dags/example_bash_operator.py took 0.378 seconds
[2021-02-23 10:26:31,408] {scheduler_job.py:182} INFO - Started process (PID=217) to work on /home/airflow/.local/lib/python3.6/site-packages/airflow/example_dags/example_bash_operator.py
[2021-02-23 10:26:31,414] {scheduler_job.py:629} INFO - Processing file /home/airflow/.local/lib/python3.6/site-packages/airflow/example_dags/example_bash_operator.py for tasks to queue
[2021-02-23 10:26:31,415] {logging_mixin.py:104} INFO - [2021-02-23 10:26:31,415] {dagbag.py:448} INFO - Filling up the DagBag from /home/airflow/.local/lib/python3.6/site-packages/airflow/example_dags/example_bash_operator.py
[2021-02-23 10:26:31,490] {scheduler_job.py:639} INFO - DAG(s) dict_keys(['example_bash_operator']) retrieved from /home/airflow/.local/lib/python3.6/site-packages/airflow/example_dags/example_bash_operator.py
[2021-02-23 10:26:31,570] {logging_mixin.py:104} INFO - [2021-02-23 10:26:31,569] {dag.py:1818} INFO - Sync 1 DAGs
[2021-02-23 10:26:31,664] {logging_mixin.py:104} INFO - [2021-02-23 10:26:31,664] {dag.py:2273} INFO - Setting next_dagrun for example_bash_operator to 2021-02-21 00:00:00+00:00
[2021-02-23 10:26:31,773] {scheduler_job.py:190} INFO - Processing /home/airflow/.local/lib/python3.6/site-packages/airflow/example_dags/example_bash_operator.py took 0.384 seconds
[2021-02-23 10:27:15,514] {scheduler_job.py:182} INFO - Started process (PID=244) to work on /home/airflow/.local/lib/python3.6/site-packages/airflow/example_dags/example_bash_operator.py
[2021-02-23 10:27:15,518] {scheduler_job.py:629} INFO - Processing file /home/airflow/.local/lib/python3.6/site-packages/airflow/example_dags/example_bash_operator.py for tasks to queue
[2021-02-23 10:27:15,520] {logging_mixin.py:104} INFO - [2021-02-23 10:27:15,520] {dagbag.py:448} INFO - Filling up the DagBag from /home/airflow/.local/lib/python3.6/site-packages/airflow/example_dags/example_bash_operator.py
[2021-02-23 10:27:15,591] {scheduler_job.py:639} INFO - DAG(s) dict_keys(['example_bash_operator']) retrieved from /home/airflow/.local/lib/python3.6/site-packages/airflow/example_dags/example_bash_operator.py
[2021-02-23 10:27:15,681] {logging_mixin.py:104} INFO - [2021-02-23 10:27:15,681] {dag.py:1818} INFO - Sync 1 DAGs
[2021-02-23 10:27:15,784] {logging_mixin.py:104} INFO - [2021-02-23 10:27:15,784] {dag.py:2273} INFO - Setting next_dagrun for example_bash_operator to 2021-02-21 00:00:00+00:00
[2021-02-23 10:27:15,838] {scheduler_job.py:190} INFO - Processing /home/airflow/.local/lib/python3.6/site-packages/airflow/example_dags/example_bash_operator.py took 0.347 seconds
[2021-02-23 10:31:02,496] {scheduler_job.py:182} INFO - Started process (PID=19) to work on /home/airflow/.local/lib/python3.6/site-packages/airflow/example_dags/example_bash_operator.py
[2021-02-23 10:31:02,532] {scheduler_job.py:629} INFO - Processing file /home/airflow/.local/lib/python3.6/site-packages/airflow/example_dags/example_bash_operator.py for tasks to queue
[2021-02-23 10:31:02,547] {logging_mixin.py:104} INFO - [2021-02-23 10:31:02,547] {dagbag.py:448} INFO - Filling up the DagBag from /home/airflow/.local/lib/python3.6/site-packages/airflow/example_dags/example_bash_operator.py
[2021-02-23 10:31:03,403] {scheduler_job.py:639} INFO - DAG(s) dict_keys(['example_bash_operator']) retrieved from /home/airflow/.local/lib/python3.6/site-packages/airflow/example_dags/example_bash_operator.py
[2021-02-23 10:31:03,935] {logging_mixin.py:104} INFO - [2021-02-23 10:31:03,927] {dag.py:1818} INFO - Sync 1 DAGs
[2021-02-23 10:31:04,457] {logging_mixin.py:104} INFO - [2021-02-23 10:31:04,457] {dag.py:2273} INFO - Setting next_dagrun for example_bash_operator to 2021-02-21 00:00:00+00:00
[2021-02-23 10:31:04,614] {scheduler_job.py:190} INFO - Processing /home/airflow/.local/lib/python3.6/site-packages/airflow/example_dags/example_bash_operator.py took 2.227 seconds
[2021-02-23 10:32:07,232] {scheduler_job.py:182} INFO - Started process (PID=38) to work on /home/airflow/.local/lib/python3.6/site-packages/airflow/example_dags/example_bash_operator.py
[2021-02-23 10:32:07,250] {scheduler_job.py:629} INFO - Processing file /home/airflow/.local/lib/python3.6/site-packages/airflow/example_dags/example_bash_operator.py for tasks to queue
[2021-02-23 10:32:07,254] {logging_mixin.py:104} INFO - [2021-02-23 10:32:07,254] {dagbag.py:448} INFO - Filling up the DagBag from /home/airflow/.local/lib/python3.6/site-packages/airflow/example_dags/example_bash_operator.py
[2021-02-23 10:32:07,391] {scheduler_job.py:639} INFO - DAG(s) dict_keys(['example_bash_operator']) retrieved from /home/airflow/.local/lib/python3.6/site-packages/airflow/example_dags/example_bash_operator.py
[2021-02-23 10:32:07,567] {logging_mixin.py:104} INFO - [2021-02-23 10:32:07,567] {dag.py:1818} INFO - Sync 1 DAGs
[2021-02-23 10:32:07,767] {logging_mixin.py:104} INFO - [2021-02-23 10:32:07,767] {dag.py:2273} INFO - Setting next_dagrun for example_bash_operator to 2021-02-21 00:00:00+00:00
[2021-02-23 10:32:07,851] {scheduler_job.py:190} INFO - Processing /home/airflow/.local/lib/python3.6/site-packages/airflow/example_dags/example_bash_operator.py took 0.677 seconds
[2021-02-23 10:32:38,167] {scheduler_job.py:182} INFO - Started process (PID=65) to work on /home/airflow/.local/lib/python3.6/site-packages/airflow/example_dags/example_bash_operator.py
[2021-02-23 10:32:38,188] {scheduler_job.py:629} INFO - Processing file /home/airflow/.local/lib/python3.6/site-packages/airflow/example_dags/example_bash_operator.py for tasks to queue
[2021-02-23 10:32:38,205] {logging_mixin.py:104} INFO - [2021-02-23 10:32:38,202] {dagbag.py:448} INFO - Filling up the DagBag from /home/airflow/.local/lib/python3.6/site-packages/airflow/example_dags/example_bash_operator.py
[2021-02-23 10:32:38,402] {scheduler_job.py:639} INFO - DAG(s) dict_keys(['example_bash_operator']) retrieved from /home/airflow/.local/lib/python3.6/site-packages/airflow/example_dags/example_bash_operator.py
[2021-02-23 10:32:38,626] {logging_mixin.py:104} INFO - [2021-02-23 10:32:38,619] {dag.py:1818} INFO - Sync 1 DAGs
[2021-02-23 10:32:39,232] {logging_mixin.py:104} INFO - [2021-02-23 10:32:39,232] {dag.py:2273} INFO - Setting next_dagrun for example_bash_operator to 2021-02-21 00:00:00+00:00
[2021-02-23 10:32:39,335] {scheduler_job.py:190} INFO - Processing /home/airflow/.local/lib/python3.6/site-packages/airflow/example_dags/example_bash_operator.py took 1.243 seconds
[2021-02-23 10:33:09,838] {scheduler_job.py:182} INFO - Started process (PID=92) to work on /home/airflow/.local/lib/python3.6/site-packages/airflow/example_dags/example_bash_operator.py
[2021-02-23 10:33:09,846] {scheduler_job.py:629} INFO - Processing file /home/airflow/.local/lib/python3.6/site-packages/airflow/example_dags/example_bash_operator.py for tasks to queue
[2021-02-23 10:33:09,849] {logging_mixin.py:104} INFO - [2021-02-23 10:33:09,849] {dagbag.py:448} INFO - Filling up the DagBag from /home/airflow/.local/lib/python3.6/site-packages/airflow/example_dags/example_bash_operator.py
[2021-02-23 10:33:09,908] {scheduler_job.py:639} INFO - DAG(s) dict_keys(['example_bash_operator']) retrieved from /home/airflow/.local/lib/python3.6/site-packages/airflow/example_dags/example_bash_operator.py
[2021-02-23 10:33:10,001] {logging_mixin.py:104} INFO - [2021-02-23 10:33:10,001] {dag.py:1818} INFO - Sync 1 DAGs
[2021-02-23 10:33:10,125] {logging_mixin.py:104} INFO - [2021-02-23 10:33:10,123] {dag.py:2273} INFO - Setting next_dagrun for example_bash_operator to 2021-02-21 00:00:00+00:00
[2021-02-23 10:33:10,164] {scheduler_job.py:190} INFO - Processing /home/airflow/.local/lib/python3.6/site-packages/airflow/example_dags/example_bash_operator.py took 0.342 seconds
[2021-02-23 10:33:41,109] {scheduler_job.py:182} INFO - Started process (PID=120) to work on /home/airflow/.local/lib/python3.6/site-packages/airflow/example_dags/example_bash_operator.py
[2021-02-23 10:33:41,111] {scheduler_job.py:629} INFO - Processing file /home/airflow/.local/lib/python3.6/site-packages/airflow/example_dags/example_bash_operator.py for tasks to queue
[2021-02-23 10:33:41,113] {logging_mixin.py:104} INFO - [2021-02-23 10:33:41,113] {dagbag.py:448} INFO - Filling up the DagBag from /home/airflow/.local/lib/python3.6/site-packages/airflow/example_dags/example_bash_operator.py
[2021-02-23 10:33:41,143] {scheduler_job.py:639} INFO - DAG(s) dict_keys(['example_bash_operator']) retrieved from /home/airflow/.local/lib/python3.6/site-packages/airflow/example_dags/example_bash_operator.py
[2021-02-23 10:33:41,207] {logging_mixin.py:104} INFO - [2021-02-23 10:33:41,206] {dag.py:1818} INFO - Sync 1 DAGs
[2021-02-23 10:33:41,255] {logging_mixin.py:104} INFO - [2021-02-23 10:33:41,255] {dag.py:2273} INFO - Setting next_dagrun for example_bash_operator to 2021-02-21 00:00:00+00:00
[2021-02-23 10:33:41,293] {scheduler_job.py:190} INFO - Processing /home/airflow/.local/lib/python3.6/site-packages/airflow/example_dags/example_bash_operator.py took 0.190 seconds
[2021-02-23 10:34:11,578] {scheduler_job.py:182} INFO - Started process (PID=147) to work on /home/airflow/.local/lib/python3.6/site-packages/airflow/example_dags/example_bash_operator.py
[2021-02-23 10:34:11,581] {scheduler_job.py:629} INFO - Processing file /home/airflow/.local/lib/python3.6/site-packages/airflow/example_dags/example_bash_operator.py for tasks to queue
[2021-02-23 10:34:11,582] {logging_mixin.py:104} INFO - [2021-02-23 10:34:11,582] {dagbag.py:448} INFO - Filling up the DagBag from /home/airflow/.local/lib/python3.6/site-packages/airflow/example_dags/example_bash_operator.py
[2021-02-23 10:34:11,597] {scheduler_job.py:639} INFO - DAG(s) dict_keys(['example_bash_operator']) retrieved from /home/airflow/.local/lib/python3.6/site-packages/airflow/example_dags/example_bash_operator.py
[2021-02-23 10:34:11,619] {logging_mixin.py:104} INFO - [2021-02-23 10:34:11,619] {dag.py:1818} INFO - Sync 1 DAGs
[2021-02-23 10:34:11,640] {logging_mixin.py:104} INFO - [2021-02-23 10:34:11,640] {dag.py:2273} INFO - Setting next_dagrun for example_bash_operator to 2021-02-21 00:00:00+00:00
[2021-02-23 10:34:11,650] {scheduler_job.py:190} INFO - Processing /home/airflow/.local/lib/python3.6/site-packages/airflow/example_dags/example_bash_operator.py took 0.076 seconds
[2021-02-23 10:34:42,668] {scheduler_job.py:182} INFO - Started process (PID=174) to work on /home/airflow/.local/lib/python3.6/site-packages/airflow/example_dags/example_bash_operator.py
[2021-02-23 10:34:42,681] {scheduler_job.py:629} INFO - Processing file /home/airflow/.local/lib/python3.6/site-packages/airflow/example_dags/example_bash_operator.py for tasks to queue
[2021-02-23 10:34:42,687] {logging_mixin.py:104} INFO - [2021-02-23 10:34:42,686] {dagbag.py:448} INFO - Filling up the DagBag from /home/airflow/.local/lib/python3.6/site-packages/airflow/example_dags/example_bash_operator.py
[2021-02-23 10:34:42,769] {scheduler_job.py:639} INFO - DAG(s) dict_keys(['example_bash_operator']) retrieved from /home/airflow/.local/lib/python3.6/site-packages/airflow/example_dags/example_bash_operator.py
[2021-02-23 10:34:42,867] {logging_mixin.py:104} INFO - [2021-02-23 10:34:42,867] {dag.py:1818} INFO - Sync 1 DAGs
[2021-02-23 10:34:42,922] {logging_mixin.py:104} INFO - [2021-02-23 10:34:42,922] {dag.py:2273} INFO - Setting next_dagrun for example_bash_operator to 2021-02-21 00:00:00+00:00
[2021-02-23 10:34:42,933] {scheduler_job.py:190} INFO - Processing /home/airflow/.local/lib/python3.6/site-packages/airflow/example_dags/example_bash_operator.py took 0.278 seconds
[2021-02-23 10:35:14,115] {scheduler_job.py:182} INFO - Started process (PID=204) to work on /home/airflow/.local/lib/python3.6/site-packages/airflow/example_dags/example_bash_operator.py
[2021-02-23 10:35:14,118] {scheduler_job.py:629} INFO - Processing file /home/airflow/.local/lib/python3.6/site-packages/airflow/example_dags/example_bash_operator.py for tasks to queue
[2021-02-23 10:35:14,121] {logging_mixin.py:104} INFO - [2021-02-23 10:35:14,121] {dagbag.py:448} INFO - Filling up the DagBag from /home/airflow/.local/lib/python3.6/site-packages/airflow/example_dags/example_bash_operator.py
[2021-02-23 10:35:14,213] {scheduler_job.py:639} INFO - DAG(s) dict_keys(['example_bash_operator']) retrieved from /home/airflow/.local/lib/python3.6/site-packages/airflow/example_dags/example_bash_operator.py
[2021-02-23 10:35:14,331] {logging_mixin.py:104} INFO - [2021-02-23 10:35:14,331] {dag.py:1818} INFO - Sync 1 DAGs
[2021-02-23 10:35:14,454] {logging_mixin.py:104} INFO - [2021-02-23 10:35:14,454] {dag.py:2273} INFO - Setting next_dagrun for example_bash_operator to 2021-02-21 00:00:00+00:00
[2021-02-23 10:35:14,485] {scheduler_job.py:190} INFO - Processing /home/airflow/.local/lib/python3.6/site-packages/airflow/example_dags/example_bash_operator.py took 0.385 seconds
[2021-02-23 10:35:45,394] {scheduler_job.py:182} INFO - Started process (PID=231) to work on /home/airflow/.local/lib/python3.6/site-packages/airflow/example_dags/example_bash_operator.py
[2021-02-23 10:35:45,399] {scheduler_job.py:629} INFO - Processing file /home/airflow/.local/lib/python3.6/site-packages/airflow/example_dags/example_bash_operator.py for tasks to queue
[2021-02-23 10:35:45,401] {logging_mixin.py:104} INFO - [2021-02-23 10:35:45,401] {dagbag.py:448} INFO - Filling up the DagBag from /home/airflow/.local/lib/python3.6/site-packages/airflow/example_dags/example_bash_operator.py
[2021-02-23 10:35:45,446] {scheduler_job.py:639} INFO - DAG(s) dict_keys(['example_bash_operator']) retrieved from /home/airflow/.local/lib/python3.6/site-packages/airflow/example_dags/example_bash_operator.py
[2021-02-23 10:35:45,491] {logging_mixin.py:104} INFO - [2021-02-23 10:35:45,491] {dag.py:1818} INFO - Sync 1 DAGs
[2021-02-23 10:35:45,539] {logging_mixin.py:104} INFO - [2021-02-23 10:35:45,539] {dag.py:2273} INFO - Setting next_dagrun for example_bash_operator to 2021-02-21 00:00:00+00:00
[2021-02-23 10:35:45,566] {scheduler_job.py:190} INFO - Processing /home/airflow/.local/lib/python3.6/site-packages/airflow/example_dags/example_bash_operator.py took 0.181 seconds
[2021-02-23 10:36:16,080] {scheduler_job.py:182} INFO - Started process (PID=258) to work on /home/airflow/.local/lib/python3.6/site-packages/airflow/example_dags/example_bash_operator.py
[2021-02-23 10:36:16,085] {scheduler_job.py:629} INFO - Processing file /home/airflow/.local/lib/python3.6/site-packages/airflow/example_dags/example_bash_operator.py for tasks to queue
[2021-02-23 10:36:16,087] {logging_mixin.py:104} INFO - [2021-02-23 10:36:16,087] {dagbag.py:448} INFO - Filling up the DagBag from /home/airflow/.local/lib/python3.6/site-packages/airflow/example_dags/example_bash_operator.py
[2021-02-23 10:36:16,133] {scheduler_job.py:639} INFO - DAG(s) dict_keys(['example_bash_operator']) retrieved from /home/airflow/.local/lib/python3.6/site-packages/airflow/example_dags/example_bash_operator.py
[2021-02-23 10:36:16,246] {logging_mixin.py:104} INFO - [2021-02-23 10:36:16,246] {dag.py:1818} INFO - Sync 1 DAGs
[2021-02-23 10:36:16,370] {logging_mixin.py:104} INFO - [2021-02-23 10:36:16,357] {dag.py:2273} INFO - Setting next_dagrun for example_bash_operator to 2021-02-21 00:00:00+00:00
[2021-02-23 10:36:16,421] {scheduler_job.py:190} INFO - Processing /home/airflow/.local/lib/python3.6/site-packages/airflow/example_dags/example_bash_operator.py took 0.344 seconds
[2021-02-23 10:36:47,277] {scheduler_job.py:182} INFO - Started process (PID=285) to work on /home/airflow/.local/lib/python3.6/site-packages/airflow/example_dags/example_bash_operator.py
[2021-02-23 10:36:47,284] {scheduler_job.py:629} INFO - Processing file /home/airflow/.local/lib/python3.6/site-packages/airflow/example_dags/example_bash_operator.py for tasks to queue
[2021-02-23 10:36:47,287] {logging_mixin.py:104} INFO - [2021-02-23 10:36:47,287] {dagbag.py:448} INFO - Filling up the DagBag from /home/airflow/.local/lib/python3.6/site-packages/airflow/example_dags/example_bash_operator.py
[2021-02-23 10:36:47,348] {scheduler_job.py:639} INFO - DAG(s) dict_keys(['example_bash_operator']) retrieved from /home/airflow/.local/lib/python3.6/site-packages/airflow/example_dags/example_bash_operator.py
[2021-02-23 10:36:47,393] {logging_mixin.py:104} INFO - [2021-02-23 10:36:47,393] {dag.py:1818} INFO - Sync 1 DAGs
[2021-02-23 10:36:47,441] {logging_mixin.py:104} INFO - [2021-02-23 10:36:47,441] {dag.py:2273} INFO - Setting next_dagrun for example_bash_operator to 2021-02-21 00:00:00+00:00
[2021-02-23 10:36:47,461] {scheduler_job.py:190} INFO - Processing /home/airflow/.local/lib/python3.6/site-packages/airflow/example_dags/example_bash_operator.py took 0.190 seconds
[2021-02-23 10:37:39,385] {scheduler_job.py:182} INFO - Started process (PID=38) to work on /home/airflow/.local/lib/python3.6/site-packages/airflow/example_dags/example_bash_operator.py
[2021-02-23 10:37:39,390] {scheduler_job.py:629} INFO - Processing file /home/airflow/.local/lib/python3.6/site-packages/airflow/example_dags/example_bash_operator.py for tasks to queue
[2021-02-23 10:37:39,397] {logging_mixin.py:104} INFO - [2021-02-23 10:37:39,393] {dagbag.py:448} INFO - Filling up the DagBag from /home/airflow/.local/lib/python3.6/site-packages/airflow/example_dags/example_bash_operator.py
[2021-02-23 10:37:39,469] {scheduler_job.py:639} INFO - DAG(s) dict_keys(['example_bash_operator']) retrieved from /home/airflow/.local/lib/python3.6/site-packages/airflow/example_dags/example_bash_operator.py
[2021-02-23 10:37:39,547] {logging_mixin.py:104} INFO - [2021-02-23 10:37:39,547] {dag.py:1818} INFO - Sync 1 DAGs
[2021-02-23 10:37:39,626] {logging_mixin.py:104} INFO - [2021-02-23 10:37:39,626] {dag.py:2273} INFO - Setting next_dagrun for example_bash_operator to 2021-02-21 00:00:00+00:00
[2021-02-23 10:37:39,644] {scheduler_job.py:190} INFO - Processing /home/airflow/.local/lib/python3.6/site-packages/airflow/example_dags/example_bash_operator.py took 0.269 seconds
[2021-02-23 10:38:10,251] {scheduler_job.py:182} INFO - Started process (PID=65) to work on /home/airflow/.local/lib/python3.6/site-packages/airflow/example_dags/example_bash_operator.py
[2021-02-23 10:38:10,260] {scheduler_job.py:629} INFO - Processing file /home/airflow/.local/lib/python3.6/site-packages/airflow/example_dags/example_bash_operator.py for tasks to queue
[2021-02-23 10:38:10,268] {logging_mixin.py:104} INFO - [2021-02-23 10:38:10,268] {dagbag.py:448} INFO - Filling up the DagBag from /home/airflow/.local/lib/python3.6/site-packages/airflow/example_dags/example_bash_operator.py
[2021-02-23 10:38:10,289] {scheduler_job.py:639} INFO - DAG(s) dict_keys(['example_bash_operator']) retrieved from /home/airflow/.local/lib/python3.6/site-packages/airflow/example_dags/example_bash_operator.py
[2021-02-23 10:38:10,352] {logging_mixin.py:104} INFO - [2021-02-23 10:38:10,352] {dag.py:1818} INFO - Sync 1 DAGs
[2021-02-23 10:38:10,400] {logging_mixin.py:104} INFO - [2021-02-23 10:38:10,400] {dag.py:2273} INFO - Setting next_dagrun for example_bash_operator to 2021-02-21 00:00:00+00:00
[2021-02-23 10:38:10,410] {scheduler_job.py:190} INFO - Processing /home/airflow/.local/lib/python3.6/site-packages/airflow/example_dags/example_bash_operator.py took 0.166 seconds
