[2021-02-23 10:15:16,074] {scheduler_job.py:182} INFO - Started process (PID=44) to work on /home/airflow/.local/lib/python3.6/site-packages/airflow/example_dags/example_latest_only.py
[2021-02-23 10:15:16,077] {scheduler_job.py:629} INFO - Processing file /home/airflow/.local/lib/python3.6/site-packages/airflow/example_dags/example_latest_only.py for tasks to queue
[2021-02-23 10:15:16,080] {logging_mixin.py:104} INFO - [2021-02-23 10:15:16,080] {dagbag.py:448} INFO - Filling up the DagBag from /home/airflow/.local/lib/python3.6/site-packages/airflow/example_dags/example_latest_only.py
[2021-02-23 10:15:16,110] {scheduler_job.py:639} INFO - DAG(s) dict_keys(['latest_only']) retrieved from /home/airflow/.local/lib/python3.6/site-packages/airflow/example_dags/example_latest_only.py
[2021-02-23 10:15:16,164] {logging_mixin.py:104} INFO - [2021-02-23 10:15:16,164] {dag.py:1818} INFO - Sync 1 DAGs
[2021-02-23 10:15:16,200] {logging_mixin.py:104} INFO - [2021-02-23 10:15:16,200] {dag.py:1837} INFO - Creating ORM DAG for latest_only
[2021-02-23 10:15:16,233] {logging_mixin.py:104} INFO - [2021-02-23 10:15:16,233] {dag.py:2273} INFO - Setting next_dagrun for latest_only to 2021-02-21 00:00:00+00:00
[2021-02-23 10:15:16,281] {scheduler_job.py:190} INFO - Processing /home/airflow/.local/lib/python3.6/site-packages/airflow/example_dags/example_latest_only.py took 0.211 seconds
[2021-02-23 10:16:58,966] {scheduler_job.py:182} INFO - Started process (PID=74) to work on /home/airflow/.local/lib/python3.6/site-packages/airflow/example_dags/example_latest_only.py
[2021-02-23 10:16:58,977] {scheduler_job.py:629} INFO - Processing file /home/airflow/.local/lib/python3.6/site-packages/airflow/example_dags/example_latest_only.py for tasks to queue
[2021-02-23 10:16:58,987] {logging_mixin.py:104} INFO - [2021-02-23 10:16:58,985] {dagbag.py:448} INFO - Filling up the DagBag from /home/airflow/.local/lib/python3.6/site-packages/airflow/example_dags/example_latest_only.py
[2021-02-23 10:16:59,050] {scheduler_job.py:639} INFO - DAG(s) dict_keys(['latest_only']) retrieved from /home/airflow/.local/lib/python3.6/site-packages/airflow/example_dags/example_latest_only.py
[2021-02-23 10:16:59,125] {logging_mixin.py:104} INFO - [2021-02-23 10:16:59,125] {dag.py:1818} INFO - Sync 1 DAGs
[2021-02-23 10:16:59,181] {logging_mixin.py:104} INFO - [2021-02-23 10:16:59,181] {dag.py:2273} INFO - Setting next_dagrun for latest_only to 2021-02-21 00:00:00+00:00
[2021-02-23 10:16:59,295] {scheduler_job.py:190} INFO - Processing /home/airflow/.local/lib/python3.6/site-packages/airflow/example_dags/example_latest_only.py took 0.357 seconds
[2021-02-23 10:17:29,476] {scheduler_job.py:182} INFO - Started process (PID=101) to work on /home/airflow/.local/lib/python3.6/site-packages/airflow/example_dags/example_latest_only.py
[2021-02-23 10:17:29,480] {scheduler_job.py:629} INFO - Processing file /home/airflow/.local/lib/python3.6/site-packages/airflow/example_dags/example_latest_only.py for tasks to queue
[2021-02-23 10:17:29,482] {logging_mixin.py:104} INFO - [2021-02-23 10:17:29,482] {dagbag.py:448} INFO - Filling up the DagBag from /home/airflow/.local/lib/python3.6/site-packages/airflow/example_dags/example_latest_only.py
[2021-02-23 10:17:29,511] {scheduler_job.py:639} INFO - DAG(s) dict_keys(['latest_only']) retrieved from /home/airflow/.local/lib/python3.6/site-packages/airflow/example_dags/example_latest_only.py
[2021-02-23 10:17:29,555] {logging_mixin.py:104} INFO - [2021-02-23 10:17:29,554] {dag.py:1818} INFO - Sync 1 DAGs
[2021-02-23 10:17:29,627] {logging_mixin.py:104} INFO - [2021-02-23 10:17:29,627] {dag.py:2273} INFO - Setting next_dagrun for latest_only to 2021-02-21 00:00:00+00:00
[2021-02-23 10:17:29,652] {scheduler_job.py:190} INFO - Processing /home/airflow/.local/lib/python3.6/site-packages/airflow/example_dags/example_latest_only.py took 0.188 seconds
[2021-02-23 10:18:00,730] {scheduler_job.py:182} INFO - Started process (PID=128) to work on /home/airflow/.local/lib/python3.6/site-packages/airflow/example_dags/example_latest_only.py
[2021-02-23 10:18:00,764] {scheduler_job.py:629} INFO - Processing file /home/airflow/.local/lib/python3.6/site-packages/airflow/example_dags/example_latest_only.py for tasks to queue
[2021-02-23 10:18:00,784] {logging_mixin.py:104} INFO - [2021-02-23 10:18:00,783] {dagbag.py:448} INFO - Filling up the DagBag from /home/airflow/.local/lib/python3.6/site-packages/airflow/example_dags/example_latest_only.py
[2021-02-23 10:18:01,008] {scheduler_job.py:639} INFO - DAG(s) dict_keys(['latest_only']) retrieved from /home/airflow/.local/lib/python3.6/site-packages/airflow/example_dags/example_latest_only.py
[2021-02-23 10:18:01,427] {logging_mixin.py:104} INFO - [2021-02-23 10:18:01,427] {dag.py:1818} INFO - Sync 1 DAGs
[2021-02-23 10:18:01,562] {logging_mixin.py:104} INFO - [2021-02-23 10:18:01,562] {dag.py:2273} INFO - Setting next_dagrun for latest_only to 2021-02-21 00:00:00+00:00
[2021-02-23 10:18:01,719] {scheduler_job.py:190} INFO - Processing /home/airflow/.local/lib/python3.6/site-packages/airflow/example_dags/example_latest_only.py took 1.029 seconds
[2021-02-23 10:18:46,733] {scheduler_job.py:182} INFO - Started process (PID=154) to work on /home/airflow/.local/lib/python3.6/site-packages/airflow/example_dags/example_latest_only.py
[2021-02-23 10:18:46,745] {scheduler_job.py:629} INFO - Processing file /home/airflow/.local/lib/python3.6/site-packages/airflow/example_dags/example_latest_only.py for tasks to queue
[2021-02-23 10:18:46,766] {logging_mixin.py:104} INFO - [2021-02-23 10:18:46,766] {dagbag.py:448} INFO - Filling up the DagBag from /home/airflow/.local/lib/python3.6/site-packages/airflow/example_dags/example_latest_only.py
[2021-02-23 10:18:46,938] {scheduler_job.py:639} INFO - DAG(s) dict_keys(['latest_only']) retrieved from /home/airflow/.local/lib/python3.6/site-packages/airflow/example_dags/example_latest_only.py
[2021-02-23 10:18:47,145] {logging_mixin.py:104} INFO - [2021-02-23 10:18:47,144] {dag.py:1818} INFO - Sync 1 DAGs
[2021-02-23 10:18:47,212] {logging_mixin.py:104} INFO - [2021-02-23 10:18:47,211] {dag.py:2273} INFO - Setting next_dagrun for latest_only to 2021-02-21 00:00:00+00:00
[2021-02-23 10:18:47,271] {scheduler_job.py:190} INFO - Processing /home/airflow/.local/lib/python3.6/site-packages/airflow/example_dags/example_latest_only.py took 0.595 seconds
[2021-02-23 10:19:17,820] {scheduler_job.py:182} INFO - Started process (PID=181) to work on /home/airflow/.local/lib/python3.6/site-packages/airflow/example_dags/example_latest_only.py
[2021-02-23 10:19:17,825] {scheduler_job.py:629} INFO - Processing file /home/airflow/.local/lib/python3.6/site-packages/airflow/example_dags/example_latest_only.py for tasks to queue
[2021-02-23 10:19:17,831] {logging_mixin.py:104} INFO - [2021-02-23 10:19:17,830] {dagbag.py:448} INFO - Filling up the DagBag from /home/airflow/.local/lib/python3.6/site-packages/airflow/example_dags/example_latest_only.py
[2021-02-23 10:19:17,857] {scheduler_job.py:639} INFO - DAG(s) dict_keys(['latest_only']) retrieved from /home/airflow/.local/lib/python3.6/site-packages/airflow/example_dags/example_latest_only.py
[2021-02-23 10:19:17,895] {logging_mixin.py:104} INFO - [2021-02-23 10:19:17,895] {dag.py:1818} INFO - Sync 1 DAGs
[2021-02-23 10:19:17,921] {logging_mixin.py:104} INFO - [2021-02-23 10:19:17,921] {dag.py:2273} INFO - Setting next_dagrun for latest_only to 2021-02-21 00:00:00+00:00
[2021-02-23 10:19:17,946] {scheduler_job.py:190} INFO - Processing /home/airflow/.local/lib/python3.6/site-packages/airflow/example_dags/example_latest_only.py took 0.136 seconds
[2021-02-23 10:19:48,571] {scheduler_job.py:182} INFO - Started process (PID=208) to work on /home/airflow/.local/lib/python3.6/site-packages/airflow/example_dags/example_latest_only.py
[2021-02-23 10:19:48,576] {scheduler_job.py:629} INFO - Processing file /home/airflow/.local/lib/python3.6/site-packages/airflow/example_dags/example_latest_only.py for tasks to queue
[2021-02-23 10:19:48,579] {logging_mixin.py:104} INFO - [2021-02-23 10:19:48,579] {dagbag.py:448} INFO - Filling up the DagBag from /home/airflow/.local/lib/python3.6/site-packages/airflow/example_dags/example_latest_only.py
[2021-02-23 10:19:48,609] {scheduler_job.py:639} INFO - DAG(s) dict_keys(['latest_only']) retrieved from /home/airflow/.local/lib/python3.6/site-packages/airflow/example_dags/example_latest_only.py
[2021-02-23 10:19:48,645] {logging_mixin.py:104} INFO - [2021-02-23 10:19:48,645] {dag.py:1818} INFO - Sync 1 DAGs
[2021-02-23 10:19:48,683] {logging_mixin.py:104} INFO - [2021-02-23 10:19:48,683] {dag.py:2273} INFO - Setting next_dagrun for latest_only to 2021-02-21 00:00:00+00:00
[2021-02-23 10:19:48,706] {scheduler_job.py:190} INFO - Processing /home/airflow/.local/lib/python3.6/site-packages/airflow/example_dags/example_latest_only.py took 0.148 seconds
[2021-02-23 10:20:19,324] {scheduler_job.py:182} INFO - Started process (PID=235) to work on /home/airflow/.local/lib/python3.6/site-packages/airflow/example_dags/example_latest_only.py
[2021-02-23 10:20:19,330] {scheduler_job.py:629} INFO - Processing file /home/airflow/.local/lib/python3.6/site-packages/airflow/example_dags/example_latest_only.py for tasks to queue
[2021-02-23 10:20:19,334] {logging_mixin.py:104} INFO - [2021-02-23 10:20:19,333] {dagbag.py:448} INFO - Filling up the DagBag from /home/airflow/.local/lib/python3.6/site-packages/airflow/example_dags/example_latest_only.py
[2021-02-23 10:20:19,360] {scheduler_job.py:639} INFO - DAG(s) dict_keys(['latest_only']) retrieved from /home/airflow/.local/lib/python3.6/site-packages/airflow/example_dags/example_latest_only.py
[2021-02-23 10:20:19,385] {logging_mixin.py:104} INFO - [2021-02-23 10:20:19,385] {dag.py:1818} INFO - Sync 1 DAGs
[2021-02-23 10:20:19,421] {logging_mixin.py:104} INFO - [2021-02-23 10:20:19,421] {dag.py:2273} INFO - Setting next_dagrun for latest_only to 2021-02-21 00:00:00+00:00
[2021-02-23 10:20:19,454] {scheduler_job.py:190} INFO - Processing /home/airflow/.local/lib/python3.6/site-packages/airflow/example_dags/example_latest_only.py took 0.139 seconds
[2021-02-23 10:20:49,891] {scheduler_job.py:182} INFO - Started process (PID=262) to work on /home/airflow/.local/lib/python3.6/site-packages/airflow/example_dags/example_latest_only.py
[2021-02-23 10:20:49,895] {scheduler_job.py:629} INFO - Processing file /home/airflow/.local/lib/python3.6/site-packages/airflow/example_dags/example_latest_only.py for tasks to queue
[2021-02-23 10:20:49,899] {logging_mixin.py:104} INFO - [2021-02-23 10:20:49,898] {dagbag.py:448} INFO - Filling up the DagBag from /home/airflow/.local/lib/python3.6/site-packages/airflow/example_dags/example_latest_only.py
[2021-02-23 10:20:49,923] {scheduler_job.py:639} INFO - DAG(s) dict_keys(['latest_only']) retrieved from /home/airflow/.local/lib/python3.6/site-packages/airflow/example_dags/example_latest_only.py
[2021-02-23 10:20:49,959] {logging_mixin.py:104} INFO - [2021-02-23 10:20:49,959] {dag.py:1818} INFO - Sync 1 DAGs
[2021-02-23 10:20:49,996] {logging_mixin.py:104} INFO - [2021-02-23 10:20:49,996] {dag.py:2273} INFO - Setting next_dagrun for latest_only to 2021-02-21 00:00:00+00:00
[2021-02-23 10:20:50,024] {scheduler_job.py:190} INFO - Processing /home/airflow/.local/lib/python3.6/site-packages/airflow/example_dags/example_latest_only.py took 0.145 seconds
[2021-02-23 10:22:25,828] {scheduler_job.py:182} INFO - Started process (PID=24) to work on /home/airflow/.local/lib/python3.6/site-packages/airflow/example_dags/example_latest_only.py
[2021-02-23 10:22:25,849] {scheduler_job.py:629} INFO - Processing file /home/airflow/.local/lib/python3.6/site-packages/airflow/example_dags/example_latest_only.py for tasks to queue
[2021-02-23 10:22:25,868] {logging_mixin.py:104} INFO - [2021-02-23 10:22:25,867] {dagbag.py:448} INFO - Filling up the DagBag from /home/airflow/.local/lib/python3.6/site-packages/airflow/example_dags/example_latest_only.py
[2021-02-23 10:22:26,410] {scheduler_job.py:639} INFO - DAG(s) dict_keys(['latest_only']) retrieved from /home/airflow/.local/lib/python3.6/site-packages/airflow/example_dags/example_latest_only.py
[2021-02-23 10:22:26,919] {logging_mixin.py:104} INFO - [2021-02-23 10:22:26,919] {dag.py:1818} INFO - Sync 1 DAGs
[2021-02-23 10:22:27,120] {logging_mixin.py:104} INFO - [2021-02-23 10:22:27,120] {dag.py:2273} INFO - Setting next_dagrun for latest_only to 2021-02-21 00:00:00+00:00
[2021-02-23 10:22:27,201] {scheduler_job.py:190} INFO - Processing /home/airflow/.local/lib/python3.6/site-packages/airflow/example_dags/example_latest_only.py took 1.428 seconds
[2021-02-23 10:22:57,788] {scheduler_job.py:182} INFO - Started process (PID=50) to work on /home/airflow/.local/lib/python3.6/site-packages/airflow/example_dags/example_latest_only.py
[2021-02-23 10:22:57,822] {scheduler_job.py:629} INFO - Processing file /home/airflow/.local/lib/python3.6/site-packages/airflow/example_dags/example_latest_only.py for tasks to queue
[2021-02-23 10:22:57,839] {logging_mixin.py:104} INFO - [2021-02-23 10:22:57,839] {dagbag.py:448} INFO - Filling up the DagBag from /home/airflow/.local/lib/python3.6/site-packages/airflow/example_dags/example_latest_only.py
[2021-02-23 10:22:58,086] {scheduler_job.py:639} INFO - DAG(s) dict_keys(['latest_only']) retrieved from /home/airflow/.local/lib/python3.6/site-packages/airflow/example_dags/example_latest_only.py
[2021-02-23 10:22:58,177] {logging_mixin.py:104} INFO - [2021-02-23 10:22:58,177] {dag.py:1818} INFO - Sync 1 DAGs
[2021-02-23 10:22:58,259] {logging_mixin.py:104} INFO - [2021-02-23 10:22:58,258] {dag.py:2273} INFO - Setting next_dagrun for latest_only to 2021-02-21 00:00:00+00:00
[2021-02-23 10:22:58,297] {scheduler_job.py:190} INFO - Processing /home/airflow/.local/lib/python3.6/site-packages/airflow/example_dags/example_latest_only.py took 0.582 seconds
[2021-02-23 10:23:28,641] {scheduler_job.py:182} INFO - Started process (PID=77) to work on /home/airflow/.local/lib/python3.6/site-packages/airflow/example_dags/example_latest_only.py
[2021-02-23 10:23:28,660] {scheduler_job.py:629} INFO - Processing file /home/airflow/.local/lib/python3.6/site-packages/airflow/example_dags/example_latest_only.py for tasks to queue
[2021-02-23 10:23:28,687] {logging_mixin.py:104} INFO - [2021-02-23 10:23:28,684] {dagbag.py:448} INFO - Filling up the DagBag from /home/airflow/.local/lib/python3.6/site-packages/airflow/example_dags/example_latest_only.py
[2021-02-23 10:23:28,829] {scheduler_job.py:639} INFO - DAG(s) dict_keys(['latest_only']) retrieved from /home/airflow/.local/lib/python3.6/site-packages/airflow/example_dags/example_latest_only.py
[2021-02-23 10:23:28,895] {logging_mixin.py:104} INFO - [2021-02-23 10:23:28,895] {dag.py:1818} INFO - Sync 1 DAGs
[2021-02-23 10:23:28,960] {logging_mixin.py:104} INFO - [2021-02-23 10:23:28,960] {dag.py:2273} INFO - Setting next_dagrun for latest_only to 2021-02-21 00:00:00+00:00
[2021-02-23 10:23:29,031] {scheduler_job.py:190} INFO - Processing /home/airflow/.local/lib/python3.6/site-packages/airflow/example_dags/example_latest_only.py took 0.470 seconds
[2021-02-23 10:24:00,014] {scheduler_job.py:182} INFO - Started process (PID=104) to work on /home/airflow/.local/lib/python3.6/site-packages/airflow/example_dags/example_latest_only.py
[2021-02-23 10:24:00,029] {scheduler_job.py:629} INFO - Processing file /home/airflow/.local/lib/python3.6/site-packages/airflow/example_dags/example_latest_only.py for tasks to queue
[2021-02-23 10:24:00,034] {logging_mixin.py:104} INFO - [2021-02-23 10:24:00,034] {dagbag.py:448} INFO - Filling up the DagBag from /home/airflow/.local/lib/python3.6/site-packages/airflow/example_dags/example_latest_only.py
[2021-02-23 10:24:00,104] {scheduler_job.py:639} INFO - DAG(s) dict_keys(['latest_only']) retrieved from /home/airflow/.local/lib/python3.6/site-packages/airflow/example_dags/example_latest_only.py
[2021-02-23 10:24:00,341] {logging_mixin.py:104} INFO - [2021-02-23 10:24:00,338] {dag.py:1818} INFO - Sync 1 DAGs
[2021-02-23 10:24:00,635] {logging_mixin.py:104} INFO - [2021-02-23 10:24:00,631] {dag.py:2273} INFO - Setting next_dagrun for latest_only to 2021-02-21 00:00:00+00:00
[2021-02-23 10:24:00,804] {scheduler_job.py:190} INFO - Processing /home/airflow/.local/lib/python3.6/site-packages/airflow/example_dags/example_latest_only.py took 0.902 seconds
[2021-02-23 10:24:31,461] {scheduler_job.py:182} INFO - Started process (PID=131) to work on /home/airflow/.local/lib/python3.6/site-packages/airflow/example_dags/example_latest_only.py
[2021-02-23 10:24:31,467] {scheduler_job.py:629} INFO - Processing file /home/airflow/.local/lib/python3.6/site-packages/airflow/example_dags/example_latest_only.py for tasks to queue
[2021-02-23 10:24:31,476] {logging_mixin.py:104} INFO - [2021-02-23 10:24:31,476] {dagbag.py:448} INFO - Filling up the DagBag from /home/airflow/.local/lib/python3.6/site-packages/airflow/example_dags/example_latest_only.py
[2021-02-23 10:24:31,594] {scheduler_job.py:639} INFO - DAG(s) dict_keys(['latest_only']) retrieved from /home/airflow/.local/lib/python3.6/site-packages/airflow/example_dags/example_latest_only.py
[2021-02-23 10:24:31,764] {logging_mixin.py:104} INFO - [2021-02-23 10:24:31,764] {dag.py:1818} INFO - Sync 1 DAGs
[2021-02-23 10:24:31,812] {logging_mixin.py:104} INFO - [2021-02-23 10:24:31,811] {dag.py:2273} INFO - Setting next_dagrun for latest_only to 2021-02-21 00:00:00+00:00
[2021-02-23 10:24:31,842] {scheduler_job.py:190} INFO - Processing /home/airflow/.local/lib/python3.6/site-packages/airflow/example_dags/example_latest_only.py took 0.430 seconds
[2021-02-23 10:25:02,995] {scheduler_job.py:182} INFO - Started process (PID=157) to work on /home/airflow/.local/lib/python3.6/site-packages/airflow/example_dags/example_latest_only.py
[2021-02-23 10:25:02,999] {scheduler_job.py:629} INFO - Processing file /home/airflow/.local/lib/python3.6/site-packages/airflow/example_dags/example_latest_only.py for tasks to queue
[2021-02-23 10:25:03,009] {logging_mixin.py:104} INFO - [2021-02-23 10:25:03,009] {dagbag.py:448} INFO - Filling up the DagBag from /home/airflow/.local/lib/python3.6/site-packages/airflow/example_dags/example_latest_only.py
[2021-02-23 10:25:03,078] {scheduler_job.py:639} INFO - DAG(s) dict_keys(['latest_only']) retrieved from /home/airflow/.local/lib/python3.6/site-packages/airflow/example_dags/example_latest_only.py
[2021-02-23 10:25:03,213] {logging_mixin.py:104} INFO - [2021-02-23 10:25:03,212] {dag.py:1818} INFO - Sync 1 DAGs
[2021-02-23 10:25:03,340] {logging_mixin.py:104} INFO - [2021-02-23 10:25:03,340] {dag.py:2273} INFO - Setting next_dagrun for latest_only to 2021-02-21 00:00:00+00:00
[2021-02-23 10:25:03,449] {scheduler_job.py:190} INFO - Processing /home/airflow/.local/lib/python3.6/site-packages/airflow/example_dags/example_latest_only.py took 0.481 seconds
[2021-02-23 10:25:37,774] {scheduler_job.py:182} INFO - Started process (PID=176) to work on /home/airflow/.local/lib/python3.6/site-packages/airflow/example_dags/example_latest_only.py
[2021-02-23 10:25:37,776] {scheduler_job.py:629} INFO - Processing file /home/airflow/.local/lib/python3.6/site-packages/airflow/example_dags/example_latest_only.py for tasks to queue
[2021-02-23 10:25:37,778] {logging_mixin.py:104} INFO - [2021-02-23 10:25:37,777] {dagbag.py:448} INFO - Filling up the DagBag from /home/airflow/.local/lib/python3.6/site-packages/airflow/example_dags/example_latest_only.py
[2021-02-23 10:25:37,805] {scheduler_job.py:639} INFO - DAG(s) dict_keys(['latest_only']) retrieved from /home/airflow/.local/lib/python3.6/site-packages/airflow/example_dags/example_latest_only.py
[2021-02-23 10:25:37,845] {logging_mixin.py:104} INFO - [2021-02-23 10:25:37,845] {dag.py:1818} INFO - Sync 1 DAGs
[2021-02-23 10:25:37,889] {logging_mixin.py:104} INFO - [2021-02-23 10:25:37,889] {dag.py:2273} INFO - Setting next_dagrun for latest_only to 2021-02-21 00:00:00+00:00
[2021-02-23 10:25:37,908] {scheduler_job.py:190} INFO - Processing /home/airflow/.local/lib/python3.6/site-packages/airflow/example_dags/example_latest_only.py took 0.141 seconds
[2021-02-23 10:26:11,673] {scheduler_job.py:182} INFO - Started process (PID=199) to work on /home/airflow/.local/lib/python3.6/site-packages/airflow/example_dags/example_latest_only.py
[2021-02-23 10:26:11,787] {scheduler_job.py:629} INFO - Processing file /home/airflow/.local/lib/python3.6/site-packages/airflow/example_dags/example_latest_only.py for tasks to queue
[2021-02-23 10:26:11,964] {logging_mixin.py:104} INFO - [2021-02-23 10:26:11,896] {dagbag.py:448} INFO - Filling up the DagBag from /home/airflow/.local/lib/python3.6/site-packages/airflow/example_dags/example_latest_only.py
[2021-02-23 10:26:21,409] {scheduler_job.py:639} INFO - DAG(s) dict_keys(['latest_only']) retrieved from /home/airflow/.local/lib/python3.6/site-packages/airflow/example_dags/example_latest_only.py
[2021-02-23 10:26:27,492] {logging_mixin.py:104} INFO - [2021-02-23 10:26:27,492] {dag.py:1818} INFO - Sync 1 DAGs
[2021-02-23 10:26:27,672] {logging_mixin.py:104} INFO - [2021-02-23 10:26:27,672] {dag.py:2273} INFO - Setting next_dagrun for latest_only to 2021-02-21 00:00:00+00:00
[2021-02-23 10:26:27,724] {scheduler_job.py:190} INFO - Processing /home/airflow/.local/lib/python3.6/site-packages/airflow/example_dags/example_latest_only.py took 16.412 seconds
[2021-02-23 10:27:01,736] {scheduler_job.py:182} INFO - Started process (PID=227) to work on /home/airflow/.local/lib/python3.6/site-packages/airflow/example_dags/example_latest_only.py
[2021-02-23 10:27:02,040] {scheduler_job.py:629} INFO - Processing file /home/airflow/.local/lib/python3.6/site-packages/airflow/example_dags/example_latest_only.py for tasks to queue
[2021-02-23 10:27:02,385] {logging_mixin.py:104} INFO - [2021-02-23 10:27:02,310] {dagbag.py:448} INFO - Filling up the DagBag from /home/airflow/.local/lib/python3.6/site-packages/airflow/example_dags/example_latest_only.py
[2021-02-23 10:27:06,292] {scheduler_job.py:639} INFO - DAG(s) dict_keys(['latest_only']) retrieved from /home/airflow/.local/lib/python3.6/site-packages/airflow/example_dags/example_latest_only.py
[2021-02-23 10:27:11,348] {logging_mixin.py:104} INFO - [2021-02-23 10:27:11,347] {dag.py:1818} INFO - Sync 1 DAGs
[2021-02-23 10:27:11,523] {logging_mixin.py:104} INFO - [2021-02-23 10:27:11,522] {dag.py:2273} INFO - Setting next_dagrun for latest_only to 2021-02-21 00:00:00+00:00
[2021-02-23 10:27:11,593] {scheduler_job.py:190} INFO - Processing /home/airflow/.local/lib/python3.6/site-packages/airflow/example_dags/example_latest_only.py took 10.472 seconds
[2021-02-23 10:27:42,614] {scheduler_job.py:182} INFO - Started process (PID=254) to work on /home/airflow/.local/lib/python3.6/site-packages/airflow/example_dags/example_latest_only.py
[2021-02-23 10:27:43,006] {scheduler_job.py:629} INFO - Processing file /home/airflow/.local/lib/python3.6/site-packages/airflow/example_dags/example_latest_only.py for tasks to queue
[2021-02-23 10:27:43,183] {logging_mixin.py:104} INFO - [2021-02-23 10:27:43,160] {dagbag.py:448} INFO - Filling up the DagBag from /home/airflow/.local/lib/python3.6/site-packages/airflow/example_dags/example_latest_only.py
[2021-02-23 10:27:53,955] {logging_mixin.py:104} INFO - [2021-02-23 10:27:53,953] {process_utils.py:206} INFO - Waiting up to 5 seconds for processes to exit...
[2021-02-23 10:32:10,087] {scheduler_job.py:182} INFO - Started process (PID=45) to work on /home/airflow/.local/lib/python3.6/site-packages/airflow/example_dags/example_latest_only.py
[2021-02-23 10:32:10,099] {scheduler_job.py:629} INFO - Processing file /home/airflow/.local/lib/python3.6/site-packages/airflow/example_dags/example_latest_only.py for tasks to queue
[2021-02-23 10:32:10,108] {logging_mixin.py:104} INFO - [2021-02-23 10:32:10,108] {dagbag.py:448} INFO - Filling up the DagBag from /home/airflow/.local/lib/python3.6/site-packages/airflow/example_dags/example_latest_only.py
[2021-02-23 10:32:10,237] {scheduler_job.py:639} INFO - DAG(s) dict_keys(['latest_only']) retrieved from /home/airflow/.local/lib/python3.6/site-packages/airflow/example_dags/example_latest_only.py
[2021-02-23 10:32:10,354] {logging_mixin.py:104} INFO - [2021-02-23 10:32:10,354] {dag.py:1818} INFO - Sync 1 DAGs
[2021-02-23 10:32:10,457] {logging_mixin.py:104} INFO - [2021-02-23 10:32:10,457] {dag.py:2273} INFO - Setting next_dagrun for latest_only to 2021-02-21 00:00:00+00:00
[2021-02-23 10:32:10,523] {scheduler_job.py:190} INFO - Processing /home/airflow/.local/lib/python3.6/site-packages/airflow/example_dags/example_latest_only.py took 0.484 seconds
[2021-02-23 10:32:42,217] {scheduler_job.py:182} INFO - Started process (PID=72) to work on /home/airflow/.local/lib/python3.6/site-packages/airflow/example_dags/example_latest_only.py
[2021-02-23 10:32:42,222] {scheduler_job.py:629} INFO - Processing file /home/airflow/.local/lib/python3.6/site-packages/airflow/example_dags/example_latest_only.py for tasks to queue
[2021-02-23 10:32:42,242] {logging_mixin.py:104} INFO - [2021-02-23 10:32:42,242] {dagbag.py:448} INFO - Filling up the DagBag from /home/airflow/.local/lib/python3.6/site-packages/airflow/example_dags/example_latest_only.py
[2021-02-23 10:32:42,435] {scheduler_job.py:639} INFO - DAG(s) dict_keys(['latest_only']) retrieved from /home/airflow/.local/lib/python3.6/site-packages/airflow/example_dags/example_latest_only.py
[2021-02-23 10:32:42,639] {logging_mixin.py:104} INFO - [2021-02-23 10:32:42,638] {dag.py:1818} INFO - Sync 1 DAGs
[2021-02-23 10:32:42,755] {logging_mixin.py:104} INFO - [2021-02-23 10:32:42,755] {dag.py:2273} INFO - Setting next_dagrun for latest_only to 2021-02-21 00:00:00+00:00
[2021-02-23 10:32:42,808] {scheduler_job.py:190} INFO - Processing /home/airflow/.local/lib/python3.6/site-packages/airflow/example_dags/example_latest_only.py took 0.617 seconds
[2021-02-23 10:33:13,280] {scheduler_job.py:182} INFO - Started process (PID=98) to work on /home/airflow/.local/lib/python3.6/site-packages/airflow/example_dags/example_latest_only.py
[2021-02-23 10:33:13,286] {scheduler_job.py:629} INFO - Processing file /home/airflow/.local/lib/python3.6/site-packages/airflow/example_dags/example_latest_only.py for tasks to queue
[2021-02-23 10:33:13,289] {logging_mixin.py:104} INFO - [2021-02-23 10:33:13,289] {dagbag.py:448} INFO - Filling up the DagBag from /home/airflow/.local/lib/python3.6/site-packages/airflow/example_dags/example_latest_only.py
[2021-02-23 10:33:13,435] {scheduler_job.py:639} INFO - DAG(s) dict_keys(['latest_only']) retrieved from /home/airflow/.local/lib/python3.6/site-packages/airflow/example_dags/example_latest_only.py
[2021-02-23 10:33:13,631] {logging_mixin.py:104} INFO - [2021-02-23 10:33:13,631] {dag.py:1818} INFO - Sync 1 DAGs
[2021-02-23 10:33:13,772] {logging_mixin.py:104} INFO - [2021-02-23 10:33:13,772] {dag.py:2273} INFO - Setting next_dagrun for latest_only to 2021-02-21 00:00:00+00:00
[2021-02-23 10:33:13,848] {scheduler_job.py:190} INFO - Processing /home/airflow/.local/lib/python3.6/site-packages/airflow/example_dags/example_latest_only.py took 0.587 seconds
[2021-02-23 10:33:44,338] {scheduler_job.py:182} INFO - Started process (PID=125) to work on /home/airflow/.local/lib/python3.6/site-packages/airflow/example_dags/example_latest_only.py
[2021-02-23 10:33:44,345] {scheduler_job.py:629} INFO - Processing file /home/airflow/.local/lib/python3.6/site-packages/airflow/example_dags/example_latest_only.py for tasks to queue
[2021-02-23 10:33:44,347] {logging_mixin.py:104} INFO - [2021-02-23 10:33:44,347] {dagbag.py:448} INFO - Filling up the DagBag from /home/airflow/.local/lib/python3.6/site-packages/airflow/example_dags/example_latest_only.py
[2021-02-23 10:33:44,382] {scheduler_job.py:639} INFO - DAG(s) dict_keys(['latest_only']) retrieved from /home/airflow/.local/lib/python3.6/site-packages/airflow/example_dags/example_latest_only.py
[2021-02-23 10:33:44,429] {logging_mixin.py:104} INFO - [2021-02-23 10:33:44,429] {dag.py:1818} INFO - Sync 1 DAGs
[2021-02-23 10:33:44,465] {logging_mixin.py:104} INFO - [2021-02-23 10:33:44,465] {dag.py:2273} INFO - Setting next_dagrun for latest_only to 2021-02-21 00:00:00+00:00
[2021-02-23 10:33:44,485] {scheduler_job.py:190} INFO - Processing /home/airflow/.local/lib/python3.6/site-packages/airflow/example_dags/example_latest_only.py took 0.156 seconds
[2021-02-23 10:34:14,931] {scheduler_job.py:182} INFO - Started process (PID=152) to work on /home/airflow/.local/lib/python3.6/site-packages/airflow/example_dags/example_latest_only.py
[2021-02-23 10:34:14,934] {scheduler_job.py:629} INFO - Processing file /home/airflow/.local/lib/python3.6/site-packages/airflow/example_dags/example_latest_only.py for tasks to queue
[2021-02-23 10:34:14,936] {logging_mixin.py:104} INFO - [2021-02-23 10:34:14,936] {dagbag.py:448} INFO - Filling up the DagBag from /home/airflow/.local/lib/python3.6/site-packages/airflow/example_dags/example_latest_only.py
[2021-02-23 10:34:14,995] {scheduler_job.py:639} INFO - DAG(s) dict_keys(['latest_only']) retrieved from /home/airflow/.local/lib/python3.6/site-packages/airflow/example_dags/example_latest_only.py
[2021-02-23 10:34:15,074] {logging_mixin.py:104} INFO - [2021-02-23 10:34:15,074] {dag.py:1818} INFO - Sync 1 DAGs
[2021-02-23 10:34:15,110] {logging_mixin.py:104} INFO - [2021-02-23 10:34:15,110] {dag.py:2273} INFO - Setting next_dagrun for latest_only to 2021-02-21 00:00:00+00:00
[2021-02-23 10:34:15,128] {scheduler_job.py:190} INFO - Processing /home/airflow/.local/lib/python3.6/site-packages/airflow/example_dags/example_latest_only.py took 0.206 seconds
[2021-02-23 10:34:45,265] {scheduler_job.py:182} INFO - Started process (PID=179) to work on /home/airflow/.local/lib/python3.6/site-packages/airflow/example_dags/example_latest_only.py
[2021-02-23 10:34:45,272] {scheduler_job.py:629} INFO - Processing file /home/airflow/.local/lib/python3.6/site-packages/airflow/example_dags/example_latest_only.py for tasks to queue
[2021-02-23 10:34:45,280] {logging_mixin.py:104} INFO - [2021-02-23 10:34:45,280] {dagbag.py:448} INFO - Filling up the DagBag from /home/airflow/.local/lib/python3.6/site-packages/airflow/example_dags/example_latest_only.py
[2021-02-23 10:34:45,343] {scheduler_job.py:639} INFO - DAG(s) dict_keys(['latest_only']) retrieved from /home/airflow/.local/lib/python3.6/site-packages/airflow/example_dags/example_latest_only.py
[2021-02-23 10:34:45,485] {logging_mixin.py:104} INFO - [2021-02-23 10:34:45,485] {dag.py:1818} INFO - Sync 1 DAGs
[2021-02-23 10:34:45,556] {logging_mixin.py:104} INFO - [2021-02-23 10:34:45,556] {dag.py:2273} INFO - Setting next_dagrun for latest_only to 2021-02-21 00:00:00+00:00
[2021-02-23 10:34:45,600] {scheduler_job.py:190} INFO - Processing /home/airflow/.local/lib/python3.6/site-packages/airflow/example_dags/example_latest_only.py took 0.348 seconds
[2021-02-23 10:35:15,784] {scheduler_job.py:182} INFO - Started process (PID=206) to work on /home/airflow/.local/lib/python3.6/site-packages/airflow/example_dags/example_latest_only.py
[2021-02-23 10:35:15,789] {scheduler_job.py:629} INFO - Processing file /home/airflow/.local/lib/python3.6/site-packages/airflow/example_dags/example_latest_only.py for tasks to queue
[2021-02-23 10:35:15,793] {logging_mixin.py:104} INFO - [2021-02-23 10:35:15,792] {dagbag.py:448} INFO - Filling up the DagBag from /home/airflow/.local/lib/python3.6/site-packages/airflow/example_dags/example_latest_only.py
[2021-02-23 10:35:15,832] {scheduler_job.py:639} INFO - DAG(s) dict_keys(['latest_only']) retrieved from /home/airflow/.local/lib/python3.6/site-packages/airflow/example_dags/example_latest_only.py
[2021-02-23 10:35:15,893] {logging_mixin.py:104} INFO - [2021-02-23 10:35:15,893] {dag.py:1818} INFO - Sync 1 DAGs
[2021-02-23 10:35:15,937] {logging_mixin.py:104} INFO - [2021-02-23 10:35:15,937] {dag.py:2273} INFO - Setting next_dagrun for latest_only to 2021-02-21 00:00:00+00:00
[2021-02-23 10:35:15,959] {scheduler_job.py:190} INFO - Processing /home/airflow/.local/lib/python3.6/site-packages/airflow/example_dags/example_latest_only.py took 0.193 seconds
[2021-02-23 10:35:46,650] {scheduler_job.py:182} INFO - Started process (PID=234) to work on /home/airflow/.local/lib/python3.6/site-packages/airflow/example_dags/example_latest_only.py
[2021-02-23 10:35:46,659] {scheduler_job.py:629} INFO - Processing file /home/airflow/.local/lib/python3.6/site-packages/airflow/example_dags/example_latest_only.py for tasks to queue
[2021-02-23 10:35:46,666] {logging_mixin.py:104} INFO - [2021-02-23 10:35:46,666] {dagbag.py:448} INFO - Filling up the DagBag from /home/airflow/.local/lib/python3.6/site-packages/airflow/example_dags/example_latest_only.py
[2021-02-23 10:35:46,712] {scheduler_job.py:639} INFO - DAG(s) dict_keys(['latest_only']) retrieved from /home/airflow/.local/lib/python3.6/site-packages/airflow/example_dags/example_latest_only.py
[2021-02-23 10:35:46,826] {logging_mixin.py:104} INFO - [2021-02-23 10:35:46,825] {dag.py:1818} INFO - Sync 1 DAGs
[2021-02-23 10:35:46,933] {logging_mixin.py:104} INFO - [2021-02-23 10:35:46,932] {dag.py:2273} INFO - Setting next_dagrun for latest_only to 2021-02-21 00:00:00+00:00
[2021-02-23 10:35:46,961] {scheduler_job.py:190} INFO - Processing /home/airflow/.local/lib/python3.6/site-packages/airflow/example_dags/example_latest_only.py took 0.320 seconds
[2021-02-23 10:36:17,484] {scheduler_job.py:182} INFO - Started process (PID=260) to work on /home/airflow/.local/lib/python3.6/site-packages/airflow/example_dags/example_latest_only.py
[2021-02-23 10:36:17,492] {scheduler_job.py:629} INFO - Processing file /home/airflow/.local/lib/python3.6/site-packages/airflow/example_dags/example_latest_only.py for tasks to queue
[2021-02-23 10:36:17,495] {logging_mixin.py:104} INFO - [2021-02-23 10:36:17,495] {dagbag.py:448} INFO - Filling up the DagBag from /home/airflow/.local/lib/python3.6/site-packages/airflow/example_dags/example_latest_only.py
[2021-02-23 10:36:17,543] {scheduler_job.py:639} INFO - DAG(s) dict_keys(['latest_only']) retrieved from /home/airflow/.local/lib/python3.6/site-packages/airflow/example_dags/example_latest_only.py
[2021-02-23 10:36:17,608] {logging_mixin.py:104} INFO - [2021-02-23 10:36:17,607] {dag.py:1818} INFO - Sync 1 DAGs
[2021-02-23 10:36:17,651] {logging_mixin.py:104} INFO - [2021-02-23 10:36:17,651] {dag.py:2273} INFO - Setting next_dagrun for latest_only to 2021-02-21 00:00:00+00:00
[2021-02-23 10:36:17,683] {scheduler_job.py:190} INFO - Processing /home/airflow/.local/lib/python3.6/site-packages/airflow/example_dags/example_latest_only.py took 0.204 seconds
[2021-02-23 10:36:48,587] {scheduler_job.py:182} INFO - Started process (PID=288) to work on /home/airflow/.local/lib/python3.6/site-packages/airflow/example_dags/example_latest_only.py
[2021-02-23 10:36:48,592] {scheduler_job.py:629} INFO - Processing file /home/airflow/.local/lib/python3.6/site-packages/airflow/example_dags/example_latest_only.py for tasks to queue
[2021-02-23 10:36:48,605] {logging_mixin.py:104} INFO - [2021-02-23 10:36:48,604] {dagbag.py:448} INFO - Filling up the DagBag from /home/airflow/.local/lib/python3.6/site-packages/airflow/example_dags/example_latest_only.py
[2021-02-23 10:36:48,701] {scheduler_job.py:639} INFO - DAG(s) dict_keys(['latest_only']) retrieved from /home/airflow/.local/lib/python3.6/site-packages/airflow/example_dags/example_latest_only.py
[2021-02-23 10:36:48,777] {logging_mixin.py:104} INFO - [2021-02-23 10:36:48,774] {dag.py:1818} INFO - Sync 1 DAGs
[2021-02-23 10:36:48,863] {logging_mixin.py:104} INFO - [2021-02-23 10:36:48,858] {dag.py:2273} INFO - Setting next_dagrun for latest_only to 2021-02-21 00:00:00+00:00
[2021-02-23 10:36:48,896] {scheduler_job.py:190} INFO - Processing /home/airflow/.local/lib/python3.6/site-packages/airflow/example_dags/example_latest_only.py took 0.339 seconds
[2021-02-23 10:37:39,123] {scheduler_job.py:182} INFO - Started process (PID=35) to work on /home/airflow/.local/lib/python3.6/site-packages/airflow/example_dags/example_latest_only.py
[2021-02-23 10:37:39,125] {scheduler_job.py:629} INFO - Processing file /home/airflow/.local/lib/python3.6/site-packages/airflow/example_dags/example_latest_only.py for tasks to queue
[2021-02-23 10:37:39,131] {logging_mixin.py:104} INFO - [2021-02-23 10:37:39,130] {dagbag.py:448} INFO - Filling up the DagBag from /home/airflow/.local/lib/python3.6/site-packages/airflow/example_dags/example_latest_only.py
[2021-02-23 10:37:39,161] {scheduler_job.py:639} INFO - DAG(s) dict_keys(['latest_only']) retrieved from /home/airflow/.local/lib/python3.6/site-packages/airflow/example_dags/example_latest_only.py
[2021-02-23 10:37:39,200] {logging_mixin.py:104} INFO - [2021-02-23 10:37:39,200] {dag.py:1818} INFO - Sync 1 DAGs
[2021-02-23 10:37:39,233] {logging_mixin.py:104} INFO - [2021-02-23 10:37:39,233] {dag.py:2273} INFO - Setting next_dagrun for latest_only to 2021-02-21 00:00:00+00:00
[2021-02-23 10:37:39,253] {scheduler_job.py:190} INFO - Processing /home/airflow/.local/lib/python3.6/site-packages/airflow/example_dags/example_latest_only.py took 0.136 seconds
[2021-02-23 10:38:10,017] {scheduler_job.py:182} INFO - Started process (PID=62) to work on /home/airflow/.local/lib/python3.6/site-packages/airflow/example_dags/example_latest_only.py
[2021-02-23 10:38:10,020] {scheduler_job.py:629} INFO - Processing file /home/airflow/.local/lib/python3.6/site-packages/airflow/example_dags/example_latest_only.py for tasks to queue
[2021-02-23 10:38:10,021] {logging_mixin.py:104} INFO - [2021-02-23 10:38:10,021] {dagbag.py:448} INFO - Filling up the DagBag from /home/airflow/.local/lib/python3.6/site-packages/airflow/example_dags/example_latest_only.py
[2021-02-23 10:38:10,046] {scheduler_job.py:639} INFO - DAG(s) dict_keys(['latest_only']) retrieved from /home/airflow/.local/lib/python3.6/site-packages/airflow/example_dags/example_latest_only.py
[2021-02-23 10:38:10,078] {logging_mixin.py:104} INFO - [2021-02-23 10:38:10,077] {dag.py:1818} INFO - Sync 1 DAGs
[2021-02-23 10:38:10,116] {logging_mixin.py:104} INFO - [2021-02-23 10:38:10,116] {dag.py:2273} INFO - Setting next_dagrun for latest_only to 2021-02-21 00:00:00+00:00
[2021-02-23 10:38:10,129] {scheduler_job.py:190} INFO - Processing /home/airflow/.local/lib/python3.6/site-packages/airflow/example_dags/example_latest_only.py took 0.119 seconds
