[2021-02-23 10:15:13,504] {scheduler_job.py:182} INFO - Started process (PID=34) to work on /home/airflow/.local/lib/python3.6/site-packages/airflow/example_dags/example_dag_decorator.py
[2021-02-23 10:15:13,519] {scheduler_job.py:629} INFO - Processing file /home/airflow/.local/lib/python3.6/site-packages/airflow/example_dags/example_dag_decorator.py for tasks to queue
[2021-02-23 10:15:13,533] {logging_mixin.py:104} INFO - [2021-02-23 10:15:13,533] {dagbag.py:448} INFO - Filling up the DagBag from /home/airflow/.local/lib/python3.6/site-packages/airflow/example_dags/example_dag_decorator.py
[2021-02-23 10:15:13,761] {scheduler_job.py:639} INFO - DAG(s) dict_keys(['example_dag_decorator']) retrieved from /home/airflow/.local/lib/python3.6/site-packages/airflow/example_dags/example_dag_decorator.py
[2021-02-23 10:15:13,932] {logging_mixin.py:104} INFO - [2021-02-23 10:15:13,932] {dag.py:1818} INFO - Sync 1 DAGs
[2021-02-23 10:15:13,979] {logging_mixin.py:104} INFO - [2021-02-23 10:15:13,979] {dag.py:1837} INFO - Creating ORM DAG for example_dag_decorator
[2021-02-23 10:15:14,005] {logging_mixin.py:104} INFO - [2021-02-23 10:15:14,005] {dag.py:2273} INFO - Setting next_dagrun for example_dag_decorator to None
[2021-02-23 10:15:14,064] {scheduler_job.py:190} INFO - Processing /home/airflow/.local/lib/python3.6/site-packages/airflow/example_dags/example_dag_decorator.py took 0.584 seconds
[2021-02-23 10:16:53,303] {scheduler_job.py:182} INFO - Started process (PID=64) to work on /home/airflow/.local/lib/python3.6/site-packages/airflow/example_dags/example_dag_decorator.py
[2021-02-23 10:16:53,311] {scheduler_job.py:629} INFO - Processing file /home/airflow/.local/lib/python3.6/site-packages/airflow/example_dags/example_dag_decorator.py for tasks to queue
[2021-02-23 10:16:53,317] {logging_mixin.py:104} INFO - [2021-02-23 10:16:53,317] {dagbag.py:448} INFO - Filling up the DagBag from /home/airflow/.local/lib/python3.6/site-packages/airflow/example_dags/example_dag_decorator.py
[2021-02-23 10:16:53,447] {scheduler_job.py:639} INFO - DAG(s) dict_keys(['example_dag_decorator']) retrieved from /home/airflow/.local/lib/python3.6/site-packages/airflow/example_dags/example_dag_decorator.py
[2021-02-23 10:16:53,703] {logging_mixin.py:104} INFO - [2021-02-23 10:16:53,703] {dag.py:1818} INFO - Sync 1 DAGs
[2021-02-23 10:16:53,854] {logging_mixin.py:104} INFO - [2021-02-23 10:16:53,854] {dag.py:2273} INFO - Setting next_dagrun for example_dag_decorator to None
[2021-02-23 10:16:53,939] {scheduler_job.py:190} INFO - Processing /home/airflow/.local/lib/python3.6/site-packages/airflow/example_dags/example_dag_decorator.py took 0.646 seconds
[2021-02-23 10:17:24,013] {scheduler_job.py:182} INFO - Started process (PID=91) to work on /home/airflow/.local/lib/python3.6/site-packages/airflow/example_dags/example_dag_decorator.py
[2021-02-23 10:17:24,016] {scheduler_job.py:629} INFO - Processing file /home/airflow/.local/lib/python3.6/site-packages/airflow/example_dags/example_dag_decorator.py for tasks to queue
[2021-02-23 10:17:24,017] {logging_mixin.py:104} INFO - [2021-02-23 10:17:24,017] {dagbag.py:448} INFO - Filling up the DagBag from /home/airflow/.local/lib/python3.6/site-packages/airflow/example_dags/example_dag_decorator.py
[2021-02-23 10:17:24,052] {scheduler_job.py:639} INFO - DAG(s) dict_keys(['example_dag_decorator']) retrieved from /home/airflow/.local/lib/python3.6/site-packages/airflow/example_dags/example_dag_decorator.py
[2021-02-23 10:17:24,105] {logging_mixin.py:104} INFO - [2021-02-23 10:17:24,105] {dag.py:1818} INFO - Sync 1 DAGs
[2021-02-23 10:17:24,128] {logging_mixin.py:104} INFO - [2021-02-23 10:17:24,128] {dag.py:2273} INFO - Setting next_dagrun for example_dag_decorator to None
[2021-02-23 10:17:24,148] {scheduler_job.py:190} INFO - Processing /home/airflow/.local/lib/python3.6/site-packages/airflow/example_dags/example_dag_decorator.py took 0.138 seconds
[2021-02-23 10:17:56,134] {scheduler_job.py:182} INFO - Started process (PID=118) to work on /home/airflow/.local/lib/python3.6/site-packages/airflow/example_dags/example_dag_decorator.py
[2021-02-23 10:17:56,172] {scheduler_job.py:629} INFO - Processing file /home/airflow/.local/lib/python3.6/site-packages/airflow/example_dags/example_dag_decorator.py for tasks to queue
[2021-02-23 10:17:56,220] {logging_mixin.py:104} INFO - [2021-02-23 10:17:56,218] {dagbag.py:448} INFO - Filling up the DagBag from /home/airflow/.local/lib/python3.6/site-packages/airflow/example_dags/example_dag_decorator.py
[2021-02-23 10:17:56,562] {scheduler_job.py:639} INFO - DAG(s) dict_keys(['example_dag_decorator']) retrieved from /home/airflow/.local/lib/python3.6/site-packages/airflow/example_dags/example_dag_decorator.py
[2021-02-23 10:17:56,715] {logging_mixin.py:104} INFO - [2021-02-23 10:17:56,715] {dag.py:1818} INFO - Sync 1 DAGs
[2021-02-23 10:17:56,843] {logging_mixin.py:104} INFO - [2021-02-23 10:17:56,843] {dag.py:2273} INFO - Setting next_dagrun for example_dag_decorator to None
[2021-02-23 10:17:56,935] {scheduler_job.py:190} INFO - Processing /home/airflow/.local/lib/python3.6/site-packages/airflow/example_dags/example_dag_decorator.py took 0.887 seconds
[2021-02-23 10:18:27,806] {scheduler_job.py:182} INFO - Started process (PID=146) to work on /home/airflow/.local/lib/python3.6/site-packages/airflow/example_dags/example_dag_decorator.py
[2021-02-23 10:18:27,825] {scheduler_job.py:629} INFO - Processing file /home/airflow/.local/lib/python3.6/site-packages/airflow/example_dags/example_dag_decorator.py for tasks to queue
[2021-02-23 10:18:27,836] {logging_mixin.py:104} INFO - [2021-02-23 10:18:27,834] {dagbag.py:448} INFO - Filling up the DagBag from /home/airflow/.local/lib/python3.6/site-packages/airflow/example_dags/example_dag_decorator.py
[2021-02-23 10:18:27,884] {scheduler_job.py:639} INFO - DAG(s) dict_keys(['example_dag_decorator']) retrieved from /home/airflow/.local/lib/python3.6/site-packages/airflow/example_dags/example_dag_decorator.py
[2021-02-23 10:18:27,979] {logging_mixin.py:104} INFO - [2021-02-23 10:18:27,979] {dag.py:1818} INFO - Sync 1 DAGs
[2021-02-23 10:18:28,008] {logging_mixin.py:104} INFO - [2021-02-23 10:18:28,008] {dag.py:2273} INFO - Setting next_dagrun for example_dag_decorator to None
[2021-02-23 10:18:28,065] {scheduler_job.py:190} INFO - Processing /home/airflow/.local/lib/python3.6/site-packages/airflow/example_dags/example_dag_decorator.py took 0.299 seconds
[2021-02-23 10:18:59,070] {scheduler_job.py:182} INFO - Started process (PID=175) to work on /home/airflow/.local/lib/python3.6/site-packages/airflow/example_dags/example_dag_decorator.py
[2021-02-23 10:18:59,079] {scheduler_job.py:629} INFO - Processing file /home/airflow/.local/lib/python3.6/site-packages/airflow/example_dags/example_dag_decorator.py for tasks to queue
[2021-02-23 10:18:59,083] {logging_mixin.py:104} INFO - [2021-02-23 10:18:59,082] {dagbag.py:448} INFO - Filling up the DagBag from /home/airflow/.local/lib/python3.6/site-packages/airflow/example_dags/example_dag_decorator.py
[2021-02-23 10:18:59,204] {scheduler_job.py:639} INFO - DAG(s) dict_keys(['example_dag_decorator']) retrieved from /home/airflow/.local/lib/python3.6/site-packages/airflow/example_dags/example_dag_decorator.py
[2021-02-23 10:18:59,304] {logging_mixin.py:104} INFO - [2021-02-23 10:18:59,304] {dag.py:1818} INFO - Sync 1 DAGs
[2021-02-23 10:18:59,341] {logging_mixin.py:104} INFO - [2021-02-23 10:18:59,340] {dag.py:2273} INFO - Setting next_dagrun for example_dag_decorator to None
[2021-02-23 10:18:59,363] {scheduler_job.py:190} INFO - Processing /home/airflow/.local/lib/python3.6/site-packages/airflow/example_dags/example_dag_decorator.py took 0.309 seconds
[2021-02-23 10:19:30,248] {scheduler_job.py:182} INFO - Started process (PID=202) to work on /home/airflow/.local/lib/python3.6/site-packages/airflow/example_dags/example_dag_decorator.py
[2021-02-23 10:19:30,258] {scheduler_job.py:629} INFO - Processing file /home/airflow/.local/lib/python3.6/site-packages/airflow/example_dags/example_dag_decorator.py for tasks to queue
[2021-02-23 10:19:30,261] {logging_mixin.py:104} INFO - [2021-02-23 10:19:30,260] {dagbag.py:448} INFO - Filling up the DagBag from /home/airflow/.local/lib/python3.6/site-packages/airflow/example_dags/example_dag_decorator.py
[2021-02-23 10:19:30,337] {scheduler_job.py:639} INFO - DAG(s) dict_keys(['example_dag_decorator']) retrieved from /home/airflow/.local/lib/python3.6/site-packages/airflow/example_dags/example_dag_decorator.py
[2021-02-23 10:19:30,415] {logging_mixin.py:104} INFO - [2021-02-23 10:19:30,414] {dag.py:1818} INFO - Sync 1 DAGs
[2021-02-23 10:19:30,565] {logging_mixin.py:104} INFO - [2021-02-23 10:19:30,564] {dag.py:1837} INFO - Creating ORM DAG for example_dag_decorator
[2021-02-23 10:19:30,595] {logging_mixin.py:104} INFO - [2021-02-23 10:19:30,595] {dag.py:2273} INFO - Setting next_dagrun for example_dag_decorator to None
[2021-02-23 10:19:30,753] {scheduler_job.py:190} INFO - Processing /home/airflow/.local/lib/python3.6/site-packages/airflow/example_dags/example_dag_decorator.py took 0.526 seconds
[2021-02-23 10:20:01,776] {scheduler_job.py:182} INFO - Started process (PID=229) to work on /home/airflow/.local/lib/python3.6/site-packages/airflow/example_dags/example_dag_decorator.py
[2021-02-23 10:20:01,787] {scheduler_job.py:629} INFO - Processing file /home/airflow/.local/lib/python3.6/site-packages/airflow/example_dags/example_dag_decorator.py for tasks to queue
[2021-02-23 10:20:01,793] {logging_mixin.py:104} INFO - [2021-02-23 10:20:01,793] {dagbag.py:448} INFO - Filling up the DagBag from /home/airflow/.local/lib/python3.6/site-packages/airflow/example_dags/example_dag_decorator.py
[2021-02-23 10:20:02,006] {scheduler_job.py:639} INFO - DAG(s) dict_keys(['example_dag_decorator']) retrieved from /home/airflow/.local/lib/python3.6/site-packages/airflow/example_dags/example_dag_decorator.py
[2021-02-23 10:20:02,264] {logging_mixin.py:104} INFO - [2021-02-23 10:20:02,264] {dag.py:1818} INFO - Sync 1 DAGs
[2021-02-23 10:20:02,333] {logging_mixin.py:104} INFO - [2021-02-23 10:20:02,333] {dag.py:2273} INFO - Setting next_dagrun for example_dag_decorator to None
[2021-02-23 10:20:03,664] {logging_mixin.py:104} INFO - [2021-02-23 10:20:03,664] {dag.py:1818} INFO - Sync 1 DAGs
[2021-02-23 10:20:03,686] {logging_mixin.py:104} INFO - [2021-02-23 10:20:03,685] {dag.py:1837} INFO - Creating ORM DAG for example_dag_decorator
[2021-02-23 10:20:03,714] {logging_mixin.py:104} INFO - [2021-02-23 10:20:03,713] {dag.py:2273} INFO - Setting next_dagrun for example_dag_decorator to None
[2021-02-23 10:20:03,759] {scheduler_job.py:190} INFO - Processing /home/airflow/.local/lib/python3.6/site-packages/airflow/example_dags/example_dag_decorator.py took 2.022 seconds
[2021-02-23 10:20:34,145] {scheduler_job.py:182} INFO - Started process (PID=256) to work on /home/airflow/.local/lib/python3.6/site-packages/airflow/example_dags/example_dag_decorator.py
[2021-02-23 10:20:34,153] {scheduler_job.py:629} INFO - Processing file /home/airflow/.local/lib/python3.6/site-packages/airflow/example_dags/example_dag_decorator.py for tasks to queue
[2021-02-23 10:20:34,157] {logging_mixin.py:104} INFO - [2021-02-23 10:20:34,156] {dagbag.py:448} INFO - Filling up the DagBag from /home/airflow/.local/lib/python3.6/site-packages/airflow/example_dags/example_dag_decorator.py
[2021-02-23 10:20:34,232] {scheduler_job.py:639} INFO - DAG(s) dict_keys(['example_dag_decorator']) retrieved from /home/airflow/.local/lib/python3.6/site-packages/airflow/example_dags/example_dag_decorator.py
[2021-02-23 10:20:34,373] {logging_mixin.py:104} INFO - [2021-02-23 10:20:34,372] {dag.py:1818} INFO - Sync 1 DAGs
[2021-02-23 10:20:34,420] {logging_mixin.py:104} INFO - [2021-02-23 10:20:34,420] {dag.py:2273} INFO - Setting next_dagrun for example_dag_decorator to None
[2021-02-23 10:20:34,455] {scheduler_job.py:190} INFO - Processing /home/airflow/.local/lib/python3.6/site-packages/airflow/example_dags/example_dag_decorator.py took 0.356 seconds
[2021-02-23 10:21:19,562] {scheduler_job.py:182} INFO - Started process (PID=283) to work on /home/airflow/.local/lib/python3.6/site-packages/airflow/example_dags/example_dag_decorator.py
[2021-02-23 10:21:19,567] {scheduler_job.py:629} INFO - Processing file /home/airflow/.local/lib/python3.6/site-packages/airflow/example_dags/example_dag_decorator.py for tasks to queue
[2021-02-23 10:21:19,587] {logging_mixin.py:104} INFO - [2021-02-23 10:21:19,584] {dagbag.py:448} INFO - Filling up the DagBag from /home/airflow/.local/lib/python3.6/site-packages/airflow/example_dags/example_dag_decorator.py
[2021-02-23 10:21:19,961] {scheduler_job.py:639} INFO - DAG(s) dict_keys(['example_dag_decorator']) retrieved from /home/airflow/.local/lib/python3.6/site-packages/airflow/example_dags/example_dag_decorator.py
[2021-02-23 10:21:20,321] {logging_mixin.py:104} INFO - [2021-02-23 10:21:20,316] {dag.py:1818} INFO - Sync 1 DAGs
[2021-02-23 10:21:20,777] {logging_mixin.py:104} INFO - [2021-02-23 10:21:20,747] {dag.py:2273} INFO - Setting next_dagrun for example_dag_decorator to None
[2021-02-23 10:21:21,798] {scheduler_job.py:190} INFO - Processing /home/airflow/.local/lib/python3.6/site-packages/airflow/example_dags/example_dag_decorator.py took 2.287 seconds
[2021-02-23 10:22:33,791] {scheduler_job.py:182} INFO - Started process (PID=33) to work on /home/airflow/.local/lib/python3.6/site-packages/airflow/example_dags/example_dag_decorator.py
[2021-02-23 10:22:33,801] {scheduler_job.py:629} INFO - Processing file /home/airflow/.local/lib/python3.6/site-packages/airflow/example_dags/example_dag_decorator.py for tasks to queue
[2021-02-23 10:22:33,817] {logging_mixin.py:104} INFO - [2021-02-23 10:22:33,812] {dagbag.py:448} INFO - Filling up the DagBag from /home/airflow/.local/lib/python3.6/site-packages/airflow/example_dags/example_dag_decorator.py
[2021-02-23 10:22:34,052] {scheduler_job.py:639} INFO - DAG(s) dict_keys(['example_dag_decorator']) retrieved from /home/airflow/.local/lib/python3.6/site-packages/airflow/example_dags/example_dag_decorator.py
[2021-02-23 10:22:34,312] {logging_mixin.py:104} INFO - [2021-02-23 10:22:34,312] {dag.py:1818} INFO - Sync 1 DAGs
[2021-02-23 10:22:34,790] {logging_mixin.py:104} INFO - [2021-02-23 10:22:34,790] {dag.py:2273} INFO - Setting next_dagrun for example_dag_decorator to None
[2021-02-23 10:22:35,039] {scheduler_job.py:190} INFO - Processing /home/airflow/.local/lib/python3.6/site-packages/airflow/example_dags/example_dag_decorator.py took 1.291 seconds
[2021-02-23 10:23:07,410] {scheduler_job.py:182} INFO - Started process (PID=61) to work on /home/airflow/.local/lib/python3.6/site-packages/airflow/example_dags/example_dag_decorator.py
[2021-02-23 10:23:07,432] {scheduler_job.py:629} INFO - Processing file /home/airflow/.local/lib/python3.6/site-packages/airflow/example_dags/example_dag_decorator.py for tasks to queue
[2021-02-23 10:23:07,438] {logging_mixin.py:104} INFO - [2021-02-23 10:23:07,436] {dagbag.py:448} INFO - Filling up the DagBag from /home/airflow/.local/lib/python3.6/site-packages/airflow/example_dags/example_dag_decorator.py
[2021-02-23 10:23:07,696] {scheduler_job.py:639} INFO - DAG(s) dict_keys(['example_dag_decorator']) retrieved from /home/airflow/.local/lib/python3.6/site-packages/airflow/example_dags/example_dag_decorator.py
[2021-02-23 10:23:07,918] {logging_mixin.py:104} INFO - [2021-02-23 10:23:07,918] {dag.py:1818} INFO - Sync 1 DAGs
[2021-02-23 10:23:08,103] {logging_mixin.py:104} INFO - [2021-02-23 10:23:08,102] {dag.py:2273} INFO - Setting next_dagrun for example_dag_decorator to None
[2021-02-23 10:23:08,195] {scheduler_job.py:190} INFO - Processing /home/airflow/.local/lib/python3.6/site-packages/airflow/example_dags/example_dag_decorator.py took 0.839 seconds
[2021-02-23 10:23:38,486] {scheduler_job.py:182} INFO - Started process (PID=88) to work on /home/airflow/.local/lib/python3.6/site-packages/airflow/example_dags/example_dag_decorator.py
[2021-02-23 10:23:38,501] {scheduler_job.py:629} INFO - Processing file /home/airflow/.local/lib/python3.6/site-packages/airflow/example_dags/example_dag_decorator.py for tasks to queue
[2021-02-23 10:23:38,505] {logging_mixin.py:104} INFO - [2021-02-23 10:23:38,504] {dagbag.py:448} INFO - Filling up the DagBag from /home/airflow/.local/lib/python3.6/site-packages/airflow/example_dags/example_dag_decorator.py
[2021-02-23 10:23:39,925] {scheduler_job.py:639} INFO - DAG(s) dict_keys(['example_dag_decorator']) retrieved from /home/airflow/.local/lib/python3.6/site-packages/airflow/example_dags/example_dag_decorator.py
[2021-02-23 10:23:40,261] {logging_mixin.py:104} INFO - [2021-02-23 10:23:40,260] {dag.py:1818} INFO - Sync 1 DAGs
[2021-02-23 10:23:40,469] {logging_mixin.py:104} INFO - [2021-02-23 10:23:40,469] {dag.py:2273} INFO - Setting next_dagrun for example_dag_decorator to None
[2021-02-23 10:23:40,569] {scheduler_job.py:190} INFO - Processing /home/airflow/.local/lib/python3.6/site-packages/airflow/example_dags/example_dag_decorator.py took 2.118 seconds
[2021-02-23 10:24:10,791] {scheduler_job.py:182} INFO - Started process (PID=115) to work on /home/airflow/.local/lib/python3.6/site-packages/airflow/example_dags/example_dag_decorator.py
[2021-02-23 10:24:10,796] {scheduler_job.py:629} INFO - Processing file /home/airflow/.local/lib/python3.6/site-packages/airflow/example_dags/example_dag_decorator.py for tasks to queue
[2021-02-23 10:24:10,811] {logging_mixin.py:104} INFO - [2021-02-23 10:24:10,811] {dagbag.py:448} INFO - Filling up the DagBag from /home/airflow/.local/lib/python3.6/site-packages/airflow/example_dags/example_dag_decorator.py
[2021-02-23 10:24:11,031] {scheduler_job.py:639} INFO - DAG(s) dict_keys(['example_dag_decorator']) retrieved from /home/airflow/.local/lib/python3.6/site-packages/airflow/example_dags/example_dag_decorator.py
[2021-02-23 10:24:11,212] {logging_mixin.py:104} INFO - [2021-02-23 10:24:11,212] {dag.py:1818} INFO - Sync 1 DAGs
[2021-02-23 10:24:12,242] {logging_mixin.py:104} INFO - [2021-02-23 10:24:12,241] {dag.py:2273} INFO - Setting next_dagrun for example_dag_decorator to None
[2021-02-23 10:24:12,414] {scheduler_job.py:190} INFO - Processing /home/airflow/.local/lib/python3.6/site-packages/airflow/example_dags/example_dag_decorator.py took 1.655 seconds
[2021-02-23 10:24:42,914] {scheduler_job.py:182} INFO - Started process (PID=142) to work on /home/airflow/.local/lib/python3.6/site-packages/airflow/example_dags/example_dag_decorator.py
[2021-02-23 10:24:42,927] {scheduler_job.py:629} INFO - Processing file /home/airflow/.local/lib/python3.6/site-packages/airflow/example_dags/example_dag_decorator.py for tasks to queue
[2021-02-23 10:24:42,933] {logging_mixin.py:104} INFO - [2021-02-23 10:24:42,933] {dagbag.py:448} INFO - Filling up the DagBag from /home/airflow/.local/lib/python3.6/site-packages/airflow/example_dags/example_dag_decorator.py
[2021-02-23 10:24:43,037] {scheduler_job.py:639} INFO - DAG(s) dict_keys(['example_dag_decorator']) retrieved from /home/airflow/.local/lib/python3.6/site-packages/airflow/example_dags/example_dag_decorator.py
[2021-02-23 10:24:43,131] {logging_mixin.py:104} INFO - [2021-02-23 10:24:43,130] {dag.py:1818} INFO - Sync 1 DAGs
[2021-02-23 10:24:43,263] {logging_mixin.py:104} INFO - [2021-02-23 10:24:43,263] {dag.py:2273} INFO - Setting next_dagrun for example_dag_decorator to None
[2021-02-23 10:24:43,312] {scheduler_job.py:190} INFO - Processing /home/airflow/.local/lib/python3.6/site-packages/airflow/example_dags/example_dag_decorator.py took 0.426 seconds
[2021-02-23 10:25:13,828] {scheduler_job.py:182} INFO - Started process (PID=171) to work on /home/airflow/.local/lib/python3.6/site-packages/airflow/example_dags/example_dag_decorator.py
[2021-02-23 10:25:13,882] {scheduler_job.py:629} INFO - Processing file /home/airflow/.local/lib/python3.6/site-packages/airflow/example_dags/example_dag_decorator.py for tasks to queue
[2021-02-23 10:25:13,908] {logging_mixin.py:104} INFO - [2021-02-23 10:25:13,884] {dagbag.py:448} INFO - Filling up the DagBag from /home/airflow/.local/lib/python3.6/site-packages/airflow/example_dags/example_dag_decorator.py
[2021-02-23 10:25:14,780] {scheduler_job.py:639} INFO - DAG(s) dict_keys(['example_dag_decorator']) retrieved from /home/airflow/.local/lib/python3.6/site-packages/airflow/example_dags/example_dag_decorator.py
[2021-02-23 10:25:17,609] {logging_mixin.py:104} INFO - [2021-02-23 10:25:17,541] {dag.py:1818} INFO - Sync 1 DAGs
[2021-02-23 10:25:25,369] {logging_mixin.py:104} INFO - [2021-02-23 10:25:25,355] {dag.py:2273} INFO - Setting next_dagrun for example_dag_decorator to None
[2021-02-23 10:25:27,020] {scheduler_job.py:190} INFO - Processing /home/airflow/.local/lib/python3.6/site-packages/airflow/example_dags/example_dag_decorator.py took 13.269 seconds
[2021-02-23 10:25:57,347] {scheduler_job.py:182} INFO - Started process (PID=198) to work on /home/airflow/.local/lib/python3.6/site-packages/airflow/example_dags/example_dag_decorator.py
[2021-02-23 10:25:57,355] {scheduler_job.py:629} INFO - Processing file /home/airflow/.local/lib/python3.6/site-packages/airflow/example_dags/example_dag_decorator.py for tasks to queue
[2021-02-23 10:25:57,357] {logging_mixin.py:104} INFO - [2021-02-23 10:25:57,357] {dagbag.py:448} INFO - Filling up the DagBag from /home/airflow/.local/lib/python3.6/site-packages/airflow/example_dags/example_dag_decorator.py
[2021-02-23 10:25:57,408] {scheduler_job.py:639} INFO - DAG(s) dict_keys(['example_dag_decorator']) retrieved from /home/airflow/.local/lib/python3.6/site-packages/airflow/example_dags/example_dag_decorator.py
[2021-02-23 10:25:57,464] {logging_mixin.py:104} INFO - [2021-02-23 10:25:57,463] {dag.py:1818} INFO - Sync 1 DAGs
[2021-02-23 10:25:57,502] {logging_mixin.py:104} INFO - [2021-02-23 10:25:57,502] {dag.py:2273} INFO - Setting next_dagrun for example_dag_decorator to None
[2021-02-23 10:25:57,528] {scheduler_job.py:190} INFO - Processing /home/airflow/.local/lib/python3.6/site-packages/airflow/example_dags/example_dag_decorator.py took 0.208 seconds
[2021-02-23 10:26:30,835] {scheduler_job.py:182} INFO - Started process (PID=213) to work on /home/airflow/.local/lib/python3.6/site-packages/airflow/example_dags/example_dag_decorator.py
[2021-02-23 10:26:30,838] {scheduler_job.py:629} INFO - Processing file /home/airflow/.local/lib/python3.6/site-packages/airflow/example_dags/example_dag_decorator.py for tasks to queue
[2021-02-23 10:26:30,845] {logging_mixin.py:104} INFO - [2021-02-23 10:26:30,844] {dagbag.py:448} INFO - Filling up the DagBag from /home/airflow/.local/lib/python3.6/site-packages/airflow/example_dags/example_dag_decorator.py
[2021-02-23 10:26:30,928] {scheduler_job.py:639} INFO - DAG(s) dict_keys(['example_dag_decorator']) retrieved from /home/airflow/.local/lib/python3.6/site-packages/airflow/example_dags/example_dag_decorator.py
[2021-02-23 10:26:31,030] {logging_mixin.py:104} INFO - [2021-02-23 10:26:31,027] {dag.py:1818} INFO - Sync 1 DAGs
[2021-02-23 10:26:31,101] {logging_mixin.py:104} INFO - [2021-02-23 10:26:31,101] {dag.py:2273} INFO - Setting next_dagrun for example_dag_decorator to None
[2021-02-23 10:26:31,152] {scheduler_job.py:190} INFO - Processing /home/airflow/.local/lib/python3.6/site-packages/airflow/example_dags/example_dag_decorator.py took 0.336 seconds
[2021-02-23 10:27:14,926] {scheduler_job.py:182} INFO - Started process (PID=240) to work on /home/airflow/.local/lib/python3.6/site-packages/airflow/example_dags/example_dag_decorator.py
[2021-02-23 10:27:14,930] {scheduler_job.py:629} INFO - Processing file /home/airflow/.local/lib/python3.6/site-packages/airflow/example_dags/example_dag_decorator.py for tasks to queue
[2021-02-23 10:27:14,935] {logging_mixin.py:104} INFO - [2021-02-23 10:27:14,935] {dagbag.py:448} INFO - Filling up the DagBag from /home/airflow/.local/lib/python3.6/site-packages/airflow/example_dags/example_dag_decorator.py
[2021-02-23 10:27:15,052] {scheduler_job.py:639} INFO - DAG(s) dict_keys(['example_dag_decorator']) retrieved from /home/airflow/.local/lib/python3.6/site-packages/airflow/example_dags/example_dag_decorator.py
[2021-02-23 10:27:15,151] {logging_mixin.py:104} INFO - [2021-02-23 10:27:15,151] {dag.py:1818} INFO - Sync 1 DAGs
[2021-02-23 10:27:15,222] {logging_mixin.py:104} INFO - [2021-02-23 10:27:15,221] {dag.py:2273} INFO - Setting next_dagrun for example_dag_decorator to None
[2021-02-23 10:27:15,268] {scheduler_job.py:190} INFO - Processing /home/airflow/.local/lib/python3.6/site-packages/airflow/example_dags/example_dag_decorator.py took 0.359 seconds
[2021-02-23 10:32:10,635] {scheduler_job.py:182} INFO - Started process (PID=47) to work on /home/airflow/.local/lib/python3.6/site-packages/airflow/example_dags/example_dag_decorator.py
[2021-02-23 10:32:10,655] {scheduler_job.py:629} INFO - Processing file /home/airflow/.local/lib/python3.6/site-packages/airflow/example_dags/example_dag_decorator.py for tasks to queue
[2021-02-23 10:32:10,661] {logging_mixin.py:104} INFO - [2021-02-23 10:32:10,660] {dagbag.py:448} INFO - Filling up the DagBag from /home/airflow/.local/lib/python3.6/site-packages/airflow/example_dags/example_dag_decorator.py
[2021-02-23 10:32:10,795] {scheduler_job.py:639} INFO - DAG(s) dict_keys(['example_dag_decorator']) retrieved from /home/airflow/.local/lib/python3.6/site-packages/airflow/example_dags/example_dag_decorator.py
[2021-02-23 10:32:10,940] {logging_mixin.py:104} INFO - [2021-02-23 10:32:10,939] {dag.py:1818} INFO - Sync 1 DAGs
[2021-02-23 10:32:11,054] {logging_mixin.py:104} INFO - [2021-02-23 10:32:11,054] {dag.py:2273} INFO - Setting next_dagrun for example_dag_decorator to None
[2021-02-23 10:32:11,136] {scheduler_job.py:190} INFO - Processing /home/airflow/.local/lib/python3.6/site-packages/airflow/example_dags/example_dag_decorator.py took 0.527 seconds
[2021-02-23 10:32:42,969] {scheduler_job.py:182} INFO - Started process (PID=74) to work on /home/airflow/.local/lib/python3.6/site-packages/airflow/example_dags/example_dag_decorator.py
[2021-02-23 10:32:42,983] {scheduler_job.py:629} INFO - Processing file /home/airflow/.local/lib/python3.6/site-packages/airflow/example_dags/example_dag_decorator.py for tasks to queue
[2021-02-23 10:32:42,991] {logging_mixin.py:104} INFO - [2021-02-23 10:32:42,990] {dagbag.py:448} INFO - Filling up the DagBag from /home/airflow/.local/lib/python3.6/site-packages/airflow/example_dags/example_dag_decorator.py
[2021-02-23 10:32:43,181] {scheduler_job.py:639} INFO - DAG(s) dict_keys(['example_dag_decorator']) retrieved from /home/airflow/.local/lib/python3.6/site-packages/airflow/example_dags/example_dag_decorator.py
[2021-02-23 10:32:43,395] {logging_mixin.py:104} INFO - [2021-02-23 10:32:43,395] {dag.py:1818} INFO - Sync 1 DAGs
[2021-02-23 10:32:43,484] {logging_mixin.py:104} INFO - [2021-02-23 10:32:43,483] {dag.py:2273} INFO - Setting next_dagrun for example_dag_decorator to None
[2021-02-23 10:32:43,537] {scheduler_job.py:190} INFO - Processing /home/airflow/.local/lib/python3.6/site-packages/airflow/example_dags/example_dag_decorator.py took 0.611 seconds
[2021-02-23 10:33:14,190] {scheduler_job.py:182} INFO - Started process (PID=101) to work on /home/airflow/.local/lib/python3.6/site-packages/airflow/example_dags/example_dag_decorator.py
[2021-02-23 10:33:14,196] {scheduler_job.py:629} INFO - Processing file /home/airflow/.local/lib/python3.6/site-packages/airflow/example_dags/example_dag_decorator.py for tasks to queue
[2021-02-23 10:33:14,200] {logging_mixin.py:104} INFO - [2021-02-23 10:33:14,200] {dagbag.py:448} INFO - Filling up the DagBag from /home/airflow/.local/lib/python3.6/site-packages/airflow/example_dags/example_dag_decorator.py
[2021-02-23 10:33:14,277] {scheduler_job.py:639} INFO - DAG(s) dict_keys(['example_dag_decorator']) retrieved from /home/airflow/.local/lib/python3.6/site-packages/airflow/example_dags/example_dag_decorator.py
[2021-02-23 10:33:14,360] {logging_mixin.py:104} INFO - [2021-02-23 10:33:14,360] {dag.py:1818} INFO - Sync 1 DAGs
[2021-02-23 10:33:14,435] {logging_mixin.py:104} INFO - [2021-02-23 10:33:14,435] {dag.py:2273} INFO - Setting next_dagrun for example_dag_decorator to None
[2021-02-23 10:33:14,479] {scheduler_job.py:190} INFO - Processing /home/airflow/.local/lib/python3.6/site-packages/airflow/example_dags/example_dag_decorator.py took 0.304 seconds
[2021-02-23 10:33:44,586] {scheduler_job.py:182} INFO - Started process (PID=128) to work on /home/airflow/.local/lib/python3.6/site-packages/airflow/example_dags/example_dag_decorator.py
[2021-02-23 10:33:44,588] {scheduler_job.py:629} INFO - Processing file /home/airflow/.local/lib/python3.6/site-packages/airflow/example_dags/example_dag_decorator.py for tasks to queue
[2021-02-23 10:33:44,590] {logging_mixin.py:104} INFO - [2021-02-23 10:33:44,590] {dagbag.py:448} INFO - Filling up the DagBag from /home/airflow/.local/lib/python3.6/site-packages/airflow/example_dags/example_dag_decorator.py
[2021-02-23 10:33:44,633] {scheduler_job.py:639} INFO - DAG(s) dict_keys(['example_dag_decorator']) retrieved from /home/airflow/.local/lib/python3.6/site-packages/airflow/example_dags/example_dag_decorator.py
[2021-02-23 10:33:44,704] {logging_mixin.py:104} INFO - [2021-02-23 10:33:44,701] {dag.py:1818} INFO - Sync 1 DAGs
[2021-02-23 10:33:44,783] {logging_mixin.py:104} INFO - [2021-02-23 10:33:44,783] {dag.py:2273} INFO - Setting next_dagrun for example_dag_decorator to None
[2021-02-23 10:33:44,818] {scheduler_job.py:190} INFO - Processing /home/airflow/.local/lib/python3.6/site-packages/airflow/example_dags/example_dag_decorator.py took 0.243 seconds
[2021-02-23 10:34:15,201] {scheduler_job.py:182} INFO - Started process (PID=155) to work on /home/airflow/.local/lib/python3.6/site-packages/airflow/example_dags/example_dag_decorator.py
[2021-02-23 10:34:15,204] {scheduler_job.py:629} INFO - Processing file /home/airflow/.local/lib/python3.6/site-packages/airflow/example_dags/example_dag_decorator.py for tasks to queue
[2021-02-23 10:34:15,205] {logging_mixin.py:104} INFO - [2021-02-23 10:34:15,205] {dagbag.py:448} INFO - Filling up the DagBag from /home/airflow/.local/lib/python3.6/site-packages/airflow/example_dags/example_dag_decorator.py
[2021-02-23 10:34:15,258] {scheduler_job.py:639} INFO - DAG(s) dict_keys(['example_dag_decorator']) retrieved from /home/airflow/.local/lib/python3.6/site-packages/airflow/example_dags/example_dag_decorator.py
[2021-02-23 10:34:15,308] {logging_mixin.py:104} INFO - [2021-02-23 10:34:15,308] {dag.py:1818} INFO - Sync 1 DAGs
[2021-02-23 10:34:15,337] {logging_mixin.py:104} INFO - [2021-02-23 10:34:15,337] {dag.py:2273} INFO - Setting next_dagrun for example_dag_decorator to None
[2021-02-23 10:34:15,354] {scheduler_job.py:190} INFO - Processing /home/airflow/.local/lib/python3.6/site-packages/airflow/example_dags/example_dag_decorator.py took 0.162 seconds
[2021-02-23 10:34:45,754] {scheduler_job.py:182} INFO - Started process (PID=182) to work on /home/airflow/.local/lib/python3.6/site-packages/airflow/example_dags/example_dag_decorator.py
[2021-02-23 10:34:45,761] {scheduler_job.py:629} INFO - Processing file /home/airflow/.local/lib/python3.6/site-packages/airflow/example_dags/example_dag_decorator.py for tasks to queue
[2021-02-23 10:34:45,763] {logging_mixin.py:104} INFO - [2021-02-23 10:34:45,763] {dagbag.py:448} INFO - Filling up the DagBag from /home/airflow/.local/lib/python3.6/site-packages/airflow/example_dags/example_dag_decorator.py
[2021-02-23 10:34:45,836] {scheduler_job.py:639} INFO - DAG(s) dict_keys(['example_dag_decorator']) retrieved from /home/airflow/.local/lib/python3.6/site-packages/airflow/example_dags/example_dag_decorator.py
[2021-02-23 10:34:45,886] {logging_mixin.py:104} INFO - [2021-02-23 10:34:45,886] {dag.py:1818} INFO - Sync 1 DAGs
[2021-02-23 10:34:45,918] {logging_mixin.py:104} INFO - [2021-02-23 10:34:45,918] {dag.py:2273} INFO - Setting next_dagrun for example_dag_decorator to None
[2021-02-23 10:34:45,941] {scheduler_job.py:190} INFO - Processing /home/airflow/.local/lib/python3.6/site-packages/airflow/example_dags/example_dag_decorator.py took 0.202 seconds
[2021-02-23 10:35:16,053] {scheduler_job.py:182} INFO - Started process (PID=209) to work on /home/airflow/.local/lib/python3.6/site-packages/airflow/example_dags/example_dag_decorator.py
[2021-02-23 10:35:16,057] {scheduler_job.py:629} INFO - Processing file /home/airflow/.local/lib/python3.6/site-packages/airflow/example_dags/example_dag_decorator.py for tasks to queue
[2021-02-23 10:35:16,061] {logging_mixin.py:104} INFO - [2021-02-23 10:35:16,061] {dagbag.py:448} INFO - Filling up the DagBag from /home/airflow/.local/lib/python3.6/site-packages/airflow/example_dags/example_dag_decorator.py
[2021-02-23 10:35:16,111] {scheduler_job.py:639} INFO - DAG(s) dict_keys(['example_dag_decorator']) retrieved from /home/airflow/.local/lib/python3.6/site-packages/airflow/example_dags/example_dag_decorator.py
[2021-02-23 10:35:16,164] {logging_mixin.py:104} INFO - [2021-02-23 10:35:16,163] {dag.py:1818} INFO - Sync 1 DAGs
[2021-02-23 10:35:16,195] {logging_mixin.py:104} INFO - [2021-02-23 10:35:16,194] {dag.py:2273} INFO - Setting next_dagrun for example_dag_decorator to None
[2021-02-23 10:35:16,231] {scheduler_job.py:190} INFO - Processing /home/airflow/.local/lib/python3.6/site-packages/airflow/example_dags/example_dag_decorator.py took 0.187 seconds
[2021-02-23 10:35:47,069] {scheduler_job.py:182} INFO - Started process (PID=236) to work on /home/airflow/.local/lib/python3.6/site-packages/airflow/example_dags/example_dag_decorator.py
[2021-02-23 10:35:47,072] {scheduler_job.py:629} INFO - Processing file /home/airflow/.local/lib/python3.6/site-packages/airflow/example_dags/example_dag_decorator.py for tasks to queue
[2021-02-23 10:35:47,085] {logging_mixin.py:104} INFO - [2021-02-23 10:35:47,085] {dagbag.py:448} INFO - Filling up the DagBag from /home/airflow/.local/lib/python3.6/site-packages/airflow/example_dags/example_dag_decorator.py
[2021-02-23 10:35:47,199] {scheduler_job.py:639} INFO - DAG(s) dict_keys(['example_dag_decorator']) retrieved from /home/airflow/.local/lib/python3.6/site-packages/airflow/example_dags/example_dag_decorator.py
[2021-02-23 10:35:47,404] {logging_mixin.py:104} INFO - [2021-02-23 10:35:47,404] {dag.py:1818} INFO - Sync 1 DAGs
[2021-02-23 10:35:47,471] {logging_mixin.py:104} INFO - [2021-02-23 10:35:47,471] {dag.py:2273} INFO - Setting next_dagrun for example_dag_decorator to None
[2021-02-23 10:35:47,502] {scheduler_job.py:190} INFO - Processing /home/airflow/.local/lib/python3.6/site-packages/airflow/example_dags/example_dag_decorator.py took 0.441 seconds
[2021-02-23 10:36:17,778] {scheduler_job.py:182} INFO - Started process (PID=263) to work on /home/airflow/.local/lib/python3.6/site-packages/airflow/example_dags/example_dag_decorator.py
[2021-02-23 10:36:17,783] {scheduler_job.py:629} INFO - Processing file /home/airflow/.local/lib/python3.6/site-packages/airflow/example_dags/example_dag_decorator.py for tasks to queue
[2021-02-23 10:36:17,785] {logging_mixin.py:104} INFO - [2021-02-23 10:36:17,784] {dagbag.py:448} INFO - Filling up the DagBag from /home/airflow/.local/lib/python3.6/site-packages/airflow/example_dags/example_dag_decorator.py
[2021-02-23 10:36:17,883] {scheduler_job.py:639} INFO - DAG(s) dict_keys(['example_dag_decorator']) retrieved from /home/airflow/.local/lib/python3.6/site-packages/airflow/example_dags/example_dag_decorator.py
[2021-02-23 10:36:18,015] {logging_mixin.py:104} INFO - [2021-02-23 10:36:18,014] {dag.py:1818} INFO - Sync 1 DAGs
[2021-02-23 10:36:18,086] {logging_mixin.py:104} INFO - [2021-02-23 10:36:18,086] {dag.py:2273} INFO - Setting next_dagrun for example_dag_decorator to None
[2021-02-23 10:36:18,132] {scheduler_job.py:190} INFO - Processing /home/airflow/.local/lib/python3.6/site-packages/airflow/example_dags/example_dag_decorator.py took 0.359 seconds
[2021-02-23 10:36:49,054] {scheduler_job.py:182} INFO - Started process (PID=290) to work on /home/airflow/.local/lib/python3.6/site-packages/airflow/example_dags/example_dag_decorator.py
[2021-02-23 10:36:49,064] {scheduler_job.py:629} INFO - Processing file /home/airflow/.local/lib/python3.6/site-packages/airflow/example_dags/example_dag_decorator.py for tasks to queue
[2021-02-23 10:36:49,069] {logging_mixin.py:104} INFO - [2021-02-23 10:36:49,069] {dagbag.py:448} INFO - Filling up the DagBag from /home/airflow/.local/lib/python3.6/site-packages/airflow/example_dags/example_dag_decorator.py
[2021-02-23 10:36:49,164] {scheduler_job.py:639} INFO - DAG(s) dict_keys(['example_dag_decorator']) retrieved from /home/airflow/.local/lib/python3.6/site-packages/airflow/example_dags/example_dag_decorator.py
[2021-02-23 10:36:49,272] {logging_mixin.py:104} INFO - [2021-02-23 10:36:49,271] {dag.py:1818} INFO - Sync 1 DAGs
[2021-02-23 10:36:49,370] {logging_mixin.py:104} INFO - [2021-02-23 10:36:49,370] {dag.py:2273} INFO - Setting next_dagrun for example_dag_decorator to None
[2021-02-23 10:36:49,412] {scheduler_job.py:190} INFO - Processing /home/airflow/.local/lib/python3.6/site-packages/airflow/example_dags/example_dag_decorator.py took 0.373 seconds
[2021-02-23 10:37:42,461] {scheduler_job.py:182} INFO - Started process (PID=46) to work on /home/airflow/.local/lib/python3.6/site-packages/airflow/example_dags/example_dag_decorator.py
[2021-02-23 10:37:42,467] {scheduler_job.py:629} INFO - Processing file /home/airflow/.local/lib/python3.6/site-packages/airflow/example_dags/example_dag_decorator.py for tasks to queue
[2021-02-23 10:37:42,471] {logging_mixin.py:104} INFO - [2021-02-23 10:37:42,470] {dagbag.py:448} INFO - Filling up the DagBag from /home/airflow/.local/lib/python3.6/site-packages/airflow/example_dags/example_dag_decorator.py
[2021-02-23 10:37:42,541] {scheduler_job.py:639} INFO - DAG(s) dict_keys(['example_dag_decorator']) retrieved from /home/airflow/.local/lib/python3.6/site-packages/airflow/example_dags/example_dag_decorator.py
[2021-02-23 10:37:42,631] {logging_mixin.py:104} INFO - [2021-02-23 10:37:42,630] {dag.py:1818} INFO - Sync 1 DAGs
[2021-02-23 10:37:42,678] {logging_mixin.py:104} INFO - [2021-02-23 10:37:42,678] {dag.py:2273} INFO - Setting next_dagrun for example_dag_decorator to None
[2021-02-23 10:37:42,712] {scheduler_job.py:190} INFO - Processing /home/airflow/.local/lib/python3.6/site-packages/airflow/example_dags/example_dag_decorator.py took 0.270 seconds
[2021-02-23 10:38:13,147] {scheduler_job.py:182} INFO - Started process (PID=73) to work on /home/airflow/.local/lib/python3.6/site-packages/airflow/example_dags/example_dag_decorator.py
[2021-02-23 10:38:13,152] {scheduler_job.py:629} INFO - Processing file /home/airflow/.local/lib/python3.6/site-packages/airflow/example_dags/example_dag_decorator.py for tasks to queue
[2021-02-23 10:38:13,155] {logging_mixin.py:104} INFO - [2021-02-23 10:38:13,154] {dagbag.py:448} INFO - Filling up the DagBag from /home/airflow/.local/lib/python3.6/site-packages/airflow/example_dags/example_dag_decorator.py
[2021-02-23 10:38:13,206] {scheduler_job.py:639} INFO - DAG(s) dict_keys(['example_dag_decorator']) retrieved from /home/airflow/.local/lib/python3.6/site-packages/airflow/example_dags/example_dag_decorator.py
[2021-02-23 10:38:13,258] {logging_mixin.py:104} INFO - [2021-02-23 10:38:13,258] {dag.py:1818} INFO - Sync 1 DAGs
[2021-02-23 10:38:13,289] {logging_mixin.py:104} INFO - [2021-02-23 10:38:13,289] {dag.py:2273} INFO - Setting next_dagrun for example_dag_decorator to None
[2021-02-23 10:38:13,305] {scheduler_job.py:190} INFO - Processing /home/airflow/.local/lib/python3.6/site-packages/airflow/example_dags/example_dag_decorator.py took 0.165 seconds
