[2021-02-23 10:15:14,591] {scheduler_job.py:182} INFO - Started process (PID=39) to work on /home/airflow/.local/lib/python3.6/site-packages/airflow/example_dags/example_short_circuit_operator.py
[2021-02-23 10:15:14,613] {scheduler_job.py:629} INFO - Processing file /home/airflow/.local/lib/python3.6/site-packages/airflow/example_dags/example_short_circuit_operator.py for tasks to queue
[2021-02-23 10:15:14,623] {logging_mixin.py:104} INFO - [2021-02-23 10:15:14,623] {dagbag.py:448} INFO - Filling up the DagBag from /home/airflow/.local/lib/python3.6/site-packages/airflow/example_dags/example_short_circuit_operator.py
[2021-02-23 10:15:14,738] {scheduler_job.py:639} INFO - DAG(s) dict_keys(['example_short_circuit_operator']) retrieved from /home/airflow/.local/lib/python3.6/site-packages/airflow/example_dags/example_short_circuit_operator.py
[2021-02-23 10:15:14,839] {logging_mixin.py:104} INFO - [2021-02-23 10:15:14,837] {dag.py:1818} INFO - Sync 1 DAGs
[2021-02-23 10:15:14,884] {logging_mixin.py:104} INFO - [2021-02-23 10:15:14,884] {dag.py:1837} INFO - Creating ORM DAG for example_short_circuit_operator
[2021-02-23 10:15:14,916] {logging_mixin.py:104} INFO - [2021-02-23 10:15:14,915] {dag.py:2273} INFO - Setting next_dagrun for example_short_circuit_operator to 2021-02-21 00:00:00+00:00
[2021-02-23 10:15:14,974] {scheduler_job.py:190} INFO - Processing /home/airflow/.local/lib/python3.6/site-packages/airflow/example_dags/example_short_circuit_operator.py took 0.396 seconds
[2021-02-23 10:16:56,024] {scheduler_job.py:182} INFO - Started process (PID=69) to work on /home/airflow/.local/lib/python3.6/site-packages/airflow/example_dags/example_short_circuit_operator.py
[2021-02-23 10:16:56,063] {scheduler_job.py:629} INFO - Processing file /home/airflow/.local/lib/python3.6/site-packages/airflow/example_dags/example_short_circuit_operator.py for tasks to queue
[2021-02-23 10:16:56,075] {logging_mixin.py:104} INFO - [2021-02-23 10:16:56,072] {dagbag.py:448} INFO - Filling up the DagBag from /home/airflow/.local/lib/python3.6/site-packages/airflow/example_dags/example_short_circuit_operator.py
[2021-02-23 10:16:56,391] {scheduler_job.py:639} INFO - DAG(s) dict_keys(['example_short_circuit_operator']) retrieved from /home/airflow/.local/lib/python3.6/site-packages/airflow/example_dags/example_short_circuit_operator.py
[2021-02-23 10:16:57,209] {logging_mixin.py:104} INFO - [2021-02-23 10:16:57,209] {dag.py:1818} INFO - Sync 1 DAGs
[2021-02-23 10:16:57,365] {logging_mixin.py:104} INFO - [2021-02-23 10:16:57,364] {dag.py:2273} INFO - Setting next_dagrun for example_short_circuit_operator to 2021-02-21 00:00:00+00:00
[2021-02-23 10:16:57,659] {scheduler_job.py:190} INFO - Processing /home/airflow/.local/lib/python3.6/site-packages/airflow/example_dags/example_short_circuit_operator.py took 1.710 seconds
[2021-02-23 10:17:28,322] {scheduler_job.py:182} INFO - Started process (PID=95) to work on /home/airflow/.local/lib/python3.6/site-packages/airflow/example_dags/example_short_circuit_operator.py
[2021-02-23 10:17:28,328] {scheduler_job.py:629} INFO - Processing file /home/airflow/.local/lib/python3.6/site-packages/airflow/example_dags/example_short_circuit_operator.py for tasks to queue
[2021-02-23 10:17:28,330] {logging_mixin.py:104} INFO - [2021-02-23 10:17:28,329] {dagbag.py:448} INFO - Filling up the DagBag from /home/airflow/.local/lib/python3.6/site-packages/airflow/example_dags/example_short_circuit_operator.py
[2021-02-23 10:17:28,402] {scheduler_job.py:639} INFO - DAG(s) dict_keys(['example_short_circuit_operator']) retrieved from /home/airflow/.local/lib/python3.6/site-packages/airflow/example_dags/example_short_circuit_operator.py
[2021-02-23 10:17:28,480] {logging_mixin.py:104} INFO - [2021-02-23 10:17:28,479] {dag.py:1818} INFO - Sync 1 DAGs
[2021-02-23 10:17:28,516] {logging_mixin.py:104} INFO - [2021-02-23 10:17:28,516] {dag.py:2273} INFO - Setting next_dagrun for example_short_circuit_operator to 2021-02-21 00:00:00+00:00
[2021-02-23 10:17:28,569] {scheduler_job.py:190} INFO - Processing /home/airflow/.local/lib/python3.6/site-packages/airflow/example_dags/example_short_circuit_operator.py took 0.251 seconds
[2021-02-23 10:17:58,964] {scheduler_job.py:182} INFO - Started process (PID=122) to work on /home/airflow/.local/lib/python3.6/site-packages/airflow/example_dags/example_short_circuit_operator.py
[2021-02-23 10:17:58,967] {scheduler_job.py:629} INFO - Processing file /home/airflow/.local/lib/python3.6/site-packages/airflow/example_dags/example_short_circuit_operator.py for tasks to queue
[2021-02-23 10:17:58,969] {logging_mixin.py:104} INFO - [2021-02-23 10:17:58,968] {dagbag.py:448} INFO - Filling up the DagBag from /home/airflow/.local/lib/python3.6/site-packages/airflow/example_dags/example_short_circuit_operator.py
[2021-02-23 10:17:59,029] {scheduler_job.py:639} INFO - DAG(s) dict_keys(['example_short_circuit_operator']) retrieved from /home/airflow/.local/lib/python3.6/site-packages/airflow/example_dags/example_short_circuit_operator.py
[2021-02-23 10:17:59,055] {logging_mixin.py:104} INFO - [2021-02-23 10:17:59,055] {dag.py:1818} INFO - Sync 1 DAGs
[2021-02-23 10:17:59,074] {logging_mixin.py:104} INFO - [2021-02-23 10:17:59,074] {dag.py:2273} INFO - Setting next_dagrun for example_short_circuit_operator to 2021-02-21 00:00:00+00:00
[2021-02-23 10:17:59,085] {scheduler_job.py:190} INFO - Processing /home/airflow/.local/lib/python3.6/site-packages/airflow/example_dags/example_short_circuit_operator.py took 0.132 seconds
[2021-02-23 10:18:29,492] {scheduler_job.py:182} INFO - Started process (PID=149) to work on /home/airflow/.local/lib/python3.6/site-packages/airflow/example_dags/example_short_circuit_operator.py
[2021-02-23 10:18:29,507] {scheduler_job.py:629} INFO - Processing file /home/airflow/.local/lib/python3.6/site-packages/airflow/example_dags/example_short_circuit_operator.py for tasks to queue
[2021-02-23 10:18:29,519] {logging_mixin.py:104} INFO - [2021-02-23 10:18:29,519] {dagbag.py:448} INFO - Filling up the DagBag from /home/airflow/.local/lib/python3.6/site-packages/airflow/example_dags/example_short_circuit_operator.py
[2021-02-23 10:18:29,792] {scheduler_job.py:639} INFO - DAG(s) dict_keys(['example_short_circuit_operator']) retrieved from /home/airflow/.local/lib/python3.6/site-packages/airflow/example_dags/example_short_circuit_operator.py
[2021-02-23 10:18:31,361] {logging_mixin.py:104} INFO - [2021-02-23 10:18:31,351] {dag.py:1818} INFO - Sync 1 DAGs
[2021-02-23 10:18:34,307] {logging_mixin.py:104} INFO - [2021-02-23 10:18:34,271] {dag.py:2273} INFO - Setting next_dagrun for example_short_circuit_operator to 2021-02-21 00:00:00+00:00
[2021-02-23 10:18:44,053] {scheduler_job.py:190} INFO - Processing /home/airflow/.local/lib/python3.6/site-packages/airflow/example_dags/example_short_circuit_operator.py took 14.634 seconds
[2021-02-23 10:19:14,339] {scheduler_job.py:182} INFO - Started process (PID=176) to work on /home/airflow/.local/lib/python3.6/site-packages/airflow/example_dags/example_short_circuit_operator.py
[2021-02-23 10:19:14,347] {scheduler_job.py:629} INFO - Processing file /home/airflow/.local/lib/python3.6/site-packages/airflow/example_dags/example_short_circuit_operator.py for tasks to queue
[2021-02-23 10:19:14,353] {logging_mixin.py:104} INFO - [2021-02-23 10:19:14,352] {dagbag.py:448} INFO - Filling up the DagBag from /home/airflow/.local/lib/python3.6/site-packages/airflow/example_dags/example_short_circuit_operator.py
[2021-02-23 10:19:14,395] {scheduler_job.py:639} INFO - DAG(s) dict_keys(['example_short_circuit_operator']) retrieved from /home/airflow/.local/lib/python3.6/site-packages/airflow/example_dags/example_short_circuit_operator.py
[2021-02-23 10:19:14,437] {logging_mixin.py:104} INFO - [2021-02-23 10:19:14,437] {dag.py:1818} INFO - Sync 1 DAGs
[2021-02-23 10:19:14,487] {logging_mixin.py:104} INFO - [2021-02-23 10:19:14,487] {dag.py:2273} INFO - Setting next_dagrun for example_short_circuit_operator to 2021-02-21 00:00:00+00:00
[2021-02-23 10:19:14,528] {scheduler_job.py:190} INFO - Processing /home/airflow/.local/lib/python3.6/site-packages/airflow/example_dags/example_short_circuit_operator.py took 0.195 seconds
[2021-02-23 10:19:44,774] {scheduler_job.py:182} INFO - Started process (PID=203) to work on /home/airflow/.local/lib/python3.6/site-packages/airflow/example_dags/example_short_circuit_operator.py
[2021-02-23 10:19:44,780] {scheduler_job.py:629} INFO - Processing file /home/airflow/.local/lib/python3.6/site-packages/airflow/example_dags/example_short_circuit_operator.py for tasks to queue
[2021-02-23 10:19:44,783] {logging_mixin.py:104} INFO - [2021-02-23 10:19:44,782] {dagbag.py:448} INFO - Filling up the DagBag from /home/airflow/.local/lib/python3.6/site-packages/airflow/example_dags/example_short_circuit_operator.py
[2021-02-23 10:19:44,933] {scheduler_job.py:639} INFO - DAG(s) dict_keys(['example_short_circuit_operator']) retrieved from /home/airflow/.local/lib/python3.6/site-packages/airflow/example_dags/example_short_circuit_operator.py
[2021-02-23 10:19:45,130] {logging_mixin.py:104} INFO - [2021-02-23 10:19:45,114] {dag.py:1818} INFO - Sync 1 DAGs
[2021-02-23 10:19:45,251] {logging_mixin.py:104} INFO - [2021-02-23 10:19:45,250] {dag.py:2273} INFO - Setting next_dagrun for example_short_circuit_operator to 2021-02-21 00:00:00+00:00
[2021-02-23 10:19:45,299] {scheduler_job.py:190} INFO - Processing /home/airflow/.local/lib/python3.6/site-packages/airflow/example_dags/example_short_circuit_operator.py took 0.529 seconds
[2021-02-23 10:20:15,829] {scheduler_job.py:182} INFO - Started process (PID=230) to work on /home/airflow/.local/lib/python3.6/site-packages/airflow/example_dags/example_short_circuit_operator.py
[2021-02-23 10:20:15,838] {scheduler_job.py:629} INFO - Processing file /home/airflow/.local/lib/python3.6/site-packages/airflow/example_dags/example_short_circuit_operator.py for tasks to queue
[2021-02-23 10:20:15,845] {logging_mixin.py:104} INFO - [2021-02-23 10:20:15,844] {dagbag.py:448} INFO - Filling up the DagBag from /home/airflow/.local/lib/python3.6/site-packages/airflow/example_dags/example_short_circuit_operator.py
[2021-02-23 10:20:15,888] {scheduler_job.py:639} INFO - DAG(s) dict_keys(['example_short_circuit_operator']) retrieved from /home/airflow/.local/lib/python3.6/site-packages/airflow/example_dags/example_short_circuit_operator.py
[2021-02-23 10:20:15,924] {logging_mixin.py:104} INFO - [2021-02-23 10:20:15,924] {dag.py:1818} INFO - Sync 1 DAGs
[2021-02-23 10:20:15,949] {logging_mixin.py:104} INFO - [2021-02-23 10:20:15,949] {dag.py:2273} INFO - Setting next_dagrun for example_short_circuit_operator to 2021-02-21 00:00:00+00:00
[2021-02-23 10:20:15,962] {scheduler_job.py:190} INFO - Processing /home/airflow/.local/lib/python3.6/site-packages/airflow/example_dags/example_short_circuit_operator.py took 0.147 seconds
[2021-02-23 10:20:46,306] {scheduler_job.py:182} INFO - Started process (PID=257) to work on /home/airflow/.local/lib/python3.6/site-packages/airflow/example_dags/example_short_circuit_operator.py
[2021-02-23 10:20:46,311] {scheduler_job.py:629} INFO - Processing file /home/airflow/.local/lib/python3.6/site-packages/airflow/example_dags/example_short_circuit_operator.py for tasks to queue
[2021-02-23 10:20:46,313] {logging_mixin.py:104} INFO - [2021-02-23 10:20:46,313] {dagbag.py:448} INFO - Filling up the DagBag from /home/airflow/.local/lib/python3.6/site-packages/airflow/example_dags/example_short_circuit_operator.py
[2021-02-23 10:20:46,338] {scheduler_job.py:639} INFO - DAG(s) dict_keys(['example_short_circuit_operator']) retrieved from /home/airflow/.local/lib/python3.6/site-packages/airflow/example_dags/example_short_circuit_operator.py
[2021-02-23 10:20:46,425] {logging_mixin.py:104} INFO - [2021-02-23 10:20:46,425] {dag.py:1818} INFO - Sync 1 DAGs
[2021-02-23 10:20:46,490] {logging_mixin.py:104} INFO - [2021-02-23 10:20:46,489] {dag.py:2273} INFO - Setting next_dagrun for example_short_circuit_operator to 2021-02-21 00:00:00+00:00
[2021-02-23 10:20:46,539] {scheduler_job.py:190} INFO - Processing /home/airflow/.local/lib/python3.6/site-packages/airflow/example_dags/example_short_circuit_operator.py took 0.244 seconds
[2021-02-23 10:21:20,066] {scheduler_job.py:182} INFO - Started process (PID=284) to work on /home/airflow/.local/lib/python3.6/site-packages/airflow/example_dags/example_short_circuit_operator.py
[2021-02-23 10:21:20,073] {scheduler_job.py:629} INFO - Processing file /home/airflow/.local/lib/python3.6/site-packages/airflow/example_dags/example_short_circuit_operator.py for tasks to queue
[2021-02-23 10:21:20,108] {logging_mixin.py:104} INFO - [2021-02-23 10:21:20,108] {dagbag.py:448} INFO - Filling up the DagBag from /home/airflow/.local/lib/python3.6/site-packages/airflow/example_dags/example_short_circuit_operator.py
[2021-02-23 10:21:20,354] {scheduler_job.py:639} INFO - DAG(s) dict_keys(['example_short_circuit_operator']) retrieved from /home/airflow/.local/lib/python3.6/site-packages/airflow/example_dags/example_short_circuit_operator.py
[2021-02-23 10:21:22,705] {logging_mixin.py:104} INFO - [2021-02-23 10:21:22,697] {dag.py:1818} INFO - Sync 1 DAGs
[2021-02-23 10:21:23,596] {logging_mixin.py:104} INFO - [2021-02-23 10:21:23,569] {dag.py:2273} INFO - Setting next_dagrun for example_short_circuit_operator to 2021-02-21 00:00:00+00:00
[2021-02-23 10:21:24,799] {scheduler_job.py:190} INFO - Processing /home/airflow/.local/lib/python3.6/site-packages/airflow/example_dags/example_short_circuit_operator.py took 4.772 seconds
[2021-02-23 10:22:42,629] {scheduler_job.py:182} INFO - Started process (PID=49) to work on /home/airflow/.local/lib/python3.6/site-packages/airflow/example_dags/example_short_circuit_operator.py
[2021-02-23 10:22:42,664] {scheduler_job.py:629} INFO - Processing file /home/airflow/.local/lib/python3.6/site-packages/airflow/example_dags/example_short_circuit_operator.py for tasks to queue
[2021-02-23 10:22:42,682] {logging_mixin.py:104} INFO - [2021-02-23 10:22:42,682] {dagbag.py:448} INFO - Filling up the DagBag from /home/airflow/.local/lib/python3.6/site-packages/airflow/example_dags/example_short_circuit_operator.py
[2021-02-23 10:22:43,046] {scheduler_job.py:639} INFO - DAG(s) dict_keys(['example_short_circuit_operator']) retrieved from /home/airflow/.local/lib/python3.6/site-packages/airflow/example_dags/example_short_circuit_operator.py
[2021-02-23 10:22:43,223] {logging_mixin.py:104} INFO - [2021-02-23 10:22:43,223] {dag.py:1818} INFO - Sync 1 DAGs
[2021-02-23 10:22:43,345] {logging_mixin.py:104} INFO - [2021-02-23 10:22:43,345] {dag.py:2273} INFO - Setting next_dagrun for example_short_circuit_operator to 2021-02-21 00:00:00+00:00
[2021-02-23 10:22:43,408] {scheduler_job.py:190} INFO - Processing /home/airflow/.local/lib/python3.6/site-packages/airflow/example_dags/example_short_circuit_operator.py took 0.857 seconds
[2021-02-23 10:23:25,116] {scheduler_job.py:182} INFO - Started process (PID=76) to work on /home/airflow/.local/lib/python3.6/site-packages/airflow/example_dags/example_short_circuit_operator.py
[2021-02-23 10:23:25,123] {scheduler_job.py:629} INFO - Processing file /home/airflow/.local/lib/python3.6/site-packages/airflow/example_dags/example_short_circuit_operator.py for tasks to queue
[2021-02-23 10:23:25,129] {logging_mixin.py:104} INFO - [2021-02-23 10:23:25,129] {dagbag.py:448} INFO - Filling up the DagBag from /home/airflow/.local/lib/python3.6/site-packages/airflow/example_dags/example_short_circuit_operator.py
[2021-02-23 10:23:25,312] {scheduler_job.py:639} INFO - DAG(s) dict_keys(['example_short_circuit_operator']) retrieved from /home/airflow/.local/lib/python3.6/site-packages/airflow/example_dags/example_short_circuit_operator.py
[2021-02-23 10:23:25,388] {logging_mixin.py:104} INFO - [2021-02-23 10:23:25,388] {dag.py:1818} INFO - Sync 1 DAGs
[2021-02-23 10:23:25,426] {logging_mixin.py:104} INFO - [2021-02-23 10:23:25,426] {dag.py:2273} INFO - Setting next_dagrun for example_short_circuit_operator to 2021-02-21 00:00:00+00:00
[2021-02-23 10:23:25,446] {scheduler_job.py:190} INFO - Processing /home/airflow/.local/lib/python3.6/site-packages/airflow/example_dags/example_short_circuit_operator.py took 0.370 seconds
[2021-02-23 10:23:56,496] {scheduler_job.py:182} INFO - Started process (PID=103) to work on /home/airflow/.local/lib/python3.6/site-packages/airflow/example_dags/example_short_circuit_operator.py
[2021-02-23 10:23:56,521] {scheduler_job.py:629} INFO - Processing file /home/airflow/.local/lib/python3.6/site-packages/airflow/example_dags/example_short_circuit_operator.py for tasks to queue
[2021-02-23 10:23:56,528] {logging_mixin.py:104} INFO - [2021-02-23 10:23:56,528] {dagbag.py:448} INFO - Filling up the DagBag from /home/airflow/.local/lib/python3.6/site-packages/airflow/example_dags/example_short_circuit_operator.py
[2021-02-23 10:23:56,940] {scheduler_job.py:639} INFO - DAG(s) dict_keys(['example_short_circuit_operator']) retrieved from /home/airflow/.local/lib/python3.6/site-packages/airflow/example_dags/example_short_circuit_operator.py
[2021-02-23 10:23:57,269] {logging_mixin.py:104} INFO - [2021-02-23 10:23:57,265] {dag.py:1818} INFO - Sync 1 DAGs
[2021-02-23 10:23:57,462] {logging_mixin.py:104} INFO - [2021-02-23 10:23:57,462] {dag.py:2273} INFO - Setting next_dagrun for example_short_circuit_operator to 2021-02-21 00:00:00+00:00
[2021-02-23 10:23:57,508] {scheduler_job.py:190} INFO - Processing /home/airflow/.local/lib/python3.6/site-packages/airflow/example_dags/example_short_circuit_operator.py took 1.053 seconds
[2021-02-23 10:24:30,359] {scheduler_job.py:182} INFO - Started process (PID=130) to work on /home/airflow/.local/lib/python3.6/site-packages/airflow/example_dags/example_short_circuit_operator.py
[2021-02-23 10:24:30,374] {scheduler_job.py:629} INFO - Processing file /home/airflow/.local/lib/python3.6/site-packages/airflow/example_dags/example_short_circuit_operator.py for tasks to queue
[2021-02-23 10:24:30,381] {logging_mixin.py:104} INFO - [2021-02-23 10:24:30,381] {dagbag.py:448} INFO - Filling up the DagBag from /home/airflow/.local/lib/python3.6/site-packages/airflow/example_dags/example_short_circuit_operator.py
[2021-02-23 10:24:30,523] {scheduler_job.py:639} INFO - DAG(s) dict_keys(['example_short_circuit_operator']) retrieved from /home/airflow/.local/lib/python3.6/site-packages/airflow/example_dags/example_short_circuit_operator.py
[2021-02-23 10:24:31,482] {logging_mixin.py:104} INFO - [2021-02-23 10:24:31,482] {dag.py:1818} INFO - Sync 1 DAGs
[2021-02-23 10:24:31,573] {logging_mixin.py:104} INFO - [2021-02-23 10:24:31,571] {dag.py:2273} INFO - Setting next_dagrun for example_short_circuit_operator to 2021-02-21 00:00:00+00:00
[2021-02-23 10:24:31,670] {scheduler_job.py:190} INFO - Processing /home/airflow/.local/lib/python3.6/site-packages/airflow/example_dags/example_short_circuit_operator.py took 1.360 seconds
[2021-02-23 10:25:02,993] {scheduler_job.py:182} INFO - Started process (PID=158) to work on /home/airflow/.local/lib/python3.6/site-packages/airflow/example_dags/example_short_circuit_operator.py
[2021-02-23 10:25:03,004] {scheduler_job.py:629} INFO - Processing file /home/airflow/.local/lib/python3.6/site-packages/airflow/example_dags/example_short_circuit_operator.py for tasks to queue
[2021-02-23 10:25:03,007] {logging_mixin.py:104} INFO - [2021-02-23 10:25:03,007] {dagbag.py:448} INFO - Filling up the DagBag from /home/airflow/.local/lib/python3.6/site-packages/airflow/example_dags/example_short_circuit_operator.py
[2021-02-23 10:25:03,102] {scheduler_job.py:639} INFO - DAG(s) dict_keys(['example_short_circuit_operator']) retrieved from /home/airflow/.local/lib/python3.6/site-packages/airflow/example_dags/example_short_circuit_operator.py
[2021-02-23 10:25:03,233] {logging_mixin.py:104} INFO - [2021-02-23 10:25:03,226] {dag.py:1818} INFO - Sync 1 DAGs
[2021-02-23 10:25:03,402] {logging_mixin.py:104} INFO - [2021-02-23 10:25:03,401] {dag.py:2273} INFO - Setting next_dagrun for example_short_circuit_operator to 2021-02-21 00:00:00+00:00
[2021-02-23 10:25:03,500] {scheduler_job.py:190} INFO - Processing /home/airflow/.local/lib/python3.6/site-packages/airflow/example_dags/example_short_circuit_operator.py took 0.527 seconds
[2021-02-23 10:25:39,842] {scheduler_job.py:182} INFO - Started process (PID=186) to work on /home/airflow/.local/lib/python3.6/site-packages/airflow/example_dags/example_short_circuit_operator.py
[2021-02-23 10:25:39,866] {scheduler_job.py:629} INFO - Processing file /home/airflow/.local/lib/python3.6/site-packages/airflow/example_dags/example_short_circuit_operator.py for tasks to queue
[2021-02-23 10:25:39,870] {logging_mixin.py:104} INFO - [2021-02-23 10:25:39,870] {dagbag.py:448} INFO - Filling up the DagBag from /home/airflow/.local/lib/python3.6/site-packages/airflow/example_dags/example_short_circuit_operator.py
[2021-02-23 10:25:39,954] {scheduler_job.py:639} INFO - DAG(s) dict_keys(['example_short_circuit_operator']) retrieved from /home/airflow/.local/lib/python3.6/site-packages/airflow/example_dags/example_short_circuit_operator.py
[2021-02-23 10:25:40,043] {logging_mixin.py:104} INFO - [2021-02-23 10:25:40,043] {dag.py:1818} INFO - Sync 1 DAGs
[2021-02-23 10:25:40,122] {logging_mixin.py:104} INFO - [2021-02-23 10:25:40,122] {dag.py:2273} INFO - Setting next_dagrun for example_short_circuit_operator to 2021-02-21 00:00:00+00:00
[2021-02-23 10:25:40,165] {scheduler_job.py:190} INFO - Processing /home/airflow/.local/lib/python3.6/site-packages/airflow/example_dags/example_short_circuit_operator.py took 0.333 seconds
[2021-02-23 10:26:34,273] {scheduler_job.py:182} INFO - Started process (PID=225) to work on /home/airflow/.local/lib/python3.6/site-packages/airflow/example_dags/example_short_circuit_operator.py
[2021-02-23 10:26:34,279] {scheduler_job.py:629} INFO - Processing file /home/airflow/.local/lib/python3.6/site-packages/airflow/example_dags/example_short_circuit_operator.py for tasks to queue
[2021-02-23 10:26:34,282] {logging_mixin.py:104} INFO - [2021-02-23 10:26:34,281] {dagbag.py:448} INFO - Filling up the DagBag from /home/airflow/.local/lib/python3.6/site-packages/airflow/example_dags/example_short_circuit_operator.py
[2021-02-23 10:26:34,352] {scheduler_job.py:639} INFO - DAG(s) dict_keys(['example_short_circuit_operator']) retrieved from /home/airflow/.local/lib/python3.6/site-packages/airflow/example_dags/example_short_circuit_operator.py
[2021-02-23 10:26:34,426] {logging_mixin.py:104} INFO - [2021-02-23 10:26:34,426] {dag.py:1818} INFO - Sync 1 DAGs
[2021-02-23 10:26:34,501] {logging_mixin.py:104} INFO - [2021-02-23 10:26:34,499] {dag.py:2273} INFO - Setting next_dagrun for example_short_circuit_operator to 2021-02-21 00:00:00+00:00
[2021-02-23 10:26:34,536] {scheduler_job.py:190} INFO - Processing /home/airflow/.local/lib/python3.6/site-packages/airflow/example_dags/example_short_circuit_operator.py took 0.279 seconds
[2021-02-23 10:27:18,019] {scheduler_job.py:182} INFO - Started process (PID=252) to work on /home/airflow/.local/lib/python3.6/site-packages/airflow/example_dags/example_short_circuit_operator.py
[2021-02-23 10:27:18,025] {scheduler_job.py:629} INFO - Processing file /home/airflow/.local/lib/python3.6/site-packages/airflow/example_dags/example_short_circuit_operator.py for tasks to queue
[2021-02-23 10:27:18,030] {logging_mixin.py:104} INFO - [2021-02-23 10:27:18,030] {dagbag.py:448} INFO - Filling up the DagBag from /home/airflow/.local/lib/python3.6/site-packages/airflow/example_dags/example_short_circuit_operator.py
[2021-02-23 10:27:18,102] {scheduler_job.py:639} INFO - DAG(s) dict_keys(['example_short_circuit_operator']) retrieved from /home/airflow/.local/lib/python3.6/site-packages/airflow/example_dags/example_short_circuit_operator.py
[2021-02-23 10:27:18,182] {logging_mixin.py:104} INFO - [2021-02-23 10:27:18,182] {dag.py:1818} INFO - Sync 1 DAGs
[2021-02-23 10:27:18,251] {logging_mixin.py:104} INFO - [2021-02-23 10:27:18,251] {dag.py:2273} INFO - Setting next_dagrun for example_short_circuit_operator to 2021-02-21 00:00:00+00:00
[2021-02-23 10:27:18,289] {scheduler_job.py:190} INFO - Processing /home/airflow/.local/lib/python3.6/site-packages/airflow/example_dags/example_short_circuit_operator.py took 0.288 seconds
[2021-02-23 10:32:07,090] {scheduler_job.py:182} INFO - Started process (PID=37) to work on /home/airflow/.local/lib/python3.6/site-packages/airflow/example_dags/example_short_circuit_operator.py
[2021-02-23 10:32:07,100] {scheduler_job.py:629} INFO - Processing file /home/airflow/.local/lib/python3.6/site-packages/airflow/example_dags/example_short_circuit_operator.py for tasks to queue
[2021-02-23 10:32:07,127] {logging_mixin.py:104} INFO - [2021-02-23 10:32:07,127] {dagbag.py:448} INFO - Filling up the DagBag from /home/airflow/.local/lib/python3.6/site-packages/airflow/example_dags/example_short_circuit_operator.py
[2021-02-23 10:32:07,292] {scheduler_job.py:639} INFO - DAG(s) dict_keys(['example_short_circuit_operator']) retrieved from /home/airflow/.local/lib/python3.6/site-packages/airflow/example_dags/example_short_circuit_operator.py
[2021-02-23 10:32:07,474] {logging_mixin.py:104} INFO - [2021-02-23 10:32:07,474] {dag.py:1818} INFO - Sync 1 DAGs
[2021-02-23 10:32:07,623] {logging_mixin.py:104} INFO - [2021-02-23 10:32:07,623] {dag.py:2273} INFO - Setting next_dagrun for example_short_circuit_operator to 2021-02-21 00:00:00+00:00
[2021-02-23 10:32:07,691] {scheduler_job.py:190} INFO - Processing /home/airflow/.local/lib/python3.6/site-packages/airflow/example_dags/example_short_circuit_operator.py took 0.632 seconds
[2021-02-23 10:32:38,042] {scheduler_job.py:182} INFO - Started process (PID=64) to work on /home/airflow/.local/lib/python3.6/site-packages/airflow/example_dags/example_short_circuit_operator.py
[2021-02-23 10:32:38,063] {scheduler_job.py:629} INFO - Processing file /home/airflow/.local/lib/python3.6/site-packages/airflow/example_dags/example_short_circuit_operator.py for tasks to queue
[2021-02-23 10:32:38,069] {logging_mixin.py:104} INFO - [2021-02-23 10:32:38,069] {dagbag.py:448} INFO - Filling up the DagBag from /home/airflow/.local/lib/python3.6/site-packages/airflow/example_dags/example_short_circuit_operator.py
[2021-02-23 10:32:38,302] {scheduler_job.py:639} INFO - DAG(s) dict_keys(['example_short_circuit_operator']) retrieved from /home/airflow/.local/lib/python3.6/site-packages/airflow/example_dags/example_short_circuit_operator.py
[2021-02-23 10:32:38,494] {logging_mixin.py:104} INFO - [2021-02-23 10:32:38,493] {dag.py:1818} INFO - Sync 1 DAGs
[2021-02-23 10:32:38,803] {logging_mixin.py:104} INFO - [2021-02-23 10:32:38,803] {dag.py:2273} INFO - Setting next_dagrun for example_short_circuit_operator to 2021-02-21 00:00:00+00:00
[2021-02-23 10:32:38,991] {scheduler_job.py:190} INFO - Processing /home/airflow/.local/lib/python3.6/site-packages/airflow/example_dags/example_short_circuit_operator.py took 1.022 seconds
[2021-02-23 10:33:09,822] {scheduler_job.py:182} INFO - Started process (PID=91) to work on /home/airflow/.local/lib/python3.6/site-packages/airflow/example_dags/example_short_circuit_operator.py
[2021-02-23 10:33:09,830] {scheduler_job.py:629} INFO - Processing file /home/airflow/.local/lib/python3.6/site-packages/airflow/example_dags/example_short_circuit_operator.py for tasks to queue
[2021-02-23 10:33:09,834] {logging_mixin.py:104} INFO - [2021-02-23 10:33:09,834] {dagbag.py:448} INFO - Filling up the DagBag from /home/airflow/.local/lib/python3.6/site-packages/airflow/example_dags/example_short_circuit_operator.py
[2021-02-23 10:33:09,897] {scheduler_job.py:639} INFO - DAG(s) dict_keys(['example_short_circuit_operator']) retrieved from /home/airflow/.local/lib/python3.6/site-packages/airflow/example_dags/example_short_circuit_operator.py
[2021-02-23 10:33:09,973] {logging_mixin.py:104} INFO - [2021-02-23 10:33:09,973] {dag.py:1818} INFO - Sync 1 DAGs
[2021-02-23 10:33:10,071] {logging_mixin.py:104} INFO - [2021-02-23 10:33:10,071] {dag.py:2273} INFO - Setting next_dagrun for example_short_circuit_operator to 2021-02-21 00:00:00+00:00
[2021-02-23 10:33:10,115] {scheduler_job.py:190} INFO - Processing /home/airflow/.local/lib/python3.6/site-packages/airflow/example_dags/example_short_circuit_operator.py took 0.308 seconds
[2021-02-23 10:33:40,817] {scheduler_job.py:182} INFO - Started process (PID=119) to work on /home/airflow/.local/lib/python3.6/site-packages/airflow/example_dags/example_short_circuit_operator.py
[2021-02-23 10:33:40,824] {scheduler_job.py:629} INFO - Processing file /home/airflow/.local/lib/python3.6/site-packages/airflow/example_dags/example_short_circuit_operator.py for tasks to queue
[2021-02-23 10:33:40,826] {logging_mixin.py:104} INFO - [2021-02-23 10:33:40,825] {dagbag.py:448} INFO - Filling up the DagBag from /home/airflow/.local/lib/python3.6/site-packages/airflow/example_dags/example_short_circuit_operator.py
[2021-02-23 10:33:40,862] {scheduler_job.py:639} INFO - DAG(s) dict_keys(['example_short_circuit_operator']) retrieved from /home/airflow/.local/lib/python3.6/site-packages/airflow/example_dags/example_short_circuit_operator.py
[2021-02-23 10:33:40,935] {logging_mixin.py:104} INFO - [2021-02-23 10:33:40,935] {dag.py:1818} INFO - Sync 1 DAGs
[2021-02-23 10:33:41,005] {logging_mixin.py:104} INFO - [2021-02-23 10:33:41,005] {dag.py:2273} INFO - Setting next_dagrun for example_short_circuit_operator to 2021-02-21 00:00:00+00:00
[2021-02-23 10:33:41,059] {scheduler_job.py:190} INFO - Processing /home/airflow/.local/lib/python3.6/site-packages/airflow/example_dags/example_short_circuit_operator.py took 0.251 seconds
[2021-02-23 10:34:11,382] {scheduler_job.py:182} INFO - Started process (PID=146) to work on /home/airflow/.local/lib/python3.6/site-packages/airflow/example_dags/example_short_circuit_operator.py
[2021-02-23 10:34:11,387] {scheduler_job.py:629} INFO - Processing file /home/airflow/.local/lib/python3.6/site-packages/airflow/example_dags/example_short_circuit_operator.py for tasks to queue
[2021-02-23 10:34:11,395] {logging_mixin.py:104} INFO - [2021-02-23 10:34:11,395] {dagbag.py:448} INFO - Filling up the DagBag from /home/airflow/.local/lib/python3.6/site-packages/airflow/example_dags/example_short_circuit_operator.py
[2021-02-23 10:34:11,440] {scheduler_job.py:639} INFO - DAG(s) dict_keys(['example_short_circuit_operator']) retrieved from /home/airflow/.local/lib/python3.6/site-packages/airflow/example_dags/example_short_circuit_operator.py
[2021-02-23 10:34:11,493] {logging_mixin.py:104} INFO - [2021-02-23 10:34:11,493] {dag.py:1818} INFO - Sync 1 DAGs
[2021-02-23 10:34:11,525] {logging_mixin.py:104} INFO - [2021-02-23 10:34:11,525] {dag.py:2273} INFO - Setting next_dagrun for example_short_circuit_operator to 2021-02-21 00:00:00+00:00
[2021-02-23 10:34:11,546] {scheduler_job.py:190} INFO - Processing /home/airflow/.local/lib/python3.6/site-packages/airflow/example_dags/example_short_circuit_operator.py took 0.179 seconds
[2021-02-23 10:34:42,127] {scheduler_job.py:182} INFO - Started process (PID=173) to work on /home/airflow/.local/lib/python3.6/site-packages/airflow/example_dags/example_short_circuit_operator.py
[2021-02-23 10:34:42,142] {scheduler_job.py:629} INFO - Processing file /home/airflow/.local/lib/python3.6/site-packages/airflow/example_dags/example_short_circuit_operator.py for tasks to queue
[2021-02-23 10:34:42,153] {logging_mixin.py:104} INFO - [2021-02-23 10:34:42,153] {dagbag.py:448} INFO - Filling up the DagBag from /home/airflow/.local/lib/python3.6/site-packages/airflow/example_dags/example_short_circuit_operator.py
[2021-02-23 10:34:42,223] {scheduler_job.py:639} INFO - DAG(s) dict_keys(['example_short_circuit_operator']) retrieved from /home/airflow/.local/lib/python3.6/site-packages/airflow/example_dags/example_short_circuit_operator.py
[2021-02-23 10:34:42,329] {logging_mixin.py:104} INFO - [2021-02-23 10:34:42,329] {dag.py:1818} INFO - Sync 1 DAGs
[2021-02-23 10:34:42,423] {logging_mixin.py:104} INFO - [2021-02-23 10:34:42,423] {dag.py:2273} INFO - Setting next_dagrun for example_short_circuit_operator to 2021-02-21 00:00:00+00:00
[2021-02-23 10:34:42,525] {scheduler_job.py:190} INFO - Processing /home/airflow/.local/lib/python3.6/site-packages/airflow/example_dags/example_short_circuit_operator.py took 0.427 seconds
[2021-02-23 10:35:14,072] {scheduler_job.py:182} INFO - Started process (PID=203) to work on /home/airflow/.local/lib/python3.6/site-packages/airflow/example_dags/example_short_circuit_operator.py
[2021-02-23 10:35:14,078] {scheduler_job.py:629} INFO - Processing file /home/airflow/.local/lib/python3.6/site-packages/airflow/example_dags/example_short_circuit_operator.py for tasks to queue
[2021-02-23 10:35:14,086] {logging_mixin.py:104} INFO - [2021-02-23 10:35:14,086] {dagbag.py:448} INFO - Filling up the DagBag from /home/airflow/.local/lib/python3.6/site-packages/airflow/example_dags/example_short_circuit_operator.py
[2021-02-23 10:35:14,171] {scheduler_job.py:639} INFO - DAG(s) dict_keys(['example_short_circuit_operator']) retrieved from /home/airflow/.local/lib/python3.6/site-packages/airflow/example_dags/example_short_circuit_operator.py
[2021-02-23 10:35:14,294] {logging_mixin.py:104} INFO - [2021-02-23 10:35:14,292] {dag.py:1818} INFO - Sync 1 DAGs
[2021-02-23 10:35:14,362] {logging_mixin.py:104} INFO - [2021-02-23 10:35:14,362] {dag.py:2273} INFO - Setting next_dagrun for example_short_circuit_operator to 2021-02-21 00:00:00+00:00
[2021-02-23 10:35:14,417] {scheduler_job.py:190} INFO - Processing /home/airflow/.local/lib/python3.6/site-packages/airflow/example_dags/example_short_circuit_operator.py took 0.357 seconds
[2021-02-23 10:35:45,383] {scheduler_job.py:182} INFO - Started process (PID=230) to work on /home/airflow/.local/lib/python3.6/site-packages/airflow/example_dags/example_short_circuit_operator.py
[2021-02-23 10:35:45,391] {scheduler_job.py:629} INFO - Processing file /home/airflow/.local/lib/python3.6/site-packages/airflow/example_dags/example_short_circuit_operator.py for tasks to queue
[2021-02-23 10:35:45,397] {logging_mixin.py:104} INFO - [2021-02-23 10:35:45,396] {dagbag.py:448} INFO - Filling up the DagBag from /home/airflow/.local/lib/python3.6/site-packages/airflow/example_dags/example_short_circuit_operator.py
[2021-02-23 10:35:45,438] {scheduler_job.py:639} INFO - DAG(s) dict_keys(['example_short_circuit_operator']) retrieved from /home/airflow/.local/lib/python3.6/site-packages/airflow/example_dags/example_short_circuit_operator.py
[2021-02-23 10:35:45,486] {logging_mixin.py:104} INFO - [2021-02-23 10:35:45,486] {dag.py:1818} INFO - Sync 1 DAGs
[2021-02-23 10:35:45,520] {logging_mixin.py:104} INFO - [2021-02-23 10:35:45,520] {dag.py:2273} INFO - Setting next_dagrun for example_short_circuit_operator to 2021-02-21 00:00:00+00:00
[2021-02-23 10:35:45,540] {scheduler_job.py:190} INFO - Processing /home/airflow/.local/lib/python3.6/site-packages/airflow/example_dags/example_short_circuit_operator.py took 0.170 seconds
[2021-02-23 10:36:16,072] {scheduler_job.py:182} INFO - Started process (PID=257) to work on /home/airflow/.local/lib/python3.6/site-packages/airflow/example_dags/example_short_circuit_operator.py
[2021-02-23 10:36:16,081] {scheduler_job.py:629} INFO - Processing file /home/airflow/.local/lib/python3.6/site-packages/airflow/example_dags/example_short_circuit_operator.py for tasks to queue
[2021-02-23 10:36:16,083] {logging_mixin.py:104} INFO - [2021-02-23 10:36:16,083] {dagbag.py:448} INFO - Filling up the DagBag from /home/airflow/.local/lib/python3.6/site-packages/airflow/example_dags/example_short_circuit_operator.py
[2021-02-23 10:36:16,127] {scheduler_job.py:639} INFO - DAG(s) dict_keys(['example_short_circuit_operator']) retrieved from /home/airflow/.local/lib/python3.6/site-packages/airflow/example_dags/example_short_circuit_operator.py
[2021-02-23 10:36:16,244] {logging_mixin.py:104} INFO - [2021-02-23 10:36:16,243] {dag.py:1818} INFO - Sync 1 DAGs
[2021-02-23 10:36:16,318] {logging_mixin.py:104} INFO - [2021-02-23 10:36:16,318] {dag.py:2273} INFO - Setting next_dagrun for example_short_circuit_operator to 2021-02-21 00:00:00+00:00
[2021-02-23 10:36:16,356] {scheduler_job.py:190} INFO - Processing /home/airflow/.local/lib/python3.6/site-packages/airflow/example_dags/example_short_circuit_operator.py took 0.289 seconds
[2021-02-23 10:36:47,270] {scheduler_job.py:182} INFO - Started process (PID=284) to work on /home/airflow/.local/lib/python3.6/site-packages/airflow/example_dags/example_short_circuit_operator.py
[2021-02-23 10:36:47,280] {scheduler_job.py:629} INFO - Processing file /home/airflow/.local/lib/python3.6/site-packages/airflow/example_dags/example_short_circuit_operator.py for tasks to queue
[2021-02-23 10:36:47,282] {logging_mixin.py:104} INFO - [2021-02-23 10:36:47,282] {dagbag.py:448} INFO - Filling up the DagBag from /home/airflow/.local/lib/python3.6/site-packages/airflow/example_dags/example_short_circuit_operator.py
[2021-02-23 10:36:47,340] {scheduler_job.py:639} INFO - DAG(s) dict_keys(['example_short_circuit_operator']) retrieved from /home/airflow/.local/lib/python3.6/site-packages/airflow/example_dags/example_short_circuit_operator.py
[2021-02-23 10:36:47,388] {logging_mixin.py:104} INFO - [2021-02-23 10:36:47,388] {dag.py:1818} INFO - Sync 1 DAGs
[2021-02-23 10:36:47,421] {logging_mixin.py:104} INFO - [2021-02-23 10:36:47,421] {dag.py:2273} INFO - Setting next_dagrun for example_short_circuit_operator to 2021-02-21 00:00:00+00:00
[2021-02-23 10:36:47,437] {scheduler_job.py:190} INFO - Processing /home/airflow/.local/lib/python3.6/site-packages/airflow/example_dags/example_short_circuit_operator.py took 0.189 seconds
[2021-02-23 10:37:38,508] {scheduler_job.py:182} INFO - Started process (PID=31) to work on /home/airflow/.local/lib/python3.6/site-packages/airflow/example_dags/example_short_circuit_operator.py
[2021-02-23 10:37:38,515] {scheduler_job.py:629} INFO - Processing file /home/airflow/.local/lib/python3.6/site-packages/airflow/example_dags/example_short_circuit_operator.py for tasks to queue
[2021-02-23 10:37:38,518] {logging_mixin.py:104} INFO - [2021-02-23 10:37:38,516] {dagbag.py:448} INFO - Filling up the DagBag from /home/airflow/.local/lib/python3.6/site-packages/airflow/example_dags/example_short_circuit_operator.py
[2021-02-23 10:37:38,560] {scheduler_job.py:639} INFO - DAG(s) dict_keys(['example_short_circuit_operator']) retrieved from /home/airflow/.local/lib/python3.6/site-packages/airflow/example_dags/example_short_circuit_operator.py
[2021-02-23 10:37:38,603] {logging_mixin.py:104} INFO - [2021-02-23 10:37:38,603] {dag.py:1818} INFO - Sync 1 DAGs
[2021-02-23 10:37:38,648] {logging_mixin.py:104} INFO - [2021-02-23 10:37:38,647] {dag.py:2273} INFO - Setting next_dagrun for example_short_circuit_operator to 2021-02-21 00:00:00+00:00
[2021-02-23 10:37:38,684] {scheduler_job.py:190} INFO - Processing /home/airflow/.local/lib/python3.6/site-packages/airflow/example_dags/example_short_circuit_operator.py took 0.195 seconds
[2021-02-23 10:38:09,809] {scheduler_job.py:182} INFO - Started process (PID=60) to work on /home/airflow/.local/lib/python3.6/site-packages/airflow/example_dags/example_short_circuit_operator.py
[2021-02-23 10:38:09,814] {scheduler_job.py:629} INFO - Processing file /home/airflow/.local/lib/python3.6/site-packages/airflow/example_dags/example_short_circuit_operator.py for tasks to queue
[2021-02-23 10:38:09,819] {logging_mixin.py:104} INFO - [2021-02-23 10:38:09,819] {dagbag.py:448} INFO - Filling up the DagBag from /home/airflow/.local/lib/python3.6/site-packages/airflow/example_dags/example_short_circuit_operator.py
[2021-02-23 10:38:09,878] {scheduler_job.py:639} INFO - DAG(s) dict_keys(['example_short_circuit_operator']) retrieved from /home/airflow/.local/lib/python3.6/site-packages/airflow/example_dags/example_short_circuit_operator.py
[2021-02-23 10:38:09,925] {logging_mixin.py:104} INFO - [2021-02-23 10:38:09,925] {dag.py:1818} INFO - Sync 1 DAGs
[2021-02-23 10:38:09,962] {logging_mixin.py:104} INFO - [2021-02-23 10:38:09,962] {dag.py:2273} INFO - Setting next_dagrun for example_short_circuit_operator to 2021-02-21 00:00:00+00:00
[2021-02-23 10:38:09,982] {scheduler_job.py:190} INFO - Processing /home/airflow/.local/lib/python3.6/site-packages/airflow/example_dags/example_short_circuit_operator.py took 0.188 seconds
