[2021-02-23 10:15:14,963] {scheduler_job.py:182} INFO - Started process (PID=40) to work on /home/airflow/.local/lib/python3.6/site-packages/airflow/example_dags/example_xcomargs.py
[2021-02-23 10:15:14,965] {scheduler_job.py:629} INFO - Processing file /home/airflow/.local/lib/python3.6/site-packages/airflow/example_dags/example_xcomargs.py for tasks to queue
[2021-02-23 10:15:14,967] {logging_mixin.py:104} INFO - [2021-02-23 10:15:14,967] {dagbag.py:448} INFO - Filling up the DagBag from /home/airflow/.local/lib/python3.6/site-packages/airflow/example_dags/example_xcomargs.py
[2021-02-23 10:15:15,050] {scheduler_job.py:639} INFO - DAG(s) dict_keys(['example_xcom_args', 'example_xcom_args_with_operators']) retrieved from /home/airflow/.local/lib/python3.6/site-packages/airflow/example_dags/example_xcomargs.py
[2021-02-23 10:15:15,192] {logging_mixin.py:104} INFO - [2021-02-23 10:15:15,192] {dag.py:1818} INFO - Sync 2 DAGs
[2021-02-23 10:15:15,241] {logging_mixin.py:104} INFO - [2021-02-23 10:15:15,241] {dag.py:1837} INFO - Creating ORM DAG for example_xcom_args
[2021-02-23 10:15:15,243] {logging_mixin.py:104} INFO - [2021-02-23 10:15:15,243] {dag.py:1837} INFO - Creating ORM DAG for example_xcom_args_with_operators
[2021-02-23 10:15:15,263] {logging_mixin.py:104} INFO - [2021-02-23 10:15:15,262] {dag.py:2273} INFO - Setting next_dagrun for example_xcom_args to None
[2021-02-23 10:15:15,270] {logging_mixin.py:104} INFO - [2021-02-23 10:15:15,270] {dag.py:2273} INFO - Setting next_dagrun for example_xcom_args_with_operators to None
[2021-02-23 10:15:15,323] {scheduler_job.py:190} INFO - Processing /home/airflow/.local/lib/python3.6/site-packages/airflow/example_dags/example_xcomargs.py took 0.372 seconds
[2021-02-23 10:16:57,726] {scheduler_job.py:182} INFO - Started process (PID=70) to work on /home/airflow/.local/lib/python3.6/site-packages/airflow/example_dags/example_xcomargs.py
[2021-02-23 10:16:57,731] {scheduler_job.py:629} INFO - Processing file /home/airflow/.local/lib/python3.6/site-packages/airflow/example_dags/example_xcomargs.py for tasks to queue
[2021-02-23 10:16:57,735] {logging_mixin.py:104} INFO - [2021-02-23 10:16:57,734] {dagbag.py:448} INFO - Filling up the DagBag from /home/airflow/.local/lib/python3.6/site-packages/airflow/example_dags/example_xcomargs.py
[2021-02-23 10:16:57,880] {scheduler_job.py:639} INFO - DAG(s) dict_keys(['example_xcom_args', 'example_xcom_args_with_operators']) retrieved from /home/airflow/.local/lib/python3.6/site-packages/airflow/example_dags/example_xcomargs.py
[2021-02-23 10:16:58,293] {logging_mixin.py:104} INFO - [2021-02-23 10:16:58,291] {dag.py:1818} INFO - Sync 2 DAGs
[2021-02-23 10:16:58,421] {logging_mixin.py:104} INFO - [2021-02-23 10:16:58,420] {dag.py:2273} INFO - Setting next_dagrun for example_xcom_args to None
[2021-02-23 10:16:58,436] {logging_mixin.py:104} INFO - [2021-02-23 10:16:58,436] {dag.py:2273} INFO - Setting next_dagrun for example_xcom_args_with_operators to None
[2021-02-23 10:16:58,487] {scheduler_job.py:190} INFO - Processing /home/airflow/.local/lib/python3.6/site-packages/airflow/example_dags/example_xcomargs.py took 0.771 seconds
[2021-02-23 10:17:28,847] {scheduler_job.py:182} INFO - Started process (PID=98) to work on /home/airflow/.local/lib/python3.6/site-packages/airflow/example_dags/example_xcomargs.py
[2021-02-23 10:17:28,854] {scheduler_job.py:629} INFO - Processing file /home/airflow/.local/lib/python3.6/site-packages/airflow/example_dags/example_xcomargs.py for tasks to queue
[2021-02-23 10:17:28,864] {logging_mixin.py:104} INFO - [2021-02-23 10:17:28,864] {dagbag.py:448} INFO - Filling up the DagBag from /home/airflow/.local/lib/python3.6/site-packages/airflow/example_dags/example_xcomargs.py
[2021-02-23 10:17:28,943] {scheduler_job.py:639} INFO - DAG(s) dict_keys(['example_xcom_args', 'example_xcom_args_with_operators']) retrieved from /home/airflow/.local/lib/python3.6/site-packages/airflow/example_dags/example_xcomargs.py
[2021-02-23 10:17:29,043] {logging_mixin.py:104} INFO - [2021-02-23 10:17:29,040] {dag.py:1818} INFO - Sync 2 DAGs
[2021-02-23 10:17:29,089] {logging_mixin.py:104} INFO - [2021-02-23 10:17:29,089] {dag.py:2273} INFO - Setting next_dagrun for example_xcom_args to None
[2021-02-23 10:17:29,096] {logging_mixin.py:104} INFO - [2021-02-23 10:17:29,096] {dag.py:2273} INFO - Setting next_dagrun for example_xcom_args_with_operators to None
[2021-02-23 10:17:29,132] {scheduler_job.py:190} INFO - Processing /home/airflow/.local/lib/python3.6/site-packages/airflow/example_dags/example_xcomargs.py took 0.290 seconds
[2021-02-23 10:17:59,225] {scheduler_job.py:182} INFO - Started process (PID=125) to work on /home/airflow/.local/lib/python3.6/site-packages/airflow/example_dags/example_xcomargs.py
[2021-02-23 10:17:59,232] {scheduler_job.py:629} INFO - Processing file /home/airflow/.local/lib/python3.6/site-packages/airflow/example_dags/example_xcomargs.py for tasks to queue
[2021-02-23 10:17:59,236] {logging_mixin.py:104} INFO - [2021-02-23 10:17:59,235] {dagbag.py:448} INFO - Filling up the DagBag from /home/airflow/.local/lib/python3.6/site-packages/airflow/example_dags/example_xcomargs.py
[2021-02-23 10:17:59,263] {scheduler_job.py:639} INFO - DAG(s) dict_keys(['example_xcom_args', 'example_xcom_args_with_operators']) retrieved from /home/airflow/.local/lib/python3.6/site-packages/airflow/example_dags/example_xcomargs.py
[2021-02-23 10:17:59,310] {logging_mixin.py:104} INFO - [2021-02-23 10:17:59,310] {dag.py:1818} INFO - Sync 2 DAGs
[2021-02-23 10:17:59,344] {logging_mixin.py:104} INFO - [2021-02-23 10:17:59,344] {dag.py:2273} INFO - Setting next_dagrun for example_xcom_args to None
[2021-02-23 10:17:59,352] {logging_mixin.py:104} INFO - [2021-02-23 10:17:59,351] {dag.py:2273} INFO - Setting next_dagrun for example_xcom_args_with_operators to None
[2021-02-23 10:17:59,371] {scheduler_job.py:190} INFO - Processing /home/airflow/.local/lib/python3.6/site-packages/airflow/example_dags/example_xcomargs.py took 0.161 seconds
[2021-02-23 10:18:44,422] {scheduler_job.py:182} INFO - Started process (PID=152) to work on /home/airflow/.local/lib/python3.6/site-packages/airflow/example_dags/example_xcomargs.py
[2021-02-23 10:18:44,449] {scheduler_job.py:629} INFO - Processing file /home/airflow/.local/lib/python3.6/site-packages/airflow/example_dags/example_xcomargs.py for tasks to queue
[2021-02-23 10:18:44,464] {logging_mixin.py:104} INFO - [2021-02-23 10:18:44,463] {dagbag.py:448} INFO - Filling up the DagBag from /home/airflow/.local/lib/python3.6/site-packages/airflow/example_dags/example_xcomargs.py
[2021-02-23 10:18:45,491] {scheduler_job.py:639} INFO - DAG(s) dict_keys(['example_xcom_args', 'example_xcom_args_with_operators']) retrieved from /home/airflow/.local/lib/python3.6/site-packages/airflow/example_dags/example_xcomargs.py
[2021-02-23 10:18:46,296] {logging_mixin.py:104} INFO - [2021-02-23 10:18:46,295] {dag.py:1818} INFO - Sync 2 DAGs
[2021-02-23 10:18:46,324] {logging_mixin.py:104} INFO - [2021-02-23 10:18:46,323] {dag.py:2273} INFO - Setting next_dagrun for example_xcom_args to None
[2021-02-23 10:18:46,327] {logging_mixin.py:104} INFO - [2021-02-23 10:18:46,327] {dag.py:2273} INFO - Setting next_dagrun for example_xcom_args_with_operators to None
[2021-02-23 10:18:46,450] {scheduler_job.py:190} INFO - Processing /home/airflow/.local/lib/python3.6/site-packages/airflow/example_dags/example_xcomargs.py took 2.094 seconds
[2021-02-23 10:19:16,693] {scheduler_job.py:182} INFO - Started process (PID=179) to work on /home/airflow/.local/lib/python3.6/site-packages/airflow/example_dags/example_xcomargs.py
[2021-02-23 10:19:16,698] {scheduler_job.py:629} INFO - Processing file /home/airflow/.local/lib/python3.6/site-packages/airflow/example_dags/example_xcomargs.py for tasks to queue
[2021-02-23 10:19:16,700] {logging_mixin.py:104} INFO - [2021-02-23 10:19:16,700] {dagbag.py:448} INFO - Filling up the DagBag from /home/airflow/.local/lib/python3.6/site-packages/airflow/example_dags/example_xcomargs.py
[2021-02-23 10:19:16,726] {scheduler_job.py:639} INFO - DAG(s) dict_keys(['example_xcom_args', 'example_xcom_args_with_operators']) retrieved from /home/airflow/.local/lib/python3.6/site-packages/airflow/example_dags/example_xcomargs.py
[2021-02-23 10:19:16,781] {logging_mixin.py:104} INFO - [2021-02-23 10:19:16,781] {dag.py:1818} INFO - Sync 2 DAGs
[2021-02-23 10:19:16,796] {logging_mixin.py:104} INFO - [2021-02-23 10:19:16,796] {dag.py:2273} INFO - Setting next_dagrun for example_xcom_args to None
[2021-02-23 10:19:16,799] {logging_mixin.py:104} INFO - [2021-02-23 10:19:16,799] {dag.py:2273} INFO - Setting next_dagrun for example_xcom_args_with_operators to None
[2021-02-23 10:19:16,812] {scheduler_job.py:190} INFO - Processing /home/airflow/.local/lib/python3.6/site-packages/airflow/example_dags/example_xcomargs.py took 0.131 seconds
[2021-02-23 10:19:47,389] {scheduler_job.py:182} INFO - Started process (PID=206) to work on /home/airflow/.local/lib/python3.6/site-packages/airflow/example_dags/example_xcomargs.py
[2021-02-23 10:19:47,392] {scheduler_job.py:629} INFO - Processing file /home/airflow/.local/lib/python3.6/site-packages/airflow/example_dags/example_xcomargs.py for tasks to queue
[2021-02-23 10:19:47,395] {logging_mixin.py:104} INFO - [2021-02-23 10:19:47,395] {dagbag.py:448} INFO - Filling up the DagBag from /home/airflow/.local/lib/python3.6/site-packages/airflow/example_dags/example_xcomargs.py
[2021-02-23 10:19:47,498] {scheduler_job.py:639} INFO - DAG(s) dict_keys(['example_xcom_args', 'example_xcom_args_with_operators']) retrieved from /home/airflow/.local/lib/python3.6/site-packages/airflow/example_dags/example_xcomargs.py
[2021-02-23 10:19:47,578] {logging_mixin.py:104} INFO - [2021-02-23 10:19:47,578] {dag.py:1818} INFO - Sync 2 DAGs
[2021-02-23 10:19:47,595] {logging_mixin.py:104} INFO - [2021-02-23 10:19:47,594] {dag.py:2273} INFO - Setting next_dagrun for example_xcom_args to None
[2021-02-23 10:19:47,598] {logging_mixin.py:104} INFO - [2021-02-23 10:19:47,597] {dag.py:2273} INFO - Setting next_dagrun for example_xcom_args_with_operators to None
[2021-02-23 10:19:47,617] {scheduler_job.py:190} INFO - Processing /home/airflow/.local/lib/python3.6/site-packages/airflow/example_dags/example_xcomargs.py took 0.238 seconds
[2021-02-23 10:20:18,101] {scheduler_job.py:182} INFO - Started process (PID=233) to work on /home/airflow/.local/lib/python3.6/site-packages/airflow/example_dags/example_xcomargs.py
[2021-02-23 10:20:18,106] {scheduler_job.py:629} INFO - Processing file /home/airflow/.local/lib/python3.6/site-packages/airflow/example_dags/example_xcomargs.py for tasks to queue
[2021-02-23 10:20:18,117] {logging_mixin.py:104} INFO - [2021-02-23 10:20:18,116] {dagbag.py:448} INFO - Filling up the DagBag from /home/airflow/.local/lib/python3.6/site-packages/airflow/example_dags/example_xcomargs.py
[2021-02-23 10:20:18,178] {scheduler_job.py:639} INFO - DAG(s) dict_keys(['example_xcom_args', 'example_xcom_args_with_operators']) retrieved from /home/airflow/.local/lib/python3.6/site-packages/airflow/example_dags/example_xcomargs.py
[2021-02-23 10:20:18,281] {logging_mixin.py:104} INFO - [2021-02-23 10:20:18,281] {dag.py:1818} INFO - Sync 2 DAGs
[2021-02-23 10:20:18,303] {logging_mixin.py:104} INFO - [2021-02-23 10:20:18,303] {dag.py:2273} INFO - Setting next_dagrun for example_xcom_args to None
[2021-02-23 10:20:18,306] {logging_mixin.py:104} INFO - [2021-02-23 10:20:18,305] {dag.py:2273} INFO - Setting next_dagrun for example_xcom_args_with_operators to None
[2021-02-23 10:20:18,325] {scheduler_job.py:190} INFO - Processing /home/airflow/.local/lib/python3.6/site-packages/airflow/example_dags/example_xcomargs.py took 0.250 seconds
[2021-02-23 10:20:48,634] {scheduler_job.py:182} INFO - Started process (PID=260) to work on /home/airflow/.local/lib/python3.6/site-packages/airflow/example_dags/example_xcomargs.py
[2021-02-23 10:20:48,639] {scheduler_job.py:629} INFO - Processing file /home/airflow/.local/lib/python3.6/site-packages/airflow/example_dags/example_xcomargs.py for tasks to queue
[2021-02-23 10:20:48,643] {logging_mixin.py:104} INFO - [2021-02-23 10:20:48,642] {dagbag.py:448} INFO - Filling up the DagBag from /home/airflow/.local/lib/python3.6/site-packages/airflow/example_dags/example_xcomargs.py
[2021-02-23 10:20:48,675] {scheduler_job.py:639} INFO - DAG(s) dict_keys(['example_xcom_args', 'example_xcom_args_with_operators']) retrieved from /home/airflow/.local/lib/python3.6/site-packages/airflow/example_dags/example_xcomargs.py
[2021-02-23 10:20:48,774] {logging_mixin.py:104} INFO - [2021-02-23 10:20:48,774] {dag.py:1818} INFO - Sync 2 DAGs
[2021-02-23 10:20:48,822] {logging_mixin.py:104} INFO - [2021-02-23 10:20:48,822] {dag.py:2273} INFO - Setting next_dagrun for example_xcom_args to None
[2021-02-23 10:20:48,827] {logging_mixin.py:104} INFO - [2021-02-23 10:20:48,827] {dag.py:2273} INFO - Setting next_dagrun for example_xcom_args_with_operators to None
[2021-02-23 10:20:48,853] {scheduler_job.py:190} INFO - Processing /home/airflow/.local/lib/python3.6/site-packages/airflow/example_dags/example_xcomargs.py took 0.237 seconds
[2021-02-23 10:21:22,056] {scheduler_job.py:182} INFO - Started process (PID=285) to work on /home/airflow/.local/lib/python3.6/site-packages/airflow/example_dags/example_xcomargs.py
[2021-02-23 10:21:22,174] {scheduler_job.py:629} INFO - Processing file /home/airflow/.local/lib/python3.6/site-packages/airflow/example_dags/example_xcomargs.py for tasks to queue
[2021-02-23 10:21:22,248] {logging_mixin.py:104} INFO - [2021-02-23 10:21:22,247] {dagbag.py:448} INFO - Filling up the DagBag from /home/airflow/.local/lib/python3.6/site-packages/airflow/example_dags/example_xcomargs.py
[2021-02-23 10:21:22,896] {scheduler_job.py:639} INFO - DAG(s) dict_keys(['example_xcom_args', 'example_xcom_args_with_operators']) retrieved from /home/airflow/.local/lib/python3.6/site-packages/airflow/example_dags/example_xcomargs.py
[2021-02-23 10:22:28,612] {scheduler_job.py:182} INFO - Started process (PID=26) to work on /home/airflow/.local/lib/python3.6/site-packages/airflow/example_dags/example_xcomargs.py
[2021-02-23 10:22:28,654] {scheduler_job.py:629} INFO - Processing file /home/airflow/.local/lib/python3.6/site-packages/airflow/example_dags/example_xcomargs.py for tasks to queue
[2021-02-23 10:22:28,673] {logging_mixin.py:104} INFO - [2021-02-23 10:22:28,673] {dagbag.py:448} INFO - Filling up the DagBag from /home/airflow/.local/lib/python3.6/site-packages/airflow/example_dags/example_xcomargs.py
[2021-02-23 10:22:28,928] {scheduler_job.py:639} INFO - DAG(s) dict_keys(['example_xcom_args', 'example_xcom_args_with_operators']) retrieved from /home/airflow/.local/lib/python3.6/site-packages/airflow/example_dags/example_xcomargs.py
[2021-02-23 10:22:29,244] {logging_mixin.py:104} INFO - [2021-02-23 10:22:29,243] {dag.py:1818} INFO - Sync 2 DAGs
[2021-02-23 10:22:29,787] {logging_mixin.py:104} INFO - [2021-02-23 10:22:29,787] {dag.py:2273} INFO - Setting next_dagrun for example_xcom_args to None
[2021-02-23 10:22:29,797] {logging_mixin.py:104} INFO - [2021-02-23 10:22:29,797] {dag.py:2273} INFO - Setting next_dagrun for example_xcom_args_with_operators to None
[2021-02-23 10:22:30,004] {scheduler_job.py:190} INFO - Processing /home/airflow/.local/lib/python3.6/site-packages/airflow/example_dags/example_xcomargs.py took 1.449 seconds
[2021-02-23 10:23:00,329] {scheduler_job.py:182} INFO - Started process (PID=53) to work on /home/airflow/.local/lib/python3.6/site-packages/airflow/example_dags/example_xcomargs.py
[2021-02-23 10:23:00,335] {scheduler_job.py:629} INFO - Processing file /home/airflow/.local/lib/python3.6/site-packages/airflow/example_dags/example_xcomargs.py for tasks to queue
[2021-02-23 10:23:00,339] {logging_mixin.py:104} INFO - [2021-02-23 10:23:00,338] {dagbag.py:448} INFO - Filling up the DagBag from /home/airflow/.local/lib/python3.6/site-packages/airflow/example_dags/example_xcomargs.py
[2021-02-23 10:23:00,411] {scheduler_job.py:639} INFO - DAG(s) dict_keys(['example_xcom_args', 'example_xcom_args_with_operators']) retrieved from /home/airflow/.local/lib/python3.6/site-packages/airflow/example_dags/example_xcomargs.py
[2021-02-23 10:23:00,510] {logging_mixin.py:104} INFO - [2021-02-23 10:23:00,510] {dag.py:1818} INFO - Sync 2 DAGs
[2021-02-23 10:23:00,587] {logging_mixin.py:104} INFO - [2021-02-23 10:23:00,587] {dag.py:2273} INFO - Setting next_dagrun for example_xcom_args to None
[2021-02-23 10:23:00,593] {logging_mixin.py:104} INFO - [2021-02-23 10:23:00,593] {dag.py:2273} INFO - Setting next_dagrun for example_xcom_args_with_operators to None
[2021-02-23 10:23:00,632] {scheduler_job.py:190} INFO - Processing /home/airflow/.local/lib/python3.6/site-packages/airflow/example_dags/example_xcomargs.py took 0.320 seconds
[2021-02-23 10:23:32,187] {scheduler_job.py:182} INFO - Started process (PID=81) to work on /home/airflow/.local/lib/python3.6/site-packages/airflow/example_dags/example_xcomargs.py
[2021-02-23 10:23:32,197] {scheduler_job.py:629} INFO - Processing file /home/airflow/.local/lib/python3.6/site-packages/airflow/example_dags/example_xcomargs.py for tasks to queue
[2021-02-23 10:23:32,205] {logging_mixin.py:104} INFO - [2021-02-23 10:23:32,205] {dagbag.py:448} INFO - Filling up the DagBag from /home/airflow/.local/lib/python3.6/site-packages/airflow/example_dags/example_xcomargs.py
[2021-02-23 10:23:32,371] {scheduler_job.py:639} INFO - DAG(s) dict_keys(['example_xcom_args', 'example_xcom_args_with_operators']) retrieved from /home/airflow/.local/lib/python3.6/site-packages/airflow/example_dags/example_xcomargs.py
[2021-02-23 10:23:32,682] {logging_mixin.py:104} INFO - [2021-02-23 10:23:32,682] {dag.py:1818} INFO - Sync 2 DAGs
[2021-02-23 10:23:32,884] {logging_mixin.py:104} INFO - [2021-02-23 10:23:32,884] {dag.py:2273} INFO - Setting next_dagrun for example_xcom_args to None
[2021-02-23 10:23:32,898] {logging_mixin.py:104} INFO - [2021-02-23 10:23:32,898] {dag.py:2273} INFO - Setting next_dagrun for example_xcom_args_with_operators to None
[2021-02-23 10:23:33,044] {scheduler_job.py:190} INFO - Processing /home/airflow/.local/lib/python3.6/site-packages/airflow/example_dags/example_xcomargs.py took 0.875 seconds
[2021-02-23 10:24:05,593] {scheduler_job.py:182} INFO - Started process (PID=109) to work on /home/airflow/.local/lib/python3.6/site-packages/airflow/example_dags/example_xcomargs.py
[2021-02-23 10:24:05,599] {scheduler_job.py:629} INFO - Processing file /home/airflow/.local/lib/python3.6/site-packages/airflow/example_dags/example_xcomargs.py for tasks to queue
[2021-02-23 10:24:05,601] {logging_mixin.py:104} INFO - [2021-02-23 10:24:05,601] {dagbag.py:448} INFO - Filling up the DagBag from /home/airflow/.local/lib/python3.6/site-packages/airflow/example_dags/example_xcomargs.py
[2021-02-23 10:24:05,635] {scheduler_job.py:639} INFO - DAG(s) dict_keys(['example_xcom_args', 'example_xcom_args_with_operators']) retrieved from /home/airflow/.local/lib/python3.6/site-packages/airflow/example_dags/example_xcomargs.py
[2021-02-23 10:24:05,683] {logging_mixin.py:104} INFO - [2021-02-23 10:24:05,683] {dag.py:1818} INFO - Sync 2 DAGs
[2021-02-23 10:24:05,714] {logging_mixin.py:104} INFO - [2021-02-23 10:24:05,714] {dag.py:2273} INFO - Setting next_dagrun for example_xcom_args to None
[2021-02-23 10:24:05,717] {logging_mixin.py:104} INFO - [2021-02-23 10:24:05,717] {dag.py:2273} INFO - Setting next_dagrun for example_xcom_args_with_operators to None
[2021-02-23 10:24:05,738] {scheduler_job.py:190} INFO - Processing /home/airflow/.local/lib/python3.6/site-packages/airflow/example_dags/example_xcomargs.py took 0.149 seconds
[2021-02-23 10:24:37,118] {scheduler_job.py:182} INFO - Started process (PID=137) to work on /home/airflow/.local/lib/python3.6/site-packages/airflow/example_dags/example_xcomargs.py
[2021-02-23 10:24:37,122] {scheduler_job.py:629} INFO - Processing file /home/airflow/.local/lib/python3.6/site-packages/airflow/example_dags/example_xcomargs.py for tasks to queue
[2021-02-23 10:24:37,126] {logging_mixin.py:104} INFO - [2021-02-23 10:24:37,126] {dagbag.py:448} INFO - Filling up the DagBag from /home/airflow/.local/lib/python3.6/site-packages/airflow/example_dags/example_xcomargs.py
[2021-02-23 10:24:37,178] {scheduler_job.py:639} INFO - DAG(s) dict_keys(['example_xcom_args', 'example_xcom_args_with_operators']) retrieved from /home/airflow/.local/lib/python3.6/site-packages/airflow/example_dags/example_xcomargs.py
[2021-02-23 10:24:37,268] {logging_mixin.py:104} INFO - [2021-02-23 10:24:37,267] {dag.py:1818} INFO - Sync 2 DAGs
[2021-02-23 10:24:37,297] {logging_mixin.py:104} INFO - [2021-02-23 10:24:37,297] {dag.py:2273} INFO - Setting next_dagrun for example_xcom_args to None
[2021-02-23 10:24:37,299] {logging_mixin.py:104} INFO - [2021-02-23 10:24:37,299] {dag.py:2273} INFO - Setting next_dagrun for example_xcom_args_with_operators to None
[2021-02-23 10:24:37,319] {scheduler_job.py:190} INFO - Processing /home/airflow/.local/lib/python3.6/site-packages/airflow/example_dags/example_xcomargs.py took 0.219 seconds
[2021-02-23 10:25:10,139] {scheduler_job.py:182} INFO - Started process (PID=165) to work on /home/airflow/.local/lib/python3.6/site-packages/airflow/example_dags/example_xcomargs.py
[2021-02-23 10:25:10,163] {scheduler_job.py:629} INFO - Processing file /home/airflow/.local/lib/python3.6/site-packages/airflow/example_dags/example_xcomargs.py for tasks to queue
[2021-02-23 10:25:10,170] {logging_mixin.py:104} INFO - [2021-02-23 10:25:10,170] {dagbag.py:448} INFO - Filling up the DagBag from /home/airflow/.local/lib/python3.6/site-packages/airflow/example_dags/example_xcomargs.py
[2021-02-23 10:25:10,373] {scheduler_job.py:639} INFO - DAG(s) dict_keys(['example_xcom_args', 'example_xcom_args_with_operators']) retrieved from /home/airflow/.local/lib/python3.6/site-packages/airflow/example_dags/example_xcomargs.py
[2021-02-23 10:25:10,576] {logging_mixin.py:104} INFO - [2021-02-23 10:25:10,576] {dag.py:1818} INFO - Sync 2 DAGs
[2021-02-23 10:25:10,616] {logging_mixin.py:104} INFO - [2021-02-23 10:25:10,616] {dag.py:2273} INFO - Setting next_dagrun for example_xcom_args to None
[2021-02-23 10:25:10,619] {logging_mixin.py:104} INFO - [2021-02-23 10:25:10,619] {dag.py:2273} INFO - Setting next_dagrun for example_xcom_args_with_operators to None
[2021-02-23 10:25:10,641] {scheduler_job.py:190} INFO - Processing /home/airflow/.local/lib/python3.6/site-packages/airflow/example_dags/example_xcomargs.py took 0.544 seconds
[2021-02-23 10:25:42,282] {scheduler_job.py:182} INFO - Started process (PID=192) to work on /home/airflow/.local/lib/python3.6/site-packages/airflow/example_dags/example_xcomargs.py
[2021-02-23 10:25:42,291] {scheduler_job.py:629} INFO - Processing file /home/airflow/.local/lib/python3.6/site-packages/airflow/example_dags/example_xcomargs.py for tasks to queue
[2021-02-23 10:25:42,310] {logging_mixin.py:104} INFO - [2021-02-23 10:25:42,310] {dagbag.py:448} INFO - Filling up the DagBag from /home/airflow/.local/lib/python3.6/site-packages/airflow/example_dags/example_xcomargs.py
[2021-02-23 10:25:42,519] {scheduler_job.py:639} INFO - DAG(s) dict_keys(['example_xcom_args', 'example_xcom_args_with_operators']) retrieved from /home/airflow/.local/lib/python3.6/site-packages/airflow/example_dags/example_xcomargs.py
[2021-02-23 10:25:42,689] {logging_mixin.py:104} INFO - [2021-02-23 10:25:42,689] {dag.py:1818} INFO - Sync 2 DAGs
[2021-02-23 10:25:42,801] {logging_mixin.py:104} INFO - [2021-02-23 10:25:42,801] {dag.py:2273} INFO - Setting next_dagrun for example_xcom_args to None
[2021-02-23 10:25:42,806] {logging_mixin.py:104} INFO - [2021-02-23 10:25:42,806] {dag.py:2273} INFO - Setting next_dagrun for example_xcom_args_with_operators to None
[2021-02-23 10:25:42,890] {scheduler_job.py:190} INFO - Processing /home/airflow/.local/lib/python3.6/site-packages/airflow/example_dags/example_xcomargs.py took 0.644 seconds
[2021-02-23 10:26:29,031] {scheduler_job.py:182} INFO - Started process (PID=206) to work on /home/airflow/.local/lib/python3.6/site-packages/airflow/example_dags/example_xcomargs.py
[2021-02-23 10:26:29,034] {scheduler_job.py:629} INFO - Processing file /home/airflow/.local/lib/python3.6/site-packages/airflow/example_dags/example_xcomargs.py for tasks to queue
[2021-02-23 10:26:29,037] {logging_mixin.py:104} INFO - [2021-02-23 10:26:29,036] {dagbag.py:448} INFO - Filling up the DagBag from /home/airflow/.local/lib/python3.6/site-packages/airflow/example_dags/example_xcomargs.py
[2021-02-23 10:26:29,109] {scheduler_job.py:639} INFO - DAG(s) dict_keys(['example_xcom_args', 'example_xcom_args_with_operators']) retrieved from /home/airflow/.local/lib/python3.6/site-packages/airflow/example_dags/example_xcomargs.py
[2021-02-23 10:26:29,252] {logging_mixin.py:104} INFO - [2021-02-23 10:26:29,252] {dag.py:1818} INFO - Sync 2 DAGs
[2021-02-23 10:26:29,323] {logging_mixin.py:104} INFO - [2021-02-23 10:26:29,323] {dag.py:2273} INFO - Setting next_dagrun for example_xcom_args to None
[2021-02-23 10:26:29,329] {logging_mixin.py:104} INFO - [2021-02-23 10:26:29,329] {dag.py:2273} INFO - Setting next_dagrun for example_xcom_args_with_operators to None
[2021-02-23 10:26:29,378] {scheduler_job.py:190} INFO - Processing /home/airflow/.local/lib/python3.6/site-packages/airflow/example_dags/example_xcomargs.py took 0.354 seconds
[2021-02-23 10:27:12,136] {scheduler_job.py:182} INFO - Started process (PID=230) to work on /home/airflow/.local/lib/python3.6/site-packages/airflow/example_dags/example_xcomargs.py
[2021-02-23 10:27:12,141] {scheduler_job.py:629} INFO - Processing file /home/airflow/.local/lib/python3.6/site-packages/airflow/example_dags/example_xcomargs.py for tasks to queue
[2021-02-23 10:27:12,148] {logging_mixin.py:104} INFO - [2021-02-23 10:27:12,148] {dagbag.py:448} INFO - Filling up the DagBag from /home/airflow/.local/lib/python3.6/site-packages/airflow/example_dags/example_xcomargs.py
[2021-02-23 10:27:12,229] {scheduler_job.py:639} INFO - DAG(s) dict_keys(['example_xcom_args', 'example_xcom_args_with_operators']) retrieved from /home/airflow/.local/lib/python3.6/site-packages/airflow/example_dags/example_xcomargs.py
[2021-02-23 10:27:12,301] {logging_mixin.py:104} INFO - [2021-02-23 10:27:12,301] {dag.py:1818} INFO - Sync 2 DAGs
[2021-02-23 10:27:12,433] {logging_mixin.py:104} INFO - [2021-02-23 10:27:12,433] {dag.py:2273} INFO - Setting next_dagrun for example_xcom_args to None
[2021-02-23 10:27:12,441] {logging_mixin.py:104} INFO - [2021-02-23 10:27:12,441] {dag.py:2273} INFO - Setting next_dagrun for example_xcom_args_with_operators to None
[2021-02-23 10:27:12,505] {scheduler_job.py:190} INFO - Processing /home/airflow/.local/lib/python3.6/site-packages/airflow/example_dags/example_xcomargs.py took 0.382 seconds
[2021-02-23 10:31:04,702] {scheduler_job.py:182} INFO - Started process (PID=20) to work on /home/airflow/.local/lib/python3.6/site-packages/airflow/example_dags/example_xcomargs.py
[2021-02-23 10:31:04,747] {scheduler_job.py:629} INFO - Processing file /home/airflow/.local/lib/python3.6/site-packages/airflow/example_dags/example_xcomargs.py for tasks to queue
[2021-02-23 10:31:04,774] {logging_mixin.py:104} INFO - [2021-02-23 10:31:04,763] {dagbag.py:448} INFO - Filling up the DagBag from /home/airflow/.local/lib/python3.6/site-packages/airflow/example_dags/example_xcomargs.py
[2021-02-23 10:31:05,156] {scheduler_job.py:639} INFO - DAG(s) dict_keys(['example_xcom_args', 'example_xcom_args_with_operators']) retrieved from /home/airflow/.local/lib/python3.6/site-packages/airflow/example_dags/example_xcomargs.py
[2021-02-23 10:31:05,592] {logging_mixin.py:104} INFO - [2021-02-23 10:31:05,592] {dag.py:1818} INFO - Sync 2 DAGs
[2021-02-23 10:31:05,784] {logging_mixin.py:104} INFO - [2021-02-23 10:31:05,783] {dag.py:2273} INFO - Setting next_dagrun for example_xcom_args to None
[2021-02-23 10:31:05,788] {logging_mixin.py:104} INFO - [2021-02-23 10:31:05,788] {dag.py:2273} INFO - Setting next_dagrun for example_xcom_args_with_operators to None
[2021-02-23 10:31:05,909] {scheduler_job.py:190} INFO - Processing /home/airflow/.local/lib/python3.6/site-packages/airflow/example_dags/example_xcomargs.py took 1.273 seconds
[2021-02-23 10:32:02,694] {scheduler_job.py:182} INFO - Started process (PID=31) to work on /home/airflow/.local/lib/python3.6/site-packages/airflow/example_dags/example_xcomargs.py
[2021-02-23 10:32:02,727] {scheduler_job.py:629} INFO - Processing file /home/airflow/.local/lib/python3.6/site-packages/airflow/example_dags/example_xcomargs.py for tasks to queue
[2021-02-23 10:32:02,756] {logging_mixin.py:104} INFO - [2021-02-23 10:32:02,756] {dagbag.py:448} INFO - Filling up the DagBag from /home/airflow/.local/lib/python3.6/site-packages/airflow/example_dags/example_xcomargs.py
[2021-02-23 10:32:03,001] {scheduler_job.py:639} INFO - DAG(s) dict_keys(['example_xcom_args', 'example_xcom_args_with_operators']) retrieved from /home/airflow/.local/lib/python3.6/site-packages/airflow/example_dags/example_xcomargs.py
[2021-02-23 10:32:03,254] {logging_mixin.py:104} INFO - [2021-02-23 10:32:03,254] {dag.py:1818} INFO - Sync 2 DAGs
[2021-02-23 10:32:03,459] {logging_mixin.py:104} INFO - [2021-02-23 10:32:03,459] {dag.py:2273} INFO - Setting next_dagrun for example_xcom_args to None
[2021-02-23 10:32:03,468] {logging_mixin.py:104} INFO - [2021-02-23 10:32:03,467] {dag.py:2273} INFO - Setting next_dagrun for example_xcom_args_with_operators to None
[2021-02-23 10:32:03,559] {scheduler_job.py:190} INFO - Processing /home/airflow/.local/lib/python3.6/site-packages/airflow/example_dags/example_xcomargs.py took 1.067 seconds
[2021-02-23 10:32:34,008] {scheduler_job.py:182} INFO - Started process (PID=58) to work on /home/airflow/.local/lib/python3.6/site-packages/airflow/example_dags/example_xcomargs.py
[2021-02-23 10:32:34,019] {scheduler_job.py:629} INFO - Processing file /home/airflow/.local/lib/python3.6/site-packages/airflow/example_dags/example_xcomargs.py for tasks to queue
[2021-02-23 10:32:34,027] {logging_mixin.py:104} INFO - [2021-02-23 10:32:34,026] {dagbag.py:448} INFO - Filling up the DagBag from /home/airflow/.local/lib/python3.6/site-packages/airflow/example_dags/example_xcomargs.py
[2021-02-23 10:32:34,146] {scheduler_job.py:639} INFO - DAG(s) dict_keys(['example_xcom_args', 'example_xcom_args_with_operators']) retrieved from /home/airflow/.local/lib/python3.6/site-packages/airflow/example_dags/example_xcomargs.py
[2021-02-23 10:32:34,346] {logging_mixin.py:104} INFO - [2021-02-23 10:32:34,345] {dag.py:1818} INFO - Sync 2 DAGs
[2021-02-23 10:32:34,474] {logging_mixin.py:104} INFO - [2021-02-23 10:32:34,474] {dag.py:2273} INFO - Setting next_dagrun for example_xcom_args to None
[2021-02-23 10:32:34,480] {logging_mixin.py:104} INFO - [2021-02-23 10:32:34,480] {dag.py:2273} INFO - Setting next_dagrun for example_xcom_args_with_operators to None
[2021-02-23 10:32:34,591] {scheduler_job.py:190} INFO - Processing /home/airflow/.local/lib/python3.6/site-packages/airflow/example_dags/example_xcomargs.py took 0.591 seconds
[2021-02-23 10:33:05,204] {scheduler_job.py:182} INFO - Started process (PID=85) to work on /home/airflow/.local/lib/python3.6/site-packages/airflow/example_dags/example_xcomargs.py
[2021-02-23 10:33:05,206] {scheduler_job.py:629} INFO - Processing file /home/airflow/.local/lib/python3.6/site-packages/airflow/example_dags/example_xcomargs.py for tasks to queue
[2021-02-23 10:33:05,209] {logging_mixin.py:104} INFO - [2021-02-23 10:33:05,209] {dagbag.py:448} INFO - Filling up the DagBag from /home/airflow/.local/lib/python3.6/site-packages/airflow/example_dags/example_xcomargs.py
[2021-02-23 10:33:05,283] {scheduler_job.py:639} INFO - DAG(s) dict_keys(['example_xcom_args', 'example_xcom_args_with_operators']) retrieved from /home/airflow/.local/lib/python3.6/site-packages/airflow/example_dags/example_xcomargs.py
[2021-02-23 10:33:05,393] {logging_mixin.py:104} INFO - [2021-02-23 10:33:05,393] {dag.py:1818} INFO - Sync 2 DAGs
[2021-02-23 10:33:05,457] {logging_mixin.py:104} INFO - [2021-02-23 10:33:05,457] {dag.py:2273} INFO - Setting next_dagrun for example_xcom_args to None
[2021-02-23 10:33:05,459] {logging_mixin.py:104} INFO - [2021-02-23 10:33:05,459] {dag.py:2273} INFO - Setting next_dagrun for example_xcom_args_with_operators to None
[2021-02-23 10:33:05,512] {scheduler_job.py:190} INFO - Processing /home/airflow/.local/lib/python3.6/site-packages/airflow/example_dags/example_xcomargs.py took 0.326 seconds
[2021-02-23 10:33:35,961] {scheduler_job.py:182} INFO - Started process (PID=112) to work on /home/airflow/.local/lib/python3.6/site-packages/airflow/example_dags/example_xcomargs.py
[2021-02-23 10:33:35,963] {scheduler_job.py:629} INFO - Processing file /home/airflow/.local/lib/python3.6/site-packages/airflow/example_dags/example_xcomargs.py for tasks to queue
[2021-02-23 10:33:35,969] {logging_mixin.py:104} INFO - [2021-02-23 10:33:35,968] {dagbag.py:448} INFO - Filling up the DagBag from /home/airflow/.local/lib/python3.6/site-packages/airflow/example_dags/example_xcomargs.py
[2021-02-23 10:33:36,056] {scheduler_job.py:639} INFO - DAG(s) dict_keys(['example_xcom_args', 'example_xcom_args_with_operators']) retrieved from /home/airflow/.local/lib/python3.6/site-packages/airflow/example_dags/example_xcomargs.py
[2021-02-23 10:33:36,168] {logging_mixin.py:104} INFO - [2021-02-23 10:33:36,168] {dag.py:1818} INFO - Sync 2 DAGs
[2021-02-23 10:33:36,249] {logging_mixin.py:104} INFO - [2021-02-23 10:33:36,249] {dag.py:2273} INFO - Setting next_dagrun for example_xcom_args to None
[2021-02-23 10:33:36,256] {logging_mixin.py:104} INFO - [2021-02-23 10:33:36,256] {dag.py:2273} INFO - Setting next_dagrun for example_xcom_args_with_operators to None
[2021-02-23 10:33:36,312] {scheduler_job.py:190} INFO - Processing /home/airflow/.local/lib/python3.6/site-packages/airflow/example_dags/example_xcomargs.py took 0.367 seconds
[2021-02-23 10:34:06,735] {scheduler_job.py:182} INFO - Started process (PID=139) to work on /home/airflow/.local/lib/python3.6/site-packages/airflow/example_dags/example_xcomargs.py
[2021-02-23 10:34:06,740] {scheduler_job.py:629} INFO - Processing file /home/airflow/.local/lib/python3.6/site-packages/airflow/example_dags/example_xcomargs.py for tasks to queue
[2021-02-23 10:34:06,743] {logging_mixin.py:104} INFO - [2021-02-23 10:34:06,743] {dagbag.py:448} INFO - Filling up the DagBag from /home/airflow/.local/lib/python3.6/site-packages/airflow/example_dags/example_xcomargs.py
[2021-02-23 10:34:06,792] {scheduler_job.py:639} INFO - DAG(s) dict_keys(['example_xcom_args', 'example_xcom_args_with_operators']) retrieved from /home/airflow/.local/lib/python3.6/site-packages/airflow/example_dags/example_xcomargs.py
[2021-02-23 10:34:06,844] {logging_mixin.py:104} INFO - [2021-02-23 10:34:06,844] {dag.py:1818} INFO - Sync 2 DAGs
[2021-02-23 10:34:06,877] {logging_mixin.py:104} INFO - [2021-02-23 10:34:06,877] {dag.py:2273} INFO - Setting next_dagrun for example_xcom_args to None
[2021-02-23 10:34:06,880] {logging_mixin.py:104} INFO - [2021-02-23 10:34:06,880] {dag.py:2273} INFO - Setting next_dagrun for example_xcom_args_with_operators to None
[2021-02-23 10:34:06,903] {scheduler_job.py:190} INFO - Processing /home/airflow/.local/lib/python3.6/site-packages/airflow/example_dags/example_xcomargs.py took 0.177 seconds
[2021-02-23 10:34:37,962] {scheduler_job.py:182} INFO - Started process (PID=166) to work on /home/airflow/.local/lib/python3.6/site-packages/airflow/example_dags/example_xcomargs.py
[2021-02-23 10:34:37,971] {scheduler_job.py:629} INFO - Processing file /home/airflow/.local/lib/python3.6/site-packages/airflow/example_dags/example_xcomargs.py for tasks to queue
[2021-02-23 10:34:37,973] {logging_mixin.py:104} INFO - [2021-02-23 10:34:37,973] {dagbag.py:448} INFO - Filling up the DagBag from /home/airflow/.local/lib/python3.6/site-packages/airflow/example_dags/example_xcomargs.py
[2021-02-23 10:34:38,052] {scheduler_job.py:639} INFO - DAG(s) dict_keys(['example_xcom_args', 'example_xcom_args_with_operators']) retrieved from /home/airflow/.local/lib/python3.6/site-packages/airflow/example_dags/example_xcomargs.py
[2021-02-23 10:34:38,176] {logging_mixin.py:104} INFO - [2021-02-23 10:34:38,176] {dag.py:1818} INFO - Sync 2 DAGs
[2021-02-23 10:34:38,248] {logging_mixin.py:104} INFO - [2021-02-23 10:34:38,248] {dag.py:2273} INFO - Setting next_dagrun for example_xcom_args to None
[2021-02-23 10:34:38,262] {logging_mixin.py:104} INFO - [2021-02-23 10:34:38,262] {dag.py:2273} INFO - Setting next_dagrun for example_xcom_args_with_operators to None
[2021-02-23 10:34:38,305] {scheduler_job.py:190} INFO - Processing /home/airflow/.local/lib/python3.6/site-packages/airflow/example_dags/example_xcomargs.py took 0.354 seconds
[2021-02-23 10:35:09,547] {scheduler_job.py:182} INFO - Started process (PID=193) to work on /home/airflow/.local/lib/python3.6/site-packages/airflow/example_dags/example_xcomargs.py
[2021-02-23 10:35:09,553] {scheduler_job.py:629} INFO - Processing file /home/airflow/.local/lib/python3.6/site-packages/airflow/example_dags/example_xcomargs.py for tasks to queue
[2021-02-23 10:35:09,558] {logging_mixin.py:104} INFO - [2021-02-23 10:35:09,558] {dagbag.py:448} INFO - Filling up the DagBag from /home/airflow/.local/lib/python3.6/site-packages/airflow/example_dags/example_xcomargs.py
[2021-02-23 10:35:09,656] {scheduler_job.py:639} INFO - DAG(s) dict_keys(['example_xcom_args', 'example_xcom_args_with_operators']) retrieved from /home/airflow/.local/lib/python3.6/site-packages/airflow/example_dags/example_xcomargs.py
[2021-02-23 10:35:09,721] {logging_mixin.py:104} INFO - [2021-02-23 10:35:09,721] {dag.py:1818} INFO - Sync 2 DAGs
[2021-02-23 10:35:09,758] {logging_mixin.py:104} INFO - [2021-02-23 10:35:09,758] {dag.py:2273} INFO - Setting next_dagrun for example_xcom_args to None
[2021-02-23 10:35:09,760] {logging_mixin.py:104} INFO - [2021-02-23 10:35:09,760] {dag.py:2273} INFO - Setting next_dagrun for example_xcom_args_with_operators to None
[2021-02-23 10:35:09,779] {scheduler_job.py:190} INFO - Processing /home/airflow/.local/lib/python3.6/site-packages/airflow/example_dags/example_xcomargs.py took 0.265 seconds
[2021-02-23 10:35:40,670] {scheduler_job.py:182} INFO - Started process (PID=221) to work on /home/airflow/.local/lib/python3.6/site-packages/airflow/example_dags/example_xcomargs.py
[2021-02-23 10:35:40,674] {scheduler_job.py:629} INFO - Processing file /home/airflow/.local/lib/python3.6/site-packages/airflow/example_dags/example_xcomargs.py for tasks to queue
[2021-02-23 10:35:40,679] {logging_mixin.py:104} INFO - [2021-02-23 10:35:40,679] {dagbag.py:448} INFO - Filling up the DagBag from /home/airflow/.local/lib/python3.6/site-packages/airflow/example_dags/example_xcomargs.py
[2021-02-23 10:35:40,780] {scheduler_job.py:639} INFO - DAG(s) dict_keys(['example_xcom_args', 'example_xcom_args_with_operators']) retrieved from /home/airflow/.local/lib/python3.6/site-packages/airflow/example_dags/example_xcomargs.py
[2021-02-23 10:35:40,889] {logging_mixin.py:104} INFO - [2021-02-23 10:35:40,889] {dag.py:1818} INFO - Sync 2 DAGs
[2021-02-23 10:35:40,961] {logging_mixin.py:104} INFO - [2021-02-23 10:35:40,960] {dag.py:2273} INFO - Setting next_dagrun for example_xcom_args to None
[2021-02-23 10:35:40,967] {logging_mixin.py:104} INFO - [2021-02-23 10:35:40,967] {dag.py:2273} INFO - Setting next_dagrun for example_xcom_args_with_operators to None
[2021-02-23 10:35:41,039] {scheduler_job.py:190} INFO - Processing /home/airflow/.local/lib/python3.6/site-packages/airflow/example_dags/example_xcomargs.py took 0.377 seconds
[2021-02-23 10:36:11,204] {scheduler_job.py:182} INFO - Started process (PID=248) to work on /home/airflow/.local/lib/python3.6/site-packages/airflow/example_dags/example_xcomargs.py
[2021-02-23 10:36:11,220] {scheduler_job.py:629} INFO - Processing file /home/airflow/.local/lib/python3.6/site-packages/airflow/example_dags/example_xcomargs.py for tasks to queue
[2021-02-23 10:36:11,227] {logging_mixin.py:104} INFO - [2021-02-23 10:36:11,227] {dagbag.py:448} INFO - Filling up the DagBag from /home/airflow/.local/lib/python3.6/site-packages/airflow/example_dags/example_xcomargs.py
[2021-02-23 10:36:11,323] {scheduler_job.py:639} INFO - DAG(s) dict_keys(['example_xcom_args', 'example_xcom_args_with_operators']) retrieved from /home/airflow/.local/lib/python3.6/site-packages/airflow/example_dags/example_xcomargs.py
[2021-02-23 10:36:11,455] {logging_mixin.py:104} INFO - [2021-02-23 10:36:11,455] {dag.py:1818} INFO - Sync 2 DAGs
[2021-02-23 10:36:11,539] {logging_mixin.py:104} INFO - [2021-02-23 10:36:11,539] {dag.py:2273} INFO - Setting next_dagrun for example_xcom_args to None
[2021-02-23 10:36:11,543] {logging_mixin.py:104} INFO - [2021-02-23 10:36:11,543] {dag.py:2273} INFO - Setting next_dagrun for example_xcom_args_with_operators to None
[2021-02-23 10:36:11,613] {scheduler_job.py:190} INFO - Processing /home/airflow/.local/lib/python3.6/site-packages/airflow/example_dags/example_xcomargs.py took 0.433 seconds
[2021-02-23 10:36:41,749] {scheduler_job.py:182} INFO - Started process (PID=274) to work on /home/airflow/.local/lib/python3.6/site-packages/airflow/example_dags/example_xcomargs.py
[2021-02-23 10:36:41,755] {scheduler_job.py:629} INFO - Processing file /home/airflow/.local/lib/python3.6/site-packages/airflow/example_dags/example_xcomargs.py for tasks to queue
[2021-02-23 10:36:41,760] {logging_mixin.py:104} INFO - [2021-02-23 10:36:41,760] {dagbag.py:448} INFO - Filling up the DagBag from /home/airflow/.local/lib/python3.6/site-packages/airflow/example_dags/example_xcomargs.py
[2021-02-23 10:36:41,799] {scheduler_job.py:639} INFO - DAG(s) dict_keys(['example_xcom_args', 'example_xcom_args_with_operators']) retrieved from /home/airflow/.local/lib/python3.6/site-packages/airflow/example_dags/example_xcomargs.py
[2021-02-23 10:36:41,832] {logging_mixin.py:104} INFO - [2021-02-23 10:36:41,832] {dag.py:1818} INFO - Sync 2 DAGs
[2021-02-23 10:36:41,855] {logging_mixin.py:104} INFO - [2021-02-23 10:36:41,854] {dag.py:2273} INFO - Setting next_dagrun for example_xcom_args to None
[2021-02-23 10:36:41,857] {logging_mixin.py:104} INFO - [2021-02-23 10:36:41,857] {dag.py:2273} INFO - Setting next_dagrun for example_xcom_args_with_operators to None
[2021-02-23 10:36:41,872] {scheduler_job.py:190} INFO - Processing /home/airflow/.local/lib/python3.6/site-packages/airflow/example_dags/example_xcomargs.py took 0.129 seconds
[2021-02-23 10:37:37,444] {scheduler_job.py:182} INFO - Started process (PID=22) to work on /home/airflow/.local/lib/python3.6/site-packages/airflow/example_dags/example_xcomargs.py
[2021-02-23 10:37:37,452] {scheduler_job.py:629} INFO - Processing file /home/airflow/.local/lib/python3.6/site-packages/airflow/example_dags/example_xcomargs.py for tasks to queue
[2021-02-23 10:37:37,457] {logging_mixin.py:104} INFO - [2021-02-23 10:37:37,456] {dagbag.py:448} INFO - Filling up the DagBag from /home/airflow/.local/lib/python3.6/site-packages/airflow/example_dags/example_xcomargs.py
[2021-02-23 10:37:37,542] {scheduler_job.py:639} INFO - DAG(s) dict_keys(['example_xcom_args', 'example_xcom_args_with_operators']) retrieved from /home/airflow/.local/lib/python3.6/site-packages/airflow/example_dags/example_xcomargs.py
[2021-02-23 10:37:37,619] {logging_mixin.py:104} INFO - [2021-02-23 10:37:37,618] {dag.py:1818} INFO - Sync 2 DAGs
[2021-02-23 10:37:37,667] {logging_mixin.py:104} INFO - [2021-02-23 10:37:37,666] {dag.py:2273} INFO - Setting next_dagrun for example_xcom_args to None
[2021-02-23 10:37:37,675] {logging_mixin.py:104} INFO - [2021-02-23 10:37:37,675] {dag.py:2273} INFO - Setting next_dagrun for example_xcom_args_with_operators to None
[2021-02-23 10:37:37,726] {scheduler_job.py:190} INFO - Processing /home/airflow/.local/lib/python3.6/site-packages/airflow/example_dags/example_xcomargs.py took 0.296 seconds
[2021-02-23 10:38:08,552] {scheduler_job.py:182} INFO - Started process (PID=49) to work on /home/airflow/.local/lib/python3.6/site-packages/airflow/example_dags/example_xcomargs.py
[2021-02-23 10:38:08,559] {scheduler_job.py:629} INFO - Processing file /home/airflow/.local/lib/python3.6/site-packages/airflow/example_dags/example_xcomargs.py for tasks to queue
[2021-02-23 10:38:08,564] {logging_mixin.py:104} INFO - [2021-02-23 10:38:08,563] {dagbag.py:448} INFO - Filling up the DagBag from /home/airflow/.local/lib/python3.6/site-packages/airflow/example_dags/example_xcomargs.py
[2021-02-23 10:38:08,760] {scheduler_job.py:639} INFO - DAG(s) dict_keys(['example_xcom_args', 'example_xcom_args_with_operators']) retrieved from /home/airflow/.local/lib/python3.6/site-packages/airflow/example_dags/example_xcomargs.py
[2021-02-23 10:38:08,890] {logging_mixin.py:104} INFO - [2021-02-23 10:38:08,890] {dag.py:1818} INFO - Sync 2 DAGs
[2021-02-23 10:38:08,964] {logging_mixin.py:104} INFO - [2021-02-23 10:38:08,964] {dag.py:2273} INFO - Setting next_dagrun for example_xcom_args to None
[2021-02-23 10:38:08,979] {logging_mixin.py:104} INFO - [2021-02-23 10:38:08,979] {dag.py:2273} INFO - Setting next_dagrun for example_xcom_args_with_operators to None
[2021-02-23 10:38:09,006] {scheduler_job.py:190} INFO - Processing /home/airflow/.local/lib/python3.6/site-packages/airflow/example_dags/example_xcomargs.py took 0.497 seconds
