[2021-02-23 10:15:14,160] {scheduler_job.py:182} INFO - Started process (PID=36) to work on /home/airflow/.local/lib/python3.6/site-packages/airflow/example_dags/example_branch_operator.py
[2021-02-23 10:15:14,173] {scheduler_job.py:629} INFO - Processing file /home/airflow/.local/lib/python3.6/site-packages/airflow/example_dags/example_branch_operator.py for tasks to queue
[2021-02-23 10:15:14,175] {logging_mixin.py:104} INFO - [2021-02-23 10:15:14,174] {dagbag.py:448} INFO - Filling up the DagBag from /home/airflow/.local/lib/python3.6/site-packages/airflow/example_dags/example_branch_operator.py
[2021-02-23 10:15:14,241] {scheduler_job.py:639} INFO - DAG(s) dict_keys(['example_branch_operator']) retrieved from /home/airflow/.local/lib/python3.6/site-packages/airflow/example_dags/example_branch_operator.py
[2021-02-23 10:15:14,300] {logging_mixin.py:104} INFO - [2021-02-23 10:15:14,299] {dag.py:1818} INFO - Sync 1 DAGs
[2021-02-23 10:15:14,358] {logging_mixin.py:104} INFO - [2021-02-23 10:15:14,357] {dag.py:1837} INFO - Creating ORM DAG for example_branch_operator
[2021-02-23 10:15:14,407] {logging_mixin.py:104} INFO - [2021-02-23 10:15:14,406] {dag.py:2273} INFO - Setting next_dagrun for example_branch_operator to 2021-02-21 00:00:00+00:00
[2021-02-23 10:15:14,465] {scheduler_job.py:190} INFO - Processing /home/airflow/.local/lib/python3.6/site-packages/airflow/example_dags/example_branch_operator.py took 0.317 seconds
[2021-02-23 10:16:54,058] {scheduler_job.py:182} INFO - Started process (PID=66) to work on /home/airflow/.local/lib/python3.6/site-packages/airflow/example_dags/example_branch_operator.py
[2021-02-23 10:16:54,081] {scheduler_job.py:629} INFO - Processing file /home/airflow/.local/lib/python3.6/site-packages/airflow/example_dags/example_branch_operator.py for tasks to queue
[2021-02-23 10:16:54,097] {logging_mixin.py:104} INFO - [2021-02-23 10:16:54,097] {dagbag.py:448} INFO - Filling up the DagBag from /home/airflow/.local/lib/python3.6/site-packages/airflow/example_dags/example_branch_operator.py
[2021-02-23 10:16:54,299] {scheduler_job.py:639} INFO - DAG(s) dict_keys(['example_branch_operator']) retrieved from /home/airflow/.local/lib/python3.6/site-packages/airflow/example_dags/example_branch_operator.py
[2021-02-23 10:16:54,636] {logging_mixin.py:104} INFO - [2021-02-23 10:16:54,636] {dag.py:1818} INFO - Sync 1 DAGs
[2021-02-23 10:16:55,243] {logging_mixin.py:104} INFO - [2021-02-23 10:16:55,243] {dag.py:2273} INFO - Setting next_dagrun for example_branch_operator to 2021-02-21 00:00:00+00:00
[2021-02-23 10:16:55,587] {scheduler_job.py:190} INFO - Processing /home/airflow/.local/lib/python3.6/site-packages/airflow/example_dags/example_branch_operator.py took 1.543 seconds
[2021-02-23 10:17:26,197] {scheduler_job.py:182} INFO - Started process (PID=93) to work on /home/airflow/.local/lib/python3.6/site-packages/airflow/example_dags/example_branch_operator.py
[2021-02-23 10:17:26,199] {scheduler_job.py:629} INFO - Processing file /home/airflow/.local/lib/python3.6/site-packages/airflow/example_dags/example_branch_operator.py for tasks to queue
[2021-02-23 10:17:26,202] {logging_mixin.py:104} INFO - [2021-02-23 10:17:26,202] {dagbag.py:448} INFO - Filling up the DagBag from /home/airflow/.local/lib/python3.6/site-packages/airflow/example_dags/example_branch_operator.py
[2021-02-23 10:17:26,390] {scheduler_job.py:639} INFO - DAG(s) dict_keys(['example_branch_operator']) retrieved from /home/airflow/.local/lib/python3.6/site-packages/airflow/example_dags/example_branch_operator.py
[2021-02-23 10:17:26,907] {logging_mixin.py:104} INFO - [2021-02-23 10:17:26,907] {dag.py:1818} INFO - Sync 1 DAGs
[2021-02-23 10:17:27,207] {logging_mixin.py:104} INFO - [2021-02-23 10:17:27,206] {dag.py:2273} INFO - Setting next_dagrun for example_branch_operator to 2021-02-21 00:00:00+00:00
[2021-02-23 10:17:27,294] {scheduler_job.py:190} INFO - Processing /home/airflow/.local/lib/python3.6/site-packages/airflow/example_dags/example_branch_operator.py took 1.101 seconds
[2021-02-23 10:17:57,457] {scheduler_job.py:182} INFO - Started process (PID=120) to work on /home/airflow/.local/lib/python3.6/site-packages/airflow/example_dags/example_branch_operator.py
[2021-02-23 10:17:57,462] {scheduler_job.py:629} INFO - Processing file /home/airflow/.local/lib/python3.6/site-packages/airflow/example_dags/example_branch_operator.py for tasks to queue
[2021-02-23 10:17:57,471] {logging_mixin.py:104} INFO - [2021-02-23 10:17:57,471] {dagbag.py:448} INFO - Filling up the DagBag from /home/airflow/.local/lib/python3.6/site-packages/airflow/example_dags/example_branch_operator.py
[2021-02-23 10:17:57,535] {scheduler_job.py:639} INFO - DAG(s) dict_keys(['example_branch_operator']) retrieved from /home/airflow/.local/lib/python3.6/site-packages/airflow/example_dags/example_branch_operator.py
[2021-02-23 10:17:57,689] {logging_mixin.py:104} INFO - [2021-02-23 10:17:57,689] {dag.py:1818} INFO - Sync 1 DAGs
[2021-02-23 10:17:57,814] {logging_mixin.py:104} INFO - [2021-02-23 10:17:57,814] {dag.py:2273} INFO - Setting next_dagrun for example_branch_operator to 2021-02-21 00:00:00+00:00
[2021-02-23 10:17:57,885] {scheduler_job.py:190} INFO - Processing /home/airflow/.local/lib/python3.6/site-packages/airflow/example_dags/example_branch_operator.py took 0.461 seconds
[2021-02-23 10:18:28,102] {scheduler_job.py:182} INFO - Started process (PID=147) to work on /home/airflow/.local/lib/python3.6/site-packages/airflow/example_dags/example_branch_operator.py
[2021-02-23 10:18:28,105] {scheduler_job.py:629} INFO - Processing file /home/airflow/.local/lib/python3.6/site-packages/airflow/example_dags/example_branch_operator.py for tasks to queue
[2021-02-23 10:18:28,109] {logging_mixin.py:104} INFO - [2021-02-23 10:18:28,109] {dagbag.py:448} INFO - Filling up the DagBag from /home/airflow/.local/lib/python3.6/site-packages/airflow/example_dags/example_branch_operator.py
[2021-02-23 10:18:28,191] {scheduler_job.py:639} INFO - DAG(s) dict_keys(['example_branch_operator']) retrieved from /home/airflow/.local/lib/python3.6/site-packages/airflow/example_dags/example_branch_operator.py
[2021-02-23 10:18:28,260] {logging_mixin.py:104} INFO - [2021-02-23 10:18:28,260] {dag.py:1818} INFO - Sync 1 DAGs
[2021-02-23 10:18:28,293] {logging_mixin.py:104} INFO - [2021-02-23 10:18:28,293] {dag.py:2273} INFO - Setting next_dagrun for example_branch_operator to 2021-02-21 00:00:00+00:00
[2021-02-23 10:18:28,357] {scheduler_job.py:190} INFO - Processing /home/airflow/.local/lib/python3.6/site-packages/airflow/example_dags/example_branch_operator.py took 0.260 seconds
[2021-02-23 10:18:59,034] {scheduler_job.py:182} INFO - Started process (PID=174) to work on /home/airflow/.local/lib/python3.6/site-packages/airflow/example_dags/example_branch_operator.py
[2021-02-23 10:18:59,036] {scheduler_job.py:629} INFO - Processing file /home/airflow/.local/lib/python3.6/site-packages/airflow/example_dags/example_branch_operator.py for tasks to queue
[2021-02-23 10:18:59,038] {logging_mixin.py:104} INFO - [2021-02-23 10:18:59,037] {dagbag.py:448} INFO - Filling up the DagBag from /home/airflow/.local/lib/python3.6/site-packages/airflow/example_dags/example_branch_operator.py
[2021-02-23 10:18:59,077] {scheduler_job.py:639} INFO - DAG(s) dict_keys(['example_branch_operator']) retrieved from /home/airflow/.local/lib/python3.6/site-packages/airflow/example_dags/example_branch_operator.py
[2021-02-23 10:18:59,118] {logging_mixin.py:104} INFO - [2021-02-23 10:18:59,118] {dag.py:1818} INFO - Sync 1 DAGs
[2021-02-23 10:18:59,156] {logging_mixin.py:104} INFO - [2021-02-23 10:18:59,155] {dag.py:2273} INFO - Setting next_dagrun for example_branch_operator to 2021-02-21 00:00:00+00:00
[2021-02-23 10:18:59,202] {scheduler_job.py:190} INFO - Processing /home/airflow/.local/lib/python3.6/site-packages/airflow/example_dags/example_branch_operator.py took 0.177 seconds
[2021-02-23 10:19:30,222] {scheduler_job.py:182} INFO - Started process (PID=201) to work on /home/airflow/.local/lib/python3.6/site-packages/airflow/example_dags/example_branch_operator.py
[2021-02-23 10:19:30,227] {scheduler_job.py:629} INFO - Processing file /home/airflow/.local/lib/python3.6/site-packages/airflow/example_dags/example_branch_operator.py for tasks to queue
[2021-02-23 10:19:30,232] {logging_mixin.py:104} INFO - [2021-02-23 10:19:30,231] {dagbag.py:448} INFO - Filling up the DagBag from /home/airflow/.local/lib/python3.6/site-packages/airflow/example_dags/example_branch_operator.py
[2021-02-23 10:19:30,274] {scheduler_job.py:639} INFO - DAG(s) dict_keys(['example_branch_operator']) retrieved from /home/airflow/.local/lib/python3.6/site-packages/airflow/example_dags/example_branch_operator.py
[2021-02-23 10:19:30,356] {logging_mixin.py:104} INFO - [2021-02-23 10:19:30,355] {dag.py:1818} INFO - Sync 1 DAGs
[2021-02-23 10:19:30,387] {logging_mixin.py:104} INFO - [2021-02-23 10:19:30,386] {dag.py:1837} INFO - Creating ORM DAG for example_branch_operator
[2021-02-23 10:19:30,422] {logging_mixin.py:104} INFO - [2021-02-23 10:19:30,422] {dag.py:2273} INFO - Setting next_dagrun for example_branch_operator to 2021-02-21 00:00:00+00:00
[2021-02-23 10:19:30,621] {scheduler_job.py:190} INFO - Processing /home/airflow/.local/lib/python3.6/site-packages/airflow/example_dags/example_branch_operator.py took 0.425 seconds
[2021-02-23 10:20:01,298] {scheduler_job.py:182} INFO - Started process (PID=228) to work on /home/airflow/.local/lib/python3.6/site-packages/airflow/example_dags/example_branch_operator.py
[2021-02-23 10:20:01,302] {scheduler_job.py:629} INFO - Processing file /home/airflow/.local/lib/python3.6/site-packages/airflow/example_dags/example_branch_operator.py for tasks to queue
[2021-02-23 10:20:01,306] {logging_mixin.py:104} INFO - [2021-02-23 10:20:01,305] {dagbag.py:448} INFO - Filling up the DagBag from /home/airflow/.local/lib/python3.6/site-packages/airflow/example_dags/example_branch_operator.py
[2021-02-23 10:20:01,373] {scheduler_job.py:639} INFO - DAG(s) dict_keys(['example_branch_operator']) retrieved from /home/airflow/.local/lib/python3.6/site-packages/airflow/example_dags/example_branch_operator.py
[2021-02-23 10:20:01,483] {logging_mixin.py:104} INFO - [2021-02-23 10:20:01,483] {dag.py:1818} INFO - Sync 1 DAGs
[2021-02-23 10:20:01,516] {logging_mixin.py:104} INFO - [2021-02-23 10:20:01,516] {dag.py:1837} INFO - Creating ORM DAG for example_branch_operator
[2021-02-23 10:20:01,578] {logging_mixin.py:104} INFO - [2021-02-23 10:20:01,578] {dag.py:2273} INFO - Setting next_dagrun for example_branch_operator to 2021-02-21 00:00:00+00:00
[2021-02-23 10:20:01,650] {scheduler_job.py:190} INFO - Processing /home/airflow/.local/lib/python3.6/site-packages/airflow/example_dags/example_branch_operator.py took 0.364 seconds
[2021-02-23 10:20:32,548] {scheduler_job.py:182} INFO - Started process (PID=252) to work on /home/airflow/.local/lib/python3.6/site-packages/airflow/example_dags/example_branch_operator.py
[2021-02-23 10:20:32,565] {scheduler_job.py:629} INFO - Processing file /home/airflow/.local/lib/python3.6/site-packages/airflow/example_dags/example_branch_operator.py for tasks to queue
[2021-02-23 10:20:32,568] {logging_mixin.py:104} INFO - [2021-02-23 10:20:32,567] {dagbag.py:448} INFO - Filling up the DagBag from /home/airflow/.local/lib/python3.6/site-packages/airflow/example_dags/example_branch_operator.py
[2021-02-23 10:20:32,685] {scheduler_job.py:639} INFO - DAG(s) dict_keys(['example_branch_operator']) retrieved from /home/airflow/.local/lib/python3.6/site-packages/airflow/example_dags/example_branch_operator.py
[2021-02-23 10:20:32,731] {logging_mixin.py:104} INFO - [2021-02-23 10:20:32,731] {dag.py:1818} INFO - Sync 1 DAGs
[2021-02-23 10:20:32,768] {logging_mixin.py:104} INFO - [2021-02-23 10:20:32,767] {dag.py:2273} INFO - Setting next_dagrun for example_branch_operator to 2021-02-21 00:00:00+00:00
[2021-02-23 10:20:32,779] {scheduler_job.py:190} INFO - Processing /home/airflow/.local/lib/python3.6/site-packages/airflow/example_dags/example_branch_operator.py took 0.246 seconds
[2021-02-23 10:21:09,551] {scheduler_job.py:182} INFO - Started process (PID=279) to work on /home/airflow/.local/lib/python3.6/site-packages/airflow/example_dags/example_branch_operator.py
[2021-02-23 10:21:09,561] {scheduler_job.py:629} INFO - Processing file /home/airflow/.local/lib/python3.6/site-packages/airflow/example_dags/example_branch_operator.py for tasks to queue
[2021-02-23 10:21:09,564] {logging_mixin.py:104} INFO - [2021-02-23 10:21:09,564] {dagbag.py:448} INFO - Filling up the DagBag from /home/airflow/.local/lib/python3.6/site-packages/airflow/example_dags/example_branch_operator.py
[2021-02-23 10:21:10,251] {scheduler_job.py:639} INFO - DAG(s) dict_keys(['example_branch_operator']) retrieved from /home/airflow/.local/lib/python3.6/site-packages/airflow/example_dags/example_branch_operator.py
[2021-02-23 10:21:13,329] {logging_mixin.py:104} INFO - [2021-02-23 10:21:13,322] {dag.py:1818} INFO - Sync 1 DAGs
[2021-02-23 10:21:13,624] {logging_mixin.py:104} INFO - [2021-02-23 10:21:13,615] {dag.py:2273} INFO - Setting next_dagrun for example_branch_operator to 2021-02-21 00:00:00+00:00
[2021-02-23 10:21:14,285] {scheduler_job.py:190} INFO - Processing /home/airflow/.local/lib/python3.6/site-packages/airflow/example_dags/example_branch_operator.py took 4.752 seconds
[2021-02-23 10:22:42,310] {scheduler_job.py:182} INFO - Started process (PID=48) to work on /home/airflow/.local/lib/python3.6/site-packages/airflow/example_dags/example_branch_operator.py
[2021-02-23 10:22:42,376] {scheduler_job.py:629} INFO - Processing file /home/airflow/.local/lib/python3.6/site-packages/airflow/example_dags/example_branch_operator.py for tasks to queue
[2021-02-23 10:22:42,389] {logging_mixin.py:104} INFO - [2021-02-23 10:22:42,389] {dagbag.py:448} INFO - Filling up the DagBag from /home/airflow/.local/lib/python3.6/site-packages/airflow/example_dags/example_branch_operator.py
[2021-02-23 10:22:42,913] {scheduler_job.py:639} INFO - DAG(s) dict_keys(['example_branch_operator']) retrieved from /home/airflow/.local/lib/python3.6/site-packages/airflow/example_dags/example_branch_operator.py
[2021-02-23 10:22:43,197] {logging_mixin.py:104} INFO - [2021-02-23 10:22:43,197] {dag.py:1818} INFO - Sync 1 DAGs
[2021-02-23 10:22:43,373] {logging_mixin.py:104} INFO - [2021-02-23 10:22:43,373] {dag.py:2273} INFO - Setting next_dagrun for example_branch_operator to 2021-02-21 00:00:00+00:00
[2021-02-23 10:22:43,462] {scheduler_job.py:190} INFO - Processing /home/airflow/.local/lib/python3.6/site-packages/airflow/example_dags/example_branch_operator.py took 1.263 seconds
[2021-02-23 10:23:22,623] {scheduler_job.py:182} INFO - Started process (PID=75) to work on /home/airflow/.local/lib/python3.6/site-packages/airflow/example_dags/example_branch_operator.py
[2021-02-23 10:23:22,697] {scheduler_job.py:629} INFO - Processing file /home/airflow/.local/lib/python3.6/site-packages/airflow/example_dags/example_branch_operator.py for tasks to queue
[2021-02-23 10:23:22,779] {logging_mixin.py:104} INFO - [2021-02-23 10:23:22,758] {dagbag.py:448} INFO - Filling up the DagBag from /home/airflow/.local/lib/python3.6/site-packages/airflow/example_dags/example_branch_operator.py
[2021-02-23 10:23:24,161] {scheduler_job.py:639} INFO - DAG(s) dict_keys(['example_branch_operator']) retrieved from /home/airflow/.local/lib/python3.6/site-packages/airflow/example_dags/example_branch_operator.py
[2021-02-23 10:23:24,663] {logging_mixin.py:104} INFO - [2021-02-23 10:23:24,662] {dag.py:1818} INFO - Sync 1 DAGs
[2021-02-23 10:23:25,072] {logging_mixin.py:104} INFO - [2021-02-23 10:23:25,072] {dag.py:2273} INFO - Setting next_dagrun for example_branch_operator to 2021-02-21 00:00:00+00:00
[2021-02-23 10:23:25,173] {scheduler_job.py:190} INFO - Processing /home/airflow/.local/lib/python3.6/site-packages/airflow/example_dags/example_branch_operator.py took 2.837 seconds
[2021-02-23 10:23:55,771] {scheduler_job.py:182} INFO - Started process (PID=102) to work on /home/airflow/.local/lib/python3.6/site-packages/airflow/example_dags/example_branch_operator.py
[2021-02-23 10:23:55,804] {scheduler_job.py:629} INFO - Processing file /home/airflow/.local/lib/python3.6/site-packages/airflow/example_dags/example_branch_operator.py for tasks to queue
[2021-02-23 10:23:55,818] {logging_mixin.py:104} INFO - [2021-02-23 10:23:55,818] {dagbag.py:448} INFO - Filling up the DagBag from /home/airflow/.local/lib/python3.6/site-packages/airflow/example_dags/example_branch_operator.py
[2021-02-23 10:23:56,335] {scheduler_job.py:639} INFO - DAG(s) dict_keys(['example_branch_operator']) retrieved from /home/airflow/.local/lib/python3.6/site-packages/airflow/example_dags/example_branch_operator.py
[2021-02-23 10:23:56,821] {logging_mixin.py:104} INFO - [2021-02-23 10:23:56,821] {dag.py:1818} INFO - Sync 1 DAGs
[2021-02-23 10:23:57,270] {logging_mixin.py:104} INFO - [2021-02-23 10:23:57,270] {dag.py:2273} INFO - Setting next_dagrun for example_branch_operator to 2021-02-21 00:00:00+00:00
[2021-02-23 10:23:57,349] {scheduler_job.py:190} INFO - Processing /home/airflow/.local/lib/python3.6/site-packages/airflow/example_dags/example_branch_operator.py took 1.635 seconds
[2021-02-23 10:24:29,801] {scheduler_job.py:182} INFO - Started process (PID=129) to work on /home/airflow/.local/lib/python3.6/site-packages/airflow/example_dags/example_branch_operator.py
[2021-02-23 10:24:29,809] {scheduler_job.py:629} INFO - Processing file /home/airflow/.local/lib/python3.6/site-packages/airflow/example_dags/example_branch_operator.py for tasks to queue
[2021-02-23 10:24:29,815] {logging_mixin.py:104} INFO - [2021-02-23 10:24:29,815] {dagbag.py:448} INFO - Filling up the DagBag from /home/airflow/.local/lib/python3.6/site-packages/airflow/example_dags/example_branch_operator.py
[2021-02-23 10:24:29,945] {scheduler_job.py:639} INFO - DAG(s) dict_keys(['example_branch_operator']) retrieved from /home/airflow/.local/lib/python3.6/site-packages/airflow/example_dags/example_branch_operator.py
[2021-02-23 10:24:30,082] {logging_mixin.py:104} INFO - [2021-02-23 10:24:30,082] {dag.py:1818} INFO - Sync 1 DAGs
[2021-02-23 10:24:30,284] {logging_mixin.py:104} INFO - [2021-02-23 10:24:30,284] {dag.py:2273} INFO - Setting next_dagrun for example_branch_operator to 2021-02-21 00:00:00+00:00
[2021-02-23 10:24:30,389] {scheduler_job.py:190} INFO - Processing /home/airflow/.local/lib/python3.6/site-packages/airflow/example_dags/example_branch_operator.py took 0.615 seconds
[2021-02-23 10:25:01,142] {scheduler_job.py:182} INFO - Started process (PID=155) to work on /home/airflow/.local/lib/python3.6/site-packages/airflow/example_dags/example_branch_operator.py
[2021-02-23 10:25:01,144] {scheduler_job.py:629} INFO - Processing file /home/airflow/.local/lib/python3.6/site-packages/airflow/example_dags/example_branch_operator.py for tasks to queue
[2021-02-23 10:25:01,153] {logging_mixin.py:104} INFO - [2021-02-23 10:25:01,153] {dagbag.py:448} INFO - Filling up the DagBag from /home/airflow/.local/lib/python3.6/site-packages/airflow/example_dags/example_branch_operator.py
[2021-02-23 10:25:01,230] {scheduler_job.py:639} INFO - DAG(s) dict_keys(['example_branch_operator']) retrieved from /home/airflow/.local/lib/python3.6/site-packages/airflow/example_dags/example_branch_operator.py
[2021-02-23 10:25:01,352] {logging_mixin.py:104} INFO - [2021-02-23 10:25:01,351] {dag.py:1818} INFO - Sync 1 DAGs
[2021-02-23 10:25:01,495] {logging_mixin.py:104} INFO - [2021-02-23 10:25:01,494] {dag.py:2273} INFO - Setting next_dagrun for example_branch_operator to 2021-02-21 00:00:00+00:00
[2021-02-23 10:25:01,547] {scheduler_job.py:190} INFO - Processing /home/airflow/.local/lib/python3.6/site-packages/airflow/example_dags/example_branch_operator.py took 0.424 seconds
[2021-02-23 10:25:39,810] {scheduler_job.py:182} INFO - Started process (PID=185) to work on /home/airflow/.local/lib/python3.6/site-packages/airflow/example_dags/example_branch_operator.py
[2021-02-23 10:25:39,820] {scheduler_job.py:629} INFO - Processing file /home/airflow/.local/lib/python3.6/site-packages/airflow/example_dags/example_branch_operator.py for tasks to queue
[2021-02-23 10:25:39,823] {logging_mixin.py:104} INFO - [2021-02-23 10:25:39,823] {dagbag.py:448} INFO - Filling up the DagBag from /home/airflow/.local/lib/python3.6/site-packages/airflow/example_dags/example_branch_operator.py
[2021-02-23 10:25:39,868] {scheduler_job.py:639} INFO - DAG(s) dict_keys(['example_branch_operator']) retrieved from /home/airflow/.local/lib/python3.6/site-packages/airflow/example_dags/example_branch_operator.py
[2021-02-23 10:25:39,971] {logging_mixin.py:104} INFO - [2021-02-23 10:25:39,971] {dag.py:1818} INFO - Sync 1 DAGs
[2021-02-23 10:25:40,091] {logging_mixin.py:104} INFO - [2021-02-23 10:25:40,089] {dag.py:2273} INFO - Setting next_dagrun for example_branch_operator to 2021-02-21 00:00:00+00:00
[2021-02-23 10:25:40,123] {scheduler_job.py:190} INFO - Processing /home/airflow/.local/lib/python3.6/site-packages/airflow/example_dags/example_branch_operator.py took 0.331 seconds
[2021-02-23 10:26:34,229] {scheduler_job.py:182} INFO - Started process (PID=224) to work on /home/airflow/.local/lib/python3.6/site-packages/airflow/example_dags/example_branch_operator.py
[2021-02-23 10:26:34,232] {scheduler_job.py:629} INFO - Processing file /home/airflow/.local/lib/python3.6/site-packages/airflow/example_dags/example_branch_operator.py for tasks to queue
[2021-02-23 10:26:34,237] {logging_mixin.py:104} INFO - [2021-02-23 10:26:34,237] {dagbag.py:448} INFO - Filling up the DagBag from /home/airflow/.local/lib/python3.6/site-packages/airflow/example_dags/example_branch_operator.py
[2021-02-23 10:26:34,318] {scheduler_job.py:639} INFO - DAG(s) dict_keys(['example_branch_operator']) retrieved from /home/airflow/.local/lib/python3.6/site-packages/airflow/example_dags/example_branch_operator.py
[2021-02-23 10:26:34,400] {logging_mixin.py:104} INFO - [2021-02-23 10:26:34,400] {dag.py:1818} INFO - Sync 1 DAGs
[2021-02-23 10:26:34,504] {logging_mixin.py:104} INFO - [2021-02-23 10:26:34,504] {dag.py:2273} INFO - Setting next_dagrun for example_branch_operator to 2021-02-21 00:00:00+00:00
[2021-02-23 10:26:34,543] {scheduler_job.py:190} INFO - Processing /home/airflow/.local/lib/python3.6/site-packages/airflow/example_dags/example_branch_operator.py took 0.333 seconds
[2021-02-23 10:27:17,992] {scheduler_job.py:182} INFO - Started process (PID=251) to work on /home/airflow/.local/lib/python3.6/site-packages/airflow/example_dags/example_branch_operator.py
[2021-02-23 10:27:17,997] {scheduler_job.py:629} INFO - Processing file /home/airflow/.local/lib/python3.6/site-packages/airflow/example_dags/example_branch_operator.py for tasks to queue
[2021-02-23 10:27:18,004] {logging_mixin.py:104} INFO - [2021-02-23 10:27:18,004] {dagbag.py:448} INFO - Filling up the DagBag from /home/airflow/.local/lib/python3.6/site-packages/airflow/example_dags/example_branch_operator.py
[2021-02-23 10:27:18,097] {scheduler_job.py:639} INFO - DAG(s) dict_keys(['example_branch_operator']) retrieved from /home/airflow/.local/lib/python3.6/site-packages/airflow/example_dags/example_branch_operator.py
[2021-02-23 10:27:18,192] {logging_mixin.py:104} INFO - [2021-02-23 10:27:18,191] {dag.py:1818} INFO - Sync 1 DAGs
[2021-02-23 10:27:18,285] {logging_mixin.py:104} INFO - [2021-02-23 10:27:18,284] {dag.py:2273} INFO - Setting next_dagrun for example_branch_operator to 2021-02-21 00:00:00+00:00
[2021-02-23 10:27:18,319] {scheduler_job.py:190} INFO - Processing /home/airflow/.local/lib/python3.6/site-packages/airflow/example_dags/example_branch_operator.py took 0.348 seconds
[2021-02-23 10:31:06,103] {scheduler_job.py:182} INFO - Started process (PID=22) to work on /home/airflow/.local/lib/python3.6/site-packages/airflow/example_dags/example_branch_operator.py
[2021-02-23 10:31:06,124] {scheduler_job.py:629} INFO - Processing file /home/airflow/.local/lib/python3.6/site-packages/airflow/example_dags/example_branch_operator.py for tasks to queue
[2021-02-23 10:31:06,139] {logging_mixin.py:104} INFO - [2021-02-23 10:31:06,139] {dagbag.py:448} INFO - Filling up the DagBag from /home/airflow/.local/lib/python3.6/site-packages/airflow/example_dags/example_branch_operator.py
[2021-02-23 10:31:06,312] {scheduler_job.py:639} INFO - DAG(s) dict_keys(['example_branch_operator']) retrieved from /home/airflow/.local/lib/python3.6/site-packages/airflow/example_dags/example_branch_operator.py
[2021-02-23 10:32:06,001] {scheduler_job.py:182} INFO - Started process (PID=35) to work on /home/airflow/.local/lib/python3.6/site-packages/airflow/example_dags/example_branch_operator.py
[2021-02-23 10:32:06,036] {scheduler_job.py:629} INFO - Processing file /home/airflow/.local/lib/python3.6/site-packages/airflow/example_dags/example_branch_operator.py for tasks to queue
[2021-02-23 10:32:06,075] {logging_mixin.py:104} INFO - [2021-02-23 10:32:06,062] {dagbag.py:448} INFO - Filling up the DagBag from /home/airflow/.local/lib/python3.6/site-packages/airflow/example_dags/example_branch_operator.py
[2021-02-23 10:32:06,328] {scheduler_job.py:639} INFO - DAG(s) dict_keys(['example_branch_operator']) retrieved from /home/airflow/.local/lib/python3.6/site-packages/airflow/example_dags/example_branch_operator.py
[2021-02-23 10:32:06,743] {logging_mixin.py:104} INFO - [2021-02-23 10:32:06,725] {dag.py:1818} INFO - Sync 1 DAGs
[2021-02-23 10:32:06,968] {logging_mixin.py:104} INFO - [2021-02-23 10:32:06,968] {dag.py:2273} INFO - Setting next_dagrun for example_branch_operator to 2021-02-21 00:00:00+00:00
[2021-02-23 10:32:07,061] {scheduler_job.py:190} INFO - Processing /home/airflow/.local/lib/python3.6/site-packages/airflow/example_dags/example_branch_operator.py took 1.345 seconds
[2021-02-23 10:32:37,271] {scheduler_job.py:182} INFO - Started process (PID=62) to work on /home/airflow/.local/lib/python3.6/site-packages/airflow/example_dags/example_branch_operator.py
[2021-02-23 10:32:37,285] {scheduler_job.py:629} INFO - Processing file /home/airflow/.local/lib/python3.6/site-packages/airflow/example_dags/example_branch_operator.py for tasks to queue
[2021-02-23 10:32:37,294] {logging_mixin.py:104} INFO - [2021-02-23 10:32:37,291] {dagbag.py:448} INFO - Filling up the DagBag from /home/airflow/.local/lib/python3.6/site-packages/airflow/example_dags/example_branch_operator.py
[2021-02-23 10:32:37,445] {scheduler_job.py:639} INFO - DAG(s) dict_keys(['example_branch_operator']) retrieved from /home/airflow/.local/lib/python3.6/site-packages/airflow/example_dags/example_branch_operator.py
[2021-02-23 10:32:37,632] {logging_mixin.py:104} INFO - [2021-02-23 10:32:37,632] {dag.py:1818} INFO - Sync 1 DAGs
[2021-02-23 10:32:37,849] {logging_mixin.py:104} INFO - [2021-02-23 10:32:37,849] {dag.py:2273} INFO - Setting next_dagrun for example_branch_operator to 2021-02-21 00:00:00+00:00
[2021-02-23 10:32:37,943] {scheduler_job.py:190} INFO - Processing /home/airflow/.local/lib/python3.6/site-packages/airflow/example_dags/example_branch_operator.py took 0.714 seconds
[2021-02-23 10:33:08,162] {scheduler_job.py:182} INFO - Started process (PID=89) to work on /home/airflow/.local/lib/python3.6/site-packages/airflow/example_dags/example_branch_operator.py
[2021-02-23 10:33:08,168] {scheduler_job.py:629} INFO - Processing file /home/airflow/.local/lib/python3.6/site-packages/airflow/example_dags/example_branch_operator.py for tasks to queue
[2021-02-23 10:33:08,171] {logging_mixin.py:104} INFO - [2021-02-23 10:33:08,170] {dagbag.py:448} INFO - Filling up the DagBag from /home/airflow/.local/lib/python3.6/site-packages/airflow/example_dags/example_branch_operator.py
[2021-02-23 10:33:08,329] {scheduler_job.py:639} INFO - DAG(s) dict_keys(['example_branch_operator']) retrieved from /home/airflow/.local/lib/python3.6/site-packages/airflow/example_dags/example_branch_operator.py
[2021-02-23 10:33:08,469] {logging_mixin.py:104} INFO - [2021-02-23 10:33:08,469] {dag.py:1818} INFO - Sync 1 DAGs
[2021-02-23 10:33:08,680] {logging_mixin.py:104} INFO - [2021-02-23 10:33:08,680] {dag.py:2273} INFO - Setting next_dagrun for example_branch_operator to 2021-02-21 00:00:00+00:00
[2021-02-23 10:33:08,719] {scheduler_job.py:190} INFO - Processing /home/airflow/.local/lib/python3.6/site-packages/airflow/example_dags/example_branch_operator.py took 0.584 seconds
[2021-02-23 10:33:39,569] {scheduler_job.py:182} INFO - Started process (PID=116) to work on /home/airflow/.local/lib/python3.6/site-packages/airflow/example_dags/example_branch_operator.py
[2021-02-23 10:33:39,588] {scheduler_job.py:629} INFO - Processing file /home/airflow/.local/lib/python3.6/site-packages/airflow/example_dags/example_branch_operator.py for tasks to queue
[2021-02-23 10:33:39,593] {logging_mixin.py:104} INFO - [2021-02-23 10:33:39,593] {dagbag.py:448} INFO - Filling up the DagBag from /home/airflow/.local/lib/python3.6/site-packages/airflow/example_dags/example_branch_operator.py
[2021-02-23 10:33:39,645] {scheduler_job.py:639} INFO - DAG(s) dict_keys(['example_branch_operator']) retrieved from /home/airflow/.local/lib/python3.6/site-packages/airflow/example_dags/example_branch_operator.py
[2021-02-23 10:33:39,691] {logging_mixin.py:104} INFO - [2021-02-23 10:33:39,690] {dag.py:1818} INFO - Sync 1 DAGs
[2021-02-23 10:33:39,738] {logging_mixin.py:104} INFO - [2021-02-23 10:33:39,734] {dag.py:2273} INFO - Setting next_dagrun for example_branch_operator to 2021-02-21 00:00:00+00:00
[2021-02-23 10:33:39,763] {scheduler_job.py:190} INFO - Processing /home/airflow/.local/lib/python3.6/site-packages/airflow/example_dags/example_branch_operator.py took 0.205 seconds
[2021-02-23 10:34:10,128] {scheduler_job.py:182} INFO - Started process (PID=143) to work on /home/airflow/.local/lib/python3.6/site-packages/airflow/example_dags/example_branch_operator.py
[2021-02-23 10:34:10,136] {scheduler_job.py:629} INFO - Processing file /home/airflow/.local/lib/python3.6/site-packages/airflow/example_dags/example_branch_operator.py for tasks to queue
[2021-02-23 10:34:10,138] {logging_mixin.py:104} INFO - [2021-02-23 10:34:10,138] {dagbag.py:448} INFO - Filling up the DagBag from /home/airflow/.local/lib/python3.6/site-packages/airflow/example_dags/example_branch_operator.py
[2021-02-23 10:34:10,176] {scheduler_job.py:639} INFO - DAG(s) dict_keys(['example_branch_operator']) retrieved from /home/airflow/.local/lib/python3.6/site-packages/airflow/example_dags/example_branch_operator.py
[2021-02-23 10:34:10,221] {logging_mixin.py:104} INFO - [2021-02-23 10:34:10,220] {dag.py:1818} INFO - Sync 1 DAGs
[2021-02-23 10:34:10,268] {logging_mixin.py:104} INFO - [2021-02-23 10:34:10,268] {dag.py:2273} INFO - Setting next_dagrun for example_branch_operator to 2021-02-21 00:00:00+00:00
[2021-02-23 10:34:10,293] {scheduler_job.py:190} INFO - Processing /home/airflow/.local/lib/python3.6/site-packages/airflow/example_dags/example_branch_operator.py took 0.170 seconds
[2021-02-23 10:34:40,823] {scheduler_job.py:182} INFO - Started process (PID=170) to work on /home/airflow/.local/lib/python3.6/site-packages/airflow/example_dags/example_branch_operator.py
[2021-02-23 10:34:40,826] {scheduler_job.py:629} INFO - Processing file /home/airflow/.local/lib/python3.6/site-packages/airflow/example_dags/example_branch_operator.py for tasks to queue
[2021-02-23 10:34:40,828] {logging_mixin.py:104} INFO - [2021-02-23 10:34:40,828] {dagbag.py:448} INFO - Filling up the DagBag from /home/airflow/.local/lib/python3.6/site-packages/airflow/example_dags/example_branch_operator.py
[2021-02-23 10:34:40,870] {scheduler_job.py:639} INFO - DAG(s) dict_keys(['example_branch_operator']) retrieved from /home/airflow/.local/lib/python3.6/site-packages/airflow/example_dags/example_branch_operator.py
[2021-02-23 10:34:40,914] {logging_mixin.py:104} INFO - [2021-02-23 10:34:40,914] {dag.py:1818} INFO - Sync 1 DAGs
[2021-02-23 10:34:40,962] {logging_mixin.py:104} INFO - [2021-02-23 10:34:40,962] {dag.py:2273} INFO - Setting next_dagrun for example_branch_operator to 2021-02-21 00:00:00+00:00
[2021-02-23 10:34:40,986] {scheduler_job.py:190} INFO - Processing /home/airflow/.local/lib/python3.6/site-packages/airflow/example_dags/example_branch_operator.py took 0.179 seconds
[2021-02-23 10:35:11,087] {scheduler_job.py:182} INFO - Started process (PID=197) to work on /home/airflow/.local/lib/python3.6/site-packages/airflow/example_dags/example_branch_operator.py
[2021-02-23 10:35:11,091] {scheduler_job.py:629} INFO - Processing file /home/airflow/.local/lib/python3.6/site-packages/airflow/example_dags/example_branch_operator.py for tasks to queue
[2021-02-23 10:35:11,094] {logging_mixin.py:104} INFO - [2021-02-23 10:35:11,094] {dagbag.py:448} INFO - Filling up the DagBag from /home/airflow/.local/lib/python3.6/site-packages/airflow/example_dags/example_branch_operator.py
[2021-02-23 10:35:11,140] {scheduler_job.py:639} INFO - DAG(s) dict_keys(['example_branch_operator']) retrieved from /home/airflow/.local/lib/python3.6/site-packages/airflow/example_dags/example_branch_operator.py
[2021-02-23 10:35:11,194] {logging_mixin.py:104} INFO - [2021-02-23 10:35:11,193] {dag.py:1818} INFO - Sync 1 DAGs
[2021-02-23 10:35:11,252] {logging_mixin.py:104} INFO - [2021-02-23 10:35:11,252] {dag.py:2273} INFO - Setting next_dagrun for example_branch_operator to 2021-02-21 00:00:00+00:00
[2021-02-23 10:35:11,277] {scheduler_job.py:190} INFO - Processing /home/airflow/.local/lib/python3.6/site-packages/airflow/example_dags/example_branch_operator.py took 0.199 seconds
[2021-02-23 10:35:41,474] {scheduler_job.py:182} INFO - Started process (PID=224) to work on /home/airflow/.local/lib/python3.6/site-packages/airflow/example_dags/example_branch_operator.py
[2021-02-23 10:35:41,476] {scheduler_job.py:629} INFO - Processing file /home/airflow/.local/lib/python3.6/site-packages/airflow/example_dags/example_branch_operator.py for tasks to queue
[2021-02-23 10:35:41,479] {logging_mixin.py:104} INFO - [2021-02-23 10:35:41,479] {dagbag.py:448} INFO - Filling up the DagBag from /home/airflow/.local/lib/python3.6/site-packages/airflow/example_dags/example_branch_operator.py
[2021-02-23 10:35:41,520] {scheduler_job.py:639} INFO - DAG(s) dict_keys(['example_branch_operator']) retrieved from /home/airflow/.local/lib/python3.6/site-packages/airflow/example_dags/example_branch_operator.py
[2021-02-23 10:35:41,577] {logging_mixin.py:104} INFO - [2021-02-23 10:35:41,576] {dag.py:1818} INFO - Sync 1 DAGs
[2021-02-23 10:35:41,619] {logging_mixin.py:104} INFO - [2021-02-23 10:35:41,619] {dag.py:2273} INFO - Setting next_dagrun for example_branch_operator to 2021-02-21 00:00:00+00:00
[2021-02-23 10:35:41,639] {scheduler_job.py:190} INFO - Processing /home/airflow/.local/lib/python3.6/site-packages/airflow/example_dags/example_branch_operator.py took 0.177 seconds
[2021-02-23 10:36:12,304] {scheduler_job.py:182} INFO - Started process (PID=251) to work on /home/airflow/.local/lib/python3.6/site-packages/airflow/example_dags/example_branch_operator.py
[2021-02-23 10:36:12,312] {scheduler_job.py:629} INFO - Processing file /home/airflow/.local/lib/python3.6/site-packages/airflow/example_dags/example_branch_operator.py for tasks to queue
[2021-02-23 10:36:12,319] {logging_mixin.py:104} INFO - [2021-02-23 10:36:12,319] {dagbag.py:448} INFO - Filling up the DagBag from /home/airflow/.local/lib/python3.6/site-packages/airflow/example_dags/example_branch_operator.py
[2021-02-23 10:36:12,391] {scheduler_job.py:639} INFO - DAG(s) dict_keys(['example_branch_operator']) retrieved from /home/airflow/.local/lib/python3.6/site-packages/airflow/example_dags/example_branch_operator.py
[2021-02-23 10:36:12,488] {logging_mixin.py:104} INFO - [2021-02-23 10:36:12,488] {dag.py:1818} INFO - Sync 1 DAGs
[2021-02-23 10:36:12,574] {logging_mixin.py:104} INFO - [2021-02-23 10:36:12,574] {dag.py:2273} INFO - Setting next_dagrun for example_branch_operator to 2021-02-21 00:00:00+00:00
[2021-02-23 10:36:12,589] {scheduler_job.py:190} INFO - Processing /home/airflow/.local/lib/python3.6/site-packages/airflow/example_dags/example_branch_operator.py took 0.297 seconds
[2021-02-23 10:36:42,856] {scheduler_job.py:182} INFO - Started process (PID=276) to work on /home/airflow/.local/lib/python3.6/site-packages/airflow/example_dags/example_branch_operator.py
[2021-02-23 10:36:42,859] {scheduler_job.py:629} INFO - Processing file /home/airflow/.local/lib/python3.6/site-packages/airflow/example_dags/example_branch_operator.py for tasks to queue
[2021-02-23 10:36:42,861] {logging_mixin.py:104} INFO - [2021-02-23 10:36:42,860] {dagbag.py:448} INFO - Filling up the DagBag from /home/airflow/.local/lib/python3.6/site-packages/airflow/example_dags/example_branch_operator.py
[2021-02-23 10:36:42,897] {scheduler_job.py:639} INFO - DAG(s) dict_keys(['example_branch_operator']) retrieved from /home/airflow/.local/lib/python3.6/site-packages/airflow/example_dags/example_branch_operator.py
[2021-02-23 10:36:42,942] {logging_mixin.py:104} INFO - [2021-02-23 10:36:42,941] {dag.py:1818} INFO - Sync 1 DAGs
[2021-02-23 10:36:42,988] {logging_mixin.py:104} INFO - [2021-02-23 10:36:42,988] {dag.py:2273} INFO - Setting next_dagrun for example_branch_operator to 2021-02-21 00:00:00+00:00
[2021-02-23 10:36:43,007] {scheduler_job.py:190} INFO - Processing /home/airflow/.local/lib/python3.6/site-packages/airflow/example_dags/example_branch_operator.py took 0.171 seconds
[2021-02-23 10:37:39,014] {scheduler_job.py:182} INFO - Started process (PID=34) to work on /home/airflow/.local/lib/python3.6/site-packages/airflow/example_dags/example_branch_operator.py
[2021-02-23 10:37:39,016] {scheduler_job.py:629} INFO - Processing file /home/airflow/.local/lib/python3.6/site-packages/airflow/example_dags/example_branch_operator.py for tasks to queue
[2021-02-23 10:37:39,017] {logging_mixin.py:104} INFO - [2021-02-23 10:37:39,017] {dagbag.py:448} INFO - Filling up the DagBag from /home/airflow/.local/lib/python3.6/site-packages/airflow/example_dags/example_branch_operator.py
[2021-02-23 10:37:39,037] {scheduler_job.py:639} INFO - DAG(s) dict_keys(['example_branch_operator']) retrieved from /home/airflow/.local/lib/python3.6/site-packages/airflow/example_dags/example_branch_operator.py
[2021-02-23 10:37:39,062] {logging_mixin.py:104} INFO - [2021-02-23 10:37:39,061] {dag.py:1818} INFO - Sync 1 DAGs
[2021-02-23 10:37:39,084] {logging_mixin.py:104} INFO - [2021-02-23 10:37:39,084] {dag.py:2273} INFO - Setting next_dagrun for example_branch_operator to 2021-02-21 00:00:00+00:00
[2021-02-23 10:37:39,096] {scheduler_job.py:190} INFO - Processing /home/airflow/.local/lib/python3.6/site-packages/airflow/example_dags/example_branch_operator.py took 0.086 seconds
[2021-02-23 10:38:09,942] {scheduler_job.py:182} INFO - Started process (PID=61) to work on /home/airflow/.local/lib/python3.6/site-packages/airflow/example_dags/example_branch_operator.py
[2021-02-23 10:38:09,947] {scheduler_job.py:629} INFO - Processing file /home/airflow/.local/lib/python3.6/site-packages/airflow/example_dags/example_branch_operator.py for tasks to queue
[2021-02-23 10:38:09,949] {logging_mixin.py:104} INFO - [2021-02-23 10:38:09,949] {dagbag.py:448} INFO - Filling up the DagBag from /home/airflow/.local/lib/python3.6/site-packages/airflow/example_dags/example_branch_operator.py
[2021-02-23 10:38:09,986] {scheduler_job.py:639} INFO - DAG(s) dict_keys(['example_branch_operator']) retrieved from /home/airflow/.local/lib/python3.6/site-packages/airflow/example_dags/example_branch_operator.py
[2021-02-23 10:38:10,027] {logging_mixin.py:104} INFO - [2021-02-23 10:38:10,027] {dag.py:1818} INFO - Sync 1 DAGs
[2021-02-23 10:38:10,051] {logging_mixin.py:104} INFO - [2021-02-23 10:38:10,051] {dag.py:2273} INFO - Setting next_dagrun for example_branch_operator to 2021-02-21 00:00:00+00:00
[2021-02-23 10:38:10,082] {scheduler_job.py:190} INFO - Processing /home/airflow/.local/lib/python3.6/site-packages/airflow/example_dags/example_branch_operator.py took 0.145 seconds
