[2021-02-23 10:15:16,318] {scheduler_job.py:182} INFO - Started process (PID=45) to work on /home/airflow/.local/lib/python3.6/site-packages/airflow/example_dags/example_trigger_controller_dag.py
[2021-02-23 10:15:16,322] {scheduler_job.py:629} INFO - Processing file /home/airflow/.local/lib/python3.6/site-packages/airflow/example_dags/example_trigger_controller_dag.py for tasks to queue
[2021-02-23 10:15:16,324] {logging_mixin.py:104} INFO - [2021-02-23 10:15:16,324] {dagbag.py:448} INFO - Filling up the DagBag from /home/airflow/.local/lib/python3.6/site-packages/airflow/example_dags/example_trigger_controller_dag.py
[2021-02-23 10:15:16,367] {scheduler_job.py:639} INFO - DAG(s) dict_keys(['example_trigger_controller_dag']) retrieved from /home/airflow/.local/lib/python3.6/site-packages/airflow/example_dags/example_trigger_controller_dag.py
[2021-02-23 10:15:16,436] {logging_mixin.py:104} INFO - [2021-02-23 10:15:16,436] {dag.py:1818} INFO - Sync 1 DAGs
[2021-02-23 10:15:16,482] {logging_mixin.py:104} INFO - [2021-02-23 10:15:16,481] {dag.py:1837} INFO - Creating ORM DAG for example_trigger_controller_dag
[2021-02-23 10:15:16,496] {logging_mixin.py:104} INFO - [2021-02-23 10:15:16,496] {dag.py:2273} INFO - Setting next_dagrun for example_trigger_controller_dag to 2021-02-21 00:00:00+00:00
[2021-02-23 10:15:16,531] {scheduler_job.py:190} INFO - Processing /home/airflow/.local/lib/python3.6/site-packages/airflow/example_dags/example_trigger_controller_dag.py took 0.218 seconds
[2021-02-23 10:16:59,269] {scheduler_job.py:182} INFO - Started process (PID=75) to work on /home/airflow/.local/lib/python3.6/site-packages/airflow/example_dags/example_trigger_controller_dag.py
[2021-02-23 10:16:59,278] {scheduler_job.py:629} INFO - Processing file /home/airflow/.local/lib/python3.6/site-packages/airflow/example_dags/example_trigger_controller_dag.py for tasks to queue
[2021-02-23 10:16:59,282] {logging_mixin.py:104} INFO - [2021-02-23 10:16:59,282] {dagbag.py:448} INFO - Filling up the DagBag from /home/airflow/.local/lib/python3.6/site-packages/airflow/example_dags/example_trigger_controller_dag.py
[2021-02-23 10:16:59,360] {scheduler_job.py:639} INFO - DAG(s) dict_keys(['example_trigger_controller_dag']) retrieved from /home/airflow/.local/lib/python3.6/site-packages/airflow/example_dags/example_trigger_controller_dag.py
[2021-02-23 10:16:59,437] {logging_mixin.py:104} INFO - [2021-02-23 10:16:59,437] {dag.py:1818} INFO - Sync 1 DAGs
[2021-02-23 10:16:59,481] {logging_mixin.py:104} INFO - [2021-02-23 10:16:59,481] {dag.py:2273} INFO - Setting next_dagrun for example_trigger_controller_dag to 2021-02-21 00:00:00+00:00
[2021-02-23 10:16:59,508] {scheduler_job.py:190} INFO - Processing /home/airflow/.local/lib/python3.6/site-packages/airflow/example_dags/example_trigger_controller_dag.py took 0.248 seconds
[2021-02-23 10:17:29,733] {scheduler_job.py:182} INFO - Started process (PID=102) to work on /home/airflow/.local/lib/python3.6/site-packages/airflow/example_dags/example_trigger_controller_dag.py
[2021-02-23 10:17:29,740] {scheduler_job.py:629} INFO - Processing file /home/airflow/.local/lib/python3.6/site-packages/airflow/example_dags/example_trigger_controller_dag.py for tasks to queue
[2021-02-23 10:17:29,747] {logging_mixin.py:104} INFO - [2021-02-23 10:17:29,746] {dagbag.py:448} INFO - Filling up the DagBag from /home/airflow/.local/lib/python3.6/site-packages/airflow/example_dags/example_trigger_controller_dag.py
[2021-02-23 10:17:29,816] {scheduler_job.py:639} INFO - DAG(s) dict_keys(['example_trigger_controller_dag']) retrieved from /home/airflow/.local/lib/python3.6/site-packages/airflow/example_dags/example_trigger_controller_dag.py
[2021-02-23 10:17:29,926] {logging_mixin.py:104} INFO - [2021-02-23 10:17:29,926] {dag.py:1818} INFO - Sync 1 DAGs
[2021-02-23 10:17:29,963] {logging_mixin.py:104} INFO - [2021-02-23 10:17:29,960] {dag.py:2273} INFO - Setting next_dagrun for example_trigger_controller_dag to 2021-02-21 00:00:00+00:00
[2021-02-23 10:17:30,017] {scheduler_job.py:190} INFO - Processing /home/airflow/.local/lib/python3.6/site-packages/airflow/example_dags/example_trigger_controller_dag.py took 0.300 seconds
[2021-02-23 10:18:00,756] {scheduler_job.py:182} INFO - Started process (PID=129) to work on /home/airflow/.local/lib/python3.6/site-packages/airflow/example_dags/example_trigger_controller_dag.py
[2021-02-23 10:18:00,773] {scheduler_job.py:629} INFO - Processing file /home/airflow/.local/lib/python3.6/site-packages/airflow/example_dags/example_trigger_controller_dag.py for tasks to queue
[2021-02-23 10:18:00,801] {logging_mixin.py:104} INFO - [2021-02-23 10:18:00,801] {dagbag.py:448} INFO - Filling up the DagBag from /home/airflow/.local/lib/python3.6/site-packages/airflow/example_dags/example_trigger_controller_dag.py
[2021-02-23 10:18:00,989] {scheduler_job.py:639} INFO - DAG(s) dict_keys(['example_trigger_controller_dag']) retrieved from /home/airflow/.local/lib/python3.6/site-packages/airflow/example_dags/example_trigger_controller_dag.py
[2021-02-23 10:18:01,317] {logging_mixin.py:104} INFO - [2021-02-23 10:18:01,311] {dag.py:1818} INFO - Sync 1 DAGs
[2021-02-23 10:18:01,495] {logging_mixin.py:104} INFO - [2021-02-23 10:18:01,494] {dag.py:2273} INFO - Setting next_dagrun for example_trigger_controller_dag to 2021-02-21 00:00:00+00:00
[2021-02-23 10:18:01,623] {scheduler_job.py:190} INFO - Processing /home/airflow/.local/lib/python3.6/site-packages/airflow/example_dags/example_trigger_controller_dag.py took 0.900 seconds
[2021-02-23 10:18:47,327] {scheduler_job.py:182} INFO - Started process (PID=155) to work on /home/airflow/.local/lib/python3.6/site-packages/airflow/example_dags/example_trigger_controller_dag.py
[2021-02-23 10:18:47,331] {scheduler_job.py:629} INFO - Processing file /home/airflow/.local/lib/python3.6/site-packages/airflow/example_dags/example_trigger_controller_dag.py for tasks to queue
[2021-02-23 10:18:47,333] {logging_mixin.py:104} INFO - [2021-02-23 10:18:47,333] {dagbag.py:448} INFO - Filling up the DagBag from /home/airflow/.local/lib/python3.6/site-packages/airflow/example_dags/example_trigger_controller_dag.py
[2021-02-23 10:18:47,367] {scheduler_job.py:639} INFO - DAG(s) dict_keys(['example_trigger_controller_dag']) retrieved from /home/airflow/.local/lib/python3.6/site-packages/airflow/example_dags/example_trigger_controller_dag.py
[2021-02-23 10:18:47,415] {logging_mixin.py:104} INFO - [2021-02-23 10:18:47,415] {dag.py:1818} INFO - Sync 1 DAGs
[2021-02-23 10:18:47,440] {logging_mixin.py:104} INFO - [2021-02-23 10:18:47,440] {dag.py:2273} INFO - Setting next_dagrun for example_trigger_controller_dag to 2021-02-21 00:00:00+00:00
[2021-02-23 10:18:47,458] {scheduler_job.py:190} INFO - Processing /home/airflow/.local/lib/python3.6/site-packages/airflow/example_dags/example_trigger_controller_dag.py took 0.138 seconds
[2021-02-23 10:19:17,969] {scheduler_job.py:182} INFO - Started process (PID=182) to work on /home/airflow/.local/lib/python3.6/site-packages/airflow/example_dags/example_trigger_controller_dag.py
[2021-02-23 10:19:17,972] {scheduler_job.py:629} INFO - Processing file /home/airflow/.local/lib/python3.6/site-packages/airflow/example_dags/example_trigger_controller_dag.py for tasks to queue
[2021-02-23 10:19:17,974] {logging_mixin.py:104} INFO - [2021-02-23 10:19:17,974] {dagbag.py:448} INFO - Filling up the DagBag from /home/airflow/.local/lib/python3.6/site-packages/airflow/example_dags/example_trigger_controller_dag.py
[2021-02-23 10:19:17,993] {scheduler_job.py:639} INFO - DAG(s) dict_keys(['example_trigger_controller_dag']) retrieved from /home/airflow/.local/lib/python3.6/site-packages/airflow/example_dags/example_trigger_controller_dag.py
[2021-02-23 10:19:18,021] {logging_mixin.py:104} INFO - [2021-02-23 10:19:18,021] {dag.py:1818} INFO - Sync 1 DAGs
[2021-02-23 10:19:18,036] {logging_mixin.py:104} INFO - [2021-02-23 10:19:18,036] {dag.py:2273} INFO - Setting next_dagrun for example_trigger_controller_dag to 2021-02-21 00:00:00+00:00
[2021-02-23 10:19:18,051] {scheduler_job.py:190} INFO - Processing /home/airflow/.local/lib/python3.6/site-packages/airflow/example_dags/example_trigger_controller_dag.py took 0.086 seconds
[2021-02-23 10:19:48,734] {scheduler_job.py:182} INFO - Started process (PID=209) to work on /home/airflow/.local/lib/python3.6/site-packages/airflow/example_dags/example_trigger_controller_dag.py
[2021-02-23 10:19:48,736] {scheduler_job.py:629} INFO - Processing file /home/airflow/.local/lib/python3.6/site-packages/airflow/example_dags/example_trigger_controller_dag.py for tasks to queue
[2021-02-23 10:19:48,738] {logging_mixin.py:104} INFO - [2021-02-23 10:19:48,738] {dagbag.py:448} INFO - Filling up the DagBag from /home/airflow/.local/lib/python3.6/site-packages/airflow/example_dags/example_trigger_controller_dag.py
[2021-02-23 10:19:48,759] {scheduler_job.py:639} INFO - DAG(s) dict_keys(['example_trigger_controller_dag']) retrieved from /home/airflow/.local/lib/python3.6/site-packages/airflow/example_dags/example_trigger_controller_dag.py
[2021-02-23 10:19:48,794] {logging_mixin.py:104} INFO - [2021-02-23 10:19:48,793] {dag.py:1818} INFO - Sync 1 DAGs
[2021-02-23 10:19:48,812] {logging_mixin.py:104} INFO - [2021-02-23 10:19:48,812] {dag.py:2273} INFO - Setting next_dagrun for example_trigger_controller_dag to 2021-02-21 00:00:00+00:00
[2021-02-23 10:19:48,827] {scheduler_job.py:190} INFO - Processing /home/airflow/.local/lib/python3.6/site-packages/airflow/example_dags/example_trigger_controller_dag.py took 0.105 seconds
[2021-02-23 10:20:19,501] {scheduler_job.py:182} INFO - Started process (PID=236) to work on /home/airflow/.local/lib/python3.6/site-packages/airflow/example_dags/example_trigger_controller_dag.py
[2021-02-23 10:20:19,507] {scheduler_job.py:629} INFO - Processing file /home/airflow/.local/lib/python3.6/site-packages/airflow/example_dags/example_trigger_controller_dag.py for tasks to queue
[2021-02-23 10:20:19,510] {logging_mixin.py:104} INFO - [2021-02-23 10:20:19,509] {dagbag.py:448} INFO - Filling up the DagBag from /home/airflow/.local/lib/python3.6/site-packages/airflow/example_dags/example_trigger_controller_dag.py
[2021-02-23 10:20:19,535] {scheduler_job.py:639} INFO - DAG(s) dict_keys(['example_trigger_controller_dag']) retrieved from /home/airflow/.local/lib/python3.6/site-packages/airflow/example_dags/example_trigger_controller_dag.py
[2021-02-23 10:20:19,599] {logging_mixin.py:104} INFO - [2021-02-23 10:20:19,599] {dag.py:1818} INFO - Sync 1 DAGs
[2021-02-23 10:20:19,661] {logging_mixin.py:104} INFO - [2021-02-23 10:20:19,659] {dag.py:2273} INFO - Setting next_dagrun for example_trigger_controller_dag to 2021-02-21 00:00:00+00:00
[2021-02-23 10:20:19,720] {scheduler_job.py:190} INFO - Processing /home/airflow/.local/lib/python3.6/site-packages/airflow/example_dags/example_trigger_controller_dag.py took 0.223 seconds
[2021-02-23 10:20:50,008] {scheduler_job.py:182} INFO - Started process (PID=263) to work on /home/airflow/.local/lib/python3.6/site-packages/airflow/example_dags/example_trigger_controller_dag.py
[2021-02-23 10:20:50,011] {scheduler_job.py:629} INFO - Processing file /home/airflow/.local/lib/python3.6/site-packages/airflow/example_dags/example_trigger_controller_dag.py for tasks to queue
[2021-02-23 10:20:50,013] {logging_mixin.py:104} INFO - [2021-02-23 10:20:50,013] {dagbag.py:448} INFO - Filling up the DagBag from /home/airflow/.local/lib/python3.6/site-packages/airflow/example_dags/example_trigger_controller_dag.py
[2021-02-23 10:20:50,030] {scheduler_job.py:639} INFO - DAG(s) dict_keys(['example_trigger_controller_dag']) retrieved from /home/airflow/.local/lib/python3.6/site-packages/airflow/example_dags/example_trigger_controller_dag.py
[2021-02-23 10:20:50,069] {logging_mixin.py:104} INFO - [2021-02-23 10:20:50,069] {dag.py:1818} INFO - Sync 1 DAGs
[2021-02-23 10:20:50,089] {logging_mixin.py:104} INFO - [2021-02-23 10:20:50,089] {dag.py:2273} INFO - Setting next_dagrun for example_trigger_controller_dag to 2021-02-21 00:00:00+00:00
[2021-02-23 10:20:50,102] {scheduler_job.py:190} INFO - Processing /home/airflow/.local/lib/python3.6/site-packages/airflow/example_dags/example_trigger_controller_dag.py took 0.098 seconds
[2021-02-23 10:22:41,634] {scheduler_job.py:182} INFO - Started process (PID=47) to work on /home/airflow/.local/lib/python3.6/site-packages/airflow/example_dags/example_trigger_controller_dag.py
[2021-02-23 10:22:41,643] {scheduler_job.py:629} INFO - Processing file /home/airflow/.local/lib/python3.6/site-packages/airflow/example_dags/example_trigger_controller_dag.py for tasks to queue
[2021-02-23 10:22:41,651] {logging_mixin.py:104} INFO - [2021-02-23 10:22:41,651] {dagbag.py:448} INFO - Filling up the DagBag from /home/airflow/.local/lib/python3.6/site-packages/airflow/example_dags/example_trigger_controller_dag.py
[2021-02-23 10:22:41,747] {scheduler_job.py:639} INFO - DAG(s) dict_keys(['example_trigger_controller_dag']) retrieved from /home/airflow/.local/lib/python3.6/site-packages/airflow/example_dags/example_trigger_controller_dag.py
[2021-02-23 10:22:41,906] {logging_mixin.py:104} INFO - [2021-02-23 10:22:41,906] {dag.py:1818} INFO - Sync 1 DAGs
[2021-02-23 10:22:42,038] {logging_mixin.py:104} INFO - [2021-02-23 10:22:42,038] {dag.py:2273} INFO - Setting next_dagrun for example_trigger_controller_dag to 2021-02-21 00:00:00+00:00
[2021-02-23 10:22:42,210] {scheduler_job.py:190} INFO - Processing /home/airflow/.local/lib/python3.6/site-packages/airflow/example_dags/example_trigger_controller_dag.py took 0.603 seconds
[2021-02-23 10:23:17,822] {scheduler_job.py:182} INFO - Started process (PID=72) to work on /home/airflow/.local/lib/python3.6/site-packages/airflow/example_dags/example_trigger_controller_dag.py
[2021-02-23 10:23:17,833] {scheduler_job.py:629} INFO - Processing file /home/airflow/.local/lib/python3.6/site-packages/airflow/example_dags/example_trigger_controller_dag.py for tasks to queue
[2021-02-23 10:23:17,841] {logging_mixin.py:104} INFO - [2021-02-23 10:23:17,840] {dagbag.py:448} INFO - Filling up the DagBag from /home/airflow/.local/lib/python3.6/site-packages/airflow/example_dags/example_trigger_controller_dag.py
[2021-02-23 10:23:17,944] {scheduler_job.py:639} INFO - DAG(s) dict_keys(['example_trigger_controller_dag']) retrieved from /home/airflow/.local/lib/python3.6/site-packages/airflow/example_dags/example_trigger_controller_dag.py
[2021-02-23 10:23:18,099] {logging_mixin.py:104} INFO - [2021-02-23 10:23:18,099] {dag.py:1818} INFO - Sync 1 DAGs
[2021-02-23 10:23:18,319] {logging_mixin.py:104} INFO - [2021-02-23 10:23:18,319] {dag.py:2273} INFO - Setting next_dagrun for example_trigger_controller_dag to 2021-02-21 00:00:00+00:00
[2021-02-23 10:23:18,540] {scheduler_job.py:190} INFO - Processing /home/airflow/.local/lib/python3.6/site-packages/airflow/example_dags/example_trigger_controller_dag.py took 0.741 seconds
[2021-02-23 10:23:50,481] {scheduler_job.py:182} INFO - Started process (PID=99) to work on /home/airflow/.local/lib/python3.6/site-packages/airflow/example_dags/example_trigger_controller_dag.py
[2021-02-23 10:23:50,520] {scheduler_job.py:629} INFO - Processing file /home/airflow/.local/lib/python3.6/site-packages/airflow/example_dags/example_trigger_controller_dag.py for tasks to queue
[2021-02-23 10:23:50,549] {logging_mixin.py:104} INFO - [2021-02-23 10:23:50,549] {dagbag.py:448} INFO - Filling up the DagBag from /home/airflow/.local/lib/python3.6/site-packages/airflow/example_dags/example_trigger_controller_dag.py
[2021-02-23 10:23:51,331] {scheduler_job.py:639} INFO - DAG(s) dict_keys(['example_trigger_controller_dag']) retrieved from /home/airflow/.local/lib/python3.6/site-packages/airflow/example_dags/example_trigger_controller_dag.py
[2021-02-23 10:23:51,649] {logging_mixin.py:104} INFO - [2021-02-23 10:23:51,649] {dag.py:1818} INFO - Sync 1 DAGs
[2021-02-23 10:23:51,803] {logging_mixin.py:104} INFO - [2021-02-23 10:23:51,793] {dag.py:2273} INFO - Setting next_dagrun for example_trigger_controller_dag to 2021-02-21 00:00:00+00:00
[2021-02-23 10:23:51,888] {scheduler_job.py:190} INFO - Processing /home/airflow/.local/lib/python3.6/site-packages/airflow/example_dags/example_trigger_controller_dag.py took 1.519 seconds
[2021-02-23 10:24:27,277] {scheduler_job.py:182} INFO - Started process (PID=126) to work on /home/airflow/.local/lib/python3.6/site-packages/airflow/example_dags/example_trigger_controller_dag.py
[2021-02-23 10:24:27,285] {scheduler_job.py:629} INFO - Processing file /home/airflow/.local/lib/python3.6/site-packages/airflow/example_dags/example_trigger_controller_dag.py for tasks to queue
[2021-02-23 10:24:27,291] {logging_mixin.py:104} INFO - [2021-02-23 10:24:27,291] {dagbag.py:448} INFO - Filling up the DagBag from /home/airflow/.local/lib/python3.6/site-packages/airflow/example_dags/example_trigger_controller_dag.py
[2021-02-23 10:24:27,367] {scheduler_job.py:639} INFO - DAG(s) dict_keys(['example_trigger_controller_dag']) retrieved from /home/airflow/.local/lib/python3.6/site-packages/airflow/example_dags/example_trigger_controller_dag.py
[2021-02-23 10:24:27,546] {logging_mixin.py:104} INFO - [2021-02-23 10:24:27,546] {dag.py:1818} INFO - Sync 1 DAGs
[2021-02-23 10:24:28,409] {logging_mixin.py:104} INFO - [2021-02-23 10:24:28,382] {dag.py:2273} INFO - Setting next_dagrun for example_trigger_controller_dag to 2021-02-21 00:00:00+00:00
[2021-02-23 10:24:28,855] {scheduler_job.py:190} INFO - Processing /home/airflow/.local/lib/python3.6/site-packages/airflow/example_dags/example_trigger_controller_dag.py took 1.591 seconds
[2021-02-23 10:24:59,769] {scheduler_job.py:182} INFO - Started process (PID=153) to work on /home/airflow/.local/lib/python3.6/site-packages/airflow/example_dags/example_trigger_controller_dag.py
[2021-02-23 10:24:59,791] {scheduler_job.py:629} INFO - Processing file /home/airflow/.local/lib/python3.6/site-packages/airflow/example_dags/example_trigger_controller_dag.py for tasks to queue
[2021-02-23 10:24:59,800] {logging_mixin.py:104} INFO - [2021-02-23 10:24:59,800] {dagbag.py:448} INFO - Filling up the DagBag from /home/airflow/.local/lib/python3.6/site-packages/airflow/example_dags/example_trigger_controller_dag.py
[2021-02-23 10:24:59,869] {scheduler_job.py:639} INFO - DAG(s) dict_keys(['example_trigger_controller_dag']) retrieved from /home/airflow/.local/lib/python3.6/site-packages/airflow/example_dags/example_trigger_controller_dag.py
[2021-02-23 10:24:59,966] {logging_mixin.py:104} INFO - [2021-02-23 10:24:59,965] {dag.py:1818} INFO - Sync 1 DAGs
[2021-02-23 10:25:00,028] {logging_mixin.py:104} INFO - [2021-02-23 10:25:00,028] {dag.py:2273} INFO - Setting next_dagrun for example_trigger_controller_dag to 2021-02-21 00:00:00+00:00
[2021-02-23 10:25:00,067] {scheduler_job.py:190} INFO - Processing /home/airflow/.local/lib/python3.6/site-packages/airflow/example_dags/example_trigger_controller_dag.py took 0.313 seconds
[2021-02-23 10:25:39,432] {scheduler_job.py:182} INFO - Started process (PID=184) to work on /home/airflow/.local/lib/python3.6/site-packages/airflow/example_dags/example_trigger_controller_dag.py
[2021-02-23 10:25:39,436] {scheduler_job.py:629} INFO - Processing file /home/airflow/.local/lib/python3.6/site-packages/airflow/example_dags/example_trigger_controller_dag.py for tasks to queue
[2021-02-23 10:25:39,444] {logging_mixin.py:104} INFO - [2021-02-23 10:25:39,444] {dagbag.py:448} INFO - Filling up the DagBag from /home/airflow/.local/lib/python3.6/site-packages/airflow/example_dags/example_trigger_controller_dag.py
[2021-02-23 10:25:39,501] {scheduler_job.py:639} INFO - DAG(s) dict_keys(['example_trigger_controller_dag']) retrieved from /home/airflow/.local/lib/python3.6/site-packages/airflow/example_dags/example_trigger_controller_dag.py
[2021-02-23 10:25:39,622] {logging_mixin.py:104} INFO - [2021-02-23 10:25:39,622] {dag.py:1818} INFO - Sync 1 DAGs
[2021-02-23 10:25:39,688] {logging_mixin.py:104} INFO - [2021-02-23 10:25:39,688] {dag.py:2273} INFO - Setting next_dagrun for example_trigger_controller_dag to 2021-02-21 00:00:00+00:00
[2021-02-23 10:25:39,742] {scheduler_job.py:190} INFO - Processing /home/airflow/.local/lib/python3.6/site-packages/airflow/example_dags/example_trigger_controller_dag.py took 0.321 seconds
[2021-02-23 10:26:33,833] {scheduler_job.py:182} INFO - Started process (PID=223) to work on /home/airflow/.local/lib/python3.6/site-packages/airflow/example_dags/example_trigger_controller_dag.py
[2021-02-23 10:26:33,847] {scheduler_job.py:629} INFO - Processing file /home/airflow/.local/lib/python3.6/site-packages/airflow/example_dags/example_trigger_controller_dag.py for tasks to queue
[2021-02-23 10:26:33,856] {logging_mixin.py:104} INFO - [2021-02-23 10:26:33,852] {dagbag.py:448} INFO - Filling up the DagBag from /home/airflow/.local/lib/python3.6/site-packages/airflow/example_dags/example_trigger_controller_dag.py
[2021-02-23 10:26:33,925] {scheduler_job.py:639} INFO - DAG(s) dict_keys(['example_trigger_controller_dag']) retrieved from /home/airflow/.local/lib/python3.6/site-packages/airflow/example_dags/example_trigger_controller_dag.py
[2021-02-23 10:26:34,045] {logging_mixin.py:104} INFO - [2021-02-23 10:26:34,045] {dag.py:1818} INFO - Sync 1 DAGs
[2021-02-23 10:26:34,111] {logging_mixin.py:104} INFO - [2021-02-23 10:26:34,111] {dag.py:2273} INFO - Setting next_dagrun for example_trigger_controller_dag to 2021-02-21 00:00:00+00:00
[2021-02-23 10:26:34,144] {scheduler_job.py:190} INFO - Processing /home/airflow/.local/lib/python3.6/site-packages/airflow/example_dags/example_trigger_controller_dag.py took 0.331 seconds
[2021-02-23 10:27:17,599] {scheduler_job.py:182} INFO - Started process (PID=250) to work on /home/airflow/.local/lib/python3.6/site-packages/airflow/example_dags/example_trigger_controller_dag.py
[2021-02-23 10:27:17,605] {scheduler_job.py:629} INFO - Processing file /home/airflow/.local/lib/python3.6/site-packages/airflow/example_dags/example_trigger_controller_dag.py for tasks to queue
[2021-02-23 10:27:17,609] {logging_mixin.py:104} INFO - [2021-02-23 10:27:17,609] {dagbag.py:448} INFO - Filling up the DagBag from /home/airflow/.local/lib/python3.6/site-packages/airflow/example_dags/example_trigger_controller_dag.py
[2021-02-23 10:27:17,674] {scheduler_job.py:639} INFO - DAG(s) dict_keys(['example_trigger_controller_dag']) retrieved from /home/airflow/.local/lib/python3.6/site-packages/airflow/example_dags/example_trigger_controller_dag.py
[2021-02-23 10:27:17,780] {logging_mixin.py:104} INFO - [2021-02-23 10:27:17,780] {dag.py:1818} INFO - Sync 1 DAGs
[2021-02-23 10:27:17,865] {logging_mixin.py:104} INFO - [2021-02-23 10:27:17,865] {dag.py:2273} INFO - Setting next_dagrun for example_trigger_controller_dag to 2021-02-21 00:00:00+00:00
[2021-02-23 10:27:17,908] {scheduler_job.py:190} INFO - Processing /home/airflow/.local/lib/python3.6/site-packages/airflow/example_dags/example_trigger_controller_dag.py took 0.326 seconds
[2021-02-23 10:31:02,443] {scheduler_job.py:182} INFO - Started process (PID=18) to work on /home/airflow/.local/lib/python3.6/site-packages/airflow/example_dags/example_trigger_controller_dag.py
[2021-02-23 10:31:02,484] {scheduler_job.py:629} INFO - Processing file /home/airflow/.local/lib/python3.6/site-packages/airflow/example_dags/example_trigger_controller_dag.py for tasks to queue
[2021-02-23 10:31:02,503] {logging_mixin.py:104} INFO - [2021-02-23 10:31:02,503] {dagbag.py:448} INFO - Filling up the DagBag from /home/airflow/.local/lib/python3.6/site-packages/airflow/example_dags/example_trigger_controller_dag.py
[2021-02-23 10:31:03,390] {scheduler_job.py:639} INFO - DAG(s) dict_keys(['example_trigger_controller_dag']) retrieved from /home/airflow/.local/lib/python3.6/site-packages/airflow/example_dags/example_trigger_controller_dag.py
[2021-02-23 10:31:03,912] {logging_mixin.py:104} INFO - [2021-02-23 10:31:03,912] {dag.py:1818} INFO - Sync 1 DAGs
[2021-02-23 10:31:04,377] {logging_mixin.py:104} INFO - [2021-02-23 10:31:04,377] {dag.py:2273} INFO - Setting next_dagrun for example_trigger_controller_dag to 2021-02-21 00:00:00+00:00
[2021-02-23 10:31:04,483] {scheduler_job.py:190} INFO - Processing /home/airflow/.local/lib/python3.6/site-packages/airflow/example_dags/example_trigger_controller_dag.py took 2.167 seconds
[2021-02-23 10:31:59,641] {scheduler_job.py:182} INFO - Started process (PID=26) to work on /home/airflow/.local/lib/python3.6/site-packages/airflow/example_dags/example_trigger_controller_dag.py
[2021-02-23 10:31:59,652] {scheduler_job.py:629} INFO - Processing file /home/airflow/.local/lib/python3.6/site-packages/airflow/example_dags/example_trigger_controller_dag.py for tasks to queue
[2021-02-23 10:31:59,655] {logging_mixin.py:104} INFO - [2021-02-23 10:31:59,655] {dagbag.py:448} INFO - Filling up the DagBag from /home/airflow/.local/lib/python3.6/site-packages/airflow/example_dags/example_trigger_controller_dag.py
[2021-02-23 10:31:59,757] {scheduler_job.py:639} INFO - DAG(s) dict_keys(['example_trigger_controller_dag']) retrieved from /home/airflow/.local/lib/python3.6/site-packages/airflow/example_dags/example_trigger_controller_dag.py
[2021-02-23 10:31:59,925] {logging_mixin.py:104} INFO - [2021-02-23 10:31:59,925] {dag.py:1818} INFO - Sync 1 DAGs
[2021-02-23 10:32:00,045] {logging_mixin.py:104} INFO - [2021-02-23 10:32:00,045] {dag.py:2273} INFO - Setting next_dagrun for example_trigger_controller_dag to 2021-02-21 00:00:00+00:00
[2021-02-23 10:32:00,177] {scheduler_job.py:190} INFO - Processing /home/airflow/.local/lib/python3.6/site-packages/airflow/example_dags/example_trigger_controller_dag.py took 0.570 seconds
[2021-02-23 10:32:30,412] {scheduler_job.py:182} INFO - Started process (PID=52) to work on /home/airflow/.local/lib/python3.6/site-packages/airflow/example_dags/example_trigger_controller_dag.py
[2021-02-23 10:32:30,424] {scheduler_job.py:629} INFO - Processing file /home/airflow/.local/lib/python3.6/site-packages/airflow/example_dags/example_trigger_controller_dag.py for tasks to queue
[2021-02-23 10:32:30,427] {logging_mixin.py:104} INFO - [2021-02-23 10:32:30,427] {dagbag.py:448} INFO - Filling up the DagBag from /home/airflow/.local/lib/python3.6/site-packages/airflow/example_dags/example_trigger_controller_dag.py
[2021-02-23 10:32:30,505] {scheduler_job.py:639} INFO - DAG(s) dict_keys(['example_trigger_controller_dag']) retrieved from /home/airflow/.local/lib/python3.6/site-packages/airflow/example_dags/example_trigger_controller_dag.py
[2021-02-23 10:32:30,627] {logging_mixin.py:104} INFO - [2021-02-23 10:32:30,627] {dag.py:1818} INFO - Sync 1 DAGs
[2021-02-23 10:32:30,787] {logging_mixin.py:104} INFO - [2021-02-23 10:32:30,787] {dag.py:2273} INFO - Setting next_dagrun for example_trigger_controller_dag to 2021-02-21 00:00:00+00:00
[2021-02-23 10:32:30,941] {scheduler_job.py:190} INFO - Processing /home/airflow/.local/lib/python3.6/site-packages/airflow/example_dags/example_trigger_controller_dag.py took 0.545 seconds
[2021-02-23 10:33:01,715] {scheduler_job.py:182} INFO - Started process (PID=79) to work on /home/airflow/.local/lib/python3.6/site-packages/airflow/example_dags/example_trigger_controller_dag.py
[2021-02-23 10:33:01,723] {scheduler_job.py:629} INFO - Processing file /home/airflow/.local/lib/python3.6/site-packages/airflow/example_dags/example_trigger_controller_dag.py for tasks to queue
[2021-02-23 10:33:01,734] {logging_mixin.py:104} INFO - [2021-02-23 10:33:01,734] {dagbag.py:448} INFO - Filling up the DagBag from /home/airflow/.local/lib/python3.6/site-packages/airflow/example_dags/example_trigger_controller_dag.py
[2021-02-23 10:33:01,803] {scheduler_job.py:639} INFO - DAG(s) dict_keys(['example_trigger_controller_dag']) retrieved from /home/airflow/.local/lib/python3.6/site-packages/airflow/example_dags/example_trigger_controller_dag.py
[2021-02-23 10:33:01,880] {logging_mixin.py:104} INFO - [2021-02-23 10:33:01,880] {dag.py:1818} INFO - Sync 1 DAGs
[2021-02-23 10:33:02,063] {logging_mixin.py:104} INFO - [2021-02-23 10:33:02,063] {dag.py:2273} INFO - Setting next_dagrun for example_trigger_controller_dag to 2021-02-21 00:00:00+00:00
[2021-02-23 10:33:02,165] {scheduler_job.py:190} INFO - Processing /home/airflow/.local/lib/python3.6/site-packages/airflow/example_dags/example_trigger_controller_dag.py took 0.478 seconds
[2021-02-23 10:33:33,435] {scheduler_job.py:182} INFO - Started process (PID=106) to work on /home/airflow/.local/lib/python3.6/site-packages/airflow/example_dags/example_trigger_controller_dag.py
[2021-02-23 10:33:33,448] {scheduler_job.py:629} INFO - Processing file /home/airflow/.local/lib/python3.6/site-packages/airflow/example_dags/example_trigger_controller_dag.py for tasks to queue
[2021-02-23 10:33:33,493] {logging_mixin.py:104} INFO - [2021-02-23 10:33:33,492] {dagbag.py:448} INFO - Filling up the DagBag from /home/airflow/.local/lib/python3.6/site-packages/airflow/example_dags/example_trigger_controller_dag.py
[2021-02-23 10:33:33,812] {scheduler_job.py:639} INFO - DAG(s) dict_keys(['example_trigger_controller_dag']) retrieved from /home/airflow/.local/lib/python3.6/site-packages/airflow/example_dags/example_trigger_controller_dag.py
[2021-02-23 10:33:34,068] {logging_mixin.py:104} INFO - [2021-02-23 10:33:34,068] {dag.py:1818} INFO - Sync 1 DAGs
[2021-02-23 10:33:34,155] {logging_mixin.py:104} INFO - [2021-02-23 10:33:34,155] {dag.py:2273} INFO - Setting next_dagrun for example_trigger_controller_dag to 2021-02-21 00:00:00+00:00
[2021-02-23 10:33:34,190] {scheduler_job.py:190} INFO - Processing /home/airflow/.local/lib/python3.6/site-packages/airflow/example_dags/example_trigger_controller_dag.py took 0.826 seconds
[2021-02-23 10:34:04,521] {scheduler_job.py:182} INFO - Started process (PID=132) to work on /home/airflow/.local/lib/python3.6/site-packages/airflow/example_dags/example_trigger_controller_dag.py
[2021-02-23 10:34:04,549] {scheduler_job.py:629} INFO - Processing file /home/airflow/.local/lib/python3.6/site-packages/airflow/example_dags/example_trigger_controller_dag.py for tasks to queue
[2021-02-23 10:34:04,554] {logging_mixin.py:104} INFO - [2021-02-23 10:34:04,554] {dagbag.py:448} INFO - Filling up the DagBag from /home/airflow/.local/lib/python3.6/site-packages/airflow/example_dags/example_trigger_controller_dag.py
[2021-02-23 10:34:04,726] {scheduler_job.py:639} INFO - DAG(s) dict_keys(['example_trigger_controller_dag']) retrieved from /home/airflow/.local/lib/python3.6/site-packages/airflow/example_dags/example_trigger_controller_dag.py
[2021-02-23 10:34:04,991] {logging_mixin.py:104} INFO - [2021-02-23 10:34:04,991] {dag.py:1818} INFO - Sync 1 DAGs
[2021-02-23 10:34:05,165] {logging_mixin.py:104} INFO - [2021-02-23 10:34:05,165] {dag.py:2273} INFO - Setting next_dagrun for example_trigger_controller_dag to 2021-02-21 00:00:00+00:00
[2021-02-23 10:34:05,226] {scheduler_job.py:190} INFO - Processing /home/airflow/.local/lib/python3.6/site-packages/airflow/example_dags/example_trigger_controller_dag.py took 0.730 seconds
[2021-02-23 10:34:35,416] {scheduler_job.py:182} INFO - Started process (PID=159) to work on /home/airflow/.local/lib/python3.6/site-packages/airflow/example_dags/example_trigger_controller_dag.py
[2021-02-23 10:34:35,422] {scheduler_job.py:629} INFO - Processing file /home/airflow/.local/lib/python3.6/site-packages/airflow/example_dags/example_trigger_controller_dag.py for tasks to queue
[2021-02-23 10:34:35,428] {logging_mixin.py:104} INFO - [2021-02-23 10:34:35,428] {dagbag.py:448} INFO - Filling up the DagBag from /home/airflow/.local/lib/python3.6/site-packages/airflow/example_dags/example_trigger_controller_dag.py
[2021-02-23 10:34:35,550] {scheduler_job.py:639} INFO - DAG(s) dict_keys(['example_trigger_controller_dag']) retrieved from /home/airflow/.local/lib/python3.6/site-packages/airflow/example_dags/example_trigger_controller_dag.py
[2021-02-23 10:34:35,702] {logging_mixin.py:104} INFO - [2021-02-23 10:34:35,702] {dag.py:1818} INFO - Sync 1 DAGs
[2021-02-23 10:34:35,912] {logging_mixin.py:104} INFO - [2021-02-23 10:34:35,912] {dag.py:2273} INFO - Setting next_dagrun for example_trigger_controller_dag to 2021-02-21 00:00:00+00:00
[2021-02-23 10:34:36,087] {scheduler_job.py:190} INFO - Processing /home/airflow/.local/lib/python3.6/site-packages/airflow/example_dags/example_trigger_controller_dag.py took 0.685 seconds
[2021-02-23 10:35:06,648] {scheduler_job.py:182} INFO - Started process (PID=186) to work on /home/airflow/.local/lib/python3.6/site-packages/airflow/example_dags/example_trigger_controller_dag.py
[2021-02-23 10:35:06,653] {scheduler_job.py:629} INFO - Processing file /home/airflow/.local/lib/python3.6/site-packages/airflow/example_dags/example_trigger_controller_dag.py for tasks to queue
[2021-02-23 10:35:06,661] {logging_mixin.py:104} INFO - [2021-02-23 10:35:06,661] {dagbag.py:448} INFO - Filling up the DagBag from /home/airflow/.local/lib/python3.6/site-packages/airflow/example_dags/example_trigger_controller_dag.py
[2021-02-23 10:35:06,743] {scheduler_job.py:639} INFO - DAG(s) dict_keys(['example_trigger_controller_dag']) retrieved from /home/airflow/.local/lib/python3.6/site-packages/airflow/example_dags/example_trigger_controller_dag.py
[2021-02-23 10:35:06,827] {logging_mixin.py:104} INFO - [2021-02-23 10:35:06,827] {dag.py:1818} INFO - Sync 1 DAGs
[2021-02-23 10:35:06,902] {logging_mixin.py:104} INFO - [2021-02-23 10:35:06,901] {dag.py:2273} INFO - Setting next_dagrun for example_trigger_controller_dag to 2021-02-21 00:00:00+00:00
[2021-02-23 10:35:06,931] {scheduler_job.py:190} INFO - Processing /home/airflow/.local/lib/python3.6/site-packages/airflow/example_dags/example_trigger_controller_dag.py took 0.317 seconds
[2021-02-23 10:35:37,519] {scheduler_job.py:182} INFO - Started process (PID=213) to work on /home/airflow/.local/lib/python3.6/site-packages/airflow/example_dags/example_trigger_controller_dag.py
[2021-02-23 10:35:37,531] {scheduler_job.py:629} INFO - Processing file /home/airflow/.local/lib/python3.6/site-packages/airflow/example_dags/example_trigger_controller_dag.py for tasks to queue
[2021-02-23 10:35:37,534] {logging_mixin.py:104} INFO - [2021-02-23 10:35:37,534] {dagbag.py:448} INFO - Filling up the DagBag from /home/airflow/.local/lib/python3.6/site-packages/airflow/example_dags/example_trigger_controller_dag.py
[2021-02-23 10:35:37,602] {scheduler_job.py:639} INFO - DAG(s) dict_keys(['example_trigger_controller_dag']) retrieved from /home/airflow/.local/lib/python3.6/site-packages/airflow/example_dags/example_trigger_controller_dag.py
[2021-02-23 10:35:37,691] {logging_mixin.py:104} INFO - [2021-02-23 10:35:37,691] {dag.py:1818} INFO - Sync 1 DAGs
[2021-02-23 10:35:37,760] {logging_mixin.py:104} INFO - [2021-02-23 10:35:37,760] {dag.py:2273} INFO - Setting next_dagrun for example_trigger_controller_dag to 2021-02-21 00:00:00+00:00
[2021-02-23 10:35:37,798] {scheduler_job.py:190} INFO - Processing /home/airflow/.local/lib/python3.6/site-packages/airflow/example_dags/example_trigger_controller_dag.py took 0.296 seconds
[2021-02-23 10:36:08,479] {scheduler_job.py:182} INFO - Started process (PID=240) to work on /home/airflow/.local/lib/python3.6/site-packages/airflow/example_dags/example_trigger_controller_dag.py
[2021-02-23 10:36:08,485] {scheduler_job.py:629} INFO - Processing file /home/airflow/.local/lib/python3.6/site-packages/airflow/example_dags/example_trigger_controller_dag.py for tasks to queue
[2021-02-23 10:36:08,507] {logging_mixin.py:104} INFO - [2021-02-23 10:36:08,505] {dagbag.py:448} INFO - Filling up the DagBag from /home/airflow/.local/lib/python3.6/site-packages/airflow/example_dags/example_trigger_controller_dag.py
[2021-02-23 10:36:08,629] {scheduler_job.py:639} INFO - DAG(s) dict_keys(['example_trigger_controller_dag']) retrieved from /home/airflow/.local/lib/python3.6/site-packages/airflow/example_dags/example_trigger_controller_dag.py
[2021-02-23 10:36:08,913] {logging_mixin.py:104} INFO - [2021-02-23 10:36:08,913] {dag.py:1818} INFO - Sync 1 DAGs
[2021-02-23 10:36:09,109] {logging_mixin.py:104} INFO - [2021-02-23 10:36:09,109] {dag.py:2273} INFO - Setting next_dagrun for example_trigger_controller_dag to 2021-02-21 00:00:00+00:00
[2021-02-23 10:36:09,190] {scheduler_job.py:190} INFO - Processing /home/airflow/.local/lib/python3.6/site-packages/airflow/example_dags/example_trigger_controller_dag.py took 0.747 seconds
[2021-02-23 10:36:39,642] {scheduler_job.py:182} INFO - Started process (PID=267) to work on /home/airflow/.local/lib/python3.6/site-packages/airflow/example_dags/example_trigger_controller_dag.py
[2021-02-23 10:36:39,652] {scheduler_job.py:629} INFO - Processing file /home/airflow/.local/lib/python3.6/site-packages/airflow/example_dags/example_trigger_controller_dag.py for tasks to queue
[2021-02-23 10:36:39,658] {logging_mixin.py:104} INFO - [2021-02-23 10:36:39,657] {dagbag.py:448} INFO - Filling up the DagBag from /home/airflow/.local/lib/python3.6/site-packages/airflow/example_dags/example_trigger_controller_dag.py
[2021-02-23 10:36:39,711] {scheduler_job.py:639} INFO - DAG(s) dict_keys(['example_trigger_controller_dag']) retrieved from /home/airflow/.local/lib/python3.6/site-packages/airflow/example_dags/example_trigger_controller_dag.py
[2021-02-23 10:36:39,812] {logging_mixin.py:104} INFO - [2021-02-23 10:36:39,812] {dag.py:1818} INFO - Sync 1 DAGs
[2021-02-23 10:36:39,874] {logging_mixin.py:104} INFO - [2021-02-23 10:36:39,874] {dag.py:2273} INFO - Setting next_dagrun for example_trigger_controller_dag to 2021-02-21 00:00:00+00:00
[2021-02-23 10:36:39,903] {scheduler_job.py:190} INFO - Processing /home/airflow/.local/lib/python3.6/site-packages/airflow/example_dags/example_trigger_controller_dag.py took 0.264 seconds
[2021-02-23 10:37:38,478] {scheduler_job.py:182} INFO - Started process (PID=30) to work on /home/airflow/.local/lib/python3.6/site-packages/airflow/example_dags/example_trigger_controller_dag.py
[2021-02-23 10:37:38,488] {scheduler_job.py:629} INFO - Processing file /home/airflow/.local/lib/python3.6/site-packages/airflow/example_dags/example_trigger_controller_dag.py for tasks to queue
[2021-02-23 10:37:38,495] {logging_mixin.py:104} INFO - [2021-02-23 10:37:38,494] {dagbag.py:448} INFO - Filling up the DagBag from /home/airflow/.local/lib/python3.6/site-packages/airflow/example_dags/example_trigger_controller_dag.py
[2021-02-23 10:37:38,545] {scheduler_job.py:639} INFO - DAG(s) dict_keys(['example_trigger_controller_dag']) retrieved from /home/airflow/.local/lib/python3.6/site-packages/airflow/example_dags/example_trigger_controller_dag.py
[2021-02-23 10:37:38,602] {logging_mixin.py:104} INFO - [2021-02-23 10:37:38,602] {dag.py:1818} INFO - Sync 1 DAGs
[2021-02-23 10:37:38,646] {logging_mixin.py:104} INFO - [2021-02-23 10:37:38,646] {dag.py:2273} INFO - Setting next_dagrun for example_trigger_controller_dag to 2021-02-21 00:00:00+00:00
[2021-02-23 10:37:38,684] {scheduler_job.py:190} INFO - Processing /home/airflow/.local/lib/python3.6/site-packages/airflow/example_dags/example_trigger_controller_dag.py took 0.226 seconds
[2021-02-23 10:38:09,745] {scheduler_job.py:182} INFO - Started process (PID=59) to work on /home/airflow/.local/lib/python3.6/site-packages/airflow/example_dags/example_trigger_controller_dag.py
[2021-02-23 10:38:09,748] {scheduler_job.py:629} INFO - Processing file /home/airflow/.local/lib/python3.6/site-packages/airflow/example_dags/example_trigger_controller_dag.py for tasks to queue
[2021-02-23 10:38:09,752] {logging_mixin.py:104} INFO - [2021-02-23 10:38:09,752] {dagbag.py:448} INFO - Filling up the DagBag from /home/airflow/.local/lib/python3.6/site-packages/airflow/example_dags/example_trigger_controller_dag.py
[2021-02-23 10:38:09,786] {scheduler_job.py:639} INFO - DAG(s) dict_keys(['example_trigger_controller_dag']) retrieved from /home/airflow/.local/lib/python3.6/site-packages/airflow/example_dags/example_trigger_controller_dag.py
[2021-02-23 10:38:09,850] {logging_mixin.py:104} INFO - [2021-02-23 10:38:09,850] {dag.py:1818} INFO - Sync 1 DAGs
[2021-02-23 10:38:09,895] {logging_mixin.py:104} INFO - [2021-02-23 10:38:09,895] {dag.py:2273} INFO - Setting next_dagrun for example_trigger_controller_dag to 2021-02-21 00:00:00+00:00
[2021-02-23 10:38:09,909] {scheduler_job.py:190} INFO - Processing /home/airflow/.local/lib/python3.6/site-packages/airflow/example_dags/example_trigger_controller_dag.py took 0.171 seconds
