[2021-02-23 10:15:12,756] {scheduler_job.py:182} INFO - Started process (PID=30) to work on /home/airflow/.local/lib/python3.6/site-packages/airflow/example_dags/example_kubernetes_executor_config.py
[2021-02-23 10:15:12,768] {scheduler_job.py:629} INFO - Processing file /home/airflow/.local/lib/python3.6/site-packages/airflow/example_dags/example_kubernetes_executor_config.py for tasks to queue
[2021-02-23 10:15:12,770] {logging_mixin.py:104} INFO - [2021-02-23 10:15:12,770] {dagbag.py:448} INFO - Filling up the DagBag from /home/airflow/.local/lib/python3.6/site-packages/airflow/example_dags/example_kubernetes_executor_config.py
[2021-02-23 10:15:12,845] {scheduler_job.py:639} INFO - DAG(s) dict_keys(['example_kubernetes_executor_config']) retrieved from /home/airflow/.local/lib/python3.6/site-packages/airflow/example_dags/example_kubernetes_executor_config.py
[2021-02-23 10:15:12,944] {logging_mixin.py:104} INFO - [2021-02-23 10:15:12,944] {dag.py:1818} INFO - Sync 1 DAGs
[2021-02-23 10:15:13,004] {logging_mixin.py:104} INFO - [2021-02-23 10:15:13,004] {dag.py:1837} INFO - Creating ORM DAG for example_kubernetes_executor_config
[2021-02-23 10:15:13,019] {logging_mixin.py:104} INFO - [2021-02-23 10:15:13,019] {dag.py:2273} INFO - Setting next_dagrun for example_kubernetes_executor_config to None
[2021-02-23 10:15:13,084] {scheduler_job.py:190} INFO - Processing /home/airflow/.local/lib/python3.6/site-packages/airflow/example_dags/example_kubernetes_executor_config.py took 0.333 seconds
[2021-02-23 10:16:51,895] {scheduler_job.py:182} INFO - Started process (PID=60) to work on /home/airflow/.local/lib/python3.6/site-packages/airflow/example_dags/example_kubernetes_executor_config.py
[2021-02-23 10:16:51,899] {scheduler_job.py:629} INFO - Processing file /home/airflow/.local/lib/python3.6/site-packages/airflow/example_dags/example_kubernetes_executor_config.py for tasks to queue
[2021-02-23 10:16:51,904] {logging_mixin.py:104} INFO - [2021-02-23 10:16:51,904] {dagbag.py:448} INFO - Filling up the DagBag from /home/airflow/.local/lib/python3.6/site-packages/airflow/example_dags/example_kubernetes_executor_config.py
[2021-02-23 10:16:51,984] {scheduler_job.py:639} INFO - DAG(s) dict_keys(['example_kubernetes_executor_config']) retrieved from /home/airflow/.local/lib/python3.6/site-packages/airflow/example_dags/example_kubernetes_executor_config.py
[2021-02-23 10:16:52,112] {logging_mixin.py:104} INFO - [2021-02-23 10:16:52,112] {dag.py:1818} INFO - Sync 1 DAGs
[2021-02-23 10:16:52,224] {logging_mixin.py:104} INFO - [2021-02-23 10:16:52,224] {dag.py:2273} INFO - Setting next_dagrun for example_kubernetes_executor_config to None
[2021-02-23 10:16:52,301] {scheduler_job.py:190} INFO - Processing /home/airflow/.local/lib/python3.6/site-packages/airflow/example_dags/example_kubernetes_executor_config.py took 0.415 seconds
[2021-02-23 10:17:23,704] {scheduler_job.py:182} INFO - Started process (PID=89) to work on /home/airflow/.local/lib/python3.6/site-packages/airflow/example_dags/example_kubernetes_executor_config.py
[2021-02-23 10:17:23,710] {scheduler_job.py:629} INFO - Processing file /home/airflow/.local/lib/python3.6/site-packages/airflow/example_dags/example_kubernetes_executor_config.py for tasks to queue
[2021-02-23 10:17:23,723] {logging_mixin.py:104} INFO - [2021-02-23 10:17:23,713] {dagbag.py:448} INFO - Filling up the DagBag from /home/airflow/.local/lib/python3.6/site-packages/airflow/example_dags/example_kubernetes_executor_config.py
[2021-02-23 10:17:23,784] {scheduler_job.py:639} INFO - DAG(s) dict_keys(['example_kubernetes_executor_config']) retrieved from /home/airflow/.local/lib/python3.6/site-packages/airflow/example_dags/example_kubernetes_executor_config.py
[2021-02-23 10:17:23,872] {logging_mixin.py:104} INFO - [2021-02-23 10:17:23,872] {dag.py:1818} INFO - Sync 1 DAGs
[2021-02-23 10:17:23,913] {logging_mixin.py:104} INFO - [2021-02-23 10:17:23,909] {dag.py:2273} INFO - Setting next_dagrun for example_kubernetes_executor_config to None
[2021-02-23 10:17:23,938] {scheduler_job.py:190} INFO - Processing /home/airflow/.local/lib/python3.6/site-packages/airflow/example_dags/example_kubernetes_executor_config.py took 0.251 seconds
[2021-02-23 10:17:54,354] {scheduler_job.py:182} INFO - Started process (PID=114) to work on /home/airflow/.local/lib/python3.6/site-packages/airflow/example_dags/example_kubernetes_executor_config.py
[2021-02-23 10:17:54,358] {scheduler_job.py:629} INFO - Processing file /home/airflow/.local/lib/python3.6/site-packages/airflow/example_dags/example_kubernetes_executor_config.py for tasks to queue
[2021-02-23 10:17:54,377] {logging_mixin.py:104} INFO - [2021-02-23 10:17:54,375] {dagbag.py:448} INFO - Filling up the DagBag from /home/airflow/.local/lib/python3.6/site-packages/airflow/example_dags/example_kubernetes_executor_config.py
[2021-02-23 10:17:54,551] {scheduler_job.py:639} INFO - DAG(s) dict_keys(['example_kubernetes_executor_config']) retrieved from /home/airflow/.local/lib/python3.6/site-packages/airflow/example_dags/example_kubernetes_executor_config.py
[2021-02-23 10:17:54,834] {logging_mixin.py:104} INFO - [2021-02-23 10:17:54,834] {dag.py:1818} INFO - Sync 1 DAGs
[2021-02-23 10:17:54,902] {logging_mixin.py:104} INFO - [2021-02-23 10:17:54,902] {dag.py:2273} INFO - Setting next_dagrun for example_kubernetes_executor_config to None
[2021-02-23 10:17:54,963] {scheduler_job.py:190} INFO - Processing /home/airflow/.local/lib/python3.6/site-packages/airflow/example_dags/example_kubernetes_executor_config.py took 0.622 seconds
[2021-02-23 10:18:25,182] {scheduler_job.py:182} INFO - Started process (PID=142) to work on /home/airflow/.local/lib/python3.6/site-packages/airflow/example_dags/example_kubernetes_executor_config.py
[2021-02-23 10:18:25,196] {scheduler_job.py:629} INFO - Processing file /home/airflow/.local/lib/python3.6/site-packages/airflow/example_dags/example_kubernetes_executor_config.py for tasks to queue
[2021-02-23 10:18:25,211] {logging_mixin.py:104} INFO - [2021-02-23 10:18:25,211] {dagbag.py:448} INFO - Filling up the DagBag from /home/airflow/.local/lib/python3.6/site-packages/airflow/example_dags/example_kubernetes_executor_config.py
[2021-02-23 10:18:25,251] {scheduler_job.py:639} INFO - DAG(s) dict_keys(['example_kubernetes_executor_config']) retrieved from /home/airflow/.local/lib/python3.6/site-packages/airflow/example_dags/example_kubernetes_executor_config.py
[2021-02-23 10:18:25,304] {logging_mixin.py:104} INFO - [2021-02-23 10:18:25,303] {dag.py:1818} INFO - Sync 1 DAGs
[2021-02-23 10:18:25,376] {logging_mixin.py:104} INFO - [2021-02-23 10:18:25,375] {dag.py:2273} INFO - Setting next_dagrun for example_kubernetes_executor_config to None
[2021-02-23 10:18:25,452] {scheduler_job.py:190} INFO - Processing /home/airflow/.local/lib/python3.6/site-packages/airflow/example_dags/example_kubernetes_executor_config.py took 0.290 seconds
[2021-02-23 10:18:55,874] {scheduler_job.py:182} INFO - Started process (PID=169) to work on /home/airflow/.local/lib/python3.6/site-packages/airflow/example_dags/example_kubernetes_executor_config.py
[2021-02-23 10:18:55,888] {scheduler_job.py:629} INFO - Processing file /home/airflow/.local/lib/python3.6/site-packages/airflow/example_dags/example_kubernetes_executor_config.py for tasks to queue
[2021-02-23 10:18:55,898] {logging_mixin.py:104} INFO - [2021-02-23 10:18:55,893] {dagbag.py:448} INFO - Filling up the DagBag from /home/airflow/.local/lib/python3.6/site-packages/airflow/example_dags/example_kubernetes_executor_config.py
[2021-02-23 10:18:56,013] {scheduler_job.py:639} INFO - DAG(s) dict_keys(['example_kubernetes_executor_config']) retrieved from /home/airflow/.local/lib/python3.6/site-packages/airflow/example_dags/example_kubernetes_executor_config.py
[2021-02-23 10:18:56,127] {logging_mixin.py:104} INFO - [2021-02-23 10:18:56,125] {dag.py:1818} INFO - Sync 1 DAGs
[2021-02-23 10:18:56,191] {logging_mixin.py:104} INFO - [2021-02-23 10:18:56,191] {dag.py:2273} INFO - Setting next_dagrun for example_kubernetes_executor_config to None
[2021-02-23 10:18:56,222] {scheduler_job.py:190} INFO - Processing /home/airflow/.local/lib/python3.6/site-packages/airflow/example_dags/example_kubernetes_executor_config.py took 0.360 seconds
[2021-02-23 10:19:27,402] {scheduler_job.py:182} INFO - Started process (PID=196) to work on /home/airflow/.local/lib/python3.6/site-packages/airflow/example_dags/example_kubernetes_executor_config.py
[2021-02-23 10:19:27,405] {scheduler_job.py:629} INFO - Processing file /home/airflow/.local/lib/python3.6/site-packages/airflow/example_dags/example_kubernetes_executor_config.py for tasks to queue
[2021-02-23 10:19:27,406] {logging_mixin.py:104} INFO - [2021-02-23 10:19:27,406] {dagbag.py:448} INFO - Filling up the DagBag from /home/airflow/.local/lib/python3.6/site-packages/airflow/example_dags/example_kubernetes_executor_config.py
[2021-02-23 10:19:27,425] {scheduler_job.py:639} INFO - DAG(s) dict_keys(['example_kubernetes_executor_config']) retrieved from /home/airflow/.local/lib/python3.6/site-packages/airflow/example_dags/example_kubernetes_executor_config.py
[2021-02-23 10:19:27,454] {logging_mixin.py:104} INFO - [2021-02-23 10:19:27,454] {dag.py:1818} INFO - Sync 1 DAGs
[2021-02-23 10:19:27,473] {logging_mixin.py:104} INFO - [2021-02-23 10:19:27,473] {dag.py:2273} INFO - Setting next_dagrun for example_kubernetes_executor_config to None
[2021-02-23 10:19:27,489] {scheduler_job.py:190} INFO - Processing /home/airflow/.local/lib/python3.6/site-packages/airflow/example_dags/example_kubernetes_executor_config.py took 0.090 seconds
[2021-02-23 10:19:58,094] {scheduler_job.py:182} INFO - Started process (PID=223) to work on /home/airflow/.local/lib/python3.6/site-packages/airflow/example_dags/example_kubernetes_executor_config.py
[2021-02-23 10:19:58,098] {scheduler_job.py:629} INFO - Processing file /home/airflow/.local/lib/python3.6/site-packages/airflow/example_dags/example_kubernetes_executor_config.py for tasks to queue
[2021-02-23 10:19:58,100] {logging_mixin.py:104} INFO - [2021-02-23 10:19:58,099] {dagbag.py:448} INFO - Filling up the DagBag from /home/airflow/.local/lib/python3.6/site-packages/airflow/example_dags/example_kubernetes_executor_config.py
[2021-02-23 10:19:58,155] {scheduler_job.py:639} INFO - DAG(s) dict_keys(['example_kubernetes_executor_config']) retrieved from /home/airflow/.local/lib/python3.6/site-packages/airflow/example_dags/example_kubernetes_executor_config.py
[2021-02-23 10:19:58,262] {logging_mixin.py:104} INFO - [2021-02-23 10:19:58,261] {dag.py:1818} INFO - Sync 1 DAGs
[2021-02-23 10:19:58,289] {logging_mixin.py:104} INFO - [2021-02-23 10:19:58,289] {dag.py:2273} INFO - Setting next_dagrun for example_kubernetes_executor_config to None
[2021-02-23 10:19:58,311] {scheduler_job.py:190} INFO - Processing /home/airflow/.local/lib/python3.6/site-packages/airflow/example_dags/example_kubernetes_executor_config.py took 0.222 seconds
[2021-02-23 10:20:31,694] {scheduler_job.py:182} INFO - Started process (PID=250) to work on /home/airflow/.local/lib/python3.6/site-packages/airflow/example_dags/example_kubernetes_executor_config.py
[2021-02-23 10:20:31,745] {scheduler_job.py:629} INFO - Processing file /home/airflow/.local/lib/python3.6/site-packages/airflow/example_dags/example_kubernetes_executor_config.py for tasks to queue
[2021-02-23 10:20:31,756] {logging_mixin.py:104} INFO - [2021-02-23 10:20:31,755] {dagbag.py:448} INFO - Filling up the DagBag from /home/airflow/.local/lib/python3.6/site-packages/airflow/example_dags/example_kubernetes_executor_config.py
[2021-02-23 10:20:32,087] {scheduler_job.py:639} INFO - DAG(s) dict_keys(['example_kubernetes_executor_config']) retrieved from /home/airflow/.local/lib/python3.6/site-packages/airflow/example_dags/example_kubernetes_executor_config.py
[2021-02-23 10:20:32,318] {logging_mixin.py:104} INFO - [2021-02-23 10:20:32,318] {dag.py:1818} INFO - Sync 1 DAGs
[2021-02-23 10:20:32,361] {logging_mixin.py:104} INFO - [2021-02-23 10:20:32,361] {dag.py:2273} INFO - Setting next_dagrun for example_kubernetes_executor_config to None
[2021-02-23 10:20:32,430] {scheduler_job.py:190} INFO - Processing /home/airflow/.local/lib/python3.6/site-packages/airflow/example_dags/example_kubernetes_executor_config.py took 0.797 seconds
[2021-02-23 10:21:05,495] {scheduler_job.py:182} INFO - Started process (PID=277) to work on /home/airflow/.local/lib/python3.6/site-packages/airflow/example_dags/example_kubernetes_executor_config.py
[2021-02-23 10:21:05,542] {scheduler_job.py:629} INFO - Processing file /home/airflow/.local/lib/python3.6/site-packages/airflow/example_dags/example_kubernetes_executor_config.py for tasks to queue
[2021-02-23 10:21:05,632] {logging_mixin.py:104} INFO - [2021-02-23 10:21:05,626] {dagbag.py:448} INFO - Filling up the DagBag from /home/airflow/.local/lib/python3.6/site-packages/airflow/example_dags/example_kubernetes_executor_config.py
[2021-02-23 10:21:06,130] {scheduler_job.py:639} INFO - DAG(s) dict_keys(['example_kubernetes_executor_config']) retrieved from /home/airflow/.local/lib/python3.6/site-packages/airflow/example_dags/example_kubernetes_executor_config.py
[2021-02-23 10:21:07,363] {logging_mixin.py:104} INFO - [2021-02-23 10:21:07,356] {dag.py:1818} INFO - Sync 1 DAGs
[2021-02-23 10:21:07,668] {logging_mixin.py:104} INFO - [2021-02-23 10:21:07,648] {dag.py:2273} INFO - Setting next_dagrun for example_kubernetes_executor_config to None
[2021-02-23 10:21:09,337] {scheduler_job.py:190} INFO - Processing /home/airflow/.local/lib/python3.6/site-packages/airflow/example_dags/example_kubernetes_executor_config.py took 3.856 seconds
[2021-02-23 10:22:35,376] {scheduler_job.py:182} INFO - Started process (PID=35) to work on /home/airflow/.local/lib/python3.6/site-packages/airflow/example_dags/example_kubernetes_executor_config.py
[2021-02-23 10:22:35,403] {scheduler_job.py:629} INFO - Processing file /home/airflow/.local/lib/python3.6/site-packages/airflow/example_dags/example_kubernetes_executor_config.py for tasks to queue
[2021-02-23 10:22:35,410] {logging_mixin.py:104} INFO - [2021-02-23 10:22:35,410] {dagbag.py:448} INFO - Filling up the DagBag from /home/airflow/.local/lib/python3.6/site-packages/airflow/example_dags/example_kubernetes_executor_config.py
[2021-02-23 10:22:35,745] {scheduler_job.py:639} INFO - DAG(s) dict_keys(['example_kubernetes_executor_config']) retrieved from /home/airflow/.local/lib/python3.6/site-packages/airflow/example_dags/example_kubernetes_executor_config.py
[2021-02-23 10:22:36,073] {logging_mixin.py:104} INFO - [2021-02-23 10:22:36,073] {dag.py:1818} INFO - Sync 1 DAGs
[2021-02-23 10:22:36,235] {logging_mixin.py:104} INFO - [2021-02-23 10:22:36,235] {dag.py:2273} INFO - Setting next_dagrun for example_kubernetes_executor_config to None
[2021-02-23 10:22:36,336] {scheduler_job.py:190} INFO - Processing /home/airflow/.local/lib/python3.6/site-packages/airflow/example_dags/example_kubernetes_executor_config.py took 1.034 seconds
[2021-02-23 10:23:08,438] {scheduler_job.py:182} INFO - Started process (PID=63) to work on /home/airflow/.local/lib/python3.6/site-packages/airflow/example_dags/example_kubernetes_executor_config.py
[2021-02-23 10:23:08,446] {scheduler_job.py:629} INFO - Processing file /home/airflow/.local/lib/python3.6/site-packages/airflow/example_dags/example_kubernetes_executor_config.py for tasks to queue
[2021-02-23 10:23:08,469] {logging_mixin.py:104} INFO - [2021-02-23 10:23:08,469] {dagbag.py:448} INFO - Filling up the DagBag from /home/airflow/.local/lib/python3.6/site-packages/airflow/example_dags/example_kubernetes_executor_config.py
[2021-02-23 10:23:08,781] {scheduler_job.py:639} INFO - DAG(s) dict_keys(['example_kubernetes_executor_config']) retrieved from /home/airflow/.local/lib/python3.6/site-packages/airflow/example_dags/example_kubernetes_executor_config.py
[2021-02-23 10:23:11,559] {logging_mixin.py:104} INFO - [2021-02-23 10:23:11,559] {dag.py:1818} INFO - Sync 1 DAGs
[2021-02-23 10:23:11,775] {logging_mixin.py:104} INFO - [2021-02-23 10:23:11,775] {dag.py:2273} INFO - Setting next_dagrun for example_kubernetes_executor_config to None
[2021-02-23 10:23:11,881] {scheduler_job.py:190} INFO - Processing /home/airflow/.local/lib/python3.6/site-packages/airflow/example_dags/example_kubernetes_executor_config.py took 3.496 seconds
[2021-02-23 10:23:42,056] {scheduler_job.py:182} INFO - Started process (PID=92) to work on /home/airflow/.local/lib/python3.6/site-packages/airflow/example_dags/example_kubernetes_executor_config.py
[2021-02-23 10:23:42,071] {scheduler_job.py:629} INFO - Processing file /home/airflow/.local/lib/python3.6/site-packages/airflow/example_dags/example_kubernetes_executor_config.py for tasks to queue
[2021-02-23 10:23:42,094] {logging_mixin.py:104} INFO - [2021-02-23 10:23:42,089] {dagbag.py:448} INFO - Filling up the DagBag from /home/airflow/.local/lib/python3.6/site-packages/airflow/example_dags/example_kubernetes_executor_config.py
[2021-02-23 10:23:42,372] {scheduler_job.py:639} INFO - DAG(s) dict_keys(['example_kubernetes_executor_config']) retrieved from /home/airflow/.local/lib/python3.6/site-packages/airflow/example_dags/example_kubernetes_executor_config.py
[2021-02-23 10:23:42,868] {logging_mixin.py:104} INFO - [2021-02-23 10:23:42,864] {dag.py:1818} INFO - Sync 1 DAGs
[2021-02-23 10:23:43,027] {logging_mixin.py:104} INFO - [2021-02-23 10:23:43,027] {dag.py:2273} INFO - Setting next_dagrun for example_kubernetes_executor_config to None
[2021-02-23 10:23:43,100] {scheduler_job.py:190} INFO - Processing /home/airflow/.local/lib/python3.6/site-packages/airflow/example_dags/example_kubernetes_executor_config.py took 1.077 seconds
[2021-02-23 10:24:13,969] {scheduler_job.py:182} INFO - Started process (PID=119) to work on /home/airflow/.local/lib/python3.6/site-packages/airflow/example_dags/example_kubernetes_executor_config.py
[2021-02-23 10:24:13,971] {scheduler_job.py:629} INFO - Processing file /home/airflow/.local/lib/python3.6/site-packages/airflow/example_dags/example_kubernetes_executor_config.py for tasks to queue
[2021-02-23 10:24:13,977] {logging_mixin.py:104} INFO - [2021-02-23 10:24:13,976] {dagbag.py:448} INFO - Filling up the DagBag from /home/airflow/.local/lib/python3.6/site-packages/airflow/example_dags/example_kubernetes_executor_config.py
[2021-02-23 10:24:14,011] {scheduler_job.py:639} INFO - DAG(s) dict_keys(['example_kubernetes_executor_config']) retrieved from /home/airflow/.local/lib/python3.6/site-packages/airflow/example_dags/example_kubernetes_executor_config.py
[2021-02-23 10:24:14,060] {logging_mixin.py:104} INFO - [2021-02-23 10:24:14,060] {dag.py:1818} INFO - Sync 1 DAGs
[2021-02-23 10:24:14,096] {logging_mixin.py:104} INFO - [2021-02-23 10:24:14,096] {dag.py:2273} INFO - Setting next_dagrun for example_kubernetes_executor_config to None
[2021-02-23 10:24:14,111] {scheduler_job.py:190} INFO - Processing /home/airflow/.local/lib/python3.6/site-packages/airflow/example_dags/example_kubernetes_executor_config.py took 0.148 seconds
[2021-02-23 10:24:44,570] {scheduler_job.py:182} INFO - Started process (PID=146) to work on /home/airflow/.local/lib/python3.6/site-packages/airflow/example_dags/example_kubernetes_executor_config.py
[2021-02-23 10:24:44,575] {scheduler_job.py:629} INFO - Processing file /home/airflow/.local/lib/python3.6/site-packages/airflow/example_dags/example_kubernetes_executor_config.py for tasks to queue
[2021-02-23 10:24:44,585] {logging_mixin.py:104} INFO - [2021-02-23 10:24:44,585] {dagbag.py:448} INFO - Filling up the DagBag from /home/airflow/.local/lib/python3.6/site-packages/airflow/example_dags/example_kubernetes_executor_config.py
[2021-02-23 10:24:44,737] {scheduler_job.py:639} INFO - DAG(s) dict_keys(['example_kubernetes_executor_config']) retrieved from /home/airflow/.local/lib/python3.6/site-packages/airflow/example_dags/example_kubernetes_executor_config.py
[2021-02-23 10:24:44,913] {logging_mixin.py:104} INFO - [2021-02-23 10:24:44,913] {dag.py:1818} INFO - Sync 1 DAGs
[2021-02-23 10:24:45,001] {logging_mixin.py:104} INFO - [2021-02-23 10:24:45,001] {dag.py:2273} INFO - Setting next_dagrun for example_kubernetes_executor_config to None
[2021-02-23 10:24:45,067] {scheduler_job.py:190} INFO - Processing /home/airflow/.local/lib/python3.6/site-packages/airflow/example_dags/example_kubernetes_executor_config.py took 0.507 seconds
[2021-02-23 10:25:37,371] {scheduler_job.py:182} INFO - Started process (PID=174) to work on /home/airflow/.local/lib/python3.6/site-packages/airflow/example_dags/example_kubernetes_executor_config.py
[2021-02-23 10:25:37,378] {scheduler_job.py:629} INFO - Processing file /home/airflow/.local/lib/python3.6/site-packages/airflow/example_dags/example_kubernetes_executor_config.py for tasks to queue
[2021-02-23 10:25:37,381] {logging_mixin.py:104} INFO - [2021-02-23 10:25:37,381] {dagbag.py:448} INFO - Filling up the DagBag from /home/airflow/.local/lib/python3.6/site-packages/airflow/example_dags/example_kubernetes_executor_config.py
[2021-02-23 10:25:37,491] {scheduler_job.py:639} INFO - DAG(s) dict_keys(['example_kubernetes_executor_config']) retrieved from /home/airflow/.local/lib/python3.6/site-packages/airflow/example_dags/example_kubernetes_executor_config.py
[2021-02-23 10:25:37,592] {logging_mixin.py:104} INFO - [2021-02-23 10:25:37,592] {dag.py:1818} INFO - Sync 1 DAGs
[2021-02-23 10:25:37,666] {logging_mixin.py:104} INFO - [2021-02-23 10:25:37,666] {dag.py:2273} INFO - Setting next_dagrun for example_kubernetes_executor_config to None
[2021-02-23 10:25:37,702] {scheduler_job.py:190} INFO - Processing /home/airflow/.local/lib/python3.6/site-packages/airflow/example_dags/example_kubernetes_executor_config.py took 0.346 seconds
[2021-02-23 10:26:28,195] {scheduler_job.py:182} INFO - Started process (PID=203) to work on /home/airflow/.local/lib/python3.6/site-packages/airflow/example_dags/example_kubernetes_executor_config.py
[2021-02-23 10:26:28,197] {scheduler_job.py:629} INFO - Processing file /home/airflow/.local/lib/python3.6/site-packages/airflow/example_dags/example_kubernetes_executor_config.py for tasks to queue
[2021-02-23 10:26:28,205] {logging_mixin.py:104} INFO - [2021-02-23 10:26:28,205] {dagbag.py:448} INFO - Filling up the DagBag from /home/airflow/.local/lib/python3.6/site-packages/airflow/example_dags/example_kubernetes_executor_config.py
[2021-02-23 10:26:28,251] {scheduler_job.py:639} INFO - DAG(s) dict_keys(['example_kubernetes_executor_config']) retrieved from /home/airflow/.local/lib/python3.6/site-packages/airflow/example_dags/example_kubernetes_executor_config.py
[2021-02-23 10:26:28,374] {logging_mixin.py:104} INFO - [2021-02-23 10:26:28,373] {dag.py:1818} INFO - Sync 1 DAGs
[2021-02-23 10:26:28,475] {logging_mixin.py:104} INFO - [2021-02-23 10:26:28,475] {dag.py:2273} INFO - Setting next_dagrun for example_kubernetes_executor_config to None
[2021-02-23 10:26:28,560] {scheduler_job.py:190} INFO - Processing /home/airflow/.local/lib/python3.6/site-packages/airflow/example_dags/example_kubernetes_executor_config.py took 0.373 seconds
[2021-02-23 10:27:14,024] {scheduler_job.py:182} INFO - Started process (PID=236) to work on /home/airflow/.local/lib/python3.6/site-packages/airflow/example_dags/example_kubernetes_executor_config.py
[2021-02-23 10:27:14,030] {scheduler_job.py:629} INFO - Processing file /home/airflow/.local/lib/python3.6/site-packages/airflow/example_dags/example_kubernetes_executor_config.py for tasks to queue
[2021-02-23 10:27:14,035] {logging_mixin.py:104} INFO - [2021-02-23 10:27:14,035] {dagbag.py:448} INFO - Filling up the DagBag from /home/airflow/.local/lib/python3.6/site-packages/airflow/example_dags/example_kubernetes_executor_config.py
[2021-02-23 10:27:14,153] {scheduler_job.py:639} INFO - DAG(s) dict_keys(['example_kubernetes_executor_config']) retrieved from /home/airflow/.local/lib/python3.6/site-packages/airflow/example_dags/example_kubernetes_executor_config.py
[2021-02-23 10:27:14,294] {logging_mixin.py:104} INFO - [2021-02-23 10:27:14,294] {dag.py:1818} INFO - Sync 1 DAGs
[2021-02-23 10:27:14,363] {logging_mixin.py:104} INFO - [2021-02-23 10:27:14,361] {dag.py:2273} INFO - Setting next_dagrun for example_kubernetes_executor_config to None
[2021-02-23 10:27:14,394] {scheduler_job.py:190} INFO - Processing /home/airflow/.local/lib/python3.6/site-packages/airflow/example_dags/example_kubernetes_executor_config.py took 0.384 seconds
[2021-02-23 10:32:08,701] {scheduler_job.py:182} INFO - Started process (PID=42) to work on /home/airflow/.local/lib/python3.6/site-packages/airflow/example_dags/example_kubernetes_executor_config.py
[2021-02-23 10:32:08,713] {scheduler_job.py:629} INFO - Processing file /home/airflow/.local/lib/python3.6/site-packages/airflow/example_dags/example_kubernetes_executor_config.py for tasks to queue
[2021-02-23 10:32:08,716] {logging_mixin.py:104} INFO - [2021-02-23 10:32:08,716] {dagbag.py:448} INFO - Filling up the DagBag from /home/airflow/.local/lib/python3.6/site-packages/airflow/example_dags/example_kubernetes_executor_config.py
[2021-02-23 10:32:08,840] {scheduler_job.py:639} INFO - DAG(s) dict_keys(['example_kubernetes_executor_config']) retrieved from /home/airflow/.local/lib/python3.6/site-packages/airflow/example_dags/example_kubernetes_executor_config.py
[2021-02-23 10:32:09,056] {logging_mixin.py:104} INFO - [2021-02-23 10:32:09,056] {dag.py:1818} INFO - Sync 1 DAGs
[2021-02-23 10:32:09,179] {logging_mixin.py:104} INFO - [2021-02-23 10:32:09,179] {dag.py:2273} INFO - Setting next_dagrun for example_kubernetes_executor_config to None
[2021-02-23 10:32:09,250] {scheduler_job.py:190} INFO - Processing /home/airflow/.local/lib/python3.6/site-packages/airflow/example_dags/example_kubernetes_executor_config.py took 0.601 seconds
[2021-02-23 10:32:40,627] {scheduler_job.py:182} INFO - Started process (PID=69) to work on /home/airflow/.local/lib/python3.6/site-packages/airflow/example_dags/example_kubernetes_executor_config.py
[2021-02-23 10:32:40,638] {scheduler_job.py:629} INFO - Processing file /home/airflow/.local/lib/python3.6/site-packages/airflow/example_dags/example_kubernetes_executor_config.py for tasks to queue
[2021-02-23 10:32:40,647] {logging_mixin.py:104} INFO - [2021-02-23 10:32:40,647] {dagbag.py:448} INFO - Filling up the DagBag from /home/airflow/.local/lib/python3.6/site-packages/airflow/example_dags/example_kubernetes_executor_config.py
[2021-02-23 10:32:40,853] {scheduler_job.py:639} INFO - DAG(s) dict_keys(['example_kubernetes_executor_config']) retrieved from /home/airflow/.local/lib/python3.6/site-packages/airflow/example_dags/example_kubernetes_executor_config.py
[2021-02-23 10:32:41,088] {logging_mixin.py:104} INFO - [2021-02-23 10:32:41,088] {dag.py:1818} INFO - Sync 1 DAGs
[2021-02-23 10:32:41,318] {logging_mixin.py:104} INFO - [2021-02-23 10:32:41,317] {dag.py:2273} INFO - Setting next_dagrun for example_kubernetes_executor_config to None
[2021-02-23 10:32:41,507] {scheduler_job.py:190} INFO - Processing /home/airflow/.local/lib/python3.6/site-packages/airflow/example_dags/example_kubernetes_executor_config.py took 0.914 seconds
[2021-02-23 10:33:11,769] {scheduler_job.py:182} INFO - Started process (PID=96) to work on /home/airflow/.local/lib/python3.6/site-packages/airflow/example_dags/example_kubernetes_executor_config.py
[2021-02-23 10:33:11,786] {scheduler_job.py:629} INFO - Processing file /home/airflow/.local/lib/python3.6/site-packages/airflow/example_dags/example_kubernetes_executor_config.py for tasks to queue
[2021-02-23 10:33:11,800] {logging_mixin.py:104} INFO - [2021-02-23 10:33:11,800] {dagbag.py:448} INFO - Filling up the DagBag from /home/airflow/.local/lib/python3.6/site-packages/airflow/example_dags/example_kubernetes_executor_config.py
[2021-02-23 10:33:11,966] {scheduler_job.py:639} INFO - DAG(s) dict_keys(['example_kubernetes_executor_config']) retrieved from /home/airflow/.local/lib/python3.6/site-packages/airflow/example_dags/example_kubernetes_executor_config.py
[2021-02-23 10:33:12,058] {logging_mixin.py:104} INFO - [2021-02-23 10:33:12,058] {dag.py:1818} INFO - Sync 1 DAGs
[2021-02-23 10:33:12,121] {logging_mixin.py:104} INFO - [2021-02-23 10:33:12,121] {dag.py:2273} INFO - Setting next_dagrun for example_kubernetes_executor_config to None
[2021-02-23 10:33:12,152] {scheduler_job.py:190} INFO - Processing /home/airflow/.local/lib/python3.6/site-packages/airflow/example_dags/example_kubernetes_executor_config.py took 0.428 seconds
[2021-02-23 10:33:42,311] {scheduler_job.py:182} INFO - Started process (PID=123) to work on /home/airflow/.local/lib/python3.6/site-packages/airflow/example_dags/example_kubernetes_executor_config.py
[2021-02-23 10:33:42,313] {scheduler_job.py:629} INFO - Processing file /home/airflow/.local/lib/python3.6/site-packages/airflow/example_dags/example_kubernetes_executor_config.py for tasks to queue
[2021-02-23 10:33:42,315] {logging_mixin.py:104} INFO - [2021-02-23 10:33:42,315] {dagbag.py:448} INFO - Filling up the DagBag from /home/airflow/.local/lib/python3.6/site-packages/airflow/example_dags/example_kubernetes_executor_config.py
[2021-02-23 10:33:42,332] {scheduler_job.py:639} INFO - DAG(s) dict_keys(['example_kubernetes_executor_config']) retrieved from /home/airflow/.local/lib/python3.6/site-packages/airflow/example_dags/example_kubernetes_executor_config.py
[2021-02-23 10:33:42,373] {logging_mixin.py:104} INFO - [2021-02-23 10:33:42,373] {dag.py:1818} INFO - Sync 1 DAGs
[2021-02-23 10:33:42,388] {logging_mixin.py:104} INFO - [2021-02-23 10:33:42,388] {dag.py:2273} INFO - Setting next_dagrun for example_kubernetes_executor_config to None
[2021-02-23 10:33:42,397] {scheduler_job.py:190} INFO - Processing /home/airflow/.local/lib/python3.6/site-packages/airflow/example_dags/example_kubernetes_executor_config.py took 0.091 seconds
[2021-02-23 10:34:12,603] {scheduler_job.py:182} INFO - Started process (PID=148) to work on /home/airflow/.local/lib/python3.6/site-packages/airflow/example_dags/example_kubernetes_executor_config.py
[2021-02-23 10:34:12,606] {scheduler_job.py:629} INFO - Processing file /home/airflow/.local/lib/python3.6/site-packages/airflow/example_dags/example_kubernetes_executor_config.py for tasks to queue
[2021-02-23 10:34:12,608] {logging_mixin.py:104} INFO - [2021-02-23 10:34:12,608] {dagbag.py:448} INFO - Filling up the DagBag from /home/airflow/.local/lib/python3.6/site-packages/airflow/example_dags/example_kubernetes_executor_config.py
[2021-02-23 10:34:12,641] {scheduler_job.py:639} INFO - DAG(s) dict_keys(['example_kubernetes_executor_config']) retrieved from /home/airflow/.local/lib/python3.6/site-packages/airflow/example_dags/example_kubernetes_executor_config.py
[2021-02-23 10:34:12,691] {logging_mixin.py:104} INFO - [2021-02-23 10:34:12,691] {dag.py:1818} INFO - Sync 1 DAGs
[2021-02-23 10:34:12,723] {logging_mixin.py:104} INFO - [2021-02-23 10:34:12,723] {dag.py:2273} INFO - Setting next_dagrun for example_kubernetes_executor_config to None
[2021-02-23 10:34:12,745] {scheduler_job.py:190} INFO - Processing /home/airflow/.local/lib/python3.6/site-packages/airflow/example_dags/example_kubernetes_executor_config.py took 0.153 seconds
[2021-02-23 10:34:42,978] {scheduler_job.py:182} INFO - Started process (PID=175) to work on /home/airflow/.local/lib/python3.6/site-packages/airflow/example_dags/example_kubernetes_executor_config.py
[2021-02-23 10:34:42,985] {scheduler_job.py:629} INFO - Processing file /home/airflow/.local/lib/python3.6/site-packages/airflow/example_dags/example_kubernetes_executor_config.py for tasks to queue
[2021-02-23 10:34:42,987] {logging_mixin.py:104} INFO - [2021-02-23 10:34:42,987] {dagbag.py:448} INFO - Filling up the DagBag from /home/airflow/.local/lib/python3.6/site-packages/airflow/example_dags/example_kubernetes_executor_config.py
[2021-02-23 10:34:43,023] {scheduler_job.py:639} INFO - DAG(s) dict_keys(['example_kubernetes_executor_config']) retrieved from /home/airflow/.local/lib/python3.6/site-packages/airflow/example_dags/example_kubernetes_executor_config.py
[2021-02-23 10:34:43,075] {logging_mixin.py:104} INFO - [2021-02-23 10:34:43,075] {dag.py:1818} INFO - Sync 1 DAGs
[2021-02-23 10:34:43,107] {logging_mixin.py:104} INFO - [2021-02-23 10:34:43,107] {dag.py:2273} INFO - Setting next_dagrun for example_kubernetes_executor_config to None
[2021-02-23 10:34:43,125] {scheduler_job.py:190} INFO - Processing /home/airflow/.local/lib/python3.6/site-packages/airflow/example_dags/example_kubernetes_executor_config.py took 0.157 seconds
[2021-02-23 10:35:13,558] {scheduler_job.py:182} INFO - Started process (PID=202) to work on /home/airflow/.local/lib/python3.6/site-packages/airflow/example_dags/example_kubernetes_executor_config.py
[2021-02-23 10:35:13,562] {scheduler_job.py:629} INFO - Processing file /home/airflow/.local/lib/python3.6/site-packages/airflow/example_dags/example_kubernetes_executor_config.py for tasks to queue
[2021-02-23 10:35:13,564] {logging_mixin.py:104} INFO - [2021-02-23 10:35:13,563] {dagbag.py:448} INFO - Filling up the DagBag from /home/airflow/.local/lib/python3.6/site-packages/airflow/example_dags/example_kubernetes_executor_config.py
[2021-02-23 10:35:13,625] {scheduler_job.py:639} INFO - DAG(s) dict_keys(['example_kubernetes_executor_config']) retrieved from /home/airflow/.local/lib/python3.6/site-packages/airflow/example_dags/example_kubernetes_executor_config.py
[2021-02-23 10:35:13,831] {logging_mixin.py:104} INFO - [2021-02-23 10:35:13,831] {dag.py:1818} INFO - Sync 1 DAGs
[2021-02-23 10:35:13,973] {logging_mixin.py:104} INFO - [2021-02-23 10:35:13,970] {dag.py:2273} INFO - Setting next_dagrun for example_kubernetes_executor_config to None
[2021-02-23 10:35:14,027] {scheduler_job.py:190} INFO - Processing /home/airflow/.local/lib/python3.6/site-packages/airflow/example_dags/example_kubernetes_executor_config.py took 0.480 seconds
[2021-02-23 10:35:44,139] {scheduler_job.py:182} INFO - Started process (PID=228) to work on /home/airflow/.local/lib/python3.6/site-packages/airflow/example_dags/example_kubernetes_executor_config.py
[2021-02-23 10:35:44,145] {scheduler_job.py:629} INFO - Processing file /home/airflow/.local/lib/python3.6/site-packages/airflow/example_dags/example_kubernetes_executor_config.py for tasks to queue
[2021-02-23 10:35:44,156] {logging_mixin.py:104} INFO - [2021-02-23 10:35:44,151] {dagbag.py:448} INFO - Filling up the DagBag from /home/airflow/.local/lib/python3.6/site-packages/airflow/example_dags/example_kubernetes_executor_config.py
[2021-02-23 10:35:44,217] {scheduler_job.py:639} INFO - DAG(s) dict_keys(['example_kubernetes_executor_config']) retrieved from /home/airflow/.local/lib/python3.6/site-packages/airflow/example_dags/example_kubernetes_executor_config.py
[2021-02-23 10:35:44,275] {logging_mixin.py:104} INFO - [2021-02-23 10:35:44,274] {dag.py:1818} INFO - Sync 1 DAGs
[2021-02-23 10:35:44,309] {logging_mixin.py:104} INFO - [2021-02-23 10:35:44,309] {dag.py:2273} INFO - Setting next_dagrun for example_kubernetes_executor_config to None
[2021-02-23 10:35:44,333] {scheduler_job.py:190} INFO - Processing /home/airflow/.local/lib/python3.6/site-packages/airflow/example_dags/example_kubernetes_executor_config.py took 0.210 seconds
[2021-02-23 10:36:14,904] {scheduler_job.py:182} INFO - Started process (PID=256) to work on /home/airflow/.local/lib/python3.6/site-packages/airflow/example_dags/example_kubernetes_executor_config.py
[2021-02-23 10:36:14,908] {scheduler_job.py:629} INFO - Processing file /home/airflow/.local/lib/python3.6/site-packages/airflow/example_dags/example_kubernetes_executor_config.py for tasks to queue
[2021-02-23 10:36:14,912] {logging_mixin.py:104} INFO - [2021-02-23 10:36:14,911] {dagbag.py:448} INFO - Filling up the DagBag from /home/airflow/.local/lib/python3.6/site-packages/airflow/example_dags/example_kubernetes_executor_config.py
[2021-02-23 10:36:14,956] {scheduler_job.py:639} INFO - DAG(s) dict_keys(['example_kubernetes_executor_config']) retrieved from /home/airflow/.local/lib/python3.6/site-packages/airflow/example_dags/example_kubernetes_executor_config.py
[2021-02-23 10:36:14,998] {logging_mixin.py:104} INFO - [2021-02-23 10:36:14,998] {dag.py:1818} INFO - Sync 1 DAGs
[2021-02-23 10:36:15,034] {logging_mixin.py:104} INFO - [2021-02-23 10:36:15,034] {dag.py:2273} INFO - Setting next_dagrun for example_kubernetes_executor_config to None
[2021-02-23 10:36:15,050] {scheduler_job.py:190} INFO - Processing /home/airflow/.local/lib/python3.6/site-packages/airflow/example_dags/example_kubernetes_executor_config.py took 0.154 seconds
[2021-02-23 10:36:46,097] {scheduler_job.py:182} INFO - Started process (PID=283) to work on /home/airflow/.local/lib/python3.6/site-packages/airflow/example_dags/example_kubernetes_executor_config.py
[2021-02-23 10:36:46,100] {scheduler_job.py:629} INFO - Processing file /home/airflow/.local/lib/python3.6/site-packages/airflow/example_dags/example_kubernetes_executor_config.py for tasks to queue
[2021-02-23 10:36:46,102] {logging_mixin.py:104} INFO - [2021-02-23 10:36:46,102] {dagbag.py:448} INFO - Filling up the DagBag from /home/airflow/.local/lib/python3.6/site-packages/airflow/example_dags/example_kubernetes_executor_config.py
[2021-02-23 10:36:46,145] {scheduler_job.py:639} INFO - DAG(s) dict_keys(['example_kubernetes_executor_config']) retrieved from /home/airflow/.local/lib/python3.6/site-packages/airflow/example_dags/example_kubernetes_executor_config.py
[2021-02-23 10:36:46,194] {logging_mixin.py:104} INFO - [2021-02-23 10:36:46,194] {dag.py:1818} INFO - Sync 1 DAGs
[2021-02-23 10:36:46,225] {logging_mixin.py:104} INFO - [2021-02-23 10:36:46,225] {dag.py:2273} INFO - Setting next_dagrun for example_kubernetes_executor_config to None
[2021-02-23 10:36:46,234] {scheduler_job.py:190} INFO - Processing /home/airflow/.local/lib/python3.6/site-packages/airflow/example_dags/example_kubernetes_executor_config.py took 0.152 seconds
[2021-02-23 10:37:38,182] {scheduler_job.py:182} INFO - Started process (PID=29) to work on /home/airflow/.local/lib/python3.6/site-packages/airflow/example_dags/example_kubernetes_executor_config.py
[2021-02-23 10:37:38,186] {scheduler_job.py:629} INFO - Processing file /home/airflow/.local/lib/python3.6/site-packages/airflow/example_dags/example_kubernetes_executor_config.py for tasks to queue
[2021-02-23 10:37:38,190] {logging_mixin.py:104} INFO - [2021-02-23 10:37:38,190] {dagbag.py:448} INFO - Filling up the DagBag from /home/airflow/.local/lib/python3.6/site-packages/airflow/example_dags/example_kubernetes_executor_config.py
[2021-02-23 10:37:38,252] {scheduler_job.py:639} INFO - DAG(s) dict_keys(['example_kubernetes_executor_config']) retrieved from /home/airflow/.local/lib/python3.6/site-packages/airflow/example_dags/example_kubernetes_executor_config.py
[2021-02-23 10:37:38,342] {logging_mixin.py:104} INFO - [2021-02-23 10:37:38,342] {dag.py:1818} INFO - Sync 1 DAGs
[2021-02-23 10:37:38,394] {logging_mixin.py:104} INFO - [2021-02-23 10:37:38,394] {dag.py:2273} INFO - Setting next_dagrun for example_kubernetes_executor_config to None
[2021-02-23 10:37:38,430] {scheduler_job.py:190} INFO - Processing /home/airflow/.local/lib/python3.6/site-packages/airflow/example_dags/example_kubernetes_executor_config.py took 0.263 seconds
[2021-02-23 10:38:09,500] {scheduler_job.py:182} INFO - Started process (PID=57) to work on /home/airflow/.local/lib/python3.6/site-packages/airflow/example_dags/example_kubernetes_executor_config.py
[2021-02-23 10:38:09,503] {scheduler_job.py:629} INFO - Processing file /home/airflow/.local/lib/python3.6/site-packages/airflow/example_dags/example_kubernetes_executor_config.py for tasks to queue
[2021-02-23 10:38:09,506] {logging_mixin.py:104} INFO - [2021-02-23 10:38:09,506] {dagbag.py:448} INFO - Filling up the DagBag from /home/airflow/.local/lib/python3.6/site-packages/airflow/example_dags/example_kubernetes_executor_config.py
[2021-02-23 10:38:09,583] {scheduler_job.py:639} INFO - DAG(s) dict_keys(['example_kubernetes_executor_config']) retrieved from /home/airflow/.local/lib/python3.6/site-packages/airflow/example_dags/example_kubernetes_executor_config.py
[2021-02-23 10:38:09,658] {logging_mixin.py:104} INFO - [2021-02-23 10:38:09,658] {dag.py:1818} INFO - Sync 1 DAGs
[2021-02-23 10:38:09,687] {logging_mixin.py:104} INFO - [2021-02-23 10:38:09,687] {dag.py:2273} INFO - Setting next_dagrun for example_kubernetes_executor_config to None
[2021-02-23 10:38:09,707] {scheduler_job.py:190} INFO - Processing /home/airflow/.local/lib/python3.6/site-packages/airflow/example_dags/example_kubernetes_executor_config.py took 0.216 seconds
