[2021-02-23 10:15:15,040] {scheduler_job.py:182} INFO - Started process (PID=41) to work on /home/airflow/.local/lib/python3.6/site-packages/airflow/example_dags/example_kubernetes_executor.py
[2021-02-23 10:15:15,050] {scheduler_job.py:629} INFO - Processing file /home/airflow/.local/lib/python3.6/site-packages/airflow/example_dags/example_kubernetes_executor.py for tasks to queue
[2021-02-23 10:15:15,052] {logging_mixin.py:104} INFO - [2021-02-23 10:15:15,052] {dagbag.py:448} INFO - Filling up the DagBag from /home/airflow/.local/lib/python3.6/site-packages/airflow/example_dags/example_kubernetes_executor.py
[2021-02-23 10:15:15,083] {scheduler_job.py:639} INFO - DAG(s) dict_keys(['example_kubernetes_executor']) retrieved from /home/airflow/.local/lib/python3.6/site-packages/airflow/example_dags/example_kubernetes_executor.py
[2021-02-23 10:15:15,182] {logging_mixin.py:104} INFO - [2021-02-23 10:15:15,181] {dag.py:1818} INFO - Sync 1 DAGs
[2021-02-23 10:15:15,223] {logging_mixin.py:104} INFO - [2021-02-23 10:15:15,222] {dag.py:1837} INFO - Creating ORM DAG for example_kubernetes_executor
[2021-02-23 10:15:15,245] {logging_mixin.py:104} INFO - [2021-02-23 10:15:15,244] {dag.py:2273} INFO - Setting next_dagrun for example_kubernetes_executor to None
[2021-02-23 10:15:15,301] {scheduler_job.py:190} INFO - Processing /home/airflow/.local/lib/python3.6/site-packages/airflow/example_dags/example_kubernetes_executor.py took 0.265 seconds
[2021-02-23 10:16:57,821] {scheduler_job.py:182} INFO - Started process (PID=71) to work on /home/airflow/.local/lib/python3.6/site-packages/airflow/example_dags/example_kubernetes_executor.py
[2021-02-23 10:16:57,840] {scheduler_job.py:629} INFO - Processing file /home/airflow/.local/lib/python3.6/site-packages/airflow/example_dags/example_kubernetes_executor.py for tasks to queue
[2021-02-23 10:16:57,848] {logging_mixin.py:104} INFO - [2021-02-23 10:16:57,848] {dagbag.py:448} INFO - Filling up the DagBag from /home/airflow/.local/lib/python3.6/site-packages/airflow/example_dags/example_kubernetes_executor.py
[2021-02-23 10:16:58,132] {scheduler_job.py:639} INFO - DAG(s) dict_keys(['example_kubernetes_executor']) retrieved from /home/airflow/.local/lib/python3.6/site-packages/airflow/example_dags/example_kubernetes_executor.py
[2021-02-23 10:16:58,232] {logging_mixin.py:104} INFO - [2021-02-23 10:16:58,231] {dag.py:1818} INFO - Sync 1 DAGs
[2021-02-23 10:16:58,291] {logging_mixin.py:104} INFO - [2021-02-23 10:16:58,290] {dag.py:2273} INFO - Setting next_dagrun for example_kubernetes_executor to None
[2021-02-23 10:16:58,391] {scheduler_job.py:190} INFO - Processing /home/airflow/.local/lib/python3.6/site-packages/airflow/example_dags/example_kubernetes_executor.py took 0.576 seconds
[2021-02-23 10:17:28,696] {scheduler_job.py:182} INFO - Started process (PID=97) to work on /home/airflow/.local/lib/python3.6/site-packages/airflow/example_dags/example_kubernetes_executor.py
[2021-02-23 10:17:28,706] {scheduler_job.py:629} INFO - Processing file /home/airflow/.local/lib/python3.6/site-packages/airflow/example_dags/example_kubernetes_executor.py for tasks to queue
[2021-02-23 10:17:28,709] {logging_mixin.py:104} INFO - [2021-02-23 10:17:28,709] {dagbag.py:448} INFO - Filling up the DagBag from /home/airflow/.local/lib/python3.6/site-packages/airflow/example_dags/example_kubernetes_executor.py
[2021-02-23 10:17:28,748] {scheduler_job.py:639} INFO - DAG(s) dict_keys(['example_kubernetes_executor']) retrieved from /home/airflow/.local/lib/python3.6/site-packages/airflow/example_dags/example_kubernetes_executor.py
[2021-02-23 10:17:28,836] {logging_mixin.py:104} INFO - [2021-02-23 10:17:28,836] {dag.py:1818} INFO - Sync 1 DAGs
[2021-02-23 10:17:28,898] {logging_mixin.py:104} INFO - [2021-02-23 10:17:28,898] {dag.py:2273} INFO - Setting next_dagrun for example_kubernetes_executor to None
[2021-02-23 10:17:28,935] {scheduler_job.py:190} INFO - Processing /home/airflow/.local/lib/python3.6/site-packages/airflow/example_dags/example_kubernetes_executor.py took 0.243 seconds
[2021-02-23 10:17:59,151] {scheduler_job.py:182} INFO - Started process (PID=124) to work on /home/airflow/.local/lib/python3.6/site-packages/airflow/example_dags/example_kubernetes_executor.py
[2021-02-23 10:17:59,162] {scheduler_job.py:629} INFO - Processing file /home/airflow/.local/lib/python3.6/site-packages/airflow/example_dags/example_kubernetes_executor.py for tasks to queue
[2021-02-23 10:17:59,165] {logging_mixin.py:104} INFO - [2021-02-23 10:17:59,165] {dagbag.py:448} INFO - Filling up the DagBag from /home/airflow/.local/lib/python3.6/site-packages/airflow/example_dags/example_kubernetes_executor.py
[2021-02-23 10:17:59,197] {scheduler_job.py:639} INFO - DAG(s) dict_keys(['example_kubernetes_executor']) retrieved from /home/airflow/.local/lib/python3.6/site-packages/airflow/example_dags/example_kubernetes_executor.py
[2021-02-23 10:17:59,263] {logging_mixin.py:104} INFO - [2021-02-23 10:17:59,263] {dag.py:1818} INFO - Sync 1 DAGs
[2021-02-23 10:17:59,374] {logging_mixin.py:104} INFO - [2021-02-23 10:17:59,374] {dag.py:2273} INFO - Setting next_dagrun for example_kubernetes_executor to None
[2021-02-23 10:17:59,415] {scheduler_job.py:190} INFO - Processing /home/airflow/.local/lib/python3.6/site-packages/airflow/example_dags/example_kubernetes_executor.py took 0.277 seconds
[2021-02-23 10:18:44,381] {scheduler_job.py:182} INFO - Started process (PID=151) to work on /home/airflow/.local/lib/python3.6/site-packages/airflow/example_dags/example_kubernetes_executor.py
[2021-02-23 10:18:44,443] {scheduler_job.py:629} INFO - Processing file /home/airflow/.local/lib/python3.6/site-packages/airflow/example_dags/example_kubernetes_executor.py for tasks to queue
[2021-02-23 10:18:44,462] {logging_mixin.py:104} INFO - [2021-02-23 10:18:44,462] {dagbag.py:448} INFO - Filling up the DagBag from /home/airflow/.local/lib/python3.6/site-packages/airflow/example_dags/example_kubernetes_executor.py
[2021-02-23 10:18:45,491] {scheduler_job.py:639} INFO - DAG(s) dict_keys(['example_kubernetes_executor']) retrieved from /home/airflow/.local/lib/python3.6/site-packages/airflow/example_dags/example_kubernetes_executor.py
[2021-02-23 10:18:45,812] {logging_mixin.py:104} INFO - [2021-02-23 10:18:45,801] {dag.py:1818} INFO - Sync 1 DAGs
[2021-02-23 10:18:46,296] {logging_mixin.py:104} INFO - [2021-02-23 10:18:46,296] {dag.py:2273} INFO - Setting next_dagrun for example_kubernetes_executor to None
[2021-02-23 10:18:46,406] {scheduler_job.py:190} INFO - Processing /home/airflow/.local/lib/python3.6/site-packages/airflow/example_dags/example_kubernetes_executor.py took 2.049 seconds
[2021-02-23 10:19:16,679] {scheduler_job.py:182} INFO - Started process (PID=178) to work on /home/airflow/.local/lib/python3.6/site-packages/airflow/example_dags/example_kubernetes_executor.py
[2021-02-23 10:19:16,682] {scheduler_job.py:629} INFO - Processing file /home/airflow/.local/lib/python3.6/site-packages/airflow/example_dags/example_kubernetes_executor.py for tasks to queue
[2021-02-23 10:19:16,684] {logging_mixin.py:104} INFO - [2021-02-23 10:19:16,684] {dagbag.py:448} INFO - Filling up the DagBag from /home/airflow/.local/lib/python3.6/site-packages/airflow/example_dags/example_kubernetes_executor.py
[2021-02-23 10:19:16,705] {scheduler_job.py:639} INFO - DAG(s) dict_keys(['example_kubernetes_executor']) retrieved from /home/airflow/.local/lib/python3.6/site-packages/airflow/example_dags/example_kubernetes_executor.py
[2021-02-23 10:19:16,732] {logging_mixin.py:104} INFO - [2021-02-23 10:19:16,732] {dag.py:1818} INFO - Sync 1 DAGs
[2021-02-23 10:19:16,749] {logging_mixin.py:104} INFO - [2021-02-23 10:19:16,748] {dag.py:2273} INFO - Setting next_dagrun for example_kubernetes_executor to None
[2021-02-23 10:19:16,760] {scheduler_job.py:190} INFO - Processing /home/airflow/.local/lib/python3.6/site-packages/airflow/example_dags/example_kubernetes_executor.py took 0.085 seconds
[2021-02-23 10:19:47,384] {scheduler_job.py:182} INFO - Started process (PID=205) to work on /home/airflow/.local/lib/python3.6/site-packages/airflow/example_dags/example_kubernetes_executor.py
[2021-02-23 10:19:47,390] {scheduler_job.py:629} INFO - Processing file /home/airflow/.local/lib/python3.6/site-packages/airflow/example_dags/example_kubernetes_executor.py for tasks to queue
[2021-02-23 10:19:47,395] {logging_mixin.py:104} INFO - [2021-02-23 10:19:47,394] {dagbag.py:448} INFO - Filling up the DagBag from /home/airflow/.local/lib/python3.6/site-packages/airflow/example_dags/example_kubernetes_executor.py
[2021-02-23 10:19:47,427] {scheduler_job.py:639} INFO - DAG(s) dict_keys(['example_kubernetes_executor']) retrieved from /home/airflow/.local/lib/python3.6/site-packages/airflow/example_dags/example_kubernetes_executor.py
[2021-02-23 10:19:47,466] {logging_mixin.py:104} INFO - [2021-02-23 10:19:47,465] {dag.py:1818} INFO - Sync 1 DAGs
[2021-02-23 10:19:47,486] {logging_mixin.py:104} INFO - [2021-02-23 10:19:47,486] {dag.py:2273} INFO - Setting next_dagrun for example_kubernetes_executor to None
[2021-02-23 10:19:47,506] {scheduler_job.py:190} INFO - Processing /home/airflow/.local/lib/python3.6/site-packages/airflow/example_dags/example_kubernetes_executor.py took 0.125 seconds
[2021-02-23 10:20:18,035] {scheduler_job.py:182} INFO - Started process (PID=232) to work on /home/airflow/.local/lib/python3.6/site-packages/airflow/example_dags/example_kubernetes_executor.py
[2021-02-23 10:20:18,040] {scheduler_job.py:629} INFO - Processing file /home/airflow/.local/lib/python3.6/site-packages/airflow/example_dags/example_kubernetes_executor.py for tasks to queue
[2021-02-23 10:20:18,046] {logging_mixin.py:104} INFO - [2021-02-23 10:20:18,044] {dagbag.py:448} INFO - Filling up the DagBag from /home/airflow/.local/lib/python3.6/site-packages/airflow/example_dags/example_kubernetes_executor.py
[2021-02-23 10:20:18,107] {scheduler_job.py:639} INFO - DAG(s) dict_keys(['example_kubernetes_executor']) retrieved from /home/airflow/.local/lib/python3.6/site-packages/airflow/example_dags/example_kubernetes_executor.py
[2021-02-23 10:20:18,191] {logging_mixin.py:104} INFO - [2021-02-23 10:20:18,190] {dag.py:1818} INFO - Sync 1 DAGs
[2021-02-23 10:20:18,245] {logging_mixin.py:104} INFO - [2021-02-23 10:20:18,245] {dag.py:2273} INFO - Setting next_dagrun for example_kubernetes_executor to None
[2021-02-23 10:20:18,270] {scheduler_job.py:190} INFO - Processing /home/airflow/.local/lib/python3.6/site-packages/airflow/example_dags/example_kubernetes_executor.py took 0.246 seconds
[2021-02-23 10:20:48,617] {scheduler_job.py:182} INFO - Started process (PID=259) to work on /home/airflow/.local/lib/python3.6/site-packages/airflow/example_dags/example_kubernetes_executor.py
[2021-02-23 10:20:48,622] {scheduler_job.py:629} INFO - Processing file /home/airflow/.local/lib/python3.6/site-packages/airflow/example_dags/example_kubernetes_executor.py for tasks to queue
[2021-02-23 10:20:48,628] {logging_mixin.py:104} INFO - [2021-02-23 10:20:48,627] {dagbag.py:448} INFO - Filling up the DagBag from /home/airflow/.local/lib/python3.6/site-packages/airflow/example_dags/example_kubernetes_executor.py
[2021-02-23 10:20:48,667] {scheduler_job.py:639} INFO - DAG(s) dict_keys(['example_kubernetes_executor']) retrieved from /home/airflow/.local/lib/python3.6/site-packages/airflow/example_dags/example_kubernetes_executor.py
[2021-02-23 10:20:48,740] {logging_mixin.py:104} INFO - [2021-02-23 10:20:48,740] {dag.py:1818} INFO - Sync 1 DAGs
[2021-02-23 10:20:48,795] {logging_mixin.py:104} INFO - [2021-02-23 10:20:48,795] {dag.py:2273} INFO - Setting next_dagrun for example_kubernetes_executor to None
[2021-02-23 10:20:48,815] {scheduler_job.py:190} INFO - Processing /home/airflow/.local/lib/python3.6/site-packages/airflow/example_dags/example_kubernetes_executor.py took 0.230 seconds
[2021-02-23 10:22:27,495] {scheduler_job.py:182} INFO - Started process (PID=25) to work on /home/airflow/.local/lib/python3.6/site-packages/airflow/example_dags/example_kubernetes_executor.py
[2021-02-23 10:22:27,510] {scheduler_job.py:629} INFO - Processing file /home/airflow/.local/lib/python3.6/site-packages/airflow/example_dags/example_kubernetes_executor.py for tasks to queue
[2021-02-23 10:22:27,521] {logging_mixin.py:104} INFO - [2021-02-23 10:22:27,521] {dagbag.py:448} INFO - Filling up the DagBag from /home/airflow/.local/lib/python3.6/site-packages/airflow/example_dags/example_kubernetes_executor.py
[2021-02-23 10:22:27,815] {scheduler_job.py:639} INFO - DAG(s) dict_keys(['example_kubernetes_executor']) retrieved from /home/airflow/.local/lib/python3.6/site-packages/airflow/example_dags/example_kubernetes_executor.py
[2021-02-23 10:22:28,191] {logging_mixin.py:104} INFO - [2021-02-23 10:22:28,191] {dag.py:1818} INFO - Sync 1 DAGs
[2021-02-23 10:22:28,640] {logging_mixin.py:104} INFO - [2021-02-23 10:22:28,640] {dag.py:2273} INFO - Setting next_dagrun for example_kubernetes_executor to None
[2021-02-23 10:22:28,800] {scheduler_job.py:190} INFO - Processing /home/airflow/.local/lib/python3.6/site-packages/airflow/example_dags/example_kubernetes_executor.py took 1.383 seconds
[2021-02-23 10:22:59,592] {scheduler_job.py:182} INFO - Started process (PID=52) to work on /home/airflow/.local/lib/python3.6/site-packages/airflow/example_dags/example_kubernetes_executor.py
[2021-02-23 10:22:59,614] {scheduler_job.py:629} INFO - Processing file /home/airflow/.local/lib/python3.6/site-packages/airflow/example_dags/example_kubernetes_executor.py for tasks to queue
[2021-02-23 10:22:59,646] {logging_mixin.py:104} INFO - [2021-02-23 10:22:59,631] {dagbag.py:448} INFO - Filling up the DagBag from /home/airflow/.local/lib/python3.6/site-packages/airflow/example_dags/example_kubernetes_executor.py
[2021-02-23 10:22:59,979] {scheduler_job.py:639} INFO - DAG(s) dict_keys(['example_kubernetes_executor']) retrieved from /home/airflow/.local/lib/python3.6/site-packages/airflow/example_dags/example_kubernetes_executor.py
[2021-02-23 10:23:00,080] {logging_mixin.py:104} INFO - [2021-02-23 10:23:00,080] {dag.py:1818} INFO - Sync 1 DAGs
[2021-02-23 10:23:00,140] {logging_mixin.py:104} INFO - [2021-02-23 10:23:00,140] {dag.py:2273} INFO - Setting next_dagrun for example_kubernetes_executor to None
[2021-02-23 10:23:00,216] {scheduler_job.py:190} INFO - Processing /home/airflow/.local/lib/python3.6/site-packages/airflow/example_dags/example_kubernetes_executor.py took 0.677 seconds
[2021-02-23 10:23:31,859] {scheduler_job.py:182} INFO - Started process (PID=80) to work on /home/airflow/.local/lib/python3.6/site-packages/airflow/example_dags/example_kubernetes_executor.py
[2021-02-23 10:23:31,876] {scheduler_job.py:629} INFO - Processing file /home/airflow/.local/lib/python3.6/site-packages/airflow/example_dags/example_kubernetes_executor.py for tasks to queue
[2021-02-23 10:23:31,881] {logging_mixin.py:104} INFO - [2021-02-23 10:23:31,881] {dagbag.py:448} INFO - Filling up the DagBag from /home/airflow/.local/lib/python3.6/site-packages/airflow/example_dags/example_kubernetes_executor.py
[2021-02-23 10:23:32,044] {scheduler_job.py:639} INFO - DAG(s) dict_keys(['example_kubernetes_executor']) retrieved from /home/airflow/.local/lib/python3.6/site-packages/airflow/example_dags/example_kubernetes_executor.py
[2021-02-23 10:23:32,209] {logging_mixin.py:104} INFO - [2021-02-23 10:23:32,200] {dag.py:1818} INFO - Sync 1 DAGs
[2021-02-23 10:23:32,348] {logging_mixin.py:104} INFO - [2021-02-23 10:23:32,348] {dag.py:2273} INFO - Setting next_dagrun for example_kubernetes_executor to None
[2021-02-23 10:23:32,440] {scheduler_job.py:190} INFO - Processing /home/airflow/.local/lib/python3.6/site-packages/airflow/example_dags/example_kubernetes_executor.py took 0.603 seconds
[2021-02-23 10:24:04,890] {scheduler_job.py:182} INFO - Started process (PID=107) to work on /home/airflow/.local/lib/python3.6/site-packages/airflow/example_dags/example_kubernetes_executor.py
[2021-02-23 10:24:04,910] {scheduler_job.py:629} INFO - Processing file /home/airflow/.local/lib/python3.6/site-packages/airflow/example_dags/example_kubernetes_executor.py for tasks to queue
[2021-02-23 10:24:04,932] {logging_mixin.py:104} INFO - [2021-02-23 10:24:04,932] {dagbag.py:448} INFO - Filling up the DagBag from /home/airflow/.local/lib/python3.6/site-packages/airflow/example_dags/example_kubernetes_executor.py
[2021-02-23 10:24:05,130] {scheduler_job.py:639} INFO - DAG(s) dict_keys(['example_kubernetes_executor']) retrieved from /home/airflow/.local/lib/python3.6/site-packages/airflow/example_dags/example_kubernetes_executor.py
[2021-02-23 10:24:05,386] {logging_mixin.py:104} INFO - [2021-02-23 10:24:05,382] {dag.py:1818} INFO - Sync 1 DAGs
[2021-02-23 10:24:05,479] {logging_mixin.py:104} INFO - [2021-02-23 10:24:05,479] {dag.py:2273} INFO - Setting next_dagrun for example_kubernetes_executor to None
[2021-02-23 10:24:05,523] {scheduler_job.py:190} INFO - Processing /home/airflow/.local/lib/python3.6/site-packages/airflow/example_dags/example_kubernetes_executor.py took 0.677 seconds
[2021-02-23 10:24:36,363] {scheduler_job.py:182} INFO - Started process (PID=135) to work on /home/airflow/.local/lib/python3.6/site-packages/airflow/example_dags/example_kubernetes_executor.py
[2021-02-23 10:24:36,368] {scheduler_job.py:629} INFO - Processing file /home/airflow/.local/lib/python3.6/site-packages/airflow/example_dags/example_kubernetes_executor.py for tasks to queue
[2021-02-23 10:24:36,371] {logging_mixin.py:104} INFO - [2021-02-23 10:24:36,371] {dagbag.py:448} INFO - Filling up the DagBag from /home/airflow/.local/lib/python3.6/site-packages/airflow/example_dags/example_kubernetes_executor.py
[2021-02-23 10:24:36,441] {scheduler_job.py:639} INFO - DAG(s) dict_keys(['example_kubernetes_executor']) retrieved from /home/airflow/.local/lib/python3.6/site-packages/airflow/example_dags/example_kubernetes_executor.py
[2021-02-23 10:24:36,666] {logging_mixin.py:104} INFO - [2021-02-23 10:24:36,666] {dag.py:1818} INFO - Sync 1 DAGs
[2021-02-23 10:24:36,763] {logging_mixin.py:104} INFO - [2021-02-23 10:24:36,763] {dag.py:2273} INFO - Setting next_dagrun for example_kubernetes_executor to None
[2021-02-23 10:24:36,797] {scheduler_job.py:190} INFO - Processing /home/airflow/.local/lib/python3.6/site-packages/airflow/example_dags/example_kubernetes_executor.py took 0.449 seconds
[2021-02-23 10:25:08,239] {scheduler_job.py:182} INFO - Started process (PID=162) to work on /home/airflow/.local/lib/python3.6/site-packages/airflow/example_dags/example_kubernetes_executor.py
[2021-02-23 10:25:08,315] {scheduler_job.py:629} INFO - Processing file /home/airflow/.local/lib/python3.6/site-packages/airflow/example_dags/example_kubernetes_executor.py for tasks to queue
[2021-02-23 10:25:08,348] {logging_mixin.py:104} INFO - [2021-02-23 10:25:08,348] {dagbag.py:448} INFO - Filling up the DagBag from /home/airflow/.local/lib/python3.6/site-packages/airflow/example_dags/example_kubernetes_executor.py
[2021-02-23 10:25:08,717] {scheduler_job.py:639} INFO - DAG(s) dict_keys(['example_kubernetes_executor']) retrieved from /home/airflow/.local/lib/python3.6/site-packages/airflow/example_dags/example_kubernetes_executor.py
[2021-02-23 10:25:08,962] {logging_mixin.py:104} INFO - [2021-02-23 10:25:08,961] {dag.py:1818} INFO - Sync 1 DAGs
[2021-02-23 10:25:09,168] {logging_mixin.py:104} INFO - [2021-02-23 10:25:09,168] {dag.py:2273} INFO - Setting next_dagrun for example_kubernetes_executor to None
[2021-02-23 10:25:09,348] {scheduler_job.py:190} INFO - Processing /home/airflow/.local/lib/python3.6/site-packages/airflow/example_dags/example_kubernetes_executor.py took 1.244 seconds
[2021-02-23 10:25:40,656] {scheduler_job.py:182} INFO - Started process (PID=189) to work on /home/airflow/.local/lib/python3.6/site-packages/airflow/example_dags/example_kubernetes_executor.py
[2021-02-23 10:25:40,665] {scheduler_job.py:629} INFO - Processing file /home/airflow/.local/lib/python3.6/site-packages/airflow/example_dags/example_kubernetes_executor.py for tasks to queue
[2021-02-23 10:25:40,667] {logging_mixin.py:104} INFO - [2021-02-23 10:25:40,667] {dagbag.py:448} INFO - Filling up the DagBag from /home/airflow/.local/lib/python3.6/site-packages/airflow/example_dags/example_kubernetes_executor.py
[2021-02-23 10:25:40,744] {scheduler_job.py:639} INFO - DAG(s) dict_keys(['example_kubernetes_executor']) retrieved from /home/airflow/.local/lib/python3.6/site-packages/airflow/example_dags/example_kubernetes_executor.py
[2021-02-23 10:25:40,837] {logging_mixin.py:104} INFO - [2021-02-23 10:25:40,835] {dag.py:1818} INFO - Sync 1 DAGs
[2021-02-23 10:25:40,934] {logging_mixin.py:104} INFO - [2021-02-23 10:25:40,934] {dag.py:2273} INFO - Setting next_dagrun for example_kubernetes_executor to None
[2021-02-23 10:25:41,038] {scheduler_job.py:190} INFO - Processing /home/airflow/.local/lib/python3.6/site-packages/airflow/example_dags/example_kubernetes_executor.py took 0.393 seconds
[2021-02-23 10:26:28,656] {scheduler_job.py:182} INFO - Started process (PID=205) to work on /home/airflow/.local/lib/python3.6/site-packages/airflow/example_dags/example_kubernetes_executor.py
[2021-02-23 10:26:28,661] {scheduler_job.py:629} INFO - Processing file /home/airflow/.local/lib/python3.6/site-packages/airflow/example_dags/example_kubernetes_executor.py for tasks to queue
[2021-02-23 10:26:28,664] {logging_mixin.py:104} INFO - [2021-02-23 10:26:28,663] {dagbag.py:448} INFO - Filling up the DagBag from /home/airflow/.local/lib/python3.6/site-packages/airflow/example_dags/example_kubernetes_executor.py
[2021-02-23 10:26:28,733] {scheduler_job.py:639} INFO - DAG(s) dict_keys(['example_kubernetes_executor']) retrieved from /home/airflow/.local/lib/python3.6/site-packages/airflow/example_dags/example_kubernetes_executor.py
[2021-02-23 10:26:28,833] {logging_mixin.py:104} INFO - [2021-02-23 10:26:28,833] {dag.py:1818} INFO - Sync 1 DAGs
[2021-02-23 10:26:28,917] {logging_mixin.py:104} INFO - [2021-02-23 10:26:28,917] {dag.py:2273} INFO - Setting next_dagrun for example_kubernetes_executor to None
[2021-02-23 10:26:28,967] {scheduler_job.py:190} INFO - Processing /home/airflow/.local/lib/python3.6/site-packages/airflow/example_dags/example_kubernetes_executor.py took 0.323 seconds
[2021-02-23 10:27:11,909] {scheduler_job.py:182} INFO - Started process (PID=229) to work on /home/airflow/.local/lib/python3.6/site-packages/airflow/example_dags/example_kubernetes_executor.py
[2021-02-23 10:27:11,929] {scheduler_job.py:629} INFO - Processing file /home/airflow/.local/lib/python3.6/site-packages/airflow/example_dags/example_kubernetes_executor.py for tasks to queue
[2021-02-23 10:27:11,934] {logging_mixin.py:104} INFO - [2021-02-23 10:27:11,933] {dagbag.py:448} INFO - Filling up the DagBag from /home/airflow/.local/lib/python3.6/site-packages/airflow/example_dags/example_kubernetes_executor.py
[2021-02-23 10:27:12,018] {scheduler_job.py:639} INFO - DAG(s) dict_keys(['example_kubernetes_executor']) retrieved from /home/airflow/.local/lib/python3.6/site-packages/airflow/example_dags/example_kubernetes_executor.py
[2021-02-23 10:27:12,112] {logging_mixin.py:104} INFO - [2021-02-23 10:27:12,111] {dag.py:1818} INFO - Sync 1 DAGs
[2021-02-23 10:27:12,175] {logging_mixin.py:104} INFO - [2021-02-23 10:27:12,175] {dag.py:2273} INFO - Setting next_dagrun for example_kubernetes_executor to None
[2021-02-23 10:27:12,216] {scheduler_job.py:190} INFO - Processing /home/airflow/.local/lib/python3.6/site-packages/airflow/example_dags/example_kubernetes_executor.py took 0.323 seconds
[2021-02-23 10:32:07,986] {scheduler_job.py:182} INFO - Started process (PID=40) to work on /home/airflow/.local/lib/python3.6/site-packages/airflow/example_dags/example_kubernetes_executor.py
[2021-02-23 10:32:07,998] {scheduler_job.py:629} INFO - Processing file /home/airflow/.local/lib/python3.6/site-packages/airflow/example_dags/example_kubernetes_executor.py for tasks to queue
[2021-02-23 10:32:08,008] {logging_mixin.py:104} INFO - [2021-02-23 10:32:08,008] {dagbag.py:448} INFO - Filling up the DagBag from /home/airflow/.local/lib/python3.6/site-packages/airflow/example_dags/example_kubernetes_executor.py
[2021-02-23 10:32:08,105] {scheduler_job.py:639} INFO - DAG(s) dict_keys(['example_kubernetes_executor']) retrieved from /home/airflow/.local/lib/python3.6/site-packages/airflow/example_dags/example_kubernetes_executor.py
[2021-02-23 10:32:08,251] {logging_mixin.py:104} INFO - [2021-02-23 10:32:08,244] {dag.py:1818} INFO - Sync 1 DAGs
[2021-02-23 10:32:08,353] {logging_mixin.py:104} INFO - [2021-02-23 10:32:08,353] {dag.py:2273} INFO - Setting next_dagrun for example_kubernetes_executor to None
[2021-02-23 10:32:08,409] {scheduler_job.py:190} INFO - Processing /home/airflow/.local/lib/python3.6/site-packages/airflow/example_dags/example_kubernetes_executor.py took 0.449 seconds
[2021-02-23 10:32:39,698] {scheduler_job.py:182} INFO - Started process (PID=67) to work on /home/airflow/.local/lib/python3.6/site-packages/airflow/example_dags/example_kubernetes_executor.py
[2021-02-23 10:32:39,705] {scheduler_job.py:629} INFO - Processing file /home/airflow/.local/lib/python3.6/site-packages/airflow/example_dags/example_kubernetes_executor.py for tasks to queue
[2021-02-23 10:32:39,726] {logging_mixin.py:104} INFO - [2021-02-23 10:32:39,725] {dagbag.py:448} INFO - Filling up the DagBag from /home/airflow/.local/lib/python3.6/site-packages/airflow/example_dags/example_kubernetes_executor.py
[2021-02-23 10:32:39,935] {scheduler_job.py:639} INFO - DAG(s) dict_keys(['example_kubernetes_executor']) retrieved from /home/airflow/.local/lib/python3.6/site-packages/airflow/example_dags/example_kubernetes_executor.py
[2021-02-23 10:32:40,192] {logging_mixin.py:104} INFO - [2021-02-23 10:32:40,191] {dag.py:1818} INFO - Sync 1 DAGs
[2021-02-23 10:32:40,430] {logging_mixin.py:104} INFO - [2021-02-23 10:32:40,430] {dag.py:2273} INFO - Setting next_dagrun for example_kubernetes_executor to None
[2021-02-23 10:32:40,497] {scheduler_job.py:190} INFO - Processing /home/airflow/.local/lib/python3.6/site-packages/airflow/example_dags/example_kubernetes_executor.py took 0.849 seconds
[2021-02-23 10:33:11,259] {scheduler_job.py:182} INFO - Started process (PID=94) to work on /home/airflow/.local/lib/python3.6/site-packages/airflow/example_dags/example_kubernetes_executor.py
[2021-02-23 10:33:11,263] {scheduler_job.py:629} INFO - Processing file /home/airflow/.local/lib/python3.6/site-packages/airflow/example_dags/example_kubernetes_executor.py for tasks to queue
[2021-02-23 10:33:11,266] {logging_mixin.py:104} INFO - [2021-02-23 10:33:11,266] {dagbag.py:448} INFO - Filling up the DagBag from /home/airflow/.local/lib/python3.6/site-packages/airflow/example_dags/example_kubernetes_executor.py
[2021-02-23 10:33:11,326] {scheduler_job.py:639} INFO - DAG(s) dict_keys(['example_kubernetes_executor']) retrieved from /home/airflow/.local/lib/python3.6/site-packages/airflow/example_dags/example_kubernetes_executor.py
[2021-02-23 10:33:11,411] {logging_mixin.py:104} INFO - [2021-02-23 10:33:11,411] {dag.py:1818} INFO - Sync 1 DAGs
[2021-02-23 10:33:11,553] {logging_mixin.py:104} INFO - [2021-02-23 10:33:11,548] {dag.py:2273} INFO - Setting next_dagrun for example_kubernetes_executor to None
[2021-02-23 10:33:11,606] {scheduler_job.py:190} INFO - Processing /home/airflow/.local/lib/python3.6/site-packages/airflow/example_dags/example_kubernetes_executor.py took 0.369 seconds
[2021-02-23 10:33:42,133] {scheduler_job.py:182} INFO - Started process (PID=121) to work on /home/airflow/.local/lib/python3.6/site-packages/airflow/example_dags/example_kubernetes_executor.py
[2021-02-23 10:33:42,138] {scheduler_job.py:629} INFO - Processing file /home/airflow/.local/lib/python3.6/site-packages/airflow/example_dags/example_kubernetes_executor.py for tasks to queue
[2021-02-23 10:33:42,140] {logging_mixin.py:104} INFO - [2021-02-23 10:33:42,140] {dagbag.py:448} INFO - Filling up the DagBag from /home/airflow/.local/lib/python3.6/site-packages/airflow/example_dags/example_kubernetes_executor.py
[2021-02-23 10:33:42,171] {scheduler_job.py:639} INFO - DAG(s) dict_keys(['example_kubernetes_executor']) retrieved from /home/airflow/.local/lib/python3.6/site-packages/airflow/example_dags/example_kubernetes_executor.py
[2021-02-23 10:33:42,217] {logging_mixin.py:104} INFO - [2021-02-23 10:33:42,217] {dag.py:1818} INFO - Sync 1 DAGs
[2021-02-23 10:33:42,250] {logging_mixin.py:104} INFO - [2021-02-23 10:33:42,250] {dag.py:2273} INFO - Setting next_dagrun for example_kubernetes_executor to None
[2021-02-23 10:33:42,269] {scheduler_job.py:190} INFO - Processing /home/airflow/.local/lib/python3.6/site-packages/airflow/example_dags/example_kubernetes_executor.py took 0.144 seconds
[2021-02-23 10:34:12,603] {scheduler_job.py:182} INFO - Started process (PID=149) to work on /home/airflow/.local/lib/python3.6/site-packages/airflow/example_dags/example_kubernetes_executor.py
[2021-02-23 10:34:12,612] {scheduler_job.py:629} INFO - Processing file /home/airflow/.local/lib/python3.6/site-packages/airflow/example_dags/example_kubernetes_executor.py for tasks to queue
[2021-02-23 10:34:12,614] {logging_mixin.py:104} INFO - [2021-02-23 10:34:12,613] {dagbag.py:448} INFO - Filling up the DagBag from /home/airflow/.local/lib/python3.6/site-packages/airflow/example_dags/example_kubernetes_executor.py
[2021-02-23 10:34:12,646] {scheduler_job.py:639} INFO - DAG(s) dict_keys(['example_kubernetes_executor']) retrieved from /home/airflow/.local/lib/python3.6/site-packages/airflow/example_dags/example_kubernetes_executor.py
[2021-02-23 10:34:12,686] {logging_mixin.py:104} INFO - [2021-02-23 10:34:12,686] {dag.py:1818} INFO - Sync 1 DAGs
[2021-02-23 10:34:12,721] {logging_mixin.py:104} INFO - [2021-02-23 10:34:12,721] {dag.py:2273} INFO - Setting next_dagrun for example_kubernetes_executor to None
[2021-02-23 10:34:12,741] {scheduler_job.py:190} INFO - Processing /home/airflow/.local/lib/python3.6/site-packages/airflow/example_dags/example_kubernetes_executor.py took 0.142 seconds
[2021-02-23 10:34:42,982] {scheduler_job.py:182} INFO - Started process (PID=176) to work on /home/airflow/.local/lib/python3.6/site-packages/airflow/example_dags/example_kubernetes_executor.py
[2021-02-23 10:34:42,990] {scheduler_job.py:629} INFO - Processing file /home/airflow/.local/lib/python3.6/site-packages/airflow/example_dags/example_kubernetes_executor.py for tasks to queue
[2021-02-23 10:34:42,992] {logging_mixin.py:104} INFO - [2021-02-23 10:34:42,992] {dagbag.py:448} INFO - Filling up the DagBag from /home/airflow/.local/lib/python3.6/site-packages/airflow/example_dags/example_kubernetes_executor.py
[2021-02-23 10:34:43,024] {scheduler_job.py:639} INFO - DAG(s) dict_keys(['example_kubernetes_executor']) retrieved from /home/airflow/.local/lib/python3.6/site-packages/airflow/example_dags/example_kubernetes_executor.py
[2021-02-23 10:34:43,071] {logging_mixin.py:104} INFO - [2021-02-23 10:34:43,070] {dag.py:1818} INFO - Sync 1 DAGs
[2021-02-23 10:34:43,103] {logging_mixin.py:104} INFO - [2021-02-23 10:34:43,103] {dag.py:2273} INFO - Setting next_dagrun for example_kubernetes_executor to None
[2021-02-23 10:34:43,121] {scheduler_job.py:190} INFO - Processing /home/airflow/.local/lib/python3.6/site-packages/airflow/example_dags/example_kubernetes_executor.py took 0.146 seconds
[2021-02-23 10:35:13,338] {scheduler_job.py:182} INFO - Started process (PID=200) to work on /home/airflow/.local/lib/python3.6/site-packages/airflow/example_dags/example_kubernetes_executor.py
[2021-02-23 10:35:13,340] {scheduler_job.py:629} INFO - Processing file /home/airflow/.local/lib/python3.6/site-packages/airflow/example_dags/example_kubernetes_executor.py for tasks to queue
[2021-02-23 10:35:13,342] {logging_mixin.py:104} INFO - [2021-02-23 10:35:13,342] {dagbag.py:448} INFO - Filling up the DagBag from /home/airflow/.local/lib/python3.6/site-packages/airflow/example_dags/example_kubernetes_executor.py
[2021-02-23 10:35:13,375] {scheduler_job.py:639} INFO - DAG(s) dict_keys(['example_kubernetes_executor']) retrieved from /home/airflow/.local/lib/python3.6/site-packages/airflow/example_dags/example_kubernetes_executor.py
[2021-02-23 10:35:13,418] {logging_mixin.py:104} INFO - [2021-02-23 10:35:13,418] {dag.py:1818} INFO - Sync 1 DAGs
[2021-02-23 10:35:13,459] {logging_mixin.py:104} INFO - [2021-02-23 10:35:13,459] {dag.py:2273} INFO - Setting next_dagrun for example_kubernetes_executor to None
[2021-02-23 10:35:13,492] {scheduler_job.py:190} INFO - Processing /home/airflow/.local/lib/python3.6/site-packages/airflow/example_dags/example_kubernetes_executor.py took 0.164 seconds
[2021-02-23 10:35:43,725] {scheduler_job.py:182} INFO - Started process (PID=227) to work on /home/airflow/.local/lib/python3.6/site-packages/airflow/example_dags/example_kubernetes_executor.py
[2021-02-23 10:35:43,731] {scheduler_job.py:629} INFO - Processing file /home/airflow/.local/lib/python3.6/site-packages/airflow/example_dags/example_kubernetes_executor.py for tasks to queue
[2021-02-23 10:35:43,737] {logging_mixin.py:104} INFO - [2021-02-23 10:35:43,735] {dagbag.py:448} INFO - Filling up the DagBag from /home/airflow/.local/lib/python3.6/site-packages/airflow/example_dags/example_kubernetes_executor.py
[2021-02-23 10:35:43,841] {scheduler_job.py:639} INFO - DAG(s) dict_keys(['example_kubernetes_executor']) retrieved from /home/airflow/.local/lib/python3.6/site-packages/airflow/example_dags/example_kubernetes_executor.py
[2021-02-23 10:35:43,950] {logging_mixin.py:104} INFO - [2021-02-23 10:35:43,950] {dag.py:1818} INFO - Sync 1 DAGs
[2021-02-23 10:35:44,029] {logging_mixin.py:104} INFO - [2021-02-23 10:35:44,029] {dag.py:2273} INFO - Setting next_dagrun for example_kubernetes_executor to None
[2021-02-23 10:35:44,072] {scheduler_job.py:190} INFO - Processing /home/airflow/.local/lib/python3.6/site-packages/airflow/example_dags/example_kubernetes_executor.py took 0.356 seconds
[2021-02-23 10:36:14,660] {scheduler_job.py:182} INFO - Started process (PID=254) to work on /home/airflow/.local/lib/python3.6/site-packages/airflow/example_dags/example_kubernetes_executor.py
[2021-02-23 10:36:14,667] {scheduler_job.py:629} INFO - Processing file /home/airflow/.local/lib/python3.6/site-packages/airflow/example_dags/example_kubernetes_executor.py for tasks to queue
[2021-02-23 10:36:14,670] {logging_mixin.py:104} INFO - [2021-02-23 10:36:14,669] {dagbag.py:448} INFO - Filling up the DagBag from /home/airflow/.local/lib/python3.6/site-packages/airflow/example_dags/example_kubernetes_executor.py
[2021-02-23 10:36:14,702] {scheduler_job.py:639} INFO - DAG(s) dict_keys(['example_kubernetes_executor']) retrieved from /home/airflow/.local/lib/python3.6/site-packages/airflow/example_dags/example_kubernetes_executor.py
[2021-02-23 10:36:14,745] {logging_mixin.py:104} INFO - [2021-02-23 10:36:14,745] {dag.py:1818} INFO - Sync 1 DAGs
[2021-02-23 10:36:14,792] {logging_mixin.py:104} INFO - [2021-02-23 10:36:14,792] {dag.py:2273} INFO - Setting next_dagrun for example_kubernetes_executor to None
[2021-02-23 10:36:14,825] {scheduler_job.py:190} INFO - Processing /home/airflow/.local/lib/python3.6/site-packages/airflow/example_dags/example_kubernetes_executor.py took 0.169 seconds
[2021-02-23 10:36:45,671] {scheduler_job.py:182} INFO - Started process (PID=281) to work on /home/airflow/.local/lib/python3.6/site-packages/airflow/example_dags/example_kubernetes_executor.py
[2021-02-23 10:36:45,677] {scheduler_job.py:629} INFO - Processing file /home/airflow/.local/lib/python3.6/site-packages/airflow/example_dags/example_kubernetes_executor.py for tasks to queue
[2021-02-23 10:36:45,679] {logging_mixin.py:104} INFO - [2021-02-23 10:36:45,679] {dagbag.py:448} INFO - Filling up the DagBag from /home/airflow/.local/lib/python3.6/site-packages/airflow/example_dags/example_kubernetes_executor.py
[2021-02-23 10:36:45,742] {scheduler_job.py:639} INFO - DAG(s) dict_keys(['example_kubernetes_executor']) retrieved from /home/airflow/.local/lib/python3.6/site-packages/airflow/example_dags/example_kubernetes_executor.py
[2021-02-23 10:36:45,857] {logging_mixin.py:104} INFO - [2021-02-23 10:36:45,857] {dag.py:1818} INFO - Sync 1 DAGs
[2021-02-23 10:36:45,932] {logging_mixin.py:104} INFO - [2021-02-23 10:36:45,932] {dag.py:2273} INFO - Setting next_dagrun for example_kubernetes_executor to None
[2021-02-23 10:36:45,959] {scheduler_job.py:190} INFO - Processing /home/airflow/.local/lib/python3.6/site-packages/airflow/example_dags/example_kubernetes_executor.py took 0.297 seconds
[2021-02-23 10:37:42,787] {scheduler_job.py:182} INFO - Started process (PID=47) to work on /home/airflow/.local/lib/python3.6/site-packages/airflow/example_dags/example_kubernetes_executor.py
[2021-02-23 10:37:42,790] {scheduler_job.py:629} INFO - Processing file /home/airflow/.local/lib/python3.6/site-packages/airflow/example_dags/example_kubernetes_executor.py for tasks to queue
[2021-02-23 10:37:42,791] {logging_mixin.py:104} INFO - [2021-02-23 10:37:42,791] {dagbag.py:448} INFO - Filling up the DagBag from /home/airflow/.local/lib/python3.6/site-packages/airflow/example_dags/example_kubernetes_executor.py
[2021-02-23 10:37:42,835] {scheduler_job.py:639} INFO - DAG(s) dict_keys(['example_kubernetes_executor']) retrieved from /home/airflow/.local/lib/python3.6/site-packages/airflow/example_dags/example_kubernetes_executor.py
[2021-02-23 10:37:42,915] {logging_mixin.py:104} INFO - [2021-02-23 10:37:42,915] {dag.py:1818} INFO - Sync 1 DAGs
[2021-02-23 10:37:43,011] {logging_mixin.py:104} INFO - [2021-02-23 10:37:43,011] {dag.py:2273} INFO - Setting next_dagrun for example_kubernetes_executor to None
[2021-02-23 10:37:43,081] {scheduler_job.py:190} INFO - Processing /home/airflow/.local/lib/python3.6/site-packages/airflow/example_dags/example_kubernetes_executor.py took 0.308 seconds
[2021-02-23 10:38:13,145] {scheduler_job.py:182} INFO - Started process (PID=74) to work on /home/airflow/.local/lib/python3.6/site-packages/airflow/example_dags/example_kubernetes_executor.py
[2021-02-23 10:38:13,147] {scheduler_job.py:629} INFO - Processing file /home/airflow/.local/lib/python3.6/site-packages/airflow/example_dags/example_kubernetes_executor.py for tasks to queue
[2021-02-23 10:38:13,150] {logging_mixin.py:104} INFO - [2021-02-23 10:38:13,150] {dagbag.py:448} INFO - Filling up the DagBag from /home/airflow/.local/lib/python3.6/site-packages/airflow/example_dags/example_kubernetes_executor.py
[2021-02-23 10:38:13,176] {scheduler_job.py:639} INFO - DAG(s) dict_keys(['example_kubernetes_executor']) retrieved from /home/airflow/.local/lib/python3.6/site-packages/airflow/example_dags/example_kubernetes_executor.py
[2021-02-23 10:38:13,220] {logging_mixin.py:104} INFO - [2021-02-23 10:38:13,219] {dag.py:1818} INFO - Sync 1 DAGs
[2021-02-23 10:38:13,245] {logging_mixin.py:104} INFO - [2021-02-23 10:38:13,245] {dag.py:2273} INFO - Setting next_dagrun for example_kubernetes_executor to None
[2021-02-23 10:38:13,266] {scheduler_job.py:190} INFO - Processing /home/airflow/.local/lib/python3.6/site-packages/airflow/example_dags/example_kubernetes_executor.py took 0.127 seconds
