[2021-02-23 10:15:15,478] {scheduler_job.py:182} INFO - Started process (PID=43) to work on /home/airflow/.local/lib/python3.6/site-packages/airflow/example_dags/example_complex.py
[2021-02-23 10:15:15,485] {scheduler_job.py:629} INFO - Processing file /home/airflow/.local/lib/python3.6/site-packages/airflow/example_dags/example_complex.py for tasks to queue
[2021-02-23 10:15:15,508] {logging_mixin.py:104} INFO - [2021-02-23 10:15:15,508] {dagbag.py:448} INFO - Filling up the DagBag from /home/airflow/.local/lib/python3.6/site-packages/airflow/example_dags/example_complex.py
[2021-02-23 10:15:15,682] {scheduler_job.py:639} INFO - DAG(s) dict_keys(['example_complex']) retrieved from /home/airflow/.local/lib/python3.6/site-packages/airflow/example_dags/example_complex.py
[2021-02-23 10:15:15,893] {logging_mixin.py:104} INFO - [2021-02-23 10:15:15,893] {dag.py:1818} INFO - Sync 1 DAGs
[2021-02-23 10:15:15,934] {logging_mixin.py:104} INFO - [2021-02-23 10:15:15,934] {dag.py:1837} INFO - Creating ORM DAG for example_complex
[2021-02-23 10:15:15,970] {logging_mixin.py:104} INFO - [2021-02-23 10:15:15,970] {dag.py:2273} INFO - Setting next_dagrun for example_complex to None
[2021-02-23 10:15:16,018] {scheduler_job.py:190} INFO - Processing /home/airflow/.local/lib/python3.6/site-packages/airflow/example_dags/example_complex.py took 0.555 seconds
[2021-02-23 10:16:58,832] {scheduler_job.py:182} INFO - Started process (PID=73) to work on /home/airflow/.local/lib/python3.6/site-packages/airflow/example_dags/example_complex.py
[2021-02-23 10:16:58,847] {scheduler_job.py:629} INFO - Processing file /home/airflow/.local/lib/python3.6/site-packages/airflow/example_dags/example_complex.py for tasks to queue
[2021-02-23 10:16:58,856] {logging_mixin.py:104} INFO - [2021-02-23 10:16:58,853] {dagbag.py:448} INFO - Filling up the DagBag from /home/airflow/.local/lib/python3.6/site-packages/airflow/example_dags/example_complex.py
[2021-02-23 10:16:58,959] {scheduler_job.py:639} INFO - DAG(s) dict_keys(['example_complex']) retrieved from /home/airflow/.local/lib/python3.6/site-packages/airflow/example_dags/example_complex.py
[2021-02-23 10:16:59,067] {logging_mixin.py:104} INFO - [2021-02-23 10:16:59,067] {dag.py:1818} INFO - Sync 1 DAGs
[2021-02-23 10:16:59,134] {logging_mixin.py:104} INFO - [2021-02-23 10:16:59,134] {dag.py:2273} INFO - Setting next_dagrun for example_complex to None
[2021-02-23 10:16:59,173] {scheduler_job.py:190} INFO - Processing /home/airflow/.local/lib/python3.6/site-packages/airflow/example_dags/example_complex.py took 0.365 seconds
[2021-02-23 10:17:29,255] {scheduler_job.py:182} INFO - Started process (PID=100) to work on /home/airflow/.local/lib/python3.6/site-packages/airflow/example_dags/example_complex.py
[2021-02-23 10:17:29,259] {scheduler_job.py:629} INFO - Processing file /home/airflow/.local/lib/python3.6/site-packages/airflow/example_dags/example_complex.py for tasks to queue
[2021-02-23 10:17:29,262] {logging_mixin.py:104} INFO - [2021-02-23 10:17:29,262] {dagbag.py:448} INFO - Filling up the DagBag from /home/airflow/.local/lib/python3.6/site-packages/airflow/example_dags/example_complex.py
[2021-02-23 10:17:29,320] {scheduler_job.py:639} INFO - DAG(s) dict_keys(['example_complex']) retrieved from /home/airflow/.local/lib/python3.6/site-packages/airflow/example_dags/example_complex.py
[2021-02-23 10:17:29,377] {logging_mixin.py:104} INFO - [2021-02-23 10:17:29,376] {dag.py:1818} INFO - Sync 1 DAGs
[2021-02-23 10:17:29,403] {logging_mixin.py:104} INFO - [2021-02-23 10:17:29,403] {dag.py:2273} INFO - Setting next_dagrun for example_complex to None
[2021-02-23 10:17:29,423] {scheduler_job.py:190} INFO - Processing /home/airflow/.local/lib/python3.6/site-packages/airflow/example_dags/example_complex.py took 0.177 seconds
[2021-02-23 10:17:59,501] {scheduler_job.py:182} INFO - Started process (PID=127) to work on /home/airflow/.local/lib/python3.6/site-packages/airflow/example_dags/example_complex.py
[2021-02-23 10:17:59,512] {scheduler_job.py:629} INFO - Processing file /home/airflow/.local/lib/python3.6/site-packages/airflow/example_dags/example_complex.py for tasks to queue
[2021-02-23 10:17:59,514] {logging_mixin.py:104} INFO - [2021-02-23 10:17:59,513] {dagbag.py:448} INFO - Filling up the DagBag from /home/airflow/.local/lib/python3.6/site-packages/airflow/example_dags/example_complex.py
[2021-02-23 10:17:59,576] {scheduler_job.py:639} INFO - DAG(s) dict_keys(['example_complex']) retrieved from /home/airflow/.local/lib/python3.6/site-packages/airflow/example_dags/example_complex.py
[2021-02-23 10:17:59,625] {logging_mixin.py:104} INFO - [2021-02-23 10:17:59,625] {dag.py:1818} INFO - Sync 1 DAGs
[2021-02-23 10:17:59,639] {logging_mixin.py:104} INFO - [2021-02-23 10:17:59,639] {dag.py:2273} INFO - Setting next_dagrun for example_complex to None
[2021-02-23 10:17:59,651] {scheduler_job.py:190} INFO - Processing /home/airflow/.local/lib/python3.6/site-packages/airflow/example_dags/example_complex.py took 0.168 seconds
[2021-02-23 10:18:46,548] {scheduler_job.py:182} INFO - Started process (PID=153) to work on /home/airflow/.local/lib/python3.6/site-packages/airflow/example_dags/example_complex.py
[2021-02-23 10:18:46,552] {scheduler_job.py:629} INFO - Processing file /home/airflow/.local/lib/python3.6/site-packages/airflow/example_dags/example_complex.py for tasks to queue
[2021-02-23 10:18:46,563] {logging_mixin.py:104} INFO - [2021-02-23 10:18:46,563] {dagbag.py:448} INFO - Filling up the DagBag from /home/airflow/.local/lib/python3.6/site-packages/airflow/example_dags/example_complex.py
[2021-02-23 10:18:46,829] {scheduler_job.py:639} INFO - DAG(s) dict_keys(['example_complex']) retrieved from /home/airflow/.local/lib/python3.6/site-packages/airflow/example_dags/example_complex.py
[2021-02-23 10:18:47,136] {logging_mixin.py:104} INFO - [2021-02-23 10:18:47,135] {dag.py:1818} INFO - Sync 1 DAGs
[2021-02-23 10:18:47,192] {logging_mixin.py:104} INFO - [2021-02-23 10:18:47,192] {dag.py:2273} INFO - Setting next_dagrun for example_complex to None
[2021-02-23 10:18:47,254] {scheduler_job.py:190} INFO - Processing /home/airflow/.local/lib/python3.6/site-packages/airflow/example_dags/example_complex.py took 0.724 seconds
[2021-02-23 10:19:17,806] {scheduler_job.py:182} INFO - Started process (PID=180) to work on /home/airflow/.local/lib/python3.6/site-packages/airflow/example_dags/example_complex.py
[2021-02-23 10:19:17,810] {scheduler_job.py:629} INFO - Processing file /home/airflow/.local/lib/python3.6/site-packages/airflow/example_dags/example_complex.py for tasks to queue
[2021-02-23 10:19:17,812] {logging_mixin.py:104} INFO - [2021-02-23 10:19:17,811] {dagbag.py:448} INFO - Filling up the DagBag from /home/airflow/.local/lib/python3.6/site-packages/airflow/example_dags/example_complex.py
[2021-02-23 10:19:17,841] {scheduler_job.py:639} INFO - DAG(s) dict_keys(['example_complex']) retrieved from /home/airflow/.local/lib/python3.6/site-packages/airflow/example_dags/example_complex.py
[2021-02-23 10:19:17,882] {logging_mixin.py:104} INFO - [2021-02-23 10:19:17,882] {dag.py:1818} INFO - Sync 1 DAGs
[2021-02-23 10:19:17,909] {logging_mixin.py:104} INFO - [2021-02-23 10:19:17,909] {dag.py:2273} INFO - Setting next_dagrun for example_complex to None
[2021-02-23 10:19:17,928] {scheduler_job.py:190} INFO - Processing /home/airflow/.local/lib/python3.6/site-packages/airflow/example_dags/example_complex.py took 0.135 seconds
[2021-02-23 10:19:48,559] {scheduler_job.py:182} INFO - Started process (PID=207) to work on /home/airflow/.local/lib/python3.6/site-packages/airflow/example_dags/example_complex.py
[2021-02-23 10:19:48,562] {scheduler_job.py:629} INFO - Processing file /home/airflow/.local/lib/python3.6/site-packages/airflow/example_dags/example_complex.py for tasks to queue
[2021-02-23 10:19:48,564] {logging_mixin.py:104} INFO - [2021-02-23 10:19:48,564] {dagbag.py:448} INFO - Filling up the DagBag from /home/airflow/.local/lib/python3.6/site-packages/airflow/example_dags/example_complex.py
[2021-02-23 10:19:48,596] {scheduler_job.py:639} INFO - DAG(s) dict_keys(['example_complex']) retrieved from /home/airflow/.local/lib/python3.6/site-packages/airflow/example_dags/example_complex.py
[2021-02-23 10:19:48,649] {logging_mixin.py:104} INFO - [2021-02-23 10:19:48,649] {dag.py:1818} INFO - Sync 1 DAGs
[2021-02-23 10:19:48,663] {logging_mixin.py:104} INFO - [2021-02-23 10:19:48,662] {dag.py:1837} INFO - Creating ORM DAG for example_complex
[2021-02-23 10:19:48,672] {logging_mixin.py:104} INFO - [2021-02-23 10:19:48,672] {dag.py:2273} INFO - Setting next_dagrun for example_complex to None
[2021-02-23 10:19:48,693] {scheduler_job.py:190} INFO - Processing /home/airflow/.local/lib/python3.6/site-packages/airflow/example_dags/example_complex.py took 0.143 seconds
[2021-02-23 10:20:19,298] {scheduler_job.py:182} INFO - Started process (PID=234) to work on /home/airflow/.local/lib/python3.6/site-packages/airflow/example_dags/example_complex.py
[2021-02-23 10:20:19,301] {scheduler_job.py:629} INFO - Processing file /home/airflow/.local/lib/python3.6/site-packages/airflow/example_dags/example_complex.py for tasks to queue
[2021-02-23 10:20:19,302] {logging_mixin.py:104} INFO - [2021-02-23 10:20:19,302] {dagbag.py:448} INFO - Filling up the DagBag from /home/airflow/.local/lib/python3.6/site-packages/airflow/example_dags/example_complex.py
[2021-02-23 10:20:19,343] {scheduler_job.py:639} INFO - DAG(s) dict_keys(['example_complex']) retrieved from /home/airflow/.local/lib/python3.6/site-packages/airflow/example_dags/example_complex.py
[2021-02-23 10:20:19,385] {logging_mixin.py:104} INFO - [2021-02-23 10:20:19,385] {dag.py:1818} INFO - Sync 1 DAGs
[2021-02-23 10:20:19,436] {logging_mixin.py:104} INFO - [2021-02-23 10:20:19,436] {dag.py:2273} INFO - Setting next_dagrun for example_complex to None
[2021-02-23 10:20:19,459] {scheduler_job.py:190} INFO - Processing /home/airflow/.local/lib/python3.6/site-packages/airflow/example_dags/example_complex.py took 0.166 seconds
[2021-02-23 10:20:49,879] {scheduler_job.py:182} INFO - Started process (PID=261) to work on /home/airflow/.local/lib/python3.6/site-packages/airflow/example_dags/example_complex.py
[2021-02-23 10:20:49,882] {scheduler_job.py:629} INFO - Processing file /home/airflow/.local/lib/python3.6/site-packages/airflow/example_dags/example_complex.py for tasks to queue
[2021-02-23 10:20:49,884] {logging_mixin.py:104} INFO - [2021-02-23 10:20:49,884] {dagbag.py:448} INFO - Filling up the DagBag from /home/airflow/.local/lib/python3.6/site-packages/airflow/example_dags/example_complex.py
[2021-02-23 10:20:49,910] {scheduler_job.py:639} INFO - DAG(s) dict_keys(['example_complex']) retrieved from /home/airflow/.local/lib/python3.6/site-packages/airflow/example_dags/example_complex.py
[2021-02-23 10:20:49,945] {logging_mixin.py:104} INFO - [2021-02-23 10:20:49,945] {dag.py:1818} INFO - Sync 1 DAGs
[2021-02-23 10:20:49,959] {logging_mixin.py:104} INFO - [2021-02-23 10:20:49,959] {dag.py:2273} INFO - Setting next_dagrun for example_complex to None
[2021-02-23 10:20:49,972] {scheduler_job.py:190} INFO - Processing /home/airflow/.local/lib/python3.6/site-packages/airflow/example_dags/example_complex.py took 0.100 seconds
[2021-02-23 10:22:39,387] {scheduler_job.py:182} INFO - Started process (PID=43) to work on /home/airflow/.local/lib/python3.6/site-packages/airflow/example_dags/example_complex.py
[2021-02-23 10:22:39,390] {scheduler_job.py:629} INFO - Processing file /home/airflow/.local/lib/python3.6/site-packages/airflow/example_dags/example_complex.py for tasks to queue
[2021-02-23 10:22:39,403] {logging_mixin.py:104} INFO - [2021-02-23 10:22:39,403] {dagbag.py:448} INFO - Filling up the DagBag from /home/airflow/.local/lib/python3.6/site-packages/airflow/example_dags/example_complex.py
[2021-02-23 10:22:39,646] {scheduler_job.py:639} INFO - DAG(s) dict_keys(['example_complex']) retrieved from /home/airflow/.local/lib/python3.6/site-packages/airflow/example_dags/example_complex.py
[2021-02-23 10:22:39,964] {logging_mixin.py:104} INFO - [2021-02-23 10:22:39,959] {dag.py:1818} INFO - Sync 1 DAGs
[2021-02-23 10:22:40,217] {logging_mixin.py:104} INFO - [2021-02-23 10:22:40,217] {dag.py:2273} INFO - Setting next_dagrun for example_complex to None
[2021-02-23 10:22:40,372] {scheduler_job.py:190} INFO - Processing /home/airflow/.local/lib/python3.6/site-packages/airflow/example_dags/example_complex.py took 1.020 seconds
[2021-02-23 10:23:14,514] {scheduler_job.py:182} INFO - Started process (PID=68) to work on /home/airflow/.local/lib/python3.6/site-packages/airflow/example_dags/example_complex.py
[2021-02-23 10:23:14,538] {scheduler_job.py:629} INFO - Processing file /home/airflow/.local/lib/python3.6/site-packages/airflow/example_dags/example_complex.py for tasks to queue
[2021-02-23 10:23:14,548] {logging_mixin.py:104} INFO - [2021-02-23 10:23:14,548] {dagbag.py:448} INFO - Filling up the DagBag from /home/airflow/.local/lib/python3.6/site-packages/airflow/example_dags/example_complex.py
[2021-02-23 10:23:14,873] {scheduler_job.py:639} INFO - DAG(s) dict_keys(['example_complex']) retrieved from /home/airflow/.local/lib/python3.6/site-packages/airflow/example_dags/example_complex.py
[2021-02-23 10:23:15,235] {logging_mixin.py:104} INFO - [2021-02-23 10:23:15,235] {dag.py:1818} INFO - Sync 1 DAGs
[2021-02-23 10:23:15,626] {logging_mixin.py:104} INFO - [2021-02-23 10:23:15,626] {dag.py:2273} INFO - Setting next_dagrun for example_complex to None
[2021-02-23 10:23:15,816] {scheduler_job.py:190} INFO - Processing /home/airflow/.local/lib/python3.6/site-packages/airflow/example_dags/example_complex.py took 1.353 seconds
[2021-02-23 10:23:46,890] {scheduler_job.py:182} INFO - Started process (PID=95) to work on /home/airflow/.local/lib/python3.6/site-packages/airflow/example_dags/example_complex.py
[2021-02-23 10:23:46,910] {scheduler_job.py:629} INFO - Processing file /home/airflow/.local/lib/python3.6/site-packages/airflow/example_dags/example_complex.py for tasks to queue
[2021-02-23 10:23:46,918] {logging_mixin.py:104} INFO - [2021-02-23 10:23:46,918] {dagbag.py:448} INFO - Filling up the DagBag from /home/airflow/.local/lib/python3.6/site-packages/airflow/example_dags/example_complex.py
[2021-02-23 10:23:47,099] {scheduler_job.py:639} INFO - DAG(s) dict_keys(['example_complex']) retrieved from /home/airflow/.local/lib/python3.6/site-packages/airflow/example_dags/example_complex.py
[2021-02-23 10:23:47,258] {logging_mixin.py:104} INFO - [2021-02-23 10:23:47,258] {dag.py:1818} INFO - Sync 1 DAGs
[2021-02-23 10:23:47,382] {logging_mixin.py:104} INFO - [2021-02-23 10:23:47,382] {dag.py:2273} INFO - Setting next_dagrun for example_complex to None
[2021-02-23 10:23:47,467] {scheduler_job.py:190} INFO - Processing /home/airflow/.local/lib/python3.6/site-packages/airflow/example_dags/example_complex.py took 0.688 seconds
[2021-02-23 10:24:25,762] {scheduler_job.py:182} INFO - Started process (PID=122) to work on /home/airflow/.local/lib/python3.6/site-packages/airflow/example_dags/example_complex.py
[2021-02-23 10:24:25,818] {scheduler_job.py:629} INFO - Processing file /home/airflow/.local/lib/python3.6/site-packages/airflow/example_dags/example_complex.py for tasks to queue
[2021-02-23 10:24:25,826] {logging_mixin.py:104} INFO - [2021-02-23 10:24:25,826] {dagbag.py:448} INFO - Filling up the DagBag from /home/airflow/.local/lib/python3.6/site-packages/airflow/example_dags/example_complex.py
[2021-02-23 10:24:26,486] {scheduler_job.py:639} INFO - DAG(s) dict_keys(['example_complex']) retrieved from /home/airflow/.local/lib/python3.6/site-packages/airflow/example_dags/example_complex.py
[2021-02-23 10:24:26,716] {logging_mixin.py:104} INFO - [2021-02-23 10:24:26,716] {dag.py:1818} INFO - Sync 1 DAGs
[2021-02-23 10:24:26,781] {logging_mixin.py:104} INFO - [2021-02-23 10:24:26,780] {dag.py:2273} INFO - Setting next_dagrun for example_complex to None
[2021-02-23 10:24:26,829] {scheduler_job.py:190} INFO - Processing /home/airflow/.local/lib/python3.6/site-packages/airflow/example_dags/example_complex.py took 1.112 seconds
[2021-02-23 10:24:57,789] {scheduler_job.py:182} INFO - Started process (PID=149) to work on /home/airflow/.local/lib/python3.6/site-packages/airflow/example_dags/example_complex.py
[2021-02-23 10:24:57,792] {scheduler_job.py:629} INFO - Processing file /home/airflow/.local/lib/python3.6/site-packages/airflow/example_dags/example_complex.py for tasks to queue
[2021-02-23 10:24:57,799] {logging_mixin.py:104} INFO - [2021-02-23 10:24:57,797] {dagbag.py:448} INFO - Filling up the DagBag from /home/airflow/.local/lib/python3.6/site-packages/airflow/example_dags/example_complex.py
[2021-02-23 10:24:57,906] {scheduler_job.py:639} INFO - DAG(s) dict_keys(['example_complex']) retrieved from /home/airflow/.local/lib/python3.6/site-packages/airflow/example_dags/example_complex.py
[2021-02-23 10:24:58,010] {logging_mixin.py:104} INFO - [2021-02-23 10:24:58,010] {dag.py:1818} INFO - Sync 1 DAGs
[2021-02-23 10:24:58,090] {logging_mixin.py:104} INFO - [2021-02-23 10:24:58,089] {dag.py:2273} INFO - Setting next_dagrun for example_complex to None
[2021-02-23 10:24:58,144] {scheduler_job.py:190} INFO - Processing /home/airflow/.local/lib/python3.6/site-packages/airflow/example_dags/example_complex.py took 0.367 seconds
[2021-02-23 10:25:38,422] {scheduler_job.py:182} INFO - Started process (PID=180) to work on /home/airflow/.local/lib/python3.6/site-packages/airflow/example_dags/example_complex.py
[2021-02-23 10:25:38,432] {scheduler_job.py:629} INFO - Processing file /home/airflow/.local/lib/python3.6/site-packages/airflow/example_dags/example_complex.py for tasks to queue
[2021-02-23 10:25:38,436] {logging_mixin.py:104} INFO - [2021-02-23 10:25:38,435] {dagbag.py:448} INFO - Filling up the DagBag from /home/airflow/.local/lib/python3.6/site-packages/airflow/example_dags/example_complex.py
[2021-02-23 10:25:38,531] {scheduler_job.py:639} INFO - DAG(s) dict_keys(['example_complex']) retrieved from /home/airflow/.local/lib/python3.6/site-packages/airflow/example_dags/example_complex.py
[2021-02-23 10:25:38,686] {logging_mixin.py:104} INFO - [2021-02-23 10:25:38,686] {dag.py:1818} INFO - Sync 1 DAGs
[2021-02-23 10:25:38,760] {logging_mixin.py:104} INFO - [2021-02-23 10:25:38,760] {dag.py:2273} INFO - Setting next_dagrun for example_complex to None
[2021-02-23 10:25:38,799] {scheduler_job.py:190} INFO - Processing /home/airflow/.local/lib/python3.6/site-packages/airflow/example_dags/example_complex.py took 0.387 seconds
[2021-02-23 10:26:31,969] {scheduler_job.py:182} INFO - Started process (PID=219) to work on /home/airflow/.local/lib/python3.6/site-packages/airflow/example_dags/example_complex.py
[2021-02-23 10:26:31,981] {scheduler_job.py:629} INFO - Processing file /home/airflow/.local/lib/python3.6/site-packages/airflow/example_dags/example_complex.py for tasks to queue
[2021-02-23 10:26:31,991] {logging_mixin.py:104} INFO - [2021-02-23 10:26:31,990] {dagbag.py:448} INFO - Filling up the DagBag from /home/airflow/.local/lib/python3.6/site-packages/airflow/example_dags/example_complex.py
[2021-02-23 10:26:32,199] {scheduler_job.py:639} INFO - DAG(s) dict_keys(['example_complex']) retrieved from /home/airflow/.local/lib/python3.6/site-packages/airflow/example_dags/example_complex.py
[2021-02-23 10:26:32,484] {logging_mixin.py:104} INFO - [2021-02-23 10:26:32,484] {dag.py:1818} INFO - Sync 1 DAGs
[2021-02-23 10:26:32,665] {logging_mixin.py:104} INFO - [2021-02-23 10:26:32,665] {dag.py:2273} INFO - Setting next_dagrun for example_complex to None
[2021-02-23 10:26:32,783] {scheduler_job.py:190} INFO - Processing /home/airflow/.local/lib/python3.6/site-packages/airflow/example_dags/example_complex.py took 0.840 seconds
[2021-02-23 10:27:15,976] {scheduler_job.py:182} INFO - Started process (PID=246) to work on /home/airflow/.local/lib/python3.6/site-packages/airflow/example_dags/example_complex.py
[2021-02-23 10:27:15,980] {scheduler_job.py:629} INFO - Processing file /home/airflow/.local/lib/python3.6/site-packages/airflow/example_dags/example_complex.py for tasks to queue
[2021-02-23 10:27:15,987] {logging_mixin.py:104} INFO - [2021-02-23 10:27:15,987] {dagbag.py:448} INFO - Filling up the DagBag from /home/airflow/.local/lib/python3.6/site-packages/airflow/example_dags/example_complex.py
[2021-02-23 10:27:16,142] {scheduler_job.py:639} INFO - DAG(s) dict_keys(['example_complex']) retrieved from /home/airflow/.local/lib/python3.6/site-packages/airflow/example_dags/example_complex.py
[2021-02-23 10:27:16,420] {logging_mixin.py:104} INFO - [2021-02-23 10:27:16,420] {dag.py:1818} INFO - Sync 1 DAGs
[2021-02-23 10:27:16,721] {logging_mixin.py:104} INFO - [2021-02-23 10:27:16,721] {dag.py:2273} INFO - Setting next_dagrun for example_complex to None
[2021-02-23 10:27:16,844] {scheduler_job.py:190} INFO - Processing /home/airflow/.local/lib/python3.6/site-packages/airflow/example_dags/example_complex.py took 0.900 seconds
[2021-02-23 10:31:59,509] {scheduler_job.py:182} INFO - Started process (PID=25) to work on /home/airflow/.local/lib/python3.6/site-packages/airflow/example_dags/example_complex.py
[2021-02-23 10:31:59,528] {scheduler_job.py:629} INFO - Processing file /home/airflow/.local/lib/python3.6/site-packages/airflow/example_dags/example_complex.py for tasks to queue
[2021-02-23 10:31:59,530] {logging_mixin.py:104} INFO - [2021-02-23 10:31:59,530] {dagbag.py:448} INFO - Filling up the DagBag from /home/airflow/.local/lib/python3.6/site-packages/airflow/example_dags/example_complex.py
[2021-02-23 10:31:59,713] {scheduler_job.py:639} INFO - DAG(s) dict_keys(['example_complex']) retrieved from /home/airflow/.local/lib/python3.6/site-packages/airflow/example_dags/example_complex.py
[2021-02-23 10:31:59,953] {logging_mixin.py:104} INFO - [2021-02-23 10:31:59,953] {dag.py:1818} INFO - Sync 1 DAGs
[2021-02-23 10:32:00,100] {logging_mixin.py:104} INFO - [2021-02-23 10:32:00,100] {dag.py:2273} INFO - Setting next_dagrun for example_complex to None
[2021-02-23 10:32:00,339] {scheduler_job.py:190} INFO - Processing /home/airflow/.local/lib/python3.6/site-packages/airflow/example_dags/example_complex.py took 0.860 seconds
[2021-02-23 10:32:31,153] {scheduler_job.py:182} INFO - Started process (PID=53) to work on /home/airflow/.local/lib/python3.6/site-packages/airflow/example_dags/example_complex.py
[2021-02-23 10:32:31,159] {scheduler_job.py:629} INFO - Processing file /home/airflow/.local/lib/python3.6/site-packages/airflow/example_dags/example_complex.py for tasks to queue
[2021-02-23 10:32:31,167] {logging_mixin.py:104} INFO - [2021-02-23 10:32:31,166] {dagbag.py:448} INFO - Filling up the DagBag from /home/airflow/.local/lib/python3.6/site-packages/airflow/example_dags/example_complex.py
[2021-02-23 10:32:31,272] {scheduler_job.py:639} INFO - DAG(s) dict_keys(['example_complex']) retrieved from /home/airflow/.local/lib/python3.6/site-packages/airflow/example_dags/example_complex.py
[2021-02-23 10:32:31,350] {logging_mixin.py:104} INFO - [2021-02-23 10:32:31,350] {dag.py:1818} INFO - Sync 1 DAGs
[2021-02-23 10:32:31,397] {logging_mixin.py:104} INFO - [2021-02-23 10:32:31,397] {dag.py:2273} INFO - Setting next_dagrun for example_complex to None
[2021-02-23 10:32:31,422] {scheduler_job.py:190} INFO - Processing /home/airflow/.local/lib/python3.6/site-packages/airflow/example_dags/example_complex.py took 0.305 seconds
[2021-02-23 10:33:02,356] {scheduler_job.py:182} INFO - Started process (PID=80) to work on /home/airflow/.local/lib/python3.6/site-packages/airflow/example_dags/example_complex.py
[2021-02-23 10:33:02,367] {scheduler_job.py:629} INFO - Processing file /home/airflow/.local/lib/python3.6/site-packages/airflow/example_dags/example_complex.py for tasks to queue
[2021-02-23 10:33:02,383] {logging_mixin.py:104} INFO - [2021-02-23 10:33:02,379] {dagbag.py:448} INFO - Filling up the DagBag from /home/airflow/.local/lib/python3.6/site-packages/airflow/example_dags/example_complex.py
[2021-02-23 10:33:02,497] {scheduler_job.py:639} INFO - DAG(s) dict_keys(['example_complex']) retrieved from /home/airflow/.local/lib/python3.6/site-packages/airflow/example_dags/example_complex.py
[2021-02-23 10:33:02,586] {logging_mixin.py:104} INFO - [2021-02-23 10:33:02,586] {dag.py:1818} INFO - Sync 1 DAGs
[2021-02-23 10:33:02,620] {logging_mixin.py:104} INFO - [2021-02-23 10:33:02,620] {dag.py:2273} INFO - Setting next_dagrun for example_complex to None
[2021-02-23 10:33:02,639] {scheduler_job.py:190} INFO - Processing /home/airflow/.local/lib/python3.6/site-packages/airflow/example_dags/example_complex.py took 0.303 seconds
[2021-02-23 10:33:34,373] {scheduler_job.py:182} INFO - Started process (PID=107) to work on /home/airflow/.local/lib/python3.6/site-packages/airflow/example_dags/example_complex.py
[2021-02-23 10:33:34,385] {scheduler_job.py:629} INFO - Processing file /home/airflow/.local/lib/python3.6/site-packages/airflow/example_dags/example_complex.py for tasks to queue
[2021-02-23 10:33:34,389] {logging_mixin.py:104} INFO - [2021-02-23 10:33:34,389] {dagbag.py:448} INFO - Filling up the DagBag from /home/airflow/.local/lib/python3.6/site-packages/airflow/example_dags/example_complex.py
[2021-02-23 10:33:34,714] {scheduler_job.py:639} INFO - DAG(s) dict_keys(['example_complex']) retrieved from /home/airflow/.local/lib/python3.6/site-packages/airflow/example_dags/example_complex.py
[2021-02-23 10:33:35,258] {logging_mixin.py:104} INFO - [2021-02-23 10:33:35,258] {dag.py:1818} INFO - Sync 1 DAGs
[2021-02-23 10:33:35,402] {logging_mixin.py:104} INFO - [2021-02-23 10:33:35,402] {dag.py:2273} INFO - Setting next_dagrun for example_complex to None
[2021-02-23 10:33:35,455] {scheduler_job.py:190} INFO - Processing /home/airflow/.local/lib/python3.6/site-packages/airflow/example_dags/example_complex.py took 1.106 seconds
[2021-02-23 10:34:06,297] {scheduler_job.py:182} INFO - Started process (PID=135) to work on /home/airflow/.local/lib/python3.6/site-packages/airflow/example_dags/example_complex.py
[2021-02-23 10:34:06,301] {scheduler_job.py:629} INFO - Processing file /home/airflow/.local/lib/python3.6/site-packages/airflow/example_dags/example_complex.py for tasks to queue
[2021-02-23 10:34:06,305] {logging_mixin.py:104} INFO - [2021-02-23 10:34:06,304] {dagbag.py:448} INFO - Filling up the DagBag from /home/airflow/.local/lib/python3.6/site-packages/airflow/example_dags/example_complex.py
[2021-02-23 10:34:06,401] {scheduler_job.py:639} INFO - DAG(s) dict_keys(['example_complex']) retrieved from /home/airflow/.local/lib/python3.6/site-packages/airflow/example_dags/example_complex.py
[2021-02-23 10:34:06,454] {logging_mixin.py:104} INFO - [2021-02-23 10:34:06,454] {dag.py:1818} INFO - Sync 1 DAGs
[2021-02-23 10:34:06,497] {logging_mixin.py:104} INFO - [2021-02-23 10:34:06,497] {dag.py:2273} INFO - Setting next_dagrun for example_complex to None
[2021-02-23 10:34:06,525] {scheduler_job.py:190} INFO - Processing /home/airflow/.local/lib/python3.6/site-packages/airflow/example_dags/example_complex.py took 0.242 seconds
[2021-02-23 10:34:37,228] {scheduler_job.py:182} INFO - Started process (PID=162) to work on /home/airflow/.local/lib/python3.6/site-packages/airflow/example_dags/example_complex.py
[2021-02-23 10:34:37,235] {scheduler_job.py:629} INFO - Processing file /home/airflow/.local/lib/python3.6/site-packages/airflow/example_dags/example_complex.py for tasks to queue
[2021-02-23 10:34:37,238] {logging_mixin.py:104} INFO - [2021-02-23 10:34:37,238] {dagbag.py:448} INFO - Filling up the DagBag from /home/airflow/.local/lib/python3.6/site-packages/airflow/example_dags/example_complex.py
[2021-02-23 10:34:37,386] {scheduler_job.py:639} INFO - DAG(s) dict_keys(['example_complex']) retrieved from /home/airflow/.local/lib/python3.6/site-packages/airflow/example_dags/example_complex.py
[2021-02-23 10:34:37,510] {logging_mixin.py:104} INFO - [2021-02-23 10:34:37,509] {dag.py:1818} INFO - Sync 1 DAGs
[2021-02-23 10:34:37,602] {logging_mixin.py:104} INFO - [2021-02-23 10:34:37,601] {dag.py:2273} INFO - Setting next_dagrun for example_complex to None
[2021-02-23 10:34:37,638] {scheduler_job.py:190} INFO - Processing /home/airflow/.local/lib/python3.6/site-packages/airflow/example_dags/example_complex.py took 0.424 seconds
[2021-02-23 10:35:08,199] {scheduler_job.py:182} INFO - Started process (PID=190) to work on /home/airflow/.local/lib/python3.6/site-packages/airflow/example_dags/example_complex.py
[2021-02-23 10:35:08,208] {scheduler_job.py:629} INFO - Processing file /home/airflow/.local/lib/python3.6/site-packages/airflow/example_dags/example_complex.py for tasks to queue
[2021-02-23 10:35:08,218] {logging_mixin.py:104} INFO - [2021-02-23 10:35:08,218] {dagbag.py:448} INFO - Filling up the DagBag from /home/airflow/.local/lib/python3.6/site-packages/airflow/example_dags/example_complex.py
[2021-02-23 10:35:08,369] {scheduler_job.py:639} INFO - DAG(s) dict_keys(['example_complex']) retrieved from /home/airflow/.local/lib/python3.6/site-packages/airflow/example_dags/example_complex.py
[2021-02-23 10:35:08,541] {logging_mixin.py:104} INFO - [2021-02-23 10:35:08,540] {dag.py:1818} INFO - Sync 1 DAGs
[2021-02-23 10:35:08,685] {logging_mixin.py:104} INFO - [2021-02-23 10:35:08,685] {dag.py:2273} INFO - Setting next_dagrun for example_complex to None
[2021-02-23 10:35:09,120] {scheduler_job.py:190} INFO - Processing /home/airflow/.local/lib/python3.6/site-packages/airflow/example_dags/example_complex.py took 0.941 seconds
[2021-02-23 10:35:40,264] {scheduler_job.py:182} INFO - Started process (PID=219) to work on /home/airflow/.local/lib/python3.6/site-packages/airflow/example_dags/example_complex.py
[2021-02-23 10:35:40,270] {scheduler_job.py:629} INFO - Processing file /home/airflow/.local/lib/python3.6/site-packages/airflow/example_dags/example_complex.py for tasks to queue
[2021-02-23 10:35:40,272] {logging_mixin.py:104} INFO - [2021-02-23 10:35:40,272] {dagbag.py:448} INFO - Filling up the DagBag from /home/airflow/.local/lib/python3.6/site-packages/airflow/example_dags/example_complex.py
[2021-02-23 10:35:40,332] {scheduler_job.py:639} INFO - DAG(s) dict_keys(['example_complex']) retrieved from /home/airflow/.local/lib/python3.6/site-packages/airflow/example_dags/example_complex.py
[2021-02-23 10:35:40,375] {logging_mixin.py:104} INFO - [2021-02-23 10:35:40,375] {dag.py:1818} INFO - Sync 1 DAGs
[2021-02-23 10:35:40,408] {logging_mixin.py:104} INFO - [2021-02-23 10:35:40,408] {dag.py:2273} INFO - Setting next_dagrun for example_complex to None
[2021-02-23 10:35:40,432] {scheduler_job.py:190} INFO - Processing /home/airflow/.local/lib/python3.6/site-packages/airflow/example_dags/example_complex.py took 0.171 seconds
[2021-02-23 10:36:10,794] {scheduler_job.py:182} INFO - Started process (PID=246) to work on /home/airflow/.local/lib/python3.6/site-packages/airflow/example_dags/example_complex.py
[2021-02-23 10:36:10,800] {scheduler_job.py:629} INFO - Processing file /home/airflow/.local/lib/python3.6/site-packages/airflow/example_dags/example_complex.py for tasks to queue
[2021-02-23 10:36:10,802] {logging_mixin.py:104} INFO - [2021-02-23 10:36:10,801] {dagbag.py:448} INFO - Filling up the DagBag from /home/airflow/.local/lib/python3.6/site-packages/airflow/example_dags/example_complex.py
[2021-02-23 10:36:10,849] {scheduler_job.py:639} INFO - DAG(s) dict_keys(['example_complex']) retrieved from /home/airflow/.local/lib/python3.6/site-packages/airflow/example_dags/example_complex.py
[2021-02-23 10:36:10,899] {logging_mixin.py:104} INFO - [2021-02-23 10:36:10,899] {dag.py:1818} INFO - Sync 1 DAGs
[2021-02-23 10:36:10,985] {logging_mixin.py:104} INFO - [2021-02-23 10:36:10,985] {dag.py:2273} INFO - Setting next_dagrun for example_complex to None
[2021-02-23 10:36:11,061] {scheduler_job.py:190} INFO - Processing /home/airflow/.local/lib/python3.6/site-packages/airflow/example_dags/example_complex.py took 0.274 seconds
[2021-02-23 10:36:41,591] {scheduler_job.py:182} INFO - Started process (PID=273) to work on /home/airflow/.local/lib/python3.6/site-packages/airflow/example_dags/example_complex.py
[2021-02-23 10:36:41,596] {scheduler_job.py:629} INFO - Processing file /home/airflow/.local/lib/python3.6/site-packages/airflow/example_dags/example_complex.py for tasks to queue
[2021-02-23 10:36:41,600] {logging_mixin.py:104} INFO - [2021-02-23 10:36:41,600] {dagbag.py:448} INFO - Filling up the DagBag from /home/airflow/.local/lib/python3.6/site-packages/airflow/example_dags/example_complex.py
[2021-02-23 10:36:41,651] {scheduler_job.py:639} INFO - DAG(s) dict_keys(['example_complex']) retrieved from /home/airflow/.local/lib/python3.6/site-packages/airflow/example_dags/example_complex.py
[2021-02-23 10:36:41,701] {logging_mixin.py:104} INFO - [2021-02-23 10:36:41,701] {dag.py:1818} INFO - Sync 1 DAGs
[2021-02-23 10:36:41,737] {logging_mixin.py:104} INFO - [2021-02-23 10:36:41,737] {dag.py:2273} INFO - Setting next_dagrun for example_complex to None
[2021-02-23 10:36:41,771] {scheduler_job.py:190} INFO - Processing /home/airflow/.local/lib/python3.6/site-packages/airflow/example_dags/example_complex.py took 0.197 seconds
[2021-02-23 10:37:39,720] {scheduler_job.py:182} INFO - Started process (PID=39) to work on /home/airflow/.local/lib/python3.6/site-packages/airflow/example_dags/example_complex.py
[2021-02-23 10:37:39,727] {scheduler_job.py:629} INFO - Processing file /home/airflow/.local/lib/python3.6/site-packages/airflow/example_dags/example_complex.py for tasks to queue
[2021-02-23 10:37:39,732] {logging_mixin.py:104} INFO - [2021-02-23 10:37:39,731] {dagbag.py:448} INFO - Filling up the DagBag from /home/airflow/.local/lib/python3.6/site-packages/airflow/example_dags/example_complex.py
[2021-02-23 10:37:39,802] {scheduler_job.py:639} INFO - DAG(s) dict_keys(['example_complex']) retrieved from /home/airflow/.local/lib/python3.6/site-packages/airflow/example_dags/example_complex.py
[2021-02-23 10:37:39,936] {logging_mixin.py:104} INFO - [2021-02-23 10:37:39,936] {dag.py:1818} INFO - Sync 1 DAGs
[2021-02-23 10:37:40,003] {logging_mixin.py:104} INFO - [2021-02-23 10:37:40,003] {dag.py:2273} INFO - Setting next_dagrun for example_complex to None
[2021-02-23 10:37:40,036] {scheduler_job.py:190} INFO - Processing /home/airflow/.local/lib/python3.6/site-packages/airflow/example_dags/example_complex.py took 0.325 seconds
[2021-02-23 10:38:10,351] {scheduler_job.py:182} INFO - Started process (PID=66) to work on /home/airflow/.local/lib/python3.6/site-packages/airflow/example_dags/example_complex.py
[2021-02-23 10:38:10,355] {scheduler_job.py:629} INFO - Processing file /home/airflow/.local/lib/python3.6/site-packages/airflow/example_dags/example_complex.py for tasks to queue
[2021-02-23 10:38:10,358] {logging_mixin.py:104} INFO - [2021-02-23 10:38:10,358] {dagbag.py:448} INFO - Filling up the DagBag from /home/airflow/.local/lib/python3.6/site-packages/airflow/example_dags/example_complex.py
[2021-02-23 10:38:10,398] {scheduler_job.py:639} INFO - DAG(s) dict_keys(['example_complex']) retrieved from /home/airflow/.local/lib/python3.6/site-packages/airflow/example_dags/example_complex.py
[2021-02-23 10:38:10,454] {logging_mixin.py:104} INFO - [2021-02-23 10:38:10,454] {dag.py:1818} INFO - Sync 1 DAGs
[2021-02-23 10:38:10,487] {logging_mixin.py:104} INFO - [2021-02-23 10:38:10,487] {dag.py:2273} INFO - Setting next_dagrun for example_complex to None
[2021-02-23 10:38:10,503] {scheduler_job.py:190} INFO - Processing /home/airflow/.local/lib/python3.6/site-packages/airflow/example_dags/example_complex.py took 0.156 seconds
