[2021-02-23 10:15:13,792] {scheduler_job.py:182} INFO - Started process (PID=35) to work on /home/airflow/.local/lib/python3.6/site-packages/airflow/example_dags/example_python_operator.py
[2021-02-23 10:15:13,797] {scheduler_job.py:629} INFO - Processing file /home/airflow/.local/lib/python3.6/site-packages/airflow/example_dags/example_python_operator.py for tasks to queue
[2021-02-23 10:15:13,802] {logging_mixin.py:104} INFO - [2021-02-23 10:15:13,802] {dagbag.py:448} INFO - Filling up the DagBag from /home/airflow/.local/lib/python3.6/site-packages/airflow/example_dags/example_python_operator.py
[2021-02-23 10:15:13,867] {scheduler_job.py:639} INFO - DAG(s) dict_keys(['example_python_operator']) retrieved from /home/airflow/.local/lib/python3.6/site-packages/airflow/example_dags/example_python_operator.py
[2021-02-23 10:15:13,962] {logging_mixin.py:104} INFO - [2021-02-23 10:15:13,961] {dag.py:1818} INFO - Sync 1 DAGs
[2021-02-23 10:15:14,015] {logging_mixin.py:104} INFO - [2021-02-23 10:15:14,015] {dag.py:1837} INFO - Creating ORM DAG for example_python_operator
[2021-02-23 10:15:14,034] {logging_mixin.py:104} INFO - [2021-02-23 10:15:14,034] {dag.py:2273} INFO - Setting next_dagrun for example_python_operator to None
[2021-02-23 10:15:14,079] {scheduler_job.py:190} INFO - Processing /home/airflow/.local/lib/python3.6/site-packages/airflow/example_dags/example_python_operator.py took 0.296 seconds
[2021-02-23 10:16:53,376] {scheduler_job.py:182} INFO - Started process (PID=65) to work on /home/airflow/.local/lib/python3.6/site-packages/airflow/example_dags/example_python_operator.py
[2021-02-23 10:16:53,391] {scheduler_job.py:629} INFO - Processing file /home/airflow/.local/lib/python3.6/site-packages/airflow/example_dags/example_python_operator.py for tasks to queue
[2021-02-23 10:16:53,398] {logging_mixin.py:104} INFO - [2021-02-23 10:16:53,398] {dagbag.py:448} INFO - Filling up the DagBag from /home/airflow/.local/lib/python3.6/site-packages/airflow/example_dags/example_python_operator.py
[2021-02-23 10:16:53,499] {scheduler_job.py:639} INFO - DAG(s) dict_keys(['example_python_operator']) retrieved from /home/airflow/.local/lib/python3.6/site-packages/airflow/example_dags/example_python_operator.py
[2021-02-23 10:16:53,815] {logging_mixin.py:104} INFO - [2021-02-23 10:16:53,815] {dag.py:1818} INFO - Sync 1 DAGs
[2021-02-23 10:16:53,880] {logging_mixin.py:104} INFO - [2021-02-23 10:16:53,880] {dag.py:2273} INFO - Setting next_dagrun for example_python_operator to None
[2021-02-23 10:16:53,960] {scheduler_job.py:190} INFO - Processing /home/airflow/.local/lib/python3.6/site-packages/airflow/example_dags/example_python_operator.py took 0.606 seconds
[2021-02-23 10:17:24,183] {scheduler_job.py:182} INFO - Started process (PID=92) to work on /home/airflow/.local/lib/python3.6/site-packages/airflow/example_dags/example_python_operator.py
[2021-02-23 10:17:24,189] {scheduler_job.py:629} INFO - Processing file /home/airflow/.local/lib/python3.6/site-packages/airflow/example_dags/example_python_operator.py for tasks to queue
[2021-02-23 10:17:24,195] {logging_mixin.py:104} INFO - [2021-02-23 10:17:24,195] {dagbag.py:448} INFO - Filling up the DagBag from /home/airflow/.local/lib/python3.6/site-packages/airflow/example_dags/example_python_operator.py
[2021-02-23 10:17:24,216] {scheduler_job.py:639} INFO - DAG(s) dict_keys(['example_python_operator']) retrieved from /home/airflow/.local/lib/python3.6/site-packages/airflow/example_dags/example_python_operator.py
[2021-02-23 10:17:24,255] {logging_mixin.py:104} INFO - [2021-02-23 10:17:24,253] {dag.py:1818} INFO - Sync 1 DAGs
[2021-02-23 10:17:24,301] {logging_mixin.py:104} INFO - [2021-02-23 10:17:24,301] {dag.py:2273} INFO - Setting next_dagrun for example_python_operator to None
[2021-02-23 10:17:24,338] {scheduler_job.py:190} INFO - Processing /home/airflow/.local/lib/python3.6/site-packages/airflow/example_dags/example_python_operator.py took 0.160 seconds
[2021-02-23 10:17:57,055] {scheduler_job.py:182} INFO - Started process (PID=119) to work on /home/airflow/.local/lib/python3.6/site-packages/airflow/example_dags/example_python_operator.py
[2021-02-23 10:17:57,064] {scheduler_job.py:629} INFO - Processing file /home/airflow/.local/lib/python3.6/site-packages/airflow/example_dags/example_python_operator.py for tasks to queue
[2021-02-23 10:17:57,066] {logging_mixin.py:104} INFO - [2021-02-23 10:17:57,066] {dagbag.py:448} INFO - Filling up the DagBag from /home/airflow/.local/lib/python3.6/site-packages/airflow/example_dags/example_python_operator.py
[2021-02-23 10:17:57,129] {scheduler_job.py:639} INFO - DAG(s) dict_keys(['example_python_operator']) retrieved from /home/airflow/.local/lib/python3.6/site-packages/airflow/example_dags/example_python_operator.py
[2021-02-23 10:17:57,225] {logging_mixin.py:104} INFO - [2021-02-23 10:17:57,224] {dag.py:1818} INFO - Sync 1 DAGs
[2021-02-23 10:17:57,279] {logging_mixin.py:104} INFO - [2021-02-23 10:17:57,279] {dag.py:2273} INFO - Setting next_dagrun for example_python_operator to None
[2021-02-23 10:17:57,355] {scheduler_job.py:190} INFO - Processing /home/airflow/.local/lib/python3.6/site-packages/airflow/example_dags/example_python_operator.py took 0.335 seconds
[2021-02-23 10:18:27,776] {scheduler_job.py:182} INFO - Started process (PID=145) to work on /home/airflow/.local/lib/python3.6/site-packages/airflow/example_dags/example_python_operator.py
[2021-02-23 10:18:27,795] {scheduler_job.py:629} INFO - Processing file /home/airflow/.local/lib/python3.6/site-packages/airflow/example_dags/example_python_operator.py for tasks to queue
[2021-02-23 10:18:27,817] {logging_mixin.py:104} INFO - [2021-02-23 10:18:27,812] {dagbag.py:448} INFO - Filling up the DagBag from /home/airflow/.local/lib/python3.6/site-packages/airflow/example_dags/example_python_operator.py
[2021-02-23 10:18:27,888] {scheduler_job.py:639} INFO - DAG(s) dict_keys(['example_python_operator']) retrieved from /home/airflow/.local/lib/python3.6/site-packages/airflow/example_dags/example_python_operator.py
[2021-02-23 10:18:27,966] {logging_mixin.py:104} INFO - [2021-02-23 10:18:27,966] {dag.py:1818} INFO - Sync 1 DAGs
[2021-02-23 10:18:27,995] {logging_mixin.py:104} INFO - [2021-02-23 10:18:27,995] {dag.py:2273} INFO - Setting next_dagrun for example_python_operator to None
[2021-02-23 10:18:28,023] {scheduler_job.py:190} INFO - Processing /home/airflow/.local/lib/python3.6/site-packages/airflow/example_dags/example_python_operator.py took 0.264 seconds
[2021-02-23 10:18:58,678] {scheduler_job.py:182} INFO - Started process (PID=172) to work on /home/airflow/.local/lib/python3.6/site-packages/airflow/example_dags/example_python_operator.py
[2021-02-23 10:18:58,682] {scheduler_job.py:629} INFO - Processing file /home/airflow/.local/lib/python3.6/site-packages/airflow/example_dags/example_python_operator.py for tasks to queue
[2021-02-23 10:18:58,686] {logging_mixin.py:104} INFO - [2021-02-23 10:18:58,685] {dagbag.py:448} INFO - Filling up the DagBag from /home/airflow/.local/lib/python3.6/site-packages/airflow/example_dags/example_python_operator.py
[2021-02-23 10:18:58,848] {scheduler_job.py:639} INFO - DAG(s) dict_keys(['example_python_operator']) retrieved from /home/airflow/.local/lib/python3.6/site-packages/airflow/example_dags/example_python_operator.py
[2021-02-23 10:18:58,919] {logging_mixin.py:104} INFO - [2021-02-23 10:18:58,919] {dag.py:1818} INFO - Sync 1 DAGs
[2021-02-23 10:18:58,971] {logging_mixin.py:104} INFO - [2021-02-23 10:18:58,969] {dag.py:2273} INFO - Setting next_dagrun for example_python_operator to None
[2021-02-23 10:18:58,993] {scheduler_job.py:190} INFO - Processing /home/airflow/.local/lib/python3.6/site-packages/airflow/example_dags/example_python_operator.py took 0.323 seconds
[2021-02-23 10:19:29,926] {scheduler_job.py:182} INFO - Started process (PID=199) to work on /home/airflow/.local/lib/python3.6/site-packages/airflow/example_dags/example_python_operator.py
[2021-02-23 10:19:29,929] {scheduler_job.py:629} INFO - Processing file /home/airflow/.local/lib/python3.6/site-packages/airflow/example_dags/example_python_operator.py for tasks to queue
[2021-02-23 10:19:29,931] {logging_mixin.py:104} INFO - [2021-02-23 10:19:29,931] {dagbag.py:448} INFO - Filling up the DagBag from /home/airflow/.local/lib/python3.6/site-packages/airflow/example_dags/example_python_operator.py
[2021-02-23 10:19:29,974] {scheduler_job.py:639} INFO - DAG(s) dict_keys(['example_python_operator']) retrieved from /home/airflow/.local/lib/python3.6/site-packages/airflow/example_dags/example_python_operator.py
[2021-02-23 10:19:30,054] {logging_mixin.py:104} INFO - [2021-02-23 10:19:30,054] {dag.py:1818} INFO - Sync 1 DAGs
[2021-02-23 10:19:30,080] {logging_mixin.py:104} INFO - [2021-02-23 10:19:30,080] {dag.py:2273} INFO - Setting next_dagrun for example_python_operator to None
[2021-02-23 10:19:30,141] {scheduler_job.py:190} INFO - Processing /home/airflow/.local/lib/python3.6/site-packages/airflow/example_dags/example_python_operator.py took 0.234 seconds
[2021-02-23 10:20:00,962] {scheduler_job.py:182} INFO - Started process (PID=226) to work on /home/airflow/.local/lib/python3.6/site-packages/airflow/example_dags/example_python_operator.py
[2021-02-23 10:20:00,968] {scheduler_job.py:629} INFO - Processing file /home/airflow/.local/lib/python3.6/site-packages/airflow/example_dags/example_python_operator.py for tasks to queue
[2021-02-23 10:20:00,973] {logging_mixin.py:104} INFO - [2021-02-23 10:20:00,972] {dagbag.py:448} INFO - Filling up the DagBag from /home/airflow/.local/lib/python3.6/site-packages/airflow/example_dags/example_python_operator.py
[2021-02-23 10:20:01,026] {scheduler_job.py:639} INFO - DAG(s) dict_keys(['example_python_operator']) retrieved from /home/airflow/.local/lib/python3.6/site-packages/airflow/example_dags/example_python_operator.py
[2021-02-23 10:20:01,137] {logging_mixin.py:104} INFO - [2021-02-23 10:20:01,136] {dag.py:1818} INFO - Sync 1 DAGs
[2021-02-23 10:20:01,177] {logging_mixin.py:104} INFO - [2021-02-23 10:20:01,177] {dag.py:2273} INFO - Setting next_dagrun for example_python_operator to None
[2021-02-23 10:20:01,216] {scheduler_job.py:190} INFO - Processing /home/airflow/.local/lib/python3.6/site-packages/airflow/example_dags/example_python_operator.py took 0.266 seconds
[2021-02-23 10:20:32,302] {scheduler_job.py:182} INFO - Started process (PID=251) to work on /home/airflow/.local/lib/python3.6/site-packages/airflow/example_dags/example_python_operator.py
[2021-02-23 10:20:32,305] {scheduler_job.py:629} INFO - Processing file /home/airflow/.local/lib/python3.6/site-packages/airflow/example_dags/example_python_operator.py for tasks to queue
[2021-02-23 10:20:32,307] {logging_mixin.py:104} INFO - [2021-02-23 10:20:32,307] {dagbag.py:448} INFO - Filling up the DagBag from /home/airflow/.local/lib/python3.6/site-packages/airflow/example_dags/example_python_operator.py
[2021-02-23 10:20:32,361] {scheduler_job.py:639} INFO - DAG(s) dict_keys(['example_python_operator']) retrieved from /home/airflow/.local/lib/python3.6/site-packages/airflow/example_dags/example_python_operator.py
[2021-02-23 10:20:32,445] {logging_mixin.py:104} INFO - [2021-02-23 10:20:32,445] {dag.py:1818} INFO - Sync 1 DAGs
[2021-02-23 10:20:32,555] {logging_mixin.py:104} INFO - [2021-02-23 10:20:32,553] {dag.py:2273} INFO - Setting next_dagrun for example_python_operator to None
[2021-02-23 10:20:32,657] {scheduler_job.py:190} INFO - Processing /home/airflow/.local/lib/python3.6/site-packages/airflow/example_dags/example_python_operator.py took 0.381 seconds
[2021-02-23 10:21:06,072] {scheduler_job.py:182} INFO - Started process (PID=278) to work on /home/airflow/.local/lib/python3.6/site-packages/airflow/example_dags/example_python_operator.py
[2021-02-23 10:21:06,082] {scheduler_job.py:629} INFO - Processing file /home/airflow/.local/lib/python3.6/site-packages/airflow/example_dags/example_python_operator.py for tasks to queue
[2021-02-23 10:21:06,093] {logging_mixin.py:104} INFO - [2021-02-23 10:21:06,093] {dagbag.py:448} INFO - Filling up the DagBag from /home/airflow/.local/lib/python3.6/site-packages/airflow/example_dags/example_python_operator.py
[2021-02-23 10:21:06,338] {scheduler_job.py:639} INFO - DAG(s) dict_keys(['example_python_operator']) retrieved from /home/airflow/.local/lib/python3.6/site-packages/airflow/example_dags/example_python_operator.py
[2021-02-23 10:21:08,721] {logging_mixin.py:104} INFO - [2021-02-23 10:21:08,714] {dag.py:1818} INFO - Sync 1 DAGs
[2021-02-23 10:21:10,093] {logging_mixin.py:104} INFO - [2021-02-23 10:21:10,054] {dag.py:2273} INFO - Setting next_dagrun for example_python_operator to None
[2021-02-23 10:21:10,801] {scheduler_job.py:190} INFO - Processing /home/airflow/.local/lib/python3.6/site-packages/airflow/example_dags/example_python_operator.py took 4.708 seconds
[2021-02-23 10:22:38,105] {scheduler_job.py:182} INFO - Started process (PID=40) to work on /home/airflow/.local/lib/python3.6/site-packages/airflow/example_dags/example_python_operator.py
[2021-02-23 10:22:38,133] {scheduler_job.py:629} INFO - Processing file /home/airflow/.local/lib/python3.6/site-packages/airflow/example_dags/example_python_operator.py for tasks to queue
[2021-02-23 10:22:38,155] {logging_mixin.py:104} INFO - [2021-02-23 10:22:38,155] {dagbag.py:448} INFO - Filling up the DagBag from /home/airflow/.local/lib/python3.6/site-packages/airflow/example_dags/example_python_operator.py
[2021-02-23 10:22:38,487] {scheduler_job.py:639} INFO - DAG(s) dict_keys(['example_python_operator']) retrieved from /home/airflow/.local/lib/python3.6/site-packages/airflow/example_dags/example_python_operator.py
[2021-02-23 10:22:38,710] {logging_mixin.py:104} INFO - [2021-02-23 10:22:38,703] {dag.py:1818} INFO - Sync 1 DAGs
[2021-02-23 10:22:38,827] {logging_mixin.py:104} INFO - [2021-02-23 10:22:38,827] {dag.py:2273} INFO - Setting next_dagrun for example_python_operator to None
[2021-02-23 10:22:38,928] {scheduler_job.py:190} INFO - Processing /home/airflow/.local/lib/python3.6/site-packages/airflow/example_dags/example_python_operator.py took 0.874 seconds
[2021-02-23 10:23:12,161] {scheduler_job.py:182} INFO - Started process (PID=67) to work on /home/airflow/.local/lib/python3.6/site-packages/airflow/example_dags/example_python_operator.py
[2021-02-23 10:23:12,266] {scheduler_job.py:629} INFO - Processing file /home/airflow/.local/lib/python3.6/site-packages/airflow/example_dags/example_python_operator.py for tasks to queue
[2021-02-23 10:23:12,322] {logging_mixin.py:104} INFO - [2021-02-23 10:23:12,314] {dagbag.py:448} INFO - Filling up the DagBag from /home/airflow/.local/lib/python3.6/site-packages/airflow/example_dags/example_python_operator.py
[2021-02-23 10:23:13,748] {scheduler_job.py:639} INFO - DAG(s) dict_keys(['example_python_operator']) retrieved from /home/airflow/.local/lib/python3.6/site-packages/airflow/example_dags/example_python_operator.py
[2021-02-23 10:23:14,382] {logging_mixin.py:104} INFO - [2021-02-23 10:23:14,382] {dag.py:1818} INFO - Sync 1 DAGs
[2021-02-23 10:23:14,603] {logging_mixin.py:104} INFO - [2021-02-23 10:23:14,603] {dag.py:2273} INFO - Setting next_dagrun for example_python_operator to None
[2021-02-23 10:23:14,703] {scheduler_job.py:190} INFO - Processing /home/airflow/.local/lib/python3.6/site-packages/airflow/example_dags/example_python_operator.py took 2.671 seconds
[2021-02-23 10:23:45,110] {scheduler_job.py:182} INFO - Started process (PID=94) to work on /home/airflow/.local/lib/python3.6/site-packages/airflow/example_dags/example_python_operator.py
[2021-02-23 10:23:45,126] {scheduler_job.py:629} INFO - Processing file /home/airflow/.local/lib/python3.6/site-packages/airflow/example_dags/example_python_operator.py for tasks to queue
[2021-02-23 10:23:45,138] {logging_mixin.py:104} INFO - [2021-02-23 10:23:45,138] {dagbag.py:448} INFO - Filling up the DagBag from /home/airflow/.local/lib/python3.6/site-packages/airflow/example_dags/example_python_operator.py
[2021-02-23 10:23:45,438] {scheduler_job.py:639} INFO - DAG(s) dict_keys(['example_python_operator']) retrieved from /home/airflow/.local/lib/python3.6/site-packages/airflow/example_dags/example_python_operator.py
[2021-02-23 10:23:45,824] {logging_mixin.py:104} INFO - [2021-02-23 10:23:45,823] {dag.py:1818} INFO - Sync 1 DAGs
[2021-02-23 10:23:46,423] {logging_mixin.py:104} INFO - [2021-02-23 10:23:46,423] {dag.py:2273} INFO - Setting next_dagrun for example_python_operator to None
[2021-02-23 10:23:46,715] {scheduler_job.py:190} INFO - Processing /home/airflow/.local/lib/python3.6/site-packages/airflow/example_dags/example_python_operator.py took 1.631 seconds
[2021-02-23 10:24:17,149] {scheduler_job.py:182} INFO - Started process (PID=121) to work on /home/airflow/.local/lib/python3.6/site-packages/airflow/example_dags/example_python_operator.py
[2021-02-23 10:24:17,156] {scheduler_job.py:629} INFO - Processing file /home/airflow/.local/lib/python3.6/site-packages/airflow/example_dags/example_python_operator.py for tasks to queue
[2021-02-23 10:24:17,159] {logging_mixin.py:104} INFO - [2021-02-23 10:24:17,159] {dagbag.py:448} INFO - Filling up the DagBag from /home/airflow/.local/lib/python3.6/site-packages/airflow/example_dags/example_python_operator.py
[2021-02-23 10:24:18,419] {scheduler_job.py:639} INFO - DAG(s) dict_keys(['example_python_operator']) retrieved from /home/airflow/.local/lib/python3.6/site-packages/airflow/example_dags/example_python_operator.py
[2021-02-23 10:24:23,963] {logging_mixin.py:104} INFO - [2021-02-23 10:24:23,959] {dag.py:1818} INFO - Sync 1 DAGs
[2021-02-23 10:24:25,546] {logging_mixin.py:104} INFO - [2021-02-23 10:24:25,546] {dag.py:2273} INFO - Setting next_dagrun for example_python_operator to None
[2021-02-23 10:24:25,709] {scheduler_job.py:190} INFO - Processing /home/airflow/.local/lib/python3.6/site-packages/airflow/example_dags/example_python_operator.py took 8.580 seconds
[2021-02-23 10:24:56,072] {scheduler_job.py:182} INFO - Started process (PID=148) to work on /home/airflow/.local/lib/python3.6/site-packages/airflow/example_dags/example_python_operator.py
[2021-02-23 10:24:56,078] {scheduler_job.py:629} INFO - Processing file /home/airflow/.local/lib/python3.6/site-packages/airflow/example_dags/example_python_operator.py for tasks to queue
[2021-02-23 10:24:56,081] {logging_mixin.py:104} INFO - [2021-02-23 10:24:56,081] {dagbag.py:448} INFO - Filling up the DagBag from /home/airflow/.local/lib/python3.6/site-packages/airflow/example_dags/example_python_operator.py
[2021-02-23 10:24:56,243] {scheduler_job.py:639} INFO - DAG(s) dict_keys(['example_python_operator']) retrieved from /home/airflow/.local/lib/python3.6/site-packages/airflow/example_dags/example_python_operator.py
[2021-02-23 10:24:56,516] {logging_mixin.py:104} INFO - [2021-02-23 10:24:56,516] {dag.py:1818} INFO - Sync 1 DAGs
[2021-02-23 10:24:56,650] {logging_mixin.py:104} INFO - [2021-02-23 10:24:56,650] {dag.py:2273} INFO - Setting next_dagrun for example_python_operator to None
[2021-02-23 10:24:56,705] {scheduler_job.py:190} INFO - Processing /home/airflow/.local/lib/python3.6/site-packages/airflow/example_dags/example_python_operator.py took 0.653 seconds
[2021-02-23 10:25:37,409] {scheduler_job.py:182} INFO - Started process (PID=175) to work on /home/airflow/.local/lib/python3.6/site-packages/airflow/example_dags/example_python_operator.py
[2021-02-23 10:25:37,416] {scheduler_job.py:629} INFO - Processing file /home/airflow/.local/lib/python3.6/site-packages/airflow/example_dags/example_python_operator.py for tasks to queue
[2021-02-23 10:25:37,424] {logging_mixin.py:104} INFO - [2021-02-23 10:25:37,418] {dagbag.py:448} INFO - Filling up the DagBag from /home/airflow/.local/lib/python3.6/site-packages/airflow/example_dags/example_python_operator.py
[2021-02-23 10:25:37,510] {scheduler_job.py:639} INFO - DAG(s) dict_keys(['example_python_operator']) retrieved from /home/airflow/.local/lib/python3.6/site-packages/airflow/example_dags/example_python_operator.py
[2021-02-23 10:25:37,595] {logging_mixin.py:104} INFO - [2021-02-23 10:25:37,595] {dag.py:1818} INFO - Sync 1 DAGs
[2021-02-23 10:25:37,670] {logging_mixin.py:104} INFO - [2021-02-23 10:25:37,670] {dag.py:2273} INFO - Setting next_dagrun for example_python_operator to None
[2021-02-23 10:25:37,711] {scheduler_job.py:190} INFO - Processing /home/airflow/.local/lib/python3.6/site-packages/airflow/example_dags/example_python_operator.py took 0.318 seconds
[2021-02-23 10:26:27,815] {scheduler_job.py:182} INFO - Started process (PID=202) to work on /home/airflow/.local/lib/python3.6/site-packages/airflow/example_dags/example_python_operator.py
[2021-02-23 10:26:27,820] {scheduler_job.py:629} INFO - Processing file /home/airflow/.local/lib/python3.6/site-packages/airflow/example_dags/example_python_operator.py for tasks to queue
[2021-02-23 10:26:27,827] {logging_mixin.py:104} INFO - [2021-02-23 10:26:27,826] {dagbag.py:448} INFO - Filling up the DagBag from /home/airflow/.local/lib/python3.6/site-packages/airflow/example_dags/example_python_operator.py
[2021-02-23 10:26:27,911] {scheduler_job.py:639} INFO - DAG(s) dict_keys(['example_python_operator']) retrieved from /home/airflow/.local/lib/python3.6/site-packages/airflow/example_dags/example_python_operator.py
[2021-02-23 10:26:28,016] {logging_mixin.py:104} INFO - [2021-02-23 10:26:28,016] {dag.py:1818} INFO - Sync 1 DAGs
[2021-02-23 10:26:28,092] {logging_mixin.py:104} INFO - [2021-02-23 10:26:28,092] {dag.py:2273} INFO - Setting next_dagrun for example_python_operator to None
[2021-02-23 10:26:28,133] {scheduler_job.py:190} INFO - Processing /home/airflow/.local/lib/python3.6/site-packages/airflow/example_dags/example_python_operator.py took 0.342 seconds
[2021-02-23 10:27:13,951] {scheduler_job.py:182} INFO - Started process (PID=235) to work on /home/airflow/.local/lib/python3.6/site-packages/airflow/example_dags/example_python_operator.py
[2021-02-23 10:27:13,961] {scheduler_job.py:629} INFO - Processing file /home/airflow/.local/lib/python3.6/site-packages/airflow/example_dags/example_python_operator.py for tasks to queue
[2021-02-23 10:27:13,972] {logging_mixin.py:104} INFO - [2021-02-23 10:27:13,972] {dagbag.py:448} INFO - Filling up the DagBag from /home/airflow/.local/lib/python3.6/site-packages/airflow/example_dags/example_python_operator.py
[2021-02-23 10:27:14,047] {scheduler_job.py:639} INFO - DAG(s) dict_keys(['example_python_operator']) retrieved from /home/airflow/.local/lib/python3.6/site-packages/airflow/example_dags/example_python_operator.py
[2021-02-23 10:27:14,137] {logging_mixin.py:104} INFO - [2021-02-23 10:27:14,137] {dag.py:1818} INFO - Sync 1 DAGs
[2021-02-23 10:27:14,217] {logging_mixin.py:104} INFO - [2021-02-23 10:27:14,217] {dag.py:2273} INFO - Setting next_dagrun for example_python_operator to None
[2021-02-23 10:27:14,241] {scheduler_job.py:190} INFO - Processing /home/airflow/.local/lib/python3.6/site-packages/airflow/example_dags/example_python_operator.py took 0.302 seconds
[2021-02-23 10:32:09,038] {scheduler_job.py:182} INFO - Started process (PID=43) to work on /home/airflow/.local/lib/python3.6/site-packages/airflow/example_dags/example_python_operator.py
[2021-02-23 10:32:09,050] {scheduler_job.py:629} INFO - Processing file /home/airflow/.local/lib/python3.6/site-packages/airflow/example_dags/example_python_operator.py for tasks to queue
[2021-02-23 10:32:09,056] {logging_mixin.py:104} INFO - [2021-02-23 10:32:09,056] {dagbag.py:448} INFO - Filling up the DagBag from /home/airflow/.local/lib/python3.6/site-packages/airflow/example_dags/example_python_operator.py
[2021-02-23 10:32:09,182] {scheduler_job.py:639} INFO - DAG(s) dict_keys(['example_python_operator']) retrieved from /home/airflow/.local/lib/python3.6/site-packages/airflow/example_dags/example_python_operator.py
[2021-02-23 10:32:09,324] {logging_mixin.py:104} INFO - [2021-02-23 10:32:09,324] {dag.py:1818} INFO - Sync 1 DAGs
[2021-02-23 10:32:09,462] {logging_mixin.py:104} INFO - [2021-02-23 10:32:09,461] {dag.py:2273} INFO - Setting next_dagrun for example_python_operator to None
[2021-02-23 10:32:09,800] {scheduler_job.py:190} INFO - Processing /home/airflow/.local/lib/python3.6/site-packages/airflow/example_dags/example_python_operator.py took 0.800 seconds
[2021-02-23 10:32:41,010] {scheduler_job.py:182} INFO - Started process (PID=70) to work on /home/airflow/.local/lib/python3.6/site-packages/airflow/example_dags/example_python_operator.py
[2021-02-23 10:32:41,017] {scheduler_job.py:629} INFO - Processing file /home/airflow/.local/lib/python3.6/site-packages/airflow/example_dags/example_python_operator.py for tasks to queue
[2021-02-23 10:32:41,025] {logging_mixin.py:104} INFO - [2021-02-23 10:32:41,024] {dagbag.py:448} INFO - Filling up the DagBag from /home/airflow/.local/lib/python3.6/site-packages/airflow/example_dags/example_python_operator.py
[2021-02-23 10:32:41,263] {scheduler_job.py:639} INFO - DAG(s) dict_keys(['example_python_operator']) retrieved from /home/airflow/.local/lib/python3.6/site-packages/airflow/example_dags/example_python_operator.py
[2021-02-23 10:32:41,611] {logging_mixin.py:104} INFO - [2021-02-23 10:32:41,606] {dag.py:1818} INFO - Sync 1 DAGs
[2021-02-23 10:32:41,886] {logging_mixin.py:104} INFO - [2021-02-23 10:32:41,886] {dag.py:2273} INFO - Setting next_dagrun for example_python_operator to None
[2021-02-23 10:32:42,008] {scheduler_job.py:190} INFO - Processing /home/airflow/.local/lib/python3.6/site-packages/airflow/example_dags/example_python_operator.py took 1.025 seconds
[2021-02-23 10:33:12,199] {scheduler_job.py:182} INFO - Started process (PID=97) to work on /home/airflow/.local/lib/python3.6/site-packages/airflow/example_dags/example_python_operator.py
[2021-02-23 10:33:12,204] {scheduler_job.py:629} INFO - Processing file /home/airflow/.local/lib/python3.6/site-packages/airflow/example_dags/example_python_operator.py for tasks to queue
[2021-02-23 10:33:12,206] {logging_mixin.py:104} INFO - [2021-02-23 10:33:12,206] {dagbag.py:448} INFO - Filling up the DagBag from /home/airflow/.local/lib/python3.6/site-packages/airflow/example_dags/example_python_operator.py
[2021-02-23 10:33:12,233] {scheduler_job.py:639} INFO - DAG(s) dict_keys(['example_python_operator']) retrieved from /home/airflow/.local/lib/python3.6/site-packages/airflow/example_dags/example_python_operator.py
[2021-02-23 10:33:12,322] {logging_mixin.py:104} INFO - [2021-02-23 10:33:12,322] {dag.py:1818} INFO - Sync 1 DAGs
[2021-02-23 10:33:12,400] {logging_mixin.py:104} INFO - [2021-02-23 10:33:12,400] {dag.py:2273} INFO - Setting next_dagrun for example_python_operator to None
[2021-02-23 10:33:12,443] {scheduler_job.py:190} INFO - Processing /home/airflow/.local/lib/python3.6/site-packages/airflow/example_dags/example_python_operator.py took 0.249 seconds
[2021-02-23 10:33:43,323] {scheduler_job.py:182} INFO - Started process (PID=124) to work on /home/airflow/.local/lib/python3.6/site-packages/airflow/example_dags/example_python_operator.py
[2021-02-23 10:33:43,326] {scheduler_job.py:629} INFO - Processing file /home/airflow/.local/lib/python3.6/site-packages/airflow/example_dags/example_python_operator.py for tasks to queue
[2021-02-23 10:33:43,327] {logging_mixin.py:104} INFO - [2021-02-23 10:33:43,327] {dagbag.py:448} INFO - Filling up the DagBag from /home/airflow/.local/lib/python3.6/site-packages/airflow/example_dags/example_python_operator.py
[2021-02-23 10:33:43,344] {scheduler_job.py:639} INFO - DAG(s) dict_keys(['example_python_operator']) retrieved from /home/airflow/.local/lib/python3.6/site-packages/airflow/example_dags/example_python_operator.py
[2021-02-23 10:33:43,365] {logging_mixin.py:104} INFO - [2021-02-23 10:33:43,365] {dag.py:1818} INFO - Sync 1 DAGs
[2021-02-23 10:33:43,381] {logging_mixin.py:104} INFO - [2021-02-23 10:33:43,381] {dag.py:2273} INFO - Setting next_dagrun for example_python_operator to None
[2021-02-23 10:33:43,390] {scheduler_job.py:190} INFO - Processing /home/airflow/.local/lib/python3.6/site-packages/airflow/example_dags/example_python_operator.py took 0.072 seconds
[2021-02-23 10:34:13,799] {scheduler_job.py:182} INFO - Started process (PID=151) to work on /home/airflow/.local/lib/python3.6/site-packages/airflow/example_dags/example_python_operator.py
[2021-02-23 10:34:13,803] {scheduler_job.py:629} INFO - Processing file /home/airflow/.local/lib/python3.6/site-packages/airflow/example_dags/example_python_operator.py for tasks to queue
[2021-02-23 10:34:13,805] {logging_mixin.py:104} INFO - [2021-02-23 10:34:13,805] {dagbag.py:448} INFO - Filling up the DagBag from /home/airflow/.local/lib/python3.6/site-packages/airflow/example_dags/example_python_operator.py
[2021-02-23 10:34:13,824] {scheduler_job.py:639} INFO - DAG(s) dict_keys(['example_python_operator']) retrieved from /home/airflow/.local/lib/python3.6/site-packages/airflow/example_dags/example_python_operator.py
[2021-02-23 10:34:13,847] {logging_mixin.py:104} INFO - [2021-02-23 10:34:13,847] {dag.py:1818} INFO - Sync 1 DAGs
[2021-02-23 10:34:13,863] {logging_mixin.py:104} INFO - [2021-02-23 10:34:13,862] {dag.py:2273} INFO - Setting next_dagrun for example_python_operator to None
[2021-02-23 10:34:13,872] {scheduler_job.py:190} INFO - Processing /home/airflow/.local/lib/python3.6/site-packages/airflow/example_dags/example_python_operator.py took 0.078 seconds
[2021-02-23 10:34:44,171] {scheduler_job.py:182} INFO - Started process (PID=178) to work on /home/airflow/.local/lib/python3.6/site-packages/airflow/example_dags/example_python_operator.py
[2021-02-23 10:34:44,174] {scheduler_job.py:629} INFO - Processing file /home/airflow/.local/lib/python3.6/site-packages/airflow/example_dags/example_python_operator.py for tasks to queue
[2021-02-23 10:34:44,176] {logging_mixin.py:104} INFO - [2021-02-23 10:34:44,176] {dagbag.py:448} INFO - Filling up the DagBag from /home/airflow/.local/lib/python3.6/site-packages/airflow/example_dags/example_python_operator.py
[2021-02-23 10:34:44,192] {scheduler_job.py:639} INFO - DAG(s) dict_keys(['example_python_operator']) retrieved from /home/airflow/.local/lib/python3.6/site-packages/airflow/example_dags/example_python_operator.py
[2021-02-23 10:34:44,214] {logging_mixin.py:104} INFO - [2021-02-23 10:34:44,214] {dag.py:1818} INFO - Sync 1 DAGs
[2021-02-23 10:34:44,233] {logging_mixin.py:104} INFO - [2021-02-23 10:34:44,233] {dag.py:2273} INFO - Setting next_dagrun for example_python_operator to None
[2021-02-23 10:34:44,243] {scheduler_job.py:190} INFO - Processing /home/airflow/.local/lib/python3.6/site-packages/airflow/example_dags/example_python_operator.py took 0.077 seconds
[2021-02-23 10:35:14,501] {scheduler_job.py:182} INFO - Started process (PID=205) to work on /home/airflow/.local/lib/python3.6/site-packages/airflow/example_dags/example_python_operator.py
[2021-02-23 10:35:14,507] {scheduler_job.py:629} INFO - Processing file /home/airflow/.local/lib/python3.6/site-packages/airflow/example_dags/example_python_operator.py for tasks to queue
[2021-02-23 10:35:14,513] {logging_mixin.py:104} INFO - [2021-02-23 10:35:14,513] {dagbag.py:448} INFO - Filling up the DagBag from /home/airflow/.local/lib/python3.6/site-packages/airflow/example_dags/example_python_operator.py
[2021-02-23 10:35:14,587] {scheduler_job.py:639} INFO - DAG(s) dict_keys(['example_python_operator']) retrieved from /home/airflow/.local/lib/python3.6/site-packages/airflow/example_dags/example_python_operator.py
[2021-02-23 10:35:14,658] {logging_mixin.py:104} INFO - [2021-02-23 10:35:14,658] {dag.py:1818} INFO - Sync 1 DAGs
[2021-02-23 10:35:14,695] {logging_mixin.py:104} INFO - [2021-02-23 10:35:14,695] {dag.py:2273} INFO - Setting next_dagrun for example_python_operator to None
[2021-02-23 10:35:14,721] {scheduler_job.py:190} INFO - Processing /home/airflow/.local/lib/python3.6/site-packages/airflow/example_dags/example_python_operator.py took 0.235 seconds
[2021-02-23 10:35:45,582] {scheduler_job.py:182} INFO - Started process (PID=232) to work on /home/airflow/.local/lib/python3.6/site-packages/airflow/example_dags/example_python_operator.py
[2021-02-23 10:35:45,587] {scheduler_job.py:629} INFO - Processing file /home/airflow/.local/lib/python3.6/site-packages/airflow/example_dags/example_python_operator.py for tasks to queue
[2021-02-23 10:35:45,588] {logging_mixin.py:104} INFO - [2021-02-23 10:35:45,588] {dagbag.py:448} INFO - Filling up the DagBag from /home/airflow/.local/lib/python3.6/site-packages/airflow/example_dags/example_python_operator.py
[2021-02-23 10:35:45,604] {scheduler_job.py:639} INFO - DAG(s) dict_keys(['example_python_operator']) retrieved from /home/airflow/.local/lib/python3.6/site-packages/airflow/example_dags/example_python_operator.py
[2021-02-23 10:35:45,625] {logging_mixin.py:104} INFO - [2021-02-23 10:35:45,625] {dag.py:1818} INFO - Sync 1 DAGs
[2021-02-23 10:35:45,641] {logging_mixin.py:104} INFO - [2021-02-23 10:35:45,641] {dag.py:2273} INFO - Setting next_dagrun for example_python_operator to None
[2021-02-23 10:35:45,650] {scheduler_job.py:190} INFO - Processing /home/airflow/.local/lib/python3.6/site-packages/airflow/example_dags/example_python_operator.py took 0.071 seconds
[2021-02-23 10:36:16,452] {scheduler_job.py:182} INFO - Started process (PID=259) to work on /home/airflow/.local/lib/python3.6/site-packages/airflow/example_dags/example_python_operator.py
[2021-02-23 10:36:16,457] {scheduler_job.py:629} INFO - Processing file /home/airflow/.local/lib/python3.6/site-packages/airflow/example_dags/example_python_operator.py for tasks to queue
[2021-02-23 10:36:16,459] {logging_mixin.py:104} INFO - [2021-02-23 10:36:16,458] {dagbag.py:448} INFO - Filling up the DagBag from /home/airflow/.local/lib/python3.6/site-packages/airflow/example_dags/example_python_operator.py
[2021-02-23 10:36:16,495] {scheduler_job.py:639} INFO - DAG(s) dict_keys(['example_python_operator']) retrieved from /home/airflow/.local/lib/python3.6/site-packages/airflow/example_dags/example_python_operator.py
[2021-02-23 10:36:16,546] {logging_mixin.py:104} INFO - [2021-02-23 10:36:16,546] {dag.py:1818} INFO - Sync 1 DAGs
[2021-02-23 10:36:16,567] {logging_mixin.py:104} INFO - [2021-02-23 10:36:16,567] {dag.py:2273} INFO - Setting next_dagrun for example_python_operator to None
[2021-02-23 10:36:16,579] {scheduler_job.py:190} INFO - Processing /home/airflow/.local/lib/python3.6/site-packages/airflow/example_dags/example_python_operator.py took 0.143 seconds
[2021-02-23 10:36:47,483] {scheduler_job.py:182} INFO - Started process (PID=286) to work on /home/airflow/.local/lib/python3.6/site-packages/airflow/example_dags/example_python_operator.py
[2021-02-23 10:36:47,485] {scheduler_job.py:629} INFO - Processing file /home/airflow/.local/lib/python3.6/site-packages/airflow/example_dags/example_python_operator.py for tasks to queue
[2021-02-23 10:36:47,487] {logging_mixin.py:104} INFO - [2021-02-23 10:36:47,487] {dagbag.py:448} INFO - Filling up the DagBag from /home/airflow/.local/lib/python3.6/site-packages/airflow/example_dags/example_python_operator.py
[2021-02-23 10:36:47,501] {scheduler_job.py:639} INFO - DAG(s) dict_keys(['example_python_operator']) retrieved from /home/airflow/.local/lib/python3.6/site-packages/airflow/example_dags/example_python_operator.py
[2021-02-23 10:36:47,521] {logging_mixin.py:104} INFO - [2021-02-23 10:36:47,521] {dag.py:1818} INFO - Sync 1 DAGs
[2021-02-23 10:36:47,537] {logging_mixin.py:104} INFO - [2021-02-23 10:36:47,537] {dag.py:2273} INFO - Setting next_dagrun for example_python_operator to None
[2021-02-23 10:36:47,547] {scheduler_job.py:190} INFO - Processing /home/airflow/.local/lib/python3.6/site-packages/airflow/example_dags/example_python_operator.py took 0.068 seconds
[2021-02-23 10:37:42,819] {scheduler_job.py:182} INFO - Started process (PID=48) to work on /home/airflow/.local/lib/python3.6/site-packages/airflow/example_dags/example_python_operator.py
[2021-02-23 10:37:42,821] {scheduler_job.py:629} INFO - Processing file /home/airflow/.local/lib/python3.6/site-packages/airflow/example_dags/example_python_operator.py for tasks to queue
[2021-02-23 10:37:42,823] {logging_mixin.py:104} INFO - [2021-02-23 10:37:42,823] {dagbag.py:448} INFO - Filling up the DagBag from /home/airflow/.local/lib/python3.6/site-packages/airflow/example_dags/example_python_operator.py
[2021-02-23 10:37:42,898] {scheduler_job.py:639} INFO - DAG(s) dict_keys(['example_python_operator']) retrieved from /home/airflow/.local/lib/python3.6/site-packages/airflow/example_dags/example_python_operator.py
[2021-02-23 10:37:42,988] {logging_mixin.py:104} INFO - [2021-02-23 10:37:42,987] {dag.py:1818} INFO - Sync 1 DAGs
[2021-02-23 10:37:43,075] {logging_mixin.py:104} INFO - [2021-02-23 10:37:43,075] {dag.py:2273} INFO - Setting next_dagrun for example_python_operator to None
[2021-02-23 10:37:43,168] {scheduler_job.py:190} INFO - Processing /home/airflow/.local/lib/python3.6/site-packages/airflow/example_dags/example_python_operator.py took 0.366 seconds
[2021-02-23 10:38:13,294] {scheduler_job.py:182} INFO - Started process (PID=75) to work on /home/airflow/.local/lib/python3.6/site-packages/airflow/example_dags/example_python_operator.py
[2021-02-23 10:38:13,296] {scheduler_job.py:629} INFO - Processing file /home/airflow/.local/lib/python3.6/site-packages/airflow/example_dags/example_python_operator.py for tasks to queue
[2021-02-23 10:38:13,298] {logging_mixin.py:104} INFO - [2021-02-23 10:38:13,298] {dagbag.py:448} INFO - Filling up the DagBag from /home/airflow/.local/lib/python3.6/site-packages/airflow/example_dags/example_python_operator.py
[2021-02-23 10:38:13,318] {scheduler_job.py:639} INFO - DAG(s) dict_keys(['example_python_operator']) retrieved from /home/airflow/.local/lib/python3.6/site-packages/airflow/example_dags/example_python_operator.py
[2021-02-23 10:38:13,348] {logging_mixin.py:104} INFO - [2021-02-23 10:38:13,348] {dag.py:1818} INFO - Sync 1 DAGs
[2021-02-23 10:38:13,367] {logging_mixin.py:104} INFO - [2021-02-23 10:38:13,367] {dag.py:2273} INFO - Setting next_dagrun for example_python_operator to None
[2021-02-23 10:38:13,379] {scheduler_job.py:190} INFO - Processing /home/airflow/.local/lib/python3.6/site-packages/airflow/example_dags/example_python_operator.py took 0.088 seconds
