[2021-02-23 10:15:13,286] {scheduler_job.py:182} INFO - Started process (PID=33) to work on /home/airflow/.local/lib/python3.6/site-packages/airflow/example_dags/tutorial_taskflow_api_etl.py
[2021-02-23 10:15:13,297] {scheduler_job.py:629} INFO - Processing file /home/airflow/.local/lib/python3.6/site-packages/airflow/example_dags/tutorial_taskflow_api_etl.py for tasks to queue
[2021-02-23 10:15:13,299] {logging_mixin.py:104} INFO - [2021-02-23 10:15:13,299] {dagbag.py:448} INFO - Filling up the DagBag from /home/airflow/.local/lib/python3.6/site-packages/airflow/example_dags/tutorial_taskflow_api_etl.py
[2021-02-23 10:15:13,380] {scheduler_job.py:639} INFO - DAG(s) dict_keys(['tutorial_taskflow_api_etl']) retrieved from /home/airflow/.local/lib/python3.6/site-packages/airflow/example_dags/tutorial_taskflow_api_etl.py
[2021-02-23 10:15:13,505] {logging_mixin.py:104} INFO - [2021-02-23 10:15:13,504] {dag.py:1818} INFO - Sync 1 DAGs
[2021-02-23 10:15:13,562] {logging_mixin.py:104} INFO - [2021-02-23 10:15:13,562] {dag.py:1837} INFO - Creating ORM DAG for tutorial_taskflow_api_etl
[2021-02-23 10:15:13,583] {logging_mixin.py:104} INFO - [2021-02-23 10:15:13,583] {dag.py:2273} INFO - Setting next_dagrun for tutorial_taskflow_api_etl to None
[2021-02-23 10:15:13,679] {scheduler_job.py:190} INFO - Processing /home/airflow/.local/lib/python3.6/site-packages/airflow/example_dags/tutorial_taskflow_api_etl.py took 0.414 seconds
[2021-02-23 10:16:52,707] {scheduler_job.py:182} INFO - Started process (PID=63) to work on /home/airflow/.local/lib/python3.6/site-packages/airflow/example_dags/tutorial_taskflow_api_etl.py
[2021-02-23 10:16:52,723] {scheduler_job.py:629} INFO - Processing file /home/airflow/.local/lib/python3.6/site-packages/airflow/example_dags/tutorial_taskflow_api_etl.py for tasks to queue
[2021-02-23 10:16:52,737] {logging_mixin.py:104} INFO - [2021-02-23 10:16:52,737] {dagbag.py:448} INFO - Filling up the DagBag from /home/airflow/.local/lib/python3.6/site-packages/airflow/example_dags/tutorial_taskflow_api_etl.py
[2021-02-23 10:16:52,896] {scheduler_job.py:639} INFO - DAG(s) dict_keys(['tutorial_taskflow_api_etl']) retrieved from /home/airflow/.local/lib/python3.6/site-packages/airflow/example_dags/tutorial_taskflow_api_etl.py
[2021-02-23 10:16:53,130] {logging_mixin.py:104} INFO - [2021-02-23 10:16:53,130] {dag.py:1818} INFO - Sync 1 DAGs
[2021-02-23 10:16:53,213] {logging_mixin.py:104} INFO - [2021-02-23 10:16:53,212] {dag.py:2273} INFO - Setting next_dagrun for tutorial_taskflow_api_etl to None
[2021-02-23 10:16:53,258] {scheduler_job.py:190} INFO - Processing /home/airflow/.local/lib/python3.6/site-packages/airflow/example_dags/tutorial_taskflow_api_etl.py took 0.616 seconds
[2021-02-23 10:17:23,762] {scheduler_job.py:182} INFO - Started process (PID=90) to work on /home/airflow/.local/lib/python3.6/site-packages/airflow/example_dags/tutorial_taskflow_api_etl.py
[2021-02-23 10:17:23,769] {scheduler_job.py:629} INFO - Processing file /home/airflow/.local/lib/python3.6/site-packages/airflow/example_dags/tutorial_taskflow_api_etl.py for tasks to queue
[2021-02-23 10:17:23,778] {logging_mixin.py:104} INFO - [2021-02-23 10:17:23,777] {dagbag.py:448} INFO - Filling up the DagBag from /home/airflow/.local/lib/python3.6/site-packages/airflow/example_dags/tutorial_taskflow_api_etl.py
[2021-02-23 10:17:23,819] {scheduler_job.py:639} INFO - DAG(s) dict_keys(['tutorial_taskflow_api_etl']) retrieved from /home/airflow/.local/lib/python3.6/site-packages/airflow/example_dags/tutorial_taskflow_api_etl.py
[2021-02-23 10:17:23,887] {logging_mixin.py:104} INFO - [2021-02-23 10:17:23,887] {dag.py:1818} INFO - Sync 1 DAGs
[2021-02-23 10:17:23,949] {logging_mixin.py:104} INFO - [2021-02-23 10:17:23,949] {dag.py:2273} INFO - Setting next_dagrun for tutorial_taskflow_api_etl to None
[2021-02-23 10:17:23,987] {scheduler_job.py:190} INFO - Processing /home/airflow/.local/lib/python3.6/site-packages/airflow/example_dags/tutorial_taskflow_api_etl.py took 0.238 seconds
[2021-02-23 10:17:55,186] {scheduler_job.py:182} INFO - Started process (PID=117) to work on /home/airflow/.local/lib/python3.6/site-packages/airflow/example_dags/tutorial_taskflow_api_etl.py
[2021-02-23 10:17:55,191] {scheduler_job.py:629} INFO - Processing file /home/airflow/.local/lib/python3.6/site-packages/airflow/example_dags/tutorial_taskflow_api_etl.py for tasks to queue
[2021-02-23 10:17:55,203] {logging_mixin.py:104} INFO - [2021-02-23 10:17:55,203] {dagbag.py:448} INFO - Filling up the DagBag from /home/airflow/.local/lib/python3.6/site-packages/airflow/example_dags/tutorial_taskflow_api_etl.py
[2021-02-23 10:17:55,380] {scheduler_job.py:639} INFO - DAG(s) dict_keys(['tutorial_taskflow_api_etl']) retrieved from /home/airflow/.local/lib/python3.6/site-packages/airflow/example_dags/tutorial_taskflow_api_etl.py
[2021-02-23 10:17:55,578] {logging_mixin.py:104} INFO - [2021-02-23 10:17:55,573] {dag.py:1818} INFO - Sync 1 DAGs
[2021-02-23 10:17:55,810] {logging_mixin.py:104} INFO - [2021-02-23 10:17:55,805] {dag.py:2273} INFO - Setting next_dagrun for tutorial_taskflow_api_etl to None
[2021-02-23 10:17:55,942] {scheduler_job.py:190} INFO - Processing /home/airflow/.local/lib/python3.6/site-packages/airflow/example_dags/tutorial_taskflow_api_etl.py took 0.784 seconds
[2021-02-23 10:18:26,476] {scheduler_job.py:182} INFO - Started process (PID=144) to work on /home/airflow/.local/lib/python3.6/site-packages/airflow/example_dags/tutorial_taskflow_api_etl.py
[2021-02-23 10:18:26,486] {scheduler_job.py:629} INFO - Processing file /home/airflow/.local/lib/python3.6/site-packages/airflow/example_dags/tutorial_taskflow_api_etl.py for tasks to queue
[2021-02-23 10:18:26,489] {logging_mixin.py:104} INFO - [2021-02-23 10:18:26,489] {dagbag.py:448} INFO - Filling up the DagBag from /home/airflow/.local/lib/python3.6/site-packages/airflow/example_dags/tutorial_taskflow_api_etl.py
[2021-02-23 10:18:26,547] {scheduler_job.py:639} INFO - DAG(s) dict_keys(['tutorial_taskflow_api_etl']) retrieved from /home/airflow/.local/lib/python3.6/site-packages/airflow/example_dags/tutorial_taskflow_api_etl.py
[2021-02-23 10:18:26,622] {logging_mixin.py:104} INFO - [2021-02-23 10:18:26,622] {dag.py:1818} INFO - Sync 1 DAGs
[2021-02-23 10:18:26,659] {logging_mixin.py:104} INFO - [2021-02-23 10:18:26,659] {dag.py:2273} INFO - Setting next_dagrun for tutorial_taskflow_api_etl to None
[2021-02-23 10:18:26,681] {scheduler_job.py:190} INFO - Processing /home/airflow/.local/lib/python3.6/site-packages/airflow/example_dags/tutorial_taskflow_api_etl.py took 0.219 seconds
[2021-02-23 10:18:57,221] {scheduler_job.py:182} INFO - Started process (PID=171) to work on /home/airflow/.local/lib/python3.6/site-packages/airflow/example_dags/tutorial_taskflow_api_etl.py
[2021-02-23 10:18:57,226] {scheduler_job.py:629} INFO - Processing file /home/airflow/.local/lib/python3.6/site-packages/airflow/example_dags/tutorial_taskflow_api_etl.py for tasks to queue
[2021-02-23 10:18:57,230] {logging_mixin.py:104} INFO - [2021-02-23 10:18:57,230] {dagbag.py:448} INFO - Filling up the DagBag from /home/airflow/.local/lib/python3.6/site-packages/airflow/example_dags/tutorial_taskflow_api_etl.py
[2021-02-23 10:18:57,293] {scheduler_job.py:639} INFO - DAG(s) dict_keys(['tutorial_taskflow_api_etl']) retrieved from /home/airflow/.local/lib/python3.6/site-packages/airflow/example_dags/tutorial_taskflow_api_etl.py
[2021-02-23 10:18:57,465] {logging_mixin.py:104} INFO - [2021-02-23 10:18:57,465] {dag.py:1818} INFO - Sync 1 DAGs
[2021-02-23 10:18:57,543] {logging_mixin.py:104} INFO - [2021-02-23 10:18:57,543] {dag.py:2273} INFO - Setting next_dagrun for tutorial_taskflow_api_etl to None
[2021-02-23 10:18:57,604] {scheduler_job.py:190} INFO - Processing /home/airflow/.local/lib/python3.6/site-packages/airflow/example_dags/tutorial_taskflow_api_etl.py took 0.420 seconds
[2021-02-23 10:19:28,495] {scheduler_job.py:182} INFO - Started process (PID=198) to work on /home/airflow/.local/lib/python3.6/site-packages/airflow/example_dags/tutorial_taskflow_api_etl.py
[2021-02-23 10:19:28,518] {scheduler_job.py:629} INFO - Processing file /home/airflow/.local/lib/python3.6/site-packages/airflow/example_dags/tutorial_taskflow_api_etl.py for tasks to queue
[2021-02-23 10:19:28,520] {logging_mixin.py:104} INFO - [2021-02-23 10:19:28,520] {dagbag.py:448} INFO - Filling up the DagBag from /home/airflow/.local/lib/python3.6/site-packages/airflow/example_dags/tutorial_taskflow_api_etl.py
[2021-02-23 10:19:28,627] {scheduler_job.py:639} INFO - DAG(s) dict_keys(['tutorial_taskflow_api_etl']) retrieved from /home/airflow/.local/lib/python3.6/site-packages/airflow/example_dags/tutorial_taskflow_api_etl.py
[2021-02-23 10:19:28,771] {logging_mixin.py:104} INFO - [2021-02-23 10:19:28,771] {dag.py:1818} INFO - Sync 1 DAGs
[2021-02-23 10:19:28,884] {logging_mixin.py:104} INFO - [2021-02-23 10:19:28,882] {dag.py:2273} INFO - Setting next_dagrun for tutorial_taskflow_api_etl to None
[2021-02-23 10:19:28,951] {scheduler_job.py:190} INFO - Processing /home/airflow/.local/lib/python3.6/site-packages/airflow/example_dags/tutorial_taskflow_api_etl.py took 0.488 seconds
[2021-02-23 10:19:59,257] {scheduler_job.py:182} INFO - Started process (PID=225) to work on /home/airflow/.local/lib/python3.6/site-packages/airflow/example_dags/tutorial_taskflow_api_etl.py
[2021-02-23 10:19:59,263] {scheduler_job.py:629} INFO - Processing file /home/airflow/.local/lib/python3.6/site-packages/airflow/example_dags/tutorial_taskflow_api_etl.py for tasks to queue
[2021-02-23 10:19:59,282] {logging_mixin.py:104} INFO - [2021-02-23 10:19:59,282] {dagbag.py:448} INFO - Filling up the DagBag from /home/airflow/.local/lib/python3.6/site-packages/airflow/example_dags/tutorial_taskflow_api_etl.py
[2021-02-23 10:19:59,385] {scheduler_job.py:639} INFO - DAG(s) dict_keys(['tutorial_taskflow_api_etl']) retrieved from /home/airflow/.local/lib/python3.6/site-packages/airflow/example_dags/tutorial_taskflow_api_etl.py
[2021-02-23 10:19:59,651] {logging_mixin.py:104} INFO - [2021-02-23 10:19:59,650] {dag.py:1818} INFO - Sync 1 DAGs
[2021-02-23 10:19:59,733] {logging_mixin.py:104} INFO - [2021-02-23 10:19:59,732] {dag.py:2273} INFO - Setting next_dagrun for tutorial_taskflow_api_etl to None
[2021-02-23 10:19:59,886] {scheduler_job.py:190} INFO - Processing /home/airflow/.local/lib/python3.6/site-packages/airflow/example_dags/tutorial_taskflow_api_etl.py took 0.634 seconds
[2021-02-23 10:20:33,104] {scheduler_job.py:182} INFO - Started process (PID=255) to work on /home/airflow/.local/lib/python3.6/site-packages/airflow/example_dags/tutorial_taskflow_api_etl.py
[2021-02-23 10:20:33,107] {scheduler_job.py:629} INFO - Processing file /home/airflow/.local/lib/python3.6/site-packages/airflow/example_dags/tutorial_taskflow_api_etl.py for tasks to queue
[2021-02-23 10:20:33,109] {logging_mixin.py:104} INFO - [2021-02-23 10:20:33,108] {dagbag.py:448} INFO - Filling up the DagBag from /home/airflow/.local/lib/python3.6/site-packages/airflow/example_dags/tutorial_taskflow_api_etl.py
[2021-02-23 10:20:33,126] {scheduler_job.py:639} INFO - DAG(s) dict_keys(['tutorial_taskflow_api_etl']) retrieved from /home/airflow/.local/lib/python3.6/site-packages/airflow/example_dags/tutorial_taskflow_api_etl.py
[2021-02-23 10:20:33,164] {logging_mixin.py:104} INFO - [2021-02-23 10:20:33,163] {dag.py:1818} INFO - Sync 1 DAGs
[2021-02-23 10:20:33,172] {logging_mixin.py:104} INFO - [2021-02-23 10:20:33,171] {dag.py:1837} INFO - Creating ORM DAG for tutorial_taskflow_api_etl
[2021-02-23 10:20:33,180] {logging_mixin.py:104} INFO - [2021-02-23 10:20:33,180] {dag.py:2273} INFO - Setting next_dagrun for tutorial_taskflow_api_etl to None
[2021-02-23 10:20:33,198] {scheduler_job.py:190} INFO - Processing /home/airflow/.local/lib/python3.6/site-packages/airflow/example_dags/tutorial_taskflow_api_etl.py took 0.097 seconds
[2021-02-23 10:21:12,472] {scheduler_job.py:182} INFO - Started process (PID=280) to work on /home/airflow/.local/lib/python3.6/site-packages/airflow/example_dags/tutorial_taskflow_api_etl.py
[2021-02-23 10:21:12,479] {scheduler_job.py:629} INFO - Processing file /home/airflow/.local/lib/python3.6/site-packages/airflow/example_dags/tutorial_taskflow_api_etl.py for tasks to queue
[2021-02-23 10:21:12,484] {logging_mixin.py:104} INFO - [2021-02-23 10:21:12,483] {dagbag.py:448} INFO - Filling up the DagBag from /home/airflow/.local/lib/python3.6/site-packages/airflow/example_dags/tutorial_taskflow_api_etl.py
[2021-02-23 10:21:12,871] {scheduler_job.py:639} INFO - DAG(s) dict_keys(['tutorial_taskflow_api_etl']) retrieved from /home/airflow/.local/lib/python3.6/site-packages/airflow/example_dags/tutorial_taskflow_api_etl.py
[2021-02-23 10:21:14,634] {logging_mixin.py:104} INFO - [2021-02-23 10:21:14,634] {dag.py:1818} INFO - Sync 1 DAGs
[2021-02-23 10:21:15,007] {logging_mixin.py:104} INFO - [2021-02-23 10:21:14,978] {dag.py:2273} INFO - Setting next_dagrun for tutorial_taskflow_api_etl to None
[2021-02-23 10:21:15,554] {scheduler_job.py:190} INFO - Processing /home/airflow/.local/lib/python3.6/site-packages/airflow/example_dags/tutorial_taskflow_api_etl.py took 3.097 seconds
[2021-02-23 10:22:31,840] {scheduler_job.py:182} INFO - Started process (PID=30) to work on /home/airflow/.local/lib/python3.6/site-packages/airflow/example_dags/tutorial_taskflow_api_etl.py
[2021-02-23 10:22:31,850] {scheduler_job.py:629} INFO - Processing file /home/airflow/.local/lib/python3.6/site-packages/airflow/example_dags/tutorial_taskflow_api_etl.py for tasks to queue
[2021-02-23 10:22:31,870] {logging_mixin.py:104} INFO - [2021-02-23 10:22:31,869] {dagbag.py:448} INFO - Filling up the DagBag from /home/airflow/.local/lib/python3.6/site-packages/airflow/example_dags/tutorial_taskflow_api_etl.py
[2021-02-23 10:22:32,133] {scheduler_job.py:639} INFO - DAG(s) dict_keys(['tutorial_taskflow_api_etl']) retrieved from /home/airflow/.local/lib/python3.6/site-packages/airflow/example_dags/tutorial_taskflow_api_etl.py
[2021-02-23 10:22:32,440] {logging_mixin.py:104} INFO - [2021-02-23 10:22:32,439] {dag.py:1818} INFO - Sync 1 DAGs
[2021-02-23 10:22:32,587] {logging_mixin.py:104} INFO - [2021-02-23 10:22:32,587] {dag.py:2273} INFO - Setting next_dagrun for tutorial_taskflow_api_etl to None
[2021-02-23 10:22:32,705] {scheduler_job.py:190} INFO - Processing /home/airflow/.local/lib/python3.6/site-packages/airflow/example_dags/tutorial_taskflow_api_etl.py took 0.948 seconds
[2021-02-23 10:23:03,461] {scheduler_job.py:182} INFO - Started process (PID=57) to work on /home/airflow/.local/lib/python3.6/site-packages/airflow/example_dags/tutorial_taskflow_api_etl.py
[2021-02-23 10:23:03,554] {scheduler_job.py:629} INFO - Processing file /home/airflow/.local/lib/python3.6/site-packages/airflow/example_dags/tutorial_taskflow_api_etl.py for tasks to queue
[2021-02-23 10:23:03,590] {logging_mixin.py:104} INFO - [2021-02-23 10:23:03,586] {dagbag.py:448} INFO - Filling up the DagBag from /home/airflow/.local/lib/python3.6/site-packages/airflow/example_dags/tutorial_taskflow_api_etl.py
[2021-02-23 10:23:04,375] {scheduler_job.py:639} INFO - DAG(s) dict_keys(['tutorial_taskflow_api_etl']) retrieved from /home/airflow/.local/lib/python3.6/site-packages/airflow/example_dags/tutorial_taskflow_api_etl.py
[2021-02-23 10:23:04,823] {logging_mixin.py:104} INFO - [2021-02-23 10:23:04,823] {dag.py:1818} INFO - Sync 1 DAGs
[2021-02-23 10:23:05,149] {logging_mixin.py:104} INFO - [2021-02-23 10:23:05,149] {dag.py:2273} INFO - Setting next_dagrun for tutorial_taskflow_api_etl to None
[2021-02-23 10:23:05,347] {scheduler_job.py:190} INFO - Processing /home/airflow/.local/lib/python3.6/site-packages/airflow/example_dags/tutorial_taskflow_api_etl.py took 2.026 seconds
[2021-02-23 10:23:35,777] {scheduler_job.py:182} INFO - Started process (PID=84) to work on /home/airflow/.local/lib/python3.6/site-packages/airflow/example_dags/tutorial_taskflow_api_etl.py
[2021-02-23 10:23:35,794] {scheduler_job.py:629} INFO - Processing file /home/airflow/.local/lib/python3.6/site-packages/airflow/example_dags/tutorial_taskflow_api_etl.py for tasks to queue
[2021-02-23 10:23:35,819] {logging_mixin.py:104} INFO - [2021-02-23 10:23:35,814] {dagbag.py:448} INFO - Filling up the DagBag from /home/airflow/.local/lib/python3.6/site-packages/airflow/example_dags/tutorial_taskflow_api_etl.py
[2021-02-23 10:23:35,975] {scheduler_job.py:639} INFO - DAG(s) dict_keys(['tutorial_taskflow_api_etl']) retrieved from /home/airflow/.local/lib/python3.6/site-packages/airflow/example_dags/tutorial_taskflow_api_etl.py
[2021-02-23 10:23:36,170] {logging_mixin.py:104} INFO - [2021-02-23 10:23:36,170] {dag.py:1818} INFO - Sync 1 DAGs
[2021-02-23 10:23:36,392] {logging_mixin.py:104} INFO - [2021-02-23 10:23:36,392] {dag.py:2273} INFO - Setting next_dagrun for tutorial_taskflow_api_etl to None
[2021-02-23 10:23:36,710] {scheduler_job.py:190} INFO - Processing /home/airflow/.local/lib/python3.6/site-packages/airflow/example_dags/tutorial_taskflow_api_etl.py took 0.987 seconds
[2021-02-23 10:24:07,002] {scheduler_job.py:182} INFO - Started process (PID=111) to work on /home/airflow/.local/lib/python3.6/site-packages/airflow/example_dags/tutorial_taskflow_api_etl.py
[2021-02-23 10:24:07,011] {scheduler_job.py:629} INFO - Processing file /home/airflow/.local/lib/python3.6/site-packages/airflow/example_dags/tutorial_taskflow_api_etl.py for tasks to queue
[2021-02-23 10:24:07,013] {logging_mixin.py:104} INFO - [2021-02-23 10:24:07,013] {dagbag.py:448} INFO - Filling up the DagBag from /home/airflow/.local/lib/python3.6/site-packages/airflow/example_dags/tutorial_taskflow_api_etl.py
[2021-02-23 10:24:07,065] {scheduler_job.py:639} INFO - DAG(s) dict_keys(['tutorial_taskflow_api_etl']) retrieved from /home/airflow/.local/lib/python3.6/site-packages/airflow/example_dags/tutorial_taskflow_api_etl.py
[2021-02-23 10:24:07,122] {logging_mixin.py:104} INFO - [2021-02-23 10:24:07,121] {dag.py:1818} INFO - Sync 1 DAGs
[2021-02-23 10:24:07,180] {logging_mixin.py:104} INFO - [2021-02-23 10:24:07,178] {dag.py:2273} INFO - Setting next_dagrun for tutorial_taskflow_api_etl to None
[2021-02-23 10:24:07,235] {scheduler_job.py:190} INFO - Processing /home/airflow/.local/lib/python3.6/site-packages/airflow/example_dags/tutorial_taskflow_api_etl.py took 0.251 seconds
[2021-02-23 10:24:37,355] {scheduler_job.py:182} INFO - Started process (PID=138) to work on /home/airflow/.local/lib/python3.6/site-packages/airflow/example_dags/tutorial_taskflow_api_etl.py
[2021-02-23 10:24:37,361] {scheduler_job.py:629} INFO - Processing file /home/airflow/.local/lib/python3.6/site-packages/airflow/example_dags/tutorial_taskflow_api_etl.py for tasks to queue
[2021-02-23 10:24:37,363] {logging_mixin.py:104} INFO - [2021-02-23 10:24:37,362] {dagbag.py:448} INFO - Filling up the DagBag from /home/airflow/.local/lib/python3.6/site-packages/airflow/example_dags/tutorial_taskflow_api_etl.py
[2021-02-23 10:24:37,393] {scheduler_job.py:639} INFO - DAG(s) dict_keys(['tutorial_taskflow_api_etl']) retrieved from /home/airflow/.local/lib/python3.6/site-packages/airflow/example_dags/tutorial_taskflow_api_etl.py
[2021-02-23 10:24:37,435] {logging_mixin.py:104} INFO - [2021-02-23 10:24:37,434] {dag.py:1818} INFO - Sync 1 DAGs
[2021-02-23 10:24:37,465] {logging_mixin.py:104} INFO - [2021-02-23 10:24:37,464] {dag.py:2273} INFO - Setting next_dagrun for tutorial_taskflow_api_etl to None
[2021-02-23 10:24:37,483] {scheduler_job.py:190} INFO - Processing /home/airflow/.local/lib/python3.6/site-packages/airflow/example_dags/tutorial_taskflow_api_etl.py took 0.132 seconds
[2021-02-23 10:25:09,565] {scheduler_job.py:182} INFO - Started process (PID=164) to work on /home/airflow/.local/lib/python3.6/site-packages/airflow/example_dags/tutorial_taskflow_api_etl.py
[2021-02-23 10:25:09,581] {scheduler_job.py:629} INFO - Processing file /home/airflow/.local/lib/python3.6/site-packages/airflow/example_dags/tutorial_taskflow_api_etl.py for tasks to queue
[2021-02-23 10:25:09,620] {logging_mixin.py:104} INFO - [2021-02-23 10:25:09,619] {dagbag.py:448} INFO - Filling up the DagBag from /home/airflow/.local/lib/python3.6/site-packages/airflow/example_dags/tutorial_taskflow_api_etl.py
[2021-02-23 10:25:09,685] {scheduler_job.py:639} INFO - DAG(s) dict_keys(['tutorial_taskflow_api_etl']) retrieved from /home/airflow/.local/lib/python3.6/site-packages/airflow/example_dags/tutorial_taskflow_api_etl.py
[2021-02-23 10:25:10,080] {logging_mixin.py:104} INFO - [2021-02-23 10:25:10,076] {dag.py:1818} INFO - Sync 1 DAGs
[2021-02-23 10:25:10,260] {logging_mixin.py:104} INFO - [2021-02-23 10:25:10,260] {dag.py:2273} INFO - Setting next_dagrun for tutorial_taskflow_api_etl to None
[2021-02-23 10:25:10,397] {scheduler_job.py:190} INFO - Processing /home/airflow/.local/lib/python3.6/site-packages/airflow/example_dags/tutorial_taskflow_api_etl.py took 0.869 seconds
[2021-02-23 10:25:41,141] {scheduler_job.py:182} INFO - Started process (PID=191) to work on /home/airflow/.local/lib/python3.6/site-packages/airflow/example_dags/tutorial_taskflow_api_etl.py
[2021-02-23 10:25:41,145] {scheduler_job.py:629} INFO - Processing file /home/airflow/.local/lib/python3.6/site-packages/airflow/example_dags/tutorial_taskflow_api_etl.py for tasks to queue
[2021-02-23 10:25:41,152] {logging_mixin.py:104} INFO - [2021-02-23 10:25:41,152] {dagbag.py:448} INFO - Filling up the DagBag from /home/airflow/.local/lib/python3.6/site-packages/airflow/example_dags/tutorial_taskflow_api_etl.py
[2021-02-23 10:25:41,257] {scheduler_job.py:639} INFO - DAG(s) dict_keys(['tutorial_taskflow_api_etl']) retrieved from /home/airflow/.local/lib/python3.6/site-packages/airflow/example_dags/tutorial_taskflow_api_etl.py
[2021-02-23 10:25:41,680] {logging_mixin.py:104} INFO - [2021-02-23 10:25:41,680] {dag.py:1818} INFO - Sync 1 DAGs
[2021-02-23 10:25:41,869] {logging_mixin.py:104} INFO - [2021-02-23 10:25:41,869] {dag.py:2273} INFO - Setting next_dagrun for tutorial_taskflow_api_etl to None
[2021-02-23 10:25:42,094] {scheduler_job.py:190} INFO - Processing /home/airflow/.local/lib/python3.6/site-packages/airflow/example_dags/tutorial_taskflow_api_etl.py took 0.965 seconds
[2021-02-23 10:26:30,049] {scheduler_job.py:182} INFO - Started process (PID=210) to work on /home/airflow/.local/lib/python3.6/site-packages/airflow/example_dags/tutorial_taskflow_api_etl.py
[2021-02-23 10:26:30,059] {scheduler_job.py:629} INFO - Processing file /home/airflow/.local/lib/python3.6/site-packages/airflow/example_dags/tutorial_taskflow_api_etl.py for tasks to queue
[2021-02-23 10:26:30,074] {logging_mixin.py:104} INFO - [2021-02-23 10:26:30,070] {dagbag.py:448} INFO - Filling up the DagBag from /home/airflow/.local/lib/python3.6/site-packages/airflow/example_dags/tutorial_taskflow_api_etl.py
[2021-02-23 10:26:30,233] {scheduler_job.py:639} INFO - DAG(s) dict_keys(['tutorial_taskflow_api_etl']) retrieved from /home/airflow/.local/lib/python3.6/site-packages/airflow/example_dags/tutorial_taskflow_api_etl.py
[2021-02-23 10:26:30,448] {logging_mixin.py:104} INFO - [2021-02-23 10:26:30,447] {dag.py:1818} INFO - Sync 1 DAGs
[2021-02-23 10:26:30,536] {logging_mixin.py:104} INFO - [2021-02-23 10:26:30,536] {dag.py:2273} INFO - Setting next_dagrun for tutorial_taskflow_api_etl to None
[2021-02-23 10:26:30,593] {scheduler_job.py:190} INFO - Processing /home/airflow/.local/lib/python3.6/site-packages/airflow/example_dags/tutorial_taskflow_api_etl.py took 0.585 seconds
[2021-02-23 10:27:14,320] {scheduler_job.py:182} INFO - Started process (PID=237) to work on /home/airflow/.local/lib/python3.6/site-packages/airflow/example_dags/tutorial_taskflow_api_etl.py
[2021-02-23 10:27:14,328] {scheduler_job.py:629} INFO - Processing file /home/airflow/.local/lib/python3.6/site-packages/airflow/example_dags/tutorial_taskflow_api_etl.py for tasks to queue
[2021-02-23 10:27:14,332] {logging_mixin.py:104} INFO - [2021-02-23 10:27:14,332] {dagbag.py:448} INFO - Filling up the DagBag from /home/airflow/.local/lib/python3.6/site-packages/airflow/example_dags/tutorial_taskflow_api_etl.py
[2021-02-23 10:27:14,409] {scheduler_job.py:639} INFO - DAG(s) dict_keys(['tutorial_taskflow_api_etl']) retrieved from /home/airflow/.local/lib/python3.6/site-packages/airflow/example_dags/tutorial_taskflow_api_etl.py
[2021-02-23 10:27:14,507] {logging_mixin.py:104} INFO - [2021-02-23 10:27:14,507] {dag.py:1818} INFO - Sync 1 DAGs
[2021-02-23 10:27:14,568] {logging_mixin.py:104} INFO - [2021-02-23 10:27:14,568] {dag.py:2273} INFO - Setting next_dagrun for tutorial_taskflow_api_etl to None
[2021-02-23 10:27:14,613] {scheduler_job.py:190} INFO - Processing /home/airflow/.local/lib/python3.6/site-packages/airflow/example_dags/tutorial_taskflow_api_etl.py took 0.309 seconds
[2021-02-23 10:32:06,119] {scheduler_job.py:182} INFO - Started process (PID=36) to work on /home/airflow/.local/lib/python3.6/site-packages/airflow/example_dags/tutorial_taskflow_api_etl.py
[2021-02-23 10:32:06,153] {scheduler_job.py:629} INFO - Processing file /home/airflow/.local/lib/python3.6/site-packages/airflow/example_dags/tutorial_taskflow_api_etl.py for tasks to queue
[2021-02-23 10:32:06,166] {logging_mixin.py:104} INFO - [2021-02-23 10:32:06,166] {dagbag.py:448} INFO - Filling up the DagBag from /home/airflow/.local/lib/python3.6/site-packages/airflow/example_dags/tutorial_taskflow_api_etl.py
[2021-02-23 10:32:06,325] {scheduler_job.py:639} INFO - DAG(s) dict_keys(['tutorial_taskflow_api_etl']) retrieved from /home/airflow/.local/lib/python3.6/site-packages/airflow/example_dags/tutorial_taskflow_api_etl.py
[2021-02-23 10:32:06,688] {logging_mixin.py:104} INFO - [2021-02-23 10:32:06,688] {dag.py:1818} INFO - Sync 1 DAGs
[2021-02-23 10:32:06,856] {logging_mixin.py:104} INFO - [2021-02-23 10:32:06,856] {dag.py:2273} INFO - Setting next_dagrun for tutorial_taskflow_api_etl to None
[2021-02-23 10:32:06,953] {scheduler_job.py:190} INFO - Processing /home/airflow/.local/lib/python3.6/site-packages/airflow/example_dags/tutorial_taskflow_api_etl.py took 1.093 seconds
[2021-02-23 10:32:37,292] {scheduler_job.py:182} INFO - Started process (PID=63) to work on /home/airflow/.local/lib/python3.6/site-packages/airflow/example_dags/tutorial_taskflow_api_etl.py
[2021-02-23 10:32:37,299] {scheduler_job.py:629} INFO - Processing file /home/airflow/.local/lib/python3.6/site-packages/airflow/example_dags/tutorial_taskflow_api_etl.py for tasks to queue
[2021-02-23 10:32:37,314] {logging_mixin.py:104} INFO - [2021-02-23 10:32:37,309] {dagbag.py:448} INFO - Filling up the DagBag from /home/airflow/.local/lib/python3.6/site-packages/airflow/example_dags/tutorial_taskflow_api_etl.py
[2021-02-23 10:32:37,453] {scheduler_job.py:639} INFO - DAG(s) dict_keys(['tutorial_taskflow_api_etl']) retrieved from /home/airflow/.local/lib/python3.6/site-packages/airflow/example_dags/tutorial_taskflow_api_etl.py
[2021-02-23 10:32:37,627] {logging_mixin.py:104} INFO - [2021-02-23 10:32:37,626] {dag.py:1818} INFO - Sync 1 DAGs
[2021-02-23 10:32:37,780] {logging_mixin.py:104} INFO - [2021-02-23 10:32:37,780] {dag.py:2273} INFO - Setting next_dagrun for tutorial_taskflow_api_etl to None
[2021-02-23 10:32:37,864] {scheduler_job.py:190} INFO - Processing /home/airflow/.local/lib/python3.6/site-packages/airflow/example_dags/tutorial_taskflow_api_etl.py took 0.615 seconds
[2021-02-23 10:33:08,173] {scheduler_job.py:182} INFO - Started process (PID=90) to work on /home/airflow/.local/lib/python3.6/site-packages/airflow/example_dags/tutorial_taskflow_api_etl.py
[2021-02-23 10:33:08,178] {scheduler_job.py:629} INFO - Processing file /home/airflow/.local/lib/python3.6/site-packages/airflow/example_dags/tutorial_taskflow_api_etl.py for tasks to queue
[2021-02-23 10:33:08,192] {logging_mixin.py:104} INFO - [2021-02-23 10:33:08,192] {dagbag.py:448} INFO - Filling up the DagBag from /home/airflow/.local/lib/python3.6/site-packages/airflow/example_dags/tutorial_taskflow_api_etl.py
[2021-02-23 10:33:08,328] {scheduler_job.py:639} INFO - DAG(s) dict_keys(['tutorial_taskflow_api_etl']) retrieved from /home/airflow/.local/lib/python3.6/site-packages/airflow/example_dags/tutorial_taskflow_api_etl.py
[2021-02-23 10:33:08,544] {logging_mixin.py:104} INFO - [2021-02-23 10:33:08,544] {dag.py:1818} INFO - Sync 1 DAGs
[2021-02-23 10:33:08,677] {logging_mixin.py:104} INFO - [2021-02-23 10:33:08,677] {dag.py:2273} INFO - Setting next_dagrun for tutorial_taskflow_api_etl to None
[2021-02-23 10:33:08,715] {scheduler_job.py:190} INFO - Processing /home/airflow/.local/lib/python3.6/site-packages/airflow/example_dags/tutorial_taskflow_api_etl.py took 0.558 seconds
[2021-02-23 10:33:39,572] {scheduler_job.py:182} INFO - Started process (PID=117) to work on /home/airflow/.local/lib/python3.6/site-packages/airflow/example_dags/tutorial_taskflow_api_etl.py
[2021-02-23 10:33:39,589] {scheduler_job.py:629} INFO - Processing file /home/airflow/.local/lib/python3.6/site-packages/airflow/example_dags/tutorial_taskflow_api_etl.py for tasks to queue
[2021-02-23 10:33:39,592] {logging_mixin.py:104} INFO - [2021-02-23 10:33:39,592] {dagbag.py:448} INFO - Filling up the DagBag from /home/airflow/.local/lib/python3.6/site-packages/airflow/example_dags/tutorial_taskflow_api_etl.py
[2021-02-23 10:33:39,647] {scheduler_job.py:639} INFO - DAG(s) dict_keys(['tutorial_taskflow_api_etl']) retrieved from /home/airflow/.local/lib/python3.6/site-packages/airflow/example_dags/tutorial_taskflow_api_etl.py
[2021-02-23 10:33:39,697] {logging_mixin.py:104} INFO - [2021-02-23 10:33:39,696] {dag.py:1818} INFO - Sync 1 DAGs
[2021-02-23 10:33:39,727] {logging_mixin.py:104} INFO - [2021-02-23 10:33:39,727] {dag.py:2273} INFO - Setting next_dagrun for tutorial_taskflow_api_etl to None
[2021-02-23 10:33:39,746] {scheduler_job.py:190} INFO - Processing /home/airflow/.local/lib/python3.6/site-packages/airflow/example_dags/tutorial_taskflow_api_etl.py took 0.182 seconds
[2021-02-23 10:34:10,142] {scheduler_job.py:182} INFO - Started process (PID=144) to work on /home/airflow/.local/lib/python3.6/site-packages/airflow/example_dags/tutorial_taskflow_api_etl.py
[2021-02-23 10:34:10,145] {scheduler_job.py:629} INFO - Processing file /home/airflow/.local/lib/python3.6/site-packages/airflow/example_dags/tutorial_taskflow_api_etl.py for tasks to queue
[2021-02-23 10:34:10,147] {logging_mixin.py:104} INFO - [2021-02-23 10:34:10,147] {dagbag.py:448} INFO - Filling up the DagBag from /home/airflow/.local/lib/python3.6/site-packages/airflow/example_dags/tutorial_taskflow_api_etl.py
[2021-02-23 10:34:10,178] {scheduler_job.py:639} INFO - DAG(s) dict_keys(['tutorial_taskflow_api_etl']) retrieved from /home/airflow/.local/lib/python3.6/site-packages/airflow/example_dags/tutorial_taskflow_api_etl.py
[2021-02-23 10:34:10,225] {logging_mixin.py:104} INFO - [2021-02-23 10:34:10,225] {dag.py:1818} INFO - Sync 1 DAGs
[2021-02-23 10:34:10,257] {logging_mixin.py:104} INFO - [2021-02-23 10:34:10,257] {dag.py:2273} INFO - Setting next_dagrun for tutorial_taskflow_api_etl to None
[2021-02-23 10:34:10,279] {scheduler_job.py:190} INFO - Processing /home/airflow/.local/lib/python3.6/site-packages/airflow/example_dags/tutorial_taskflow_api_etl.py took 0.146 seconds
[2021-02-23 10:34:40,830] {scheduler_job.py:182} INFO - Started process (PID=171) to work on /home/airflow/.local/lib/python3.6/site-packages/airflow/example_dags/tutorial_taskflow_api_etl.py
[2021-02-23 10:34:40,835] {scheduler_job.py:629} INFO - Processing file /home/airflow/.local/lib/python3.6/site-packages/airflow/example_dags/tutorial_taskflow_api_etl.py for tasks to queue
[2021-02-23 10:34:40,839] {logging_mixin.py:104} INFO - [2021-02-23 10:34:40,839] {dagbag.py:448} INFO - Filling up the DagBag from /home/airflow/.local/lib/python3.6/site-packages/airflow/example_dags/tutorial_taskflow_api_etl.py
[2021-02-23 10:34:40,868] {scheduler_job.py:639} INFO - DAG(s) dict_keys(['tutorial_taskflow_api_etl']) retrieved from /home/airflow/.local/lib/python3.6/site-packages/airflow/example_dags/tutorial_taskflow_api_etl.py
[2021-02-23 10:34:40,919] {logging_mixin.py:104} INFO - [2021-02-23 10:34:40,919] {dag.py:1818} INFO - Sync 1 DAGs
[2021-02-23 10:34:40,952] {logging_mixin.py:104} INFO - [2021-02-23 10:34:40,952] {dag.py:2273} INFO - Setting next_dagrun for tutorial_taskflow_api_etl to None
[2021-02-23 10:34:40,973] {scheduler_job.py:190} INFO - Processing /home/airflow/.local/lib/python3.6/site-packages/airflow/example_dags/tutorial_taskflow_api_etl.py took 0.155 seconds
[2021-02-23 10:35:11,097] {scheduler_job.py:182} INFO - Started process (PID=198) to work on /home/airflow/.local/lib/python3.6/site-packages/airflow/example_dags/tutorial_taskflow_api_etl.py
[2021-02-23 10:35:11,100] {scheduler_job.py:629} INFO - Processing file /home/airflow/.local/lib/python3.6/site-packages/airflow/example_dags/tutorial_taskflow_api_etl.py for tasks to queue
[2021-02-23 10:35:11,104] {logging_mixin.py:104} INFO - [2021-02-23 10:35:11,104] {dagbag.py:448} INFO - Filling up the DagBag from /home/airflow/.local/lib/python3.6/site-packages/airflow/example_dags/tutorial_taskflow_api_etl.py
[2021-02-23 10:35:11,138] {scheduler_job.py:639} INFO - DAG(s) dict_keys(['tutorial_taskflow_api_etl']) retrieved from /home/airflow/.local/lib/python3.6/site-packages/airflow/example_dags/tutorial_taskflow_api_etl.py
[2021-02-23 10:35:11,201] {logging_mixin.py:104} INFO - [2021-02-23 10:35:11,199] {dag.py:1818} INFO - Sync 1 DAGs
[2021-02-23 10:35:11,238] {logging_mixin.py:104} INFO - [2021-02-23 10:35:11,238] {dag.py:2273} INFO - Setting next_dagrun for tutorial_taskflow_api_etl to None
[2021-02-23 10:35:11,259] {scheduler_job.py:190} INFO - Processing /home/airflow/.local/lib/python3.6/site-packages/airflow/example_dags/tutorial_taskflow_api_etl.py took 0.174 seconds
[2021-02-23 10:35:41,478] {scheduler_job.py:182} INFO - Started process (PID=225) to work on /home/airflow/.local/lib/python3.6/site-packages/airflow/example_dags/tutorial_taskflow_api_etl.py
[2021-02-23 10:35:41,482] {scheduler_job.py:629} INFO - Processing file /home/airflow/.local/lib/python3.6/site-packages/airflow/example_dags/tutorial_taskflow_api_etl.py for tasks to queue
[2021-02-23 10:35:41,484] {logging_mixin.py:104} INFO - [2021-02-23 10:35:41,484] {dagbag.py:448} INFO - Filling up the DagBag from /home/airflow/.local/lib/python3.6/site-packages/airflow/example_dags/tutorial_taskflow_api_etl.py
[2021-02-23 10:35:41,516] {scheduler_job.py:639} INFO - DAG(s) dict_keys(['tutorial_taskflow_api_etl']) retrieved from /home/airflow/.local/lib/python3.6/site-packages/airflow/example_dags/tutorial_taskflow_api_etl.py
[2021-02-23 10:35:41,575] {logging_mixin.py:104} INFO - [2021-02-23 10:35:41,575] {dag.py:1818} INFO - Sync 1 DAGs
[2021-02-23 10:35:41,607] {logging_mixin.py:104} INFO - [2021-02-23 10:35:41,606] {dag.py:2273} INFO - Setting next_dagrun for tutorial_taskflow_api_etl to None
[2021-02-23 10:35:41,626] {scheduler_job.py:190} INFO - Processing /home/airflow/.local/lib/python3.6/site-packages/airflow/example_dags/tutorial_taskflow_api_etl.py took 0.157 seconds
[2021-02-23 10:36:12,055] {scheduler_job.py:182} INFO - Started process (PID=250) to work on /home/airflow/.local/lib/python3.6/site-packages/airflow/example_dags/tutorial_taskflow_api_etl.py
[2021-02-23 10:36:12,060] {scheduler_job.py:629} INFO - Processing file /home/airflow/.local/lib/python3.6/site-packages/airflow/example_dags/tutorial_taskflow_api_etl.py for tasks to queue
[2021-02-23 10:36:12,079] {logging_mixin.py:104} INFO - [2021-02-23 10:36:12,074] {dagbag.py:448} INFO - Filling up the DagBag from /home/airflow/.local/lib/python3.6/site-packages/airflow/example_dags/tutorial_taskflow_api_etl.py
[2021-02-23 10:36:12,152] {scheduler_job.py:639} INFO - DAG(s) dict_keys(['tutorial_taskflow_api_etl']) retrieved from /home/airflow/.local/lib/python3.6/site-packages/airflow/example_dags/tutorial_taskflow_api_etl.py
[2021-02-23 10:36:12,302] {logging_mixin.py:104} INFO - [2021-02-23 10:36:12,302] {dag.py:1818} INFO - Sync 1 DAGs
[2021-02-23 10:36:12,369] {logging_mixin.py:104} INFO - [2021-02-23 10:36:12,369] {dag.py:2273} INFO - Setting next_dagrun for tutorial_taskflow_api_etl to None
[2021-02-23 10:36:12,410] {scheduler_job.py:190} INFO - Processing /home/airflow/.local/lib/python3.6/site-packages/airflow/example_dags/tutorial_taskflow_api_etl.py took 0.398 seconds
[2021-02-23 10:36:43,062] {scheduler_job.py:182} INFO - Started process (PID=277) to work on /home/airflow/.local/lib/python3.6/site-packages/airflow/example_dags/tutorial_taskflow_api_etl.py
[2021-02-23 10:36:43,064] {scheduler_job.py:629} INFO - Processing file /home/airflow/.local/lib/python3.6/site-packages/airflow/example_dags/tutorial_taskflow_api_etl.py for tasks to queue
[2021-02-23 10:36:43,068] {logging_mixin.py:104} INFO - [2021-02-23 10:36:43,068] {dagbag.py:448} INFO - Filling up the DagBag from /home/airflow/.local/lib/python3.6/site-packages/airflow/example_dags/tutorial_taskflow_api_etl.py
[2021-02-23 10:36:43,117] {scheduler_job.py:639} INFO - DAG(s) dict_keys(['tutorial_taskflow_api_etl']) retrieved from /home/airflow/.local/lib/python3.6/site-packages/airflow/example_dags/tutorial_taskflow_api_etl.py
[2021-02-23 10:36:43,244] {logging_mixin.py:104} INFO - [2021-02-23 10:36:43,244] {dag.py:1818} INFO - Sync 1 DAGs
[2021-02-23 10:36:43,299] {logging_mixin.py:104} INFO - [2021-02-23 10:36:43,299] {dag.py:2273} INFO - Setting next_dagrun for tutorial_taskflow_api_etl to None
[2021-02-23 10:36:43,360] {scheduler_job.py:190} INFO - Processing /home/airflow/.local/lib/python3.6/site-packages/airflow/example_dags/tutorial_taskflow_api_etl.py took 0.307 seconds
[2021-02-23 10:37:40,476] {scheduler_job.py:182} INFO - Started process (PID=43) to work on /home/airflow/.local/lib/python3.6/site-packages/airflow/example_dags/tutorial_taskflow_api_etl.py
[2021-02-23 10:37:40,482] {scheduler_job.py:629} INFO - Processing file /home/airflow/.local/lib/python3.6/site-packages/airflow/example_dags/tutorial_taskflow_api_etl.py for tasks to queue
[2021-02-23 10:37:40,488] {logging_mixin.py:104} INFO - [2021-02-23 10:37:40,485] {dagbag.py:448} INFO - Filling up the DagBag from /home/airflow/.local/lib/python3.6/site-packages/airflow/example_dags/tutorial_taskflow_api_etl.py
[2021-02-23 10:37:41,270] {scheduler_job.py:639} INFO - DAG(s) dict_keys(['tutorial_taskflow_api_etl']) retrieved from /home/airflow/.local/lib/python3.6/site-packages/airflow/example_dags/tutorial_taskflow_api_etl.py
[2021-02-23 10:37:41,486] {logging_mixin.py:104} INFO - [2021-02-23 10:37:41,485] {dag.py:1818} INFO - Sync 1 DAGs
[2021-02-23 10:37:41,525] {logging_mixin.py:104} INFO - [2021-02-23 10:37:41,524] {dag.py:2273} INFO - Setting next_dagrun for tutorial_taskflow_api_etl to None
[2021-02-23 10:37:41,553] {scheduler_job.py:190} INFO - Processing /home/airflow/.local/lib/python3.6/site-packages/airflow/example_dags/tutorial_taskflow_api_etl.py took 1.099 seconds
[2021-02-23 10:38:11,817] {scheduler_job.py:182} INFO - Started process (PID=70) to work on /home/airflow/.local/lib/python3.6/site-packages/airflow/example_dags/tutorial_taskflow_api_etl.py
[2021-02-23 10:38:11,820] {scheduler_job.py:629} INFO - Processing file /home/airflow/.local/lib/python3.6/site-packages/airflow/example_dags/tutorial_taskflow_api_etl.py for tasks to queue
[2021-02-23 10:38:11,823] {logging_mixin.py:104} INFO - [2021-02-23 10:38:11,822] {dagbag.py:448} INFO - Filling up the DagBag from /home/airflow/.local/lib/python3.6/site-packages/airflow/example_dags/tutorial_taskflow_api_etl.py
[2021-02-23 10:38:11,850] {scheduler_job.py:639} INFO - DAG(s) dict_keys(['tutorial_taskflow_api_etl']) retrieved from /home/airflow/.local/lib/python3.6/site-packages/airflow/example_dags/tutorial_taskflow_api_etl.py
[2021-02-23 10:38:11,892] {logging_mixin.py:104} INFO - [2021-02-23 10:38:11,892] {dag.py:1818} INFO - Sync 1 DAGs
[2021-02-23 10:38:11,936] {logging_mixin.py:104} INFO - [2021-02-23 10:38:11,936] {dag.py:2273} INFO - Setting next_dagrun for tutorial_taskflow_api_etl to None
[2021-02-23 10:38:11,950] {scheduler_job.py:190} INFO - Processing /home/airflow/.local/lib/python3.6/site-packages/airflow/example_dags/tutorial_taskflow_api_etl.py took 0.140 seconds
